[ 2019-09-10T16:13:08+08:00 ] 111.0.74.16 /Admins
INFO: [ app_init ] --START--
INFO: Run Behavior\BuildLiteBehavior [ RunTime:0.000013s ]
INFO: [ app_init ] --END-- [ RunTime:0.000255s ]
INFO: [ app_begin ] --START--
INFO: Run Behavior\ReadHtmlCacheBehavior [ RunTime:0.000293s ]
INFO: [ app_begin ] --END-- [ RunTime:0.000327s ]
NOTIC: [8] Undefined index: user /home/wwwroot/pay/domain/hzf.xiaohouzhi.com/web/App/Common/Controller/AdminBaseController.class.php 第 45 行.
NOTIC: [8] Undefined index: user /home/wwwroot/pay/domain/hzf.xiaohouzhi.com/web/App/Common/Controller/AdminBaseController.class.php 第 79 行.
NOTIC: [8] Undefined index: user /home/wwwroot/pay/domain/hzf.xiaohouzhi.com/web/App/Common/Controller/AdminBaseController.class.php 第 79 行.
NOTIC: [8] Undefined index: user /home/wwwroot/pay/domain/hzf.xiaohouzhi.com/web/App/Common/Controller/AdminBaseController.class.php 第 79 行.
NOTIC: [8] Undefined index: user /home/wwwroot/pay/domain/hzf.xiaohouzhi.com/web/App/Common/Controller/AdminBaseController.class.php 第 79 行.
NOTIC: [8] Undefined index: user /home/wwwroot/pay/domain/hzf.xiaohouzhi.com/web/App/Common/Controller/AdminBaseController.class.php 第 79 行.
NOTIC: [8] Undefined index: user /home/wwwroot/pay/domain/hzf.xiaohouzhi.com/web/App/Common/Controller/AdminBaseController.class.php 第 79 行.
NOTIC: [8] Undefined index: user /home/wwwroot/pay/domain/hzf.xiaohouzhi.com/web/App/Common/Controller/AdminBaseController.class.php 第 79 行.
NOTIC: [8] Undefined index: user /home/wwwroot/pay/domain/hzf.xiaohouzhi.com/web/App/Common/Controller/AdminBaseController.class.php 第 79 行.
NOTIC: [8] Undefined index: user /home/wwwroot/pay/domain/hzf.xiaohouzhi.com/web/App/Common/Controller/AdminBaseController.class.php 第 79 行.
NOTIC: [8] Undefined index: user /home/wwwroot/pay/domain/hzf.xiaohouzhi.com/web/App/Common/Controller/AdminBaseController.class.php 第 79 行.
INFO: [ view_parse ] --START--
INFO: [ template_filter ] --START--
INFO: Run Behavior\ContentReplaceBehavior [ RunTime:0.000048s ]
INFO: [ template_filter ] --END-- [ RunTime:0.000087s ]
INFO: Run Behavior\ParseTemplateBehavior [ RunTime:0.005138s ]
INFO: [ view_parse ] --END-- [ RunTime:0.005173s ]
INFO: [ view_filter ] --START--
INFO: Run Behavior\WriteHtmlCacheBehavior [ RunTime:0.000125s ]
INFO: Run Behavior\TokenBuildBehavior [ RunTime:0.000205s ]
INFO: [ view_filter ] --END-- [ RunTime:0.000371s ]
INFO: [ app_end ] --START--
INFO: Run Behavior\ShowPageTraceBehavior [ RunTime:0.000279s ]
INFO: [ app_end ] --END-- [ RunTime:0.000311s ]

[ 2019-09-10T16:13:09+08:00 ] 111.0.74.16 /console/Login/load_verify
INFO: [ app_init ] --START--
INFO: Run Behavior\BuildLiteBehavior [ RunTime:0.000015s ]
INFO: [ app_init ] --END-- [ RunTime:0.000313s ]
INFO: [ app_begin ] --START--
INFO: Run Behavior\ReadHtmlCacheBehavior [ RunTime:0.000398s ]
INFO: [ app_begin ] --END-- [ RunTime:0.000449s ]
NOTIC: [8] Undefined index: user /home/wwwroot/pay/domain/hzf.xiaohouzhi.com/web/App/Common/Controller/AdminBaseController.class.php 第 45 行.
NOTIC: [8] Undefined index: user /home/wwwroot/pay/domain/hzf.xiaohouzhi.com/web/App/Common/Controller/AdminBaseController.class.php 第 79 行.
NOTIC: [8] Undefined index: user /home/wwwroot/pay/domain/hzf.xiaohouzhi.com/web/App/Common/Controller/AdminBaseController.class.php 第 79 行.
NOTIC: [8] Undefined index: user /home/wwwroot/pay/domain/hzf.xiaohouzhi.com/web/App/Common/Controller/AdminBaseController.class.php 第 79 行.
NOTIC: [8] Undefined index: user /home/wwwroot/pay/domain/hzf.xiaohouzhi.com/web/App/Common/Controller/AdminBaseController.class.php 第 79 行.
NOTIC: [8] Undefined index: user /home/wwwroot/pay/domain/hzf.xiaohouzhi.com/web/App/Common/Controller/AdminBaseController.class.php 第 79 行.
NOTIC: [8] Undefined index: user /home/wwwroot/pay/domain/hzf.xiaohouzhi.com/web/App/Common/Controller/AdminBaseController.class.php 第 79 行.
NOTIC: [8] Undefined index: user /home/wwwroot/pay/domain/hzf.xiaohouzhi.com/web/App/Common/Controller/AdminBaseController.class.php 第 79 行.
NOTIC: [8] Undefined index: user /home/wwwroot/pay/domain/hzf.xiaohouzhi.com/web/App/Common/Controller/AdminBaseController.class.php 第 79 行.
NOTIC: [8] Undefined index: user /home/wwwroot/pay/domain/hzf.xiaohouzhi.com/web/App/Common/Controller/AdminBaseController.class.php 第 79 行.
NOTIC: [8] Undefined index: user /home/wwwroot/pay/domain/hzf.xiaohouzhi.com/web/App/Common/Controller/AdminBaseController.class.php 第 79 行.
INFO: [ app_end ] --START--
INFO: Run Behavior\ShowPageTraceBehavior [ RunTime:0.000348s ]
INFO: [ app_end ] --END-- [ RunTime:0.000397s ]

[ 2019-09-10T16:13:25+08:00 ] 111.0.74.16 /Admins
INFO: [ app_init ] --START--
INFO: Run Behavior\BuildLiteBehavior [ RunTime:0.000035s ]
INFO: [ app_init ] --END-- [ RunTime:0.000611s ]
INFO: [ app_begin ] --START--
INFO: Run Behavior\ReadHtmlCacheBehavior [ RunTime:0.000339s ]
INFO: [ app_begin ] --END-- [ RunTime:0.000372s ]
NOTIC: [8] Undefined index: user /home/wwwroot/pay/domain/hzf.xiaohouzhi.com/web/App/Common/Controller/AdminBaseController.class.php 第 45 行.
NOTIC: [8] Undefined index: user /home/wwwroot/pay/domain/hzf.xiaohouzhi.com/web/App/Common/Controller/AdminBaseController.class.php 第 79 行.
NOTIC: [8] Undefined index: user /home/wwwroot/pay/domain/hzf.xiaohouzhi.com/web/App/Common/Controller/AdminBaseController.class.php 第 79 行.
NOTIC: [8] Undefined index: user /home/wwwroot/pay/domain/hzf.xiaohouzhi.com/web/App/Common/Controller/AdminBaseController.class.php 第 79 行.
NOTIC: [8] Undefined index: user /home/wwwroot/pay/domain/hzf.xiaohouzhi.com/web/App/Common/Controller/AdminBaseController.class.php 第 79 行.
NOTIC: [8] Undefined index: user /home/wwwroot/pay/domain/hzf.xiaohouzhi.com/web/App/Common/Controller/AdminBaseController.class.php 第 79 行.
NOTIC: [8] Undefined index: user /home/wwwroot/pay/domain/hzf.xiaohouzhi.com/web/App/Common/Controller/AdminBaseController.class.php 第 79 行.
NOTIC: [8] Undefined index: user /home/wwwroot/pay/domain/hzf.xiaohouzhi.com/web/App/Common/Controller/AdminBaseController.class.php 第 79 行.
NOTIC: [8] Undefined index: user /home/wwwroot/pay/domain/hzf.xiaohouzhi.com/web/App/Common/Controller/AdminBaseController.class.php 第 79 行.
NOTIC: [8] Undefined index: user /home/wwwroot/pay/domain/hzf.xiaohouzhi.com/web/App/Common/Controller/AdminBaseController.class.php 第 79 行.
NOTIC: [8] Undefined index: user /home/wwwroot/pay/domain/hzf.xiaohouzhi.com/web/App/Common/Controller/AdminBaseController.class.php 第 79 行.

[ 2019-09-10T16:13:42+08:00 ] 111.0.74.16 /Admins
INFO: [ app_init ] --START--
INFO: Run Behavior\BuildLiteBehavior [ RunTime:0.000028s ]
INFO: [ app_init ] --END-- [ RunTime:0.000288s ]
INFO: [ app_begin ] --START--
INFO: Run Behavior\ReadHtmlCacheBehavior [ RunTime:0.000261s ]
INFO: [ app_begin ] --END-- [ RunTime:0.000308s ]
NOTIC: [8] Undefined index: user /home/wwwroot/pay/domain/hzf.xiaohouzhi.com/web/App/Common/Controller/AdminBaseController.class.php 第 45 行.
NOTIC: [8] Undefined index: user /home/wwwroot/pay/domain/hzf.xiaohouzhi.com/web/App/Common/Controller/AdminBaseController.class.php 第 79 行.
NOTIC: [8] Undefined index: user /home/wwwroot/pay/domain/hzf.xiaohouzhi.com/web/App/Common/Controller/AdminBaseController.class.php 第 79 行.
NOTIC: [8] Undefined index: user /home/wwwroot/pay/domain/hzf.xiaohouzhi.com/web/App/Common/Controller/AdminBaseController.class.php 第 79 行.
NOTIC: [8] Undefined index: user /home/wwwroot/pay/domain/hzf.xiaohouzhi.com/web/App/Common/Controller/AdminBaseController.class.php 第 79 行.
NOTIC: [8] Undefined index: user /home/wwwroot/pay/domain/hzf.xiaohouzhi.com/web/App/Common/Controller/AdminBaseController.class.php 第 79 行.
NOTIC: [8] Undefined index: user /home/wwwroot/pay/domain/hzf.xiaohouzhi.com/web/App/Common/Controller/AdminBaseController.class.php 第 79 行.
NOTIC: [8] Undefined index: user /home/wwwroot/pay/domain/hzf.xiaohouzhi.com/web/App/Common/Controller/AdminBaseController.class.php 第 79 行.
NOTIC: [8] Undefined index: user /home/wwwroot/pay/domain/hzf.xiaohouzhi.com/web/App/Common/Controller/AdminBaseController.class.php 第 79 行.
NOTIC: [8] Undefined index: user /home/wwwroot/pay/domain/hzf.xiaohouzhi.com/web/App/Common/Controller/AdminBaseController.class.php 第 79 行.
NOTIC: [8] Undefined index: user /home/wwwroot/pay/domain/hzf.xiaohouzhi.com/web/App/Common/Controller/AdminBaseController.class.php 第 79 行.

[ 2019-09-10T16:13:47+08:00 ] 111.0.74.16 /console/Login/load_verify/time/1568103228302
INFO: [ app_init ] --START--
INFO: Run Behavior\BuildLiteBehavior [ RunTime:0.000018s ]
INFO: [ app_init ] --END-- [ RunTime:0.000314s ]
INFO: [ app_begin ] --START--
INFO: Run Behavior\ReadHtmlCacheBehavior [ RunTime:0.000409s ]
INFO: [ app_begin ] --END-- [ RunTime:0.000469s ]
NOTIC: [8] Undefined index: user /home/wwwroot/pay/domain/hzf.xiaohouzhi.com/web/App/Common/Controller/AdminBaseController.class.php 第 45 行.
NOTIC: [8] Undefined index: user /home/wwwroot/pay/domain/hzf.xiaohouzhi.com/web/App/Common/Controller/AdminBaseController.class.php 第 79 行.
NOTIC: [8] Undefined index: user /home/wwwroot/pay/domain/hzf.xiaohouzhi.com/web/App/Common/Controller/AdminBaseController.class.php 第 79 行.
NOTIC: [8] Undefined index: user /home/wwwroot/pay/domain/hzf.xiaohouzhi.com/web/App/Common/Controller/AdminBaseController.class.php 第 79 行.
NOTIC: [8] Undefined index: user /home/wwwroot/pay/domain/hzf.xiaohouzhi.com/web/App/Common/Controller/AdminBaseController.class.php 第 79 行.
NOTIC: [8] Undefined index: user /home/wwwroot/pay/domain/hzf.xiaohouzhi.com/web/App/Common/Controller/AdminBaseController.class.php 第 79 行.
NOTIC: [8] Undefined index: user /home/wwwroot/pay/domain/hzf.xiaohouzhi.com/web/App/Common/Controller/AdminBaseController.class.php 第 79 行.
NOTIC: [8] Undefined index: user /home/wwwroot/pay/domain/hzf.xiaohouzhi.com/web/App/Common/Controller/AdminBaseController.class.php 第 79 行.
NOTIC: [8] Undefined index: user /home/wwwroot/pay/domain/hzf.xiaohouzhi.com/web/App/Common/Controller/AdminBaseController.class.php 第 79 行.
NOTIC: [8] Undefined index: user /home/wwwroot/pay/domain/hzf.xiaohouzhi.com/web/App/Common/Controller/AdminBaseController.class.php 第 79 行.
NOTIC: [8] Undefined index: user /home/wwwroot/pay/domain/hzf.xiaohouzhi.com/web/App/Common/Controller/AdminBaseController.class.php 第 79 行.
INFO: [ app_end ] --START--
INFO: Run Behavior\ShowPageTraceBehavior [ RunTime:0.000362s ]
INFO: [ app_end ] --END-- [ RunTime:0.000449s ]

[ 2019-09-10T16:14:02+08:00 ] 111.0.74.16 /Admins
INFO: [ app_init ] --START--
INFO: Run Behavior\BuildLiteBehavior [ RunTime:0.000012s ]
INFO: [ app_init ] --END-- [ RunTime:0.000245s ]
INFO: [ app_begin ] --START--
INFO: Run Behavior\ReadHtmlCacheBehavior [ RunTime:0.000303s ]
INFO: [ app_begin ] --END-- [ RunTime:0.000342s ]
NOTIC: [8] Undefined index: user /home/wwwroot/pay/domain/hzf.xiaohouzhi.com/web/App/Common/Controller/AdminBaseController.class.php 第 45 行.
NOTIC: [8] Undefined index: user /home/wwwroot/pay/domain/hzf.xiaohouzhi.com/web/App/Common/Controller/AdminBaseController.class.php 第 79 行.
NOTIC: [8] Undefined index: user /home/wwwroot/pay/domain/hzf.xiaohouzhi.com/web/App/Common/Controller/AdminBaseController.class.php 第 79 行.
NOTIC: [8] Undefined index: user /home/wwwroot/pay/domain/hzf.xiaohouzhi.com/web/App/Common/Controller/AdminBaseController.class.php 第 79 行.
NOTIC: [8] Undefined index: user /home/wwwroot/pay/domain/hzf.xiaohouzhi.com/web/App/Common/Controller/AdminBaseController.class.php 第 79 行.
NOTIC: [8] Undefined index: user /home/wwwroot/pay/domain/hzf.xiaohouzhi.com/web/App/Common/Controller/AdminBaseController.class.php 第 79 行.
NOTIC: [8] Undefined index: user /home/wwwroot/pay/domain/hzf.xiaohouzhi.com/web/App/Common/Controller/AdminBaseController.class.php 第 79 行.
NOTIC: [8] Undefined index: user /home/wwwroot/pay/domain/hzf.xiaohouzhi.com/web/App/Common/Controller/AdminBaseController.class.php 第 79 行.
NOTIC: [8] Undefined index: user /home/wwwroot/pay/domain/hzf.xiaohouzhi.com/web/App/Common/Controller/AdminBaseController.class.php 第 79 行.
NOTIC: [8] Undefined index: user /home/wwwroot/pay/domain/hzf.xiaohouzhi.com/web/App/Common/Controller/AdminBaseController.class.php 第 79 行.
NOTIC: [8] Undefined index: user /home/wwwroot/pay/domain/hzf.xiaohouzhi.com/web/App/Common/Controller/AdminBaseController.class.php 第 79 行.

[ 2019-09-10T16:14:14+08:00 ] 111.0.74.16 /Admins
INFO: [ app_init ] --START--
INFO: Run Behavior\BuildLiteBehavior [ RunTime:0.000014s ]
INFO: [ app_init ] --END-- [ RunTime:0.000239s ]
INFO: [ app_begin ] --START--
INFO: Run Behavior\ReadHtmlCacheBehavior [ RunTime:0.000282s ]
INFO: [ app_begin ] --END-- [ RunTime:0.000315s ]
NOTIC: [8] Undefined index: user /home/wwwroot/pay/domain/hzf.xiaohouzhi.com/web/App/Common/Controller/AdminBaseController.class.php 第 45 行.
NOTIC: [8] Undefined index: user /home/wwwroot/pay/domain/hzf.xiaohouzhi.com/web/App/Common/Controller/AdminBaseController.class.php 第 79 行.
NOTIC: [8] Undefined index: user /home/wwwroot/pay/domain/hzf.xiaohouzhi.com/web/App/Common/Controller/AdminBaseController.class.php 第 79 行.
NOTIC: [8] Undefined index: user /home/wwwroot/pay/domain/hzf.xiaohouzhi.com/web/App/Common/Controller/AdminBaseController.class.php 第 79 行.
NOTIC: [8] Undefined index: user /home/wwwroot/pay/domain/hzf.xiaohouzhi.com/web/App/Common/Controller/AdminBaseController.class.php 第 79 行.
NOTIC: [8] Undefined index: user /home/wwwroot/pay/domain/hzf.xiaohouzhi.com/web/App/Common/Controller/AdminBaseController.class.php 第 79 行.
NOTIC: [8] Undefined index: user /home/wwwroot/pay/domain/hzf.xiaohouzhi.com/web/App/Common/Controller/AdminBaseController.class.php 第 79 行.
NOTIC: [8] Undefined index: user /home/wwwroot/pay/domain/hzf.xiaohouzhi.com/web/App/Common/Controller/AdminBaseController.class.php 第 79 行.
NOTIC: [8] Undefined index: user /home/wwwroot/pay/domain/hzf.xiaohouzhi.com/web/App/Common/Controller/AdminBaseController.class.php 第 79 行.
NOTIC: [8] Undefined index: user /home/wwwroot/pay/domain/hzf.xiaohouzhi.com/web/App/Common/Controller/AdminBaseController.class.php 第 79 行.
NOTIC: [8] Undefined index: user /home/wwwroot/pay/domain/hzf.xiaohouzhi.com/web/App/Common/Controller/AdminBaseController.class.php 第 79 行.
INFO: [ view_parse ] --START--
INFO: [ template_filter ] --START--
INFO: Run Behavior\ContentReplaceBehavior [ RunTime:0.000054s ]
INFO: [ template_filter ] --END-- [ RunTime:0.000097s ]
INFO: Run Behavior\ParseTemplateBehavior [ RunTime:0.005210s ]
INFO: [ view_parse ] --END-- [ RunTime:0.005243s ]
INFO: [ view_filter ] --START--
INFO: Run Behavior\WriteHtmlCacheBehavior [ RunTime:0.000170s ]
INFO: Run Behavior\TokenBuildBehavior [ RunTime:0.000235s ]
INFO: [ view_filter ] --END-- [ RunTime:0.000449s ]
INFO: [ app_end ] --START--
INFO: Run Behavior\ShowPageTraceBehavior [ RunTime:0.000313s ]
INFO: [ app_end ] --END-- [ RunTime:0.000341s ]

[ 2019-09-10T16:14:14+08:00 ] 111.0.74.16 /console/Login/load_verify
INFO: [ app_init ] --START--
INFO: Run Behavior\BuildLiteBehavior [ RunTime:0.000031s ]
INFO: [ app_init ] --END-- [ RunTime:0.000218s ]
INFO: [ app_begin ] --START--
INFO: Run Behavior\ReadHtmlCacheBehavior [ RunTime:0.000263s ]
INFO: [ app_begin ] --END-- [ RunTime:0.000296s ]
NOTIC: [8] Undefined index: user /home/wwwroot/pay/domain/hzf.xiaohouzhi.com/web/App/Common/Controller/AdminBaseController.class.php 第 45 行.
NOTIC: [8] Undefined index: user /home/wwwroot/pay/domain/hzf.xiaohouzhi.com/web/App/Common/Controller/AdminBaseController.class.php 第 79 行.
NOTIC: [8] Undefined index: user /home/wwwroot/pay/domain/hzf.xiaohouzhi.com/web/App/Common/Controller/AdminBaseController.class.php 第 79 行.
NOTIC: [8] Undefined index: user /home/wwwroot/pay/domain/hzf.xiaohouzhi.com/web/App/Common/Controller/AdminBaseController.class.php 第 79 行.
NOTIC: [8] Undefined index: user /home/wwwroot/pay/domain/hzf.xiaohouzhi.com/web/App/Common/Controller/AdminBaseController.class.php 第 79 行.
NOTIC: [8] Undefined index: user /home/wwwroot/pay/domain/hzf.xiaohouzhi.com/web/App/Common/Controller/AdminBaseController.class.php 第 79 行.
NOTIC: [8] Undefined index: user /home/wwwroot/pay/domain/hzf.xiaohouzhi.com/web/App/Common/Controller/AdminBaseController.class.php 第 79 行.
NOTIC: [8] Undefined index: user /home/wwwroot/pay/domain/hzf.xiaohouzhi.com/web/App/Common/Controller/AdminBaseController.class.php 第 79 行.
NOTIC: [8] Undefined index: user /home/wwwroot/pay/domain/hzf.xiaohouzhi.com/web/App/Common/Controller/AdminBaseController.class.php 第 79 行.
NOTIC: [8] Undefined index: user /home/wwwroot/pay/domain/hzf.xiaohouzhi.com/web/App/Common/Controller/AdminBaseController.class.php 第 79 行.
NOTIC: [8] Undefined index: user /home/wwwroot/pay/domain/hzf.xiaohouzhi.com/web/App/Common/Controller/AdminBaseController.class.php 第 79 行.
INFO: [ app_end ] --START--
INFO: Run Behavior\ShowPageTraceBehavior [ RunTime:0.000341s ]
INFO: [ app_end ] --END-- [ RunTime:0.000391s ]

[ 2019-09-10T16:14:31+08:00 ] 111.0.74.16 /console/Login/load_verify/time/1568103272158
INFO: [ app_init ] --START--
INFO: Run Behavior\BuildLiteBehavior [ RunTime:0.000019s ]
INFO: [ app_init ] --END-- [ RunTime:0.000264s ]
INFO: [ app_begin ] --START--
INFO: Run Behavior\ReadHtmlCacheBehavior [ RunTime:0.000278s ]
INFO: [ app_begin ] --END-- [ RunTime:0.000313s ]
NOTIC: [8] Undefined index: user /home/wwwroot/pay/domain/hzf.xiaohouzhi.com/web/App/Common/Controller/AdminBaseController.class.php 第 45 行.
NOTIC: [8] Undefined index: user /home/wwwroot/pay/domain/hzf.xiaohouzhi.com/web/App/Common/Controller/AdminBaseController.class.php 第 79 行.
NOTIC: [8] Undefined index: user /home/wwwroot/pay/domain/hzf.xiaohouzhi.com/web/App/Common/Controller/AdminBaseController.class.php 第 79 行.
NOTIC: [8] Undefined index: user /home/wwwroot/pay/domain/hzf.xiaohouzhi.com/web/App/Common/Controller/AdminBaseController.class.php 第 79 行.
NOTIC: [8] Undefined index: user /home/wwwroot/pay/domain/hzf.xiaohouzhi.com/web/App/Common/Controller/AdminBaseController.class.php 第 79 行.
NOTIC: [8] Undefined index: user /home/wwwroot/pay/domain/hzf.xiaohouzhi.com/web/App/Common/Controller/AdminBaseController.class.php 第 79 行.
NOTIC: [8] Undefined index: user /home/wwwroot/pay/domain/hzf.xiaohouzhi.com/web/App/Common/Controller/AdminBaseController.class.php 第 79 行.
NOTIC: [8] Undefined index: user /home/wwwroot/pay/domain/hzf.xiaohouzhi.com/web/App/Common/Controller/AdminBaseController.class.php 第 79 行.
NOTIC: [8] Undefined index: user /home/wwwroot/pay/domain/hzf.xiaohouzhi.com/web/App/Common/Controller/AdminBaseController.class.php 第 79 行.
NOTIC: [8] Undefined index: user /home/wwwroot/pay/domain/hzf.xiaohouzhi.com/web/App/Common/Controller/AdminBaseController.class.php 第 79 行.
NOTIC: [8] Undefined index: user /home/wwwroot/pay/domain/hzf.xiaohouzhi.com/web/App/Common/Controller/AdminBaseController.class.php 第 79 行.
INFO: [ app_end ] --START--
INFO: Run Behavior\ShowPageTraceBehavior [ RunTime:0.000323s ]
INFO: [ app_end ] --END-- [ RunTime:0.000364s ]

[ 2019-09-10T16:14:39+08:00 ] 111.0.74.16 /Admins
INFO: [ app_init ] --START--
INFO: Run Behavior\BuildLiteBehavior [ RunTime:0.000022s ]
INFO: [ app_init ] --END-- [ RunTime:0.000382s ]
INFO: [ app_begin ] --START--
INFO: Run Behavior\ReadHtmlCacheBehavior [ RunTime:0.000553s ]
INFO: [ app_begin ] --END-- [ RunTime:0.000680s ]
NOTIC: [8] Undefined index: user /home/wwwroot/pay/domain/hzf.xiaohouzhi.com/web/App/Common/Controller/AdminBaseController.class.php 第 45 行.
NOTIC: [8] Undefined index: user /home/wwwroot/pay/domain/hzf.xiaohouzhi.com/web/App/Common/Controller/AdminBaseController.class.php 第 79 行.
NOTIC: [8] Undefined index: user /home/wwwroot/pay/domain/hzf.xiaohouzhi.com/web/App/Common/Controller/AdminBaseController.class.php 第 79 行.
NOTIC: [8] Undefined index: user /home/wwwroot/pay/domain/hzf.xiaohouzhi.com/web/App/Common/Controller/AdminBaseController.class.php 第 79 行.
NOTIC: [8] Undefined index: user /home/wwwroot/pay/domain/hzf.xiaohouzhi.com/web/App/Common/Controller/AdminBaseController.class.php 第 79 行.
NOTIC: [8] Undefined index: user /home/wwwroot/pay/domain/hzf.xiaohouzhi.com/web/App/Common/Controller/AdminBaseController.class.php 第 79 行.
NOTIC: [8] Undefined index: user /home/wwwroot/pay/domain/hzf.xiaohouzhi.com/web/App/Common/Controller/AdminBaseController.class.php 第 79 行.
NOTIC: [8] Undefined index: user /home/wwwroot/pay/domain/hzf.xiaohouzhi.com/web/App/Common/Controller/AdminBaseController.class.php 第 79 行.
NOTIC: [8] Undefined index: user /home/wwwroot/pay/domain/hzf.xiaohouzhi.com/web/App/Common/Controller/AdminBaseController.class.php 第 79 行.
NOTIC: [8] Undefined index: user /home/wwwroot/pay/domain/hzf.xiaohouzhi.com/web/App/Common/Controller/AdminBaseController.class.php 第 79 行.
NOTIC: [8] Undefined index: user /home/wwwroot/pay/domain/hzf.xiaohouzhi.com/web/App/Common/Controller/AdminBaseController.class.php 第 79 行.

[ 2019-09-10T16:14:42+08:00 ] 111.0.74.16 /console/Index/index
INFO: [ app_init ] --START--
INFO: Run Behavior\BuildLiteBehavior [ RunTime:0.000010s ]
INFO: [ app_init ] --END-- [ RunTime:0.000215s ]
INFO: [ app_begin ] --START--
INFO: Run Behavior\ReadHtmlCacheBehavior [ RunTime:0.000273s ]
INFO: [ app_begin ] --END-- [ RunTime:0.000307s ]
INFO: [ view_parse ] --START--
INFO: [ template_filter ] --START--
INFO: Run Behavior\ContentReplaceBehavior [ RunTime:0.000115s ]
INFO: [ template_filter ] --END-- [ RunTime:0.000158s ]
INFO: Run Behavior\ParseTemplateBehavior [ RunTime:0.016712s ]
INFO: [ view_parse ] --END-- [ RunTime:0.016751s ]
INFO: [ view_filter ] --START--
INFO: Run Behavior\WriteHtmlCacheBehavior [ RunTime:0.000133s ]
INFO: Run Behavior\TokenBuildBehavior [ RunTime:0.000367s ]
INFO: [ view_filter ] --END-- [ RunTime:0.000545s ]
INFO: [ app_end ] --START--
INFO: Run Behavior\ShowPageTraceBehavior [ RunTime:0.000427s ]
INFO: [ app_end ] --END-- [ RunTime:0.000462s ]

[ 2019-09-10T16:14:59+08:00 ] 111.0.74.16 /console/Merchant/Auditing
INFO: [ app_init ] --START--
INFO: Run Behavior\BuildLiteBehavior [ RunTime:0.000012s ]
INFO: [ app_init ] --END-- [ RunTime:0.000256s ]
INFO: [ app_begin ] --START--
INFO: Run Behavior\ReadHtmlCacheBehavior [ RunTime:0.000282s ]
INFO: [ app_begin ] --END-- [ RunTime:0.000320s ]
INFO: [ view_parse ] --START--
NOTIC: [8] Undefined offset: 1 /home/wwwroot/pay/domain/hzf.xiaohouzhi.com/web/ThinkPHP/Library/Think/Template.class.php 第 527 行.
INFO: [ template_filter ] --START--
INFO: Run Behavior\ContentReplaceBehavior [ RunTime:0.000105s ]
INFO: [ template_filter ] --END-- [ RunTime:0.000147s ]
NOTIC: [8] Undefined index: status /home/wwwroot/pay/domain/hzf.xiaohouzhi.com/web/App/Runtime/Cache/Admin/1bc1b789fdf3443e7e86474e0b077b04.php 第 182 行.
NOTIC: [8] Undefined index: status /home/wwwroot/pay/domain/hzf.xiaohouzhi.com/web/App/Runtime/Cache/Admin/1bc1b789fdf3443e7e86474e0b077b04.php 第 183 行.
NOTIC: [8] Undefined index: status /home/wwwroot/pay/domain/hzf.xiaohouzhi.com/web/App/Runtime/Cache/Admin/1bc1b789fdf3443e7e86474e0b077b04.php 第 184 行.
INFO: Run Behavior\ParseTemplateBehavior [ RunTime:0.016313s ]
INFO: [ view_parse ] --END-- [ RunTime:0.016359s ]
INFO: [ view_filter ] --START--
INFO: Run Behavior\WriteHtmlCacheBehavior [ RunTime:0.000131s ]
INFO: Run Behavior\TokenBuildBehavior [ RunTime:0.000310s ]
INFO: [ view_filter ] --END-- [ RunTime:0.000482s ]
INFO: [ app_end ] --START--
INFO: Run Behavior\ShowPageTraceBehavior [ RunTime:0.000346s ]
INFO: [ app_end ] --END-- [ RunTime:0.000380s ]

[ 2019-09-10T16:15:02+08:00 ] 111.0.74.16 /console/Merchant/index
INFO: [ app_init ] --START--
INFO: Run Behavior\BuildLiteBehavior [ RunTime:0.000010s ]
INFO: [ app_init ] --END-- [ RunTime:0.000234s ]
INFO: [ app_begin ] --START--
INFO: Run Behavior\ReadHtmlCacheBehavior [ RunTime:0.000266s ]
INFO: [ app_begin ] --END-- [ RunTime:0.000300s ]
NOTIC: [8] Undefined index: aid /home/wwwroot/pay/domain/hzf.xiaohouzhi.com/web/App/Admin/Controller/MerchantController.class.php 第 1298 行.
NOTIC: [8] Undefined index: search_val /home/wwwroot/pay/domain/hzf.xiaohouzhi.com/web/App/Admin/Controller/MerchantController.class.php 第 1301 行.
NOTIC: [8] Undefined index: bus_type /home/wwwroot/pay/domain/hzf.xiaohouzhi.com/web/App/Admin/Controller/MerchantController.class.php 第 1305 行.
NOTIC: [8] Undefined index: auth_status /home/wwwroot/pay/domain/hzf.xiaohouzhi.com/web/App/Admin/Controller/MerchantController.class.php 第 1308 行.
NOTIC: [8] Undefined index: wx_alleys /home/wwwroot/pay/domain/hzf.xiaohouzhi.com/web/App/Admin/Controller/MerchantController.class.php 第 1315 行.
NOTIC: [8] Undefined index: wx_alleys /home/wwwroot/pay/domain/hzf.xiaohouzhi.com/web/App/Admin/Controller/MerchantController.class.php 第 1317 行.
NOTIC: [8] Undefined index: ali_alleys /home/wwwroot/pay/domain/hzf.xiaohouzhi.com/web/App/Admin/Controller/MerchantController.class.php 第 1320 行.
NOTIC: [8] Undefined index: ali_alleys /home/wwwroot/pay/domain/hzf.xiaohouzhi.com/web/App/Admin/Controller/MerchantController.class.php 第 1322 行.
NOTIC: [2] Missing argument 1 for domain_id(), called in /home/wwwroot/pay/domain/hzf.xiaohouzhi.com/web/App/Admin/Controller/MerchantController.class.php on line 1334 and defined /home/wwwroot/pay/domain/hzf.xiaohouzhi.com/web/App/Common/Common/function.php 第 3626 行.
NOTIC: [8] Undefined variable: type /home/wwwroot/pay/domain/hzf.xiaohouzhi.com/web/App/Common/Common/function.php 第 3628 行.
INFO: [ view_parse ] --START--
NOTIC: [8] Undefined offset: 1 /home/wwwroot/pay/domain/hzf.xiaohouzhi.com/web/ThinkPHP/Library/Think/Template.class.php 第 527 行.
INFO: [ template_filter ] --START--
INFO: Run Behavior\ContentReplaceBehavior [ RunTime:0.000126s ]
INFO: [ template_filter ] --END-- [ RunTime:0.000164s ]
INFO: Run Behavior\ParseTemplateBehavior [ RunTime:0.021970s ]
INFO: [ view_parse ] --END-- [ RunTime:0.022017s ]
INFO: [ view_filter ] --START--
INFO: Run Behavior\WriteHtmlCacheBehavior [ RunTime:0.000158s ]
INFO: Run Behavior\TokenBuildBehavior [ RunTime:0.000413s ]
INFO: [ view_filter ] --END-- [ RunTime:0.000612s ]
INFO: [ app_end ] --START--
INFO: Run Behavior\ShowPageTraceBehavior [ RunTime:0.000322s ]
INFO: [ app_end ] --END-- [ RunTime:0.000351s ]

[ 2019-09-10T16:15:04+08:00 ] 111.0.74.16 /console/Merchant/Auth_Fee
INFO: [ app_init ] --START--
INFO: Run Behavior\BuildLiteBehavior [ RunTime:0.000010s ]
INFO: [ app_init ] --END-- [ RunTime:0.000207s ]
INFO: [ app_begin ] --START--
INFO: Run Behavior\ReadHtmlCacheBehavior [ RunTime:0.000258s ]
INFO: [ app_begin ] --END-- [ RunTime:0.000299s ]
NOTIC: [8] Undefined index: codes /home/wwwroot/pay/domain/hzf.xiaohouzhi.com/web/App/Admin/Controller/MerchantController.class.php 第 233 行.
NOTIC: [8] Undefined index: out_trade_no /home/wwwroot/pay/domain/hzf.xiaohouzhi.com/web/App/Admin/Controller/MerchantController.class.php 第 236 行.
NOTIC: [8] Undefined index: aid /home/wwwroot/pay/domain/hzf.xiaohouzhi.com/web/App/Admin/Controller/MerchantController.class.php 第 239 行.
INFO: [ view_parse ] --START--
INFO: [ template_filter ] --START--
INFO: Run Behavior\ContentReplaceBehavior [ RunTime:0.000083s ]
INFO: [ template_filter ] --END-- [ RunTime:0.000125s ]
INFO: Run Behavior\ParseTemplateBehavior [ RunTime:0.016120s ]
INFO: [ view_parse ] --END-- [ RunTime:0.016155s ]
INFO: [ view_filter ] --START--
INFO: Run Behavior\WriteHtmlCacheBehavior [ RunTime:0.000122s ]
INFO: Run Behavior\TokenBuildBehavior [ RunTime:0.000322s ]
INFO: [ view_filter ] --END-- [ RunTime:0.000485s ]
INFO: [ app_end ] --START--
INFO: Run Behavior\ShowPageTraceBehavior [ RunTime:0.000360s ]
INFO: [ app_end ] --END-- [ RunTime:0.000394s ]

[ 2019-09-10T16:15:21+08:00 ] 111.0.74.16 /console/WxPay/xwList
INFO: [ app_init ] --START--
INFO: Run Behavior\BuildLiteBehavior [ RunTime:0.000011s ]
INFO: [ app_init ] --END-- [ RunTime:0.000237s ]
INFO: [ app_begin ] --START--
INFO: Run Behavior\ReadHtmlCacheBehavior [ RunTime:0.000281s ]
INFO: [ app_begin ] --END-- [ RunTime:0.000324s ]
INFO: [ view_parse ] --START--
NOTIC: [8] Undefined offset: 1 /home/wwwroot/pay/domain/hzf.xiaohouzhi.com/web/ThinkPHP/Library/Think/Template.class.php 第 527 行.
NOTIC: [8] Undefined offset: 1 /home/wwwroot/pay/domain/hzf.xiaohouzhi.com/web/ThinkPHP/Library/Think/Template.class.php 第 527 行.
INFO: [ template_filter ] --START--
INFO: Run Behavior\ContentReplaceBehavior [ RunTime:0.000104s ]
INFO: [ template_filter ] --END-- [ RunTime:0.000142s ]
INFO: Run Behavior\ParseTemplateBehavior [ RunTime:0.018891s ]
INFO: [ view_parse ] --END-- [ RunTime:0.018934s ]
INFO: [ view_filter ] --START--
INFO: Run Behavior\WriteHtmlCacheBehavior [ RunTime:0.000133s ]
INFO: Run Behavior\TokenBuildBehavior [ RunTime:0.000347s ]
INFO: [ view_filter ] --END-- [ RunTime:0.000523s ]
INFO: [ app_end ] --START--
INFO: Run Behavior\ShowPageTraceBehavior [ RunTime:0.000429s ]
INFO: [ app_end ] --END-- [ RunTime:0.000464s ]

[ 2019-09-10T16:15:26+08:00 ] 111.0.74.16 /console/Isv/shopList
INFO: [ app_init ] --START--
INFO: Run Behavior\BuildLiteBehavior [ RunTime:0.000011s ]
INFO: [ app_init ] --END-- [ RunTime:0.000215s ]
INFO: [ app_begin ] --START--
INFO: Run Behavior\ReadHtmlCacheBehavior [ RunTime:0.000305s ]
INFO: [ app_begin ] --END-- [ RunTime:0.000342s ]
INFO: [ view_parse ] --START--
NOTIC: [8] Undefined offset: 1 /home/wwwroot/pay/domain/hzf.xiaohouzhi.com/web/ThinkPHP/Library/Think/Template.class.php 第 527 行.
NOTIC: [8] Undefined offset: 1 /home/wwwroot/pay/domain/hzf.xiaohouzhi.com/web/ThinkPHP/Library/Think/Template.class.php 第 527 行.
INFO: [ template_filter ] --START--
INFO: Run Behavior\ContentReplaceBehavior [ RunTime:0.000109s ]
INFO: [ template_filter ] --END-- [ RunTime:0.000157s ]
INFO: Run Behavior\ParseTemplateBehavior [ RunTime:0.019027s ]
INFO: [ view_parse ] --END-- [ RunTime:0.019083s ]
INFO: [ view_filter ] --START--
INFO: Run Behavior\WriteHtmlCacheBehavior [ RunTime:0.000134s ]
INFO: Run Behavior\TokenBuildBehavior [ RunTime:0.000359s ]
INFO: [ view_filter ] --END-- [ RunTime:0.000536s ]
INFO: [ app_end ] --START--
INFO: Run Behavior\ShowPageTraceBehavior [ RunTime:0.000359s ]
INFO: [ app_end ] --END-- [ RunTime:0.000392s ]

[ 2019-09-10T16:15:30+08:00 ] 111.0.74.16 /console/Agent/lists
INFO: [ app_init ] --START--
INFO: Run Behavior\BuildLiteBehavior [ RunTime:0.000013s ]
INFO: [ app_init ] --END-- [ RunTime:0.000323s ]
INFO: [ app_begin ] --START--
INFO: Run Behavior\ReadHtmlCacheBehavior [ RunTime:0.000432s ]
INFO: [ app_begin ] --END-- [ RunTime:0.000483s ]
NOTIC: [8] Undefined index: search_val /home/wwwroot/pay/domain/hzf.xiaohouzhi.com/web/App/Admin/Controller/AgentController.class.php 第 62 行.
NOTIC: [8] Undefined index: sprovince /home/wwwroot/pay/domain/hzf.xiaohouzhi.com/web/App/Admin/Controller/AgentController.class.php 第 66 行.
NOTIC: [8] Undefined index: scity /home/wwwroot/pay/domain/hzf.xiaohouzhi.com/web/App/Admin/Controller/AgentController.class.php 第 70 行.
NOTIC: [8] Undefined index: sdistrict /home/wwwroot/pay/domain/hzf.xiaohouzhi.com/web/App/Admin/Controller/AgentController.class.php 第 74 行.
NOTIC: [8] Undefined index: status /home/wwwroot/pay/domain/hzf.xiaohouzhi.com/web/App/Admin/Controller/AgentController.class.php 第 78 行.
NOTIC: [8] Undefined index: auth_status /home/wwwroot/pay/domain/hzf.xiaohouzhi.com/web/App/Admin/Controller/AgentController.class.php 第 94 行.
NOTIC: [8] Undefined index: pid /home/wwwroot/pay/domain/hzf.xiaohouzhi.com/web/App/Admin/Controller/AgentController.class.php 第 108 行.
NOTIC: [8] Undefined variable: DoData /home/wwwroot/pay/domain/hzf.xiaohouzhi.com/web/App/Admin/Controller/AgentController.class.php 第 141 行.
INFO: [ view_parse ] --START--
NOTIC: [8] Undefined offset: 1 /home/wwwroot/pay/domain/hzf.xiaohouzhi.com/web/ThinkPHP/Library/Think/Template.class.php 第 527 行.
INFO: [ template_filter ] --START--
INFO: Run Behavior\ContentReplaceBehavior [ RunTime:0.000171s ]
INFO: [ template_filter ] --END-- [ RunTime:0.000221s ]
INFO: Run Behavior\ParseTemplateBehavior [ RunTime:0.023148s ]
INFO: [ view_parse ] --END-- [ RunTime:0.023213s ]
INFO: [ view_filter ] --START--
INFO: Run Behavior\WriteHtmlCacheBehavior [ RunTime:0.000181s ]
INFO: Run Behavior\TokenBuildBehavior [ RunTime:0.000670s ]
INFO: [ view_filter ] --END-- [ RunTime:0.000919s ]
INFO: [ app_end ] --START--
INFO: Run Behavior\ShowPageTraceBehavior [ RunTime:0.000464s ]
INFO: [ app_end ] --END-- [ RunTime:0.000510s ]

[ 2019-09-10T16:15:37+08:00 ] 111.0.74.16 /console/Agent/agent_login/id/600
INFO: [ app_init ] --START--
INFO: Run Behavior\BuildLiteBehavior [ RunTime:0.000017s ]
INFO: [ app_init ] --END-- [ RunTime:0.000274s ]
INFO: [ app_begin ] --START--
INFO: Run Behavior\ReadHtmlCacheBehavior [ RunTime:0.000404s ]
INFO: [ app_begin ] --END-- [ RunTime:0.000458s ]
INFO: [ view_parse ] --START--
INFO: [ template_filter ] --START--
INFO: Run Behavior\ContentReplaceBehavior [ RunTime:0.000044s ]
INFO: [ template_filter ] --END-- [ RunTime:0.000095s ]
INFO: Run Behavior\ParseTemplateBehavior [ RunTime:0.005657s ]
INFO: [ view_parse ] --END-- [ RunTime:0.005726s ]
INFO: [ view_filter ] --START--
INFO: Run Behavior\WriteHtmlCacheBehavior [ RunTime:0.000104s ]
INFO: Run Behavior\TokenBuildBehavior [ RunTime:0.000243s ]
INFO: [ view_filter ] --END-- [ RunTime:0.000399s ]
INFO: [ app_end ] --START--
INFO: Run Behavior\ShowPageTraceBehavior [ RunTime:0.000396s ]
INFO: [ app_end ] --END-- [ RunTime:0.000432s ]

[ 2019-09-10T16:15:46+08:00 ] 111.0.74.16 /console/Extends/qrcode
INFO: [ app_init ] --START--
INFO: Run Behavior\BuildLiteBehavior [ RunTime:0.000012s ]
INFO: [ app_init ] --END-- [ RunTime:0.000215s ]
INFO: [ app_begin ] --START--
INFO: Run Behavior\ReadHtmlCacheBehavior [ RunTime:0.000276s ]
INFO: [ app_begin ] --END-- [ RunTime:0.000312s ]
NOTIC: [8] Undefined index: codes /home/wwwroot/pay/domain/hzf.xiaohouzhi.com/web/App/Admin/Controller/ExtendsController.class.php 第 265 行.
NOTIC: [8] Undefined index: aid /home/wwwroot/pay/domain/hzf.xiaohouzhi.com/web/App/Admin/Controller/ExtendsController.class.php 第 266 行.
NOTIC: [8] Undefined index: mid /home/wwwroot/pay/domain/hzf.xiaohouzhi.com/web/App/Admin/Controller/ExtendsController.class.php 第 270 行.
NOTIC: [8] Undefined index: store_id /home/wwwroot/pay/domain/hzf.xiaohouzhi.com/web/App/Admin/Controller/ExtendsController.class.php 第 274 行.
NOTIC: [8] Undefined index: bind /home/wwwroot/pay/domain/hzf.xiaohouzhi.com/web/App/Admin/Controller/ExtendsController.class.php 第 278 行.
NOTIC: [8] Undefined index: status /home/wwwroot/pay/domain/hzf.xiaohouzhi.com/web/App/Admin/Controller/ExtendsController.class.php 第 287 行.
NOTIC: [8] Undefined index: agent_status /home/wwwroot/pay/domain/hzf.xiaohouzhi.com/web/App/Admin/Controller/ExtendsController.class.php 第 297 行.
NOTIC: [8] Undefined index: page_data /home/wwwroot/pay/domain/hzf.xiaohouzhi.com/web/App/Admin/Controller/ExtendsController.class.php 第 307 行.
INFO: [ view_parse ] --START--
NOTIC: [8] Undefined offset: 1 /home/wwwroot/pay/domain/hzf.xiaohouzhi.com/web/ThinkPHP/Library/Think/Template.class.php 第 527 行.
INFO: [ template_filter ] --START--
INFO: Run Behavior\ContentReplaceBehavior [ RunTime:0.000133s ]
INFO: [ template_filter ] --END-- [ RunTime:0.000197s ]
INFO: Run Behavior\ParseTemplateBehavior [ RunTime:0.036723s ]
INFO: [ view_parse ] --END-- [ RunTime:0.036769s ]
INFO: [ view_filter ] --START--
INFO: Run Behavior\WriteHtmlCacheBehavior [ RunTime:0.000199s ]
INFO: Run Behavior\TokenBuildBehavior [ RunTime:0.000561s ]
INFO: [ view_filter ] --END-- [ RunTime:0.000820s ]
INFO: [ app_end ] --START--
INFO: Run Behavior\ShowPageTraceBehavior [ RunTime:0.000726s ]
INFO: [ app_end ] --END-- [ RunTime:0.000771s ]

[ 2019-09-10T16:15:58+08:00 ] 111.0.74.16 /console/Extends/weixin_list
INFO: [ app_init ] --START--
INFO: Run Behavior\BuildLiteBehavior [ RunTime:0.000011s ]
INFO: [ app_init ] --END-- [ RunTime:0.000208s ]
INFO: [ app_begin ] --START--
INFO: Run Behavior\ReadHtmlCacheBehavior [ RunTime:0.000319s ]
INFO: [ app_begin ] --END-- [ RunTime:0.000355s ]
INFO: [ view_parse ] --START--
NOTIC: [8] Undefined offset: 1 /home/wwwroot/pay/domain/hzf.xiaohouzhi.com/web/ThinkPHP/Library/Think/Template.class.php 第 527 行.
INFO: [ template_filter ] --START--
INFO: Run Behavior\ContentReplaceBehavior [ RunTime:0.000090s ]
INFO: [ template_filter ] --END-- [ RunTime:0.000129s ]
INFO: Run Behavior\ParseTemplateBehavior [ RunTime:0.014507s ]
INFO: [ view_parse ] --END-- [ RunTime:0.014545s ]
INFO: [ view_filter ] --START--
INFO: Run Behavior\WriteHtmlCacheBehavior [ RunTime:0.000137s ]
INFO: Run Behavior\TokenBuildBehavior [ RunTime:0.000259s ]
INFO: [ view_filter ] --END-- [ RunTime:0.000442s ]
INFO: [ app_end ] --START--
INFO: Run Behavior\ShowPageTraceBehavior [ RunTime:0.000404s ]
INFO: [ app_end ] --END-- [ RunTime:0.000441s ]

[ 2019-09-10T16:16:00+08:00 ] 111.0.74.16 /console/Extends/weixin_list
INFO: [ app_init ] --START--
INFO: Run Behavior\BuildLiteBehavior [ RunTime:0.000011s ]
INFO: [ app_init ] --END-- [ RunTime:0.000211s ]
INFO: [ app_begin ] --START--
INFO: Run Behavior\ReadHtmlCacheBehavior [ RunTime:0.000268s ]
INFO: [ app_begin ] --END-- [ RunTime:0.000297s ]
INFO: [ view_parse ] --START--
NOTIC: [8] Undefined offset: 1 /home/wwwroot/pay/domain/hzf.xiaohouzhi.com/web/ThinkPHP/Library/Think/Template.class.php 第 527 行.
INFO: [ template_filter ] --START--
INFO: Run Behavior\ContentReplaceBehavior [ RunTime:0.000090s ]
INFO: [ template_filter ] --END-- [ RunTime:0.000128s ]
INFO: Run Behavior\ParseTemplateBehavior [ RunTime:0.013160s ]
INFO: [ view_parse ] --END-- [ RunTime:0.013197s ]
INFO: [ view_filter ] --START--
INFO: Run Behavior\WriteHtmlCacheBehavior [ RunTime:0.000105s ]
INFO: Run Behavior\TokenBuildBehavior [ RunTime:0.000252s ]
INFO: [ view_filter ] --END-- [ RunTime:0.000416s ]
INFO: [ app_end ] --START--
INFO: Run Behavior\ShowPageTraceBehavior [ RunTime:0.000288s ]
INFO: [ app_end ] --END-- [ RunTime:0.000315s ]

[ 2019-09-10T16:16:01+08:00 ] 111.0.74.16 /console/Extends/weixin_list
INFO: [ app_init ] --START--
INFO: Run Behavior\BuildLiteBehavior [ RunTime:0.000012s ]
INFO: [ app_init ] --END-- [ RunTime:0.000204s ]
INFO: [ app_begin ] --START--
INFO: Run Behavior\ReadHtmlCacheBehavior [ RunTime:0.000287s ]
INFO: [ app_begin ] --END-- [ RunTime:0.000316s ]
INFO: [ view_parse ] --START--
NOTIC: [8] Undefined offset: 1 /home/wwwroot/pay/domain/hzf.xiaohouzhi.com/web/ThinkPHP/Library/Think/Template.class.php 第 527 行.
INFO: [ template_filter ] --START--
INFO: Run Behavior\ContentReplaceBehavior [ RunTime:0.000101s ]
INFO: [ template_filter ] --END-- [ RunTime:0.000143s ]
INFO: Run Behavior\ParseTemplateBehavior [ RunTime:0.015243s ]
INFO: [ view_parse ] --END-- [ RunTime:0.015286s ]
INFO: [ view_filter ] --START--
INFO: Run Behavior\WriteHtmlCacheBehavior [ RunTime:0.000145s ]
INFO: Run Behavior\TokenBuildBehavior [ RunTime:0.000260s ]
INFO: [ view_filter ] --END-- [ RunTime:0.000444s ]
INFO: [ app_end ] --START--
INFO: Run Behavior\ShowPageTraceBehavior [ RunTime:0.000406s ]
INFO: [ app_end ] --END-- [ RunTime:0.000440s ]

[ 2019-09-10T16:16:07+08:00 ] 111.0.74.16 /console/Extends/AdData
INFO: [ app_init ] --START--
INFO: Run Behavior\BuildLiteBehavior [ RunTime:0.000010s ]
INFO: [ app_init ] --END-- [ RunTime:0.000206s ]
INFO: [ app_begin ] --START--
INFO: Run Behavior\ReadHtmlCacheBehavior [ RunTime:0.000265s ]
INFO: [ app_begin ] --END-- [ RunTime:0.000296s ]
INFO: [ view_parse ] --START--
INFO: [ template_filter ] --START--
INFO: Run Behavior\ContentReplaceBehavior [ RunTime:0.000073s ]
INFO: [ template_filter ] --END-- [ RunTime:0.000119s ]
INFO: Run Behavior\ParseTemplateBehavior [ RunTime:0.012237s ]
INFO: [ view_parse ] --END-- [ RunTime:0.012279s ]
INFO: [ view_filter ] --START--
INFO: Run Behavior\WriteHtmlCacheBehavior [ RunTime:0.000106s ]
INFO: Run Behavior\TokenBuildBehavior [ RunTime:0.000305s ]
INFO: [ view_filter ] --END-- [ RunTime:0.000449s ]
INFO: [ app_end ] --START--
INFO: Run Behavior\ShowPageTraceBehavior [ RunTime:0.000367s ]
INFO: [ app_end ] --END-- [ RunTime:0.000402s ]

[ 2019-09-10T16:16:11+08:00 ] 111.0.74.16 /console/Extends/wxQwAdData
INFO: [ app_init ] --START--
INFO: Run Behavior\BuildLiteBehavior [ RunTime:0.000014s ]
INFO: [ app_init ] --END-- [ RunTime:0.000266s ]
INFO: [ app_begin ] --START--
INFO: Run Behavior\ReadHtmlCacheBehavior [ RunTime:0.000388s ]
INFO: [ app_begin ] --END-- [ RunTime:0.000437s ]
INFO: [ view_parse ] --START--
INFO: [ template_filter ] --START--
INFO: Run Behavior\ContentReplaceBehavior [ RunTime:0.000079s ]
INFO: [ template_filter ] --END-- [ RunTime:0.000121s ]
INFO: Run Behavior\ParseTemplateBehavior [ RunTime:0.013546s ]
INFO: [ view_parse ] --END-- [ RunTime:0.013593s ]
INFO: [ view_filter ] --START--
INFO: Run Behavior\WriteHtmlCacheBehavior [ RunTime:0.000117s ]
INFO: Run Behavior\TokenBuildBehavior [ RunTime:0.000373s ]
INFO: [ view_filter ] --END-- [ RunTime:0.000538s ]
INFO: [ app_end ] --START--
INFO: Run Behavior\ShowPageTraceBehavior [ RunTime:0.000412s ]
INFO: [ app_end ] --END-- [ RunTime:0.000447s ]

[ 2019-09-10T16:16:26+08:00 ] 111.0.74.16 /console/Systems/index
INFO: [ app_init ] --START--
INFO: Run Behavior\BuildLiteBehavior [ RunTime:0.000011s ]
INFO: [ app_init ] --END-- [ RunTime:0.000265s ]
INFO: [ app_begin ] --START--
INFO: Run Behavior\ReadHtmlCacheBehavior [ RunTime:0.000291s ]
INFO: [ app_begin ] --END-- [ RunTime:0.000326s ]
INFO: [ view_parse ] --START--
INFO: [ template_filter ] --START--
INFO: Run Behavior\ContentReplaceBehavior [ RunTime:0.000110s ]
INFO: [ template_filter ] --END-- [ RunTime:0.000178s ]
INFO: Run Behavior\ParseTemplateBehavior [ RunTime:0.017502s ]
INFO: [ view_parse ] --END-- [ RunTime:0.017552s ]
INFO: [ view_filter ] --START--
INFO: Run Behavior\WriteHtmlCacheBehavior [ RunTime:0.000143s ]
INFO: Run Behavior\TokenBuildBehavior [ RunTime:0.000349s ]
INFO: [ view_filter ] --END-- [ RunTime:0.000534s ]
INFO: [ app_end ] --START--
INFO: Run Behavior\ShowPageTraceBehavior [ RunTime:0.000419s ]
INFO: [ app_end ] --END-- [ RunTime:0.000455s ]

[ 2019-09-10T16:16:32+08:00 ] 111.0.74.16 /console/Systems/index
INFO: [ app_init ] --START--
INFO: Run Behavior\BuildLiteBehavior [ RunTime:0.000013s ]
INFO: [ app_init ] --END-- [ RunTime:0.000244s ]
INFO: [ app_begin ] --START--
INFO: Run Behavior\ReadHtmlCacheBehavior [ RunTime:0.000361s ]
INFO: [ app_begin ] --END-- [ RunTime:0.000399s ]
INFO: [ view_parse ] --START--
INFO: [ template_filter ] --START--
INFO: Run Behavior\ContentReplaceBehavior [ RunTime:0.000103s ]
INFO: [ template_filter ] --END-- [ RunTime:0.000152s ]
INFO: Run Behavior\ParseTemplateBehavior [ RunTime:0.014289s ]
INFO: [ view_parse ] --END-- [ RunTime:0.014332s ]
INFO: [ view_filter ] --START--
INFO: Run Behavior\WriteHtmlCacheBehavior [ RunTime:0.000111s ]
INFO: Run Behavior\TokenBuildBehavior [ RunTime:0.000300s ]
INFO: [ view_filter ] --END-- [ RunTime:0.000450s ]
INFO: [ app_end ] --START--
INFO: Run Behavior\ShowPageTraceBehavior [ RunTime:0.000304s ]
INFO: [ app_end ] --END-- [ RunTime:0.000334s ]

[ 2019-09-10T16:16:36+08:00 ] 111.0.74.16 /console/Systems/pay_config
INFO: [ app_init ] --START--
INFO: Run Behavior\BuildLiteBehavior [ RunTime:0.000011s ]
INFO: [ app_init ] --END-- [ RunTime:0.000238s ]
INFO: [ app_begin ] --START--
INFO: Run Behavior\ReadHtmlCacheBehavior [ RunTime:0.000273s ]
INFO: [ app_begin ] --END-- [ RunTime:0.000307s ]
INFO: [ view_parse ] --START--
INFO: [ template_filter ] --START--
INFO: Run Behavior\ContentReplaceBehavior [ RunTime:0.000141s ]
INFO: [ template_filter ] --END-- [ RunTime:0.000187s ]
INFO: Run Behavior\ParseTemplateBehavior [ RunTime:0.018039s ]
INFO: [ view_parse ] --END-- [ RunTime:0.018085s ]
INFO: [ view_filter ] --START--
INFO: Run Behavior\WriteHtmlCacheBehavior [ RunTime:0.000128s ]
INFO: Run Behavior\TokenBuildBehavior [ RunTime:0.000397s ]
INFO: [ view_filter ] --END-- [ RunTime:0.000574s ]
INFO: [ app_end ] --START--
INFO: Run Behavior\ShowPageTraceBehavior [ RunTime:0.000417s ]
INFO: [ app_end ] --END-- [ RunTime:0.000452s ]

[ 2019-09-10T16:17:00+08:00 ] 111.0.74.16 /console/User/index
INFO: [ app_init ] --START--
INFO: Run Behavior\BuildLiteBehavior [ RunTime:0.000013s ]
INFO: [ app_init ] --END-- [ RunTime:0.000249s ]
INFO: [ app_begin ] --START--
INFO: Run Behavior\ReadHtmlCacheBehavior [ RunTime:0.000271s ]
INFO: [ app_begin ] --END-- [ RunTime:0.000312s ]
INFO: [ view_parse ] --START--
INFO: [ template_filter ] --START--
INFO: Run Behavior\ContentReplaceBehavior [ RunTime:0.000092s ]
INFO: [ template_filter ] --END-- [ RunTime:0.000140s ]
INFO: Run Behavior\ParseTemplateBehavior [ RunTime:0.012654s ]
INFO: [ view_parse ] --END-- [ RunTime:0.012697s ]
INFO: [ view_filter ] --START--
INFO: Run Behavior\WriteHtmlCacheBehavior [ RunTime:0.000130s ]
INFO: Run Behavior\TokenBuildBehavior [ RunTime:0.000314s ]
INFO: [ view_filter ] --END-- [ RunTime:0.000496s ]
INFO: [ app_end ] --START--
INFO: Run Behavior\ShowPageTraceBehavior [ RunTime:0.000359s ]
INFO: [ app_end ] --END-- [ RunTime:0.000408s ]

[ 2019-09-10T16:17:07+08:00 ] 111.0.74.16 /console/Index/index
INFO: [ app_init ] --START--
INFO: Run Behavior\BuildLiteBehavior [ RunTime:0.000014s ]
INFO: [ app_init ] --END-- [ RunTime:0.000322s ]
INFO: [ app_begin ] --START--
INFO: Run Behavior\ReadHtmlCacheBehavior [ RunTime:0.000417s ]
INFO: [ app_begin ] --END-- [ RunTime:0.000466s ]
INFO: [ view_parse ] --START--
INFO: [ template_filter ] --START--
INFO: Run Behavior\ContentReplaceBehavior [ RunTime:0.000138s ]
INFO: [ template_filter ] --END-- [ RunTime:0.000200s ]
INFO: Run Behavior\ParseTemplateBehavior [ RunTime:0.017646s ]
INFO: [ view_parse ] --END-- [ RunTime:0.017693s ]
INFO: [ view_filter ] --START--
INFO: Run Behavior\WriteHtmlCacheBehavior [ RunTime:0.000129s ]
INFO: Run Behavior\TokenBuildBehavior [ RunTime:0.000341s ]
INFO: [ view_filter ] --END-- [ RunTime:0.000510s ]
INFO: [ app_end ] --START--
INFO: Run Behavior\ShowPageTraceBehavior [ RunTime:0.000386s ]
INFO: [ app_end ] --END-- [ RunTime:0.000422s ]

[ 2019-09-10T16:17:09+08:00 ] 111.0.74.16 /console/Merchant/Auditing
INFO: [ app_init ] --START--
INFO: Run Behavior\BuildLiteBehavior [ RunTime:0.000020s ]
INFO: [ app_init ] --END-- [ RunTime:0.000570s ]
INFO: [ app_begin ] --START--
INFO: Run Behavior\ReadHtmlCacheBehavior [ RunTime:0.000310s ]
INFO: [ app_begin ] --END-- [ RunTime:0.000346s ]
INFO: [ view_parse ] --START--
NOTIC: [8] Undefined offset: 1 /home/wwwroot/pay/domain/hzf.xiaohouzhi.com/web/ThinkPHP/Library/Think/Template.class.php 第 527 行.
INFO: [ template_filter ] --START--
INFO: Run Behavior\ContentReplaceBehavior [ RunTime:0.000102s ]
INFO: [ template_filter ] --END-- [ RunTime:0.000160s ]
NOTIC: [8] Undefined index: status /home/wwwroot/pay/domain/hzf.xiaohouzhi.com/web/App/Runtime/Cache/Admin/1bc1b789fdf3443e7e86474e0b077b04.php 第 182 行.
NOTIC: [8] Undefined index: status /home/wwwroot/pay/domain/hzf.xiaohouzhi.com/web/App/Runtime/Cache/Admin/1bc1b789fdf3443e7e86474e0b077b04.php 第 183 行.
NOTIC: [8] Undefined index: status /home/wwwroot/pay/domain/hzf.xiaohouzhi.com/web/App/Runtime/Cache/Admin/1bc1b789fdf3443e7e86474e0b077b04.php 第 184 行.
INFO: Run Behavior\ParseTemplateBehavior [ RunTime:0.016251s ]
INFO: [ view_parse ] --END-- [ RunTime:0.016291s ]
INFO: [ view_filter ] --START--
INFO: Run Behavior\WriteHtmlCacheBehavior [ RunTime:0.000134s ]
INFO: Run Behavior\TokenBuildBehavior [ RunTime:0.000313s ]
INFO: [ view_filter ] --END-- [ RunTime:0.000489s ]
INFO: [ app_end ] --START--
INFO: Run Behavior\ShowPageTraceBehavior [ RunTime:0.000362s ]
INFO: [ app_end ] --END-- [ RunTime:0.000394s ]

[ 2019-09-10T16:17:11+08:00 ] 111.0.74.16 /console/Merchant/index
INFO: [ app_init ] --START--
INFO: Run Behavior\BuildLiteBehavior [ RunTime:0.000009s ]
INFO: [ app_init ] --END-- [ RunTime:0.000213s ]
INFO: [ app_begin ] --START--
INFO: Run Behavior\ReadHtmlCacheBehavior [ RunTime:0.000257s ]
INFO: [ app_begin ] --END-- [ RunTime:0.000287s ]
NOTIC: [8] Undefined index: aid /home/wwwroot/pay/domain/hzf.xiaohouzhi.com/web/App/Admin/Controller/MerchantController.class.php 第 1298 行.
NOTIC: [8] Undefined index: search_val /home/wwwroot/pay/domain/hzf.xiaohouzhi.com/web/App/Admin/Controller/MerchantController.class.php 第 1301 行.
NOTIC: [8] Undefined index: bus_type /home/wwwroot/pay/domain/hzf.xiaohouzhi.com/web/App/Admin/Controller/MerchantController.class.php 第 1305 行.
NOTIC: [8] Undefined index: auth_status /home/wwwroot/pay/domain/hzf.xiaohouzhi.com/web/App/Admin/Controller/MerchantController.class.php 第 1308 行.
NOTIC: [8] Undefined index: wx_alleys /home/wwwroot/pay/domain/hzf.xiaohouzhi.com/web/App/Admin/Controller/MerchantController.class.php 第 1315 行.
NOTIC: [8] Undefined index: wx_alleys /home/wwwroot/pay/domain/hzf.xiaohouzhi.com/web/App/Admin/Controller/MerchantController.class.php 第 1317 行.
NOTIC: [8] Undefined index: ali_alleys /home/wwwroot/pay/domain/hzf.xiaohouzhi.com/web/App/Admin/Controller/MerchantController.class.php 第 1320 行.
NOTIC: [8] Undefined index: ali_alleys /home/wwwroot/pay/domain/hzf.xiaohouzhi.com/web/App/Admin/Controller/MerchantController.class.php 第 1322 行.
NOTIC: [2] Missing argument 1 for domain_id(), called in /home/wwwroot/pay/domain/hzf.xiaohouzhi.com/web/App/Admin/Controller/MerchantController.class.php on line 1334 and defined /home/wwwroot/pay/domain/hzf.xiaohouzhi.com/web/App/Common/Common/function.php 第 3626 行.
NOTIC: [8] Undefined variable: type /home/wwwroot/pay/domain/hzf.xiaohouzhi.com/web/App/Common/Common/function.php 第 3628 行.
INFO: [ view_parse ] --START--
NOTIC: [8] Undefined offset: 1 /home/wwwroot/pay/domain/hzf.xiaohouzhi.com/web/ThinkPHP/Library/Think/Template.class.php 第 527 行.
INFO: [ template_filter ] --START--
INFO: Run Behavior\ContentReplaceBehavior [ RunTime:0.000162s ]
INFO: [ template_filter ] --END-- [ RunTime:0.000206s ]
INFO: Run Behavior\ParseTemplateBehavior [ RunTime:0.027451s ]
INFO: [ view_parse ] --END-- [ RunTime:0.027496s ]
INFO: [ view_filter ] --START--
INFO: Run Behavior\WriteHtmlCacheBehavior [ RunTime:0.000148s ]
INFO: Run Behavior\TokenBuildBehavior [ RunTime:0.000451s ]
INFO: [ view_filter ] --END-- [ RunTime:0.000658s ]
INFO: [ app_end ] --START--
INFO: Run Behavior\ShowPageTraceBehavior [ RunTime:0.000307s ]
INFO: [ app_end ] --END-- [ RunTime:0.000340s ]

[ 2019-09-10T16:17:14+08:00 ] 111.0.74.16 /console/Merchant/mp_login/id/4089
INFO: [ app_init ] --START--
INFO: Run Behavior\BuildLiteBehavior [ RunTime:0.000010s ]
INFO: [ app_init ] --END-- [ RunTime:0.000210s ]
INFO: [ app_begin ] --START--
INFO: Run Behavior\ReadHtmlCacheBehavior [ RunTime:0.000372s ]
INFO: [ app_begin ] --END-- [ RunTime:0.000419s ]
INFO: [ view_parse ] --START--
INFO: [ template_filter ] --START--
INFO: Run Behavior\ContentReplaceBehavior [ RunTime:0.000042s ]
INFO: [ template_filter ] --END-- [ RunTime:0.000095s ]
INFO: Run Behavior\ParseTemplateBehavior [ RunTime:0.005678s ]
INFO: [ view_parse ] --END-- [ RunTime:0.005730s ]
INFO: [ view_filter ] --START--
INFO: Run Behavior\WriteHtmlCacheBehavior [ RunTime:0.000087s ]
INFO: Run Behavior\TokenBuildBehavior [ RunTime:0.000204s ]
INFO: [ view_filter ] --END-- [ RunTime:0.000329s ]
INFO: [ app_end ] --START--
INFO: Run Behavior\ShowPageTraceBehavior [ RunTime:0.000277s ]
INFO: [ app_end ] --END-- [ RunTime:0.000305s ]

[ 2019-09-10T16:30:56+08:00 ] 223.88.35.87 /Admins
INFO: [ app_init ] --START--
INFO: Run Behavior\BuildLiteBehavior [ RunTime:0.000015s ]
INFO: [ app_init ] --END-- [ RunTime:0.000281s ]
INFO: [ app_begin ] --START--
INFO: Run Behavior\ReadHtmlCacheBehavior [ RunTime:0.000317s ]
INFO: [ app_begin ] --END-- [ RunTime:0.000360s ]
NOTIC: [8] Undefined index: user /home/wwwroot/pay/domain/hzf.xiaohouzhi.com/web/App/Common/Controller/AdminBaseController.class.php 第 45 行.
NOTIC: [8] Undefined index: user /home/wwwroot/pay/domain/hzf.xiaohouzhi.com/web/App/Common/Controller/AdminBaseController.class.php 第 79 行.
NOTIC: [8] Undefined index: user /home/wwwroot/pay/domain/hzf.xiaohouzhi.com/web/App/Common/Controller/AdminBaseController.class.php 第 79 行.
NOTIC: [8] Undefined index: user /home/wwwroot/pay/domain/hzf.xiaohouzhi.com/web/App/Common/Controller/AdminBaseController.class.php 第 79 行.
NOTIC: [8] Undefined index: user /home/wwwroot/pay/domain/hzf.xiaohouzhi.com/web/App/Common/Controller/AdminBaseController.class.php 第 79 行.
NOTIC: [8] Undefined index: user /home/wwwroot/pay/domain/hzf.xiaohouzhi.com/web/App/Common/Controller/AdminBaseController.class.php 第 79 行.
NOTIC: [8] Undefined index: user /home/wwwroot/pay/domain/hzf.xiaohouzhi.com/web/App/Common/Controller/AdminBaseController.class.php 第 79 行.
NOTIC: [8] Undefined index: user /home/wwwroot/pay/domain/hzf.xiaohouzhi.com/web/App/Common/Controller/AdminBaseController.class.php 第 79 行.
NOTIC: [8] Undefined index: user /home/wwwroot/pay/domain/hzf.xiaohouzhi.com/web/App/Common/Controller/AdminBaseController.class.php 第 79 行.
NOTIC: [8] Undefined index: user /home/wwwroot/pay/domain/hzf.xiaohouzhi.com/web/App/Common/Controller/AdminBaseController.class.php 第 79 行.
NOTIC: [8] Undefined index: user /home/wwwroot/pay/domain/hzf.xiaohouzhi.com/web/App/Common/Controller/AdminBaseController.class.php 第 79 行.
INFO: [ view_parse ] --START--
INFO: [ template_filter ] --START--
INFO: Run Behavior\ContentReplaceBehavior [ RunTime:0.000057s ]
INFO: [ template_filter ] --END-- [ RunTime:0.000110s ]
INFO: Run Behavior\ParseTemplateBehavior [ RunTime:0.005516s ]
INFO: [ view_parse ] --END-- [ RunTime:0.005566s ]
INFO: [ view_filter ] --START--
INFO: Run Behavior\WriteHtmlCacheBehavior [ RunTime:0.000121s ]
INFO: Run Behavior\TokenBuildBehavior [ RunTime:0.000214s ]
INFO: [ view_filter ] --END-- [ RunTime:0.000391s ]
INFO: [ app_end ] --START--
INFO: Run Behavior\ShowPageTraceBehavior [ RunTime:0.000295s ]
INFO: [ app_end ] --END-- [ RunTime:0.000325s ]

[ 2019-09-10T16:30:57+08:00 ] 223.88.35.87 /console/Login/load_verify
INFO: [ app_init ] --START--
INFO: Run Behavior\BuildLiteBehavior [ RunTime:0.000011s ]
INFO: [ app_init ] --END-- [ RunTime:0.000230s ]
INFO: [ app_begin ] --START--
INFO: Run Behavior\ReadHtmlCacheBehavior [ RunTime:0.000260s ]
INFO: [ app_begin ] --END-- [ RunTime:0.000293s ]
NOTIC: [8] Undefined index: user /home/wwwroot/pay/domain/hzf.xiaohouzhi.com/web/App/Common/Controller/AdminBaseController.class.php 第 45 行.
NOTIC: [8] Undefined index: user /home/wwwroot/pay/domain/hzf.xiaohouzhi.com/web/App/Common/Controller/AdminBaseController.class.php 第 79 行.
NOTIC: [8] Undefined index: user /home/wwwroot/pay/domain/hzf.xiaohouzhi.com/web/App/Common/Controller/AdminBaseController.class.php 第 79 行.
NOTIC: [8] Undefined index: user /home/wwwroot/pay/domain/hzf.xiaohouzhi.com/web/App/Common/Controller/AdminBaseController.class.php 第 79 行.
NOTIC: [8] Undefined index: user /home/wwwroot/pay/domain/hzf.xiaohouzhi.com/web/App/Common/Controller/AdminBaseController.class.php 第 79 行.
NOTIC: [8] Undefined index: user /home/wwwroot/pay/domain/hzf.xiaohouzhi.com/web/App/Common/Controller/AdminBaseController.class.php 第 79 行.
NOTIC: [8] Undefined index: user /home/wwwroot/pay/domain/hzf.xiaohouzhi.com/web/App/Common/Controller/AdminBaseController.class.php 第 79 行.
NOTIC: [8] Undefined index: user /home/wwwroot/pay/domain/hzf.xiaohouzhi.com/web/App/Common/Controller/AdminBaseController.class.php 第 79 行.
NOTIC: [8] Undefined index: user /home/wwwroot/pay/domain/hzf.xiaohouzhi.com/web/App/Common/Controller/AdminBaseController.class.php 第 79 行.
NOTIC: [8] Undefined index: user /home/wwwroot/pay/domain/hzf.xiaohouzhi.com/web/App/Common/Controller/AdminBaseController.class.php 第 79 行.
NOTIC: [8] Undefined index: user /home/wwwroot/pay/domain/hzf.xiaohouzhi.com/web/App/Common/Controller/AdminBaseController.class.php 第 79 行.
INFO: [ app_end ] --START--
INFO: Run Behavior\ShowPageTraceBehavior [ RunTime:0.000351s ]
INFO: [ app_end ] --END-- [ RunTime:0.000397s ]

[ 2019-09-10T19:19:46+08:00 ] 223.104.247.141 /Admins
INFO: [ app_init ] --START--
INFO: Run Behavior\BuildLiteBehavior [ RunTime:0.000013s ]
INFO: [ app_init ] --END-- [ RunTime:0.000280s ]
INFO: [ app_begin ] --START--
INFO: Run Behavior\ReadHtmlCacheBehavior [ RunTime:0.000281s ]
INFO: [ app_begin ] --END-- [ RunTime:0.000324s ]
NOTIC: [8] Undefined index: user /home/wwwroot/pay/domain/hzf.xiaohouzhi.com/web/App/Common/Controller/AdminBaseController.class.php 第 45 行.
NOTIC: [8] Undefined index: user /home/wwwroot/pay/domain/hzf.xiaohouzhi.com/web/App/Common/Controller/AdminBaseController.class.php 第 79 行.
NOTIC: [8] Undefined index: user /home/wwwroot/pay/domain/hzf.xiaohouzhi.com/web/App/Common/Controller/AdminBaseController.class.php 第 79 行.
NOTIC: [8] Undefined index: user /home/wwwroot/pay/domain/hzf.xiaohouzhi.com/web/App/Common/Controller/AdminBaseController.class.php 第 79 行.
NOTIC: [8] Undefined index: user /home/wwwroot/pay/domain/hzf.xiaohouzhi.com/web/App/Common/Controller/AdminBaseController.class.php 第 79 行.
NOTIC: [8] Undefined index: user /home/wwwroot/pay/domain/hzf.xiaohouzhi.com/web/App/Common/Controller/AdminBaseController.class.php 第 79 行.
NOTIC: [8] Undefined index: user /home/wwwroot/pay/domain/hzf.xiaohouzhi.com/web/App/Common/Controller/AdminBaseController.class.php 第 79 行.
NOTIC: [8] Undefined index: user /home/wwwroot/pay/domain/hzf.xiaohouzhi.com/web/App/Common/Controller/AdminBaseController.class.php 第 79 行.
NOTIC: [8] Undefined index: user /home/wwwroot/pay/domain/hzf.xiaohouzhi.com/web/App/Common/Controller/AdminBaseController.class.php 第 79 行.
NOTIC: [8] Undefined index: user /home/wwwroot/pay/domain/hzf.xiaohouzhi.com/web/App/Common/Controller/AdminBaseController.class.php 第 79 行.
NOTIC: [8] Undefined index: user /home/wwwroot/pay/domain/hzf.xiaohouzhi.com/web/App/Common/Controller/AdminBaseController.class.php 第 79 行.
INFO: [ view_parse ] --START--
INFO: [ template_filter ] --START--
INFO: Run Behavior\ContentReplaceBehavior [ RunTime:0.000052s ]
INFO: [ template_filter ] --END-- [ RunTime:0.000107s ]
INFO: Run Behavior\ParseTemplateBehavior [ RunTime:0.005992s ]
INFO: [ view_parse ] --END-- [ RunTime:0.006026s ]
INFO: [ view_filter ] --START--
INFO: Run Behavior\WriteHtmlCacheBehavior [ RunTime:0.000117s ]
INFO: Run Behavior\TokenBuildBehavior [ RunTime:0.000232s ]
INFO: [ view_filter ] --END-- [ RunTime:0.000390s ]
INFO: [ app_end ] --START--
INFO: Run Behavior\ShowPageTraceBehavior [ RunTime:0.000288s ]
INFO: [ app_end ] --END-- [ RunTime:0.000315s ]

[ 2019-09-10T19:19:47+08:00 ] 223.104.247.141 /console/Login/load_verify
INFO: [ app_init ] --START--
INFO: Run Behavior\BuildLiteBehavior [ RunTime:0.000011s ]
INFO: [ app_init ] --END-- [ RunTime:0.000210s ]
INFO: [ app_begin ] --START--
INFO: Run Behavior\ReadHtmlCacheBehavior [ RunTime:0.000289s ]
INFO: [ app_begin ] --END-- [ RunTime:0.000323s ]
NOTIC: [8] Undefined index: user /home/wwwroot/pay/domain/hzf.xiaohouzhi.com/web/App/Common/Controller/AdminBaseController.class.php 第 45 行.
NOTIC: [8] Undefined index: user /home/wwwroot/pay/domain/hzf.xiaohouzhi.com/web/App/Common/Controller/AdminBaseController.class.php 第 79 行.
NOTIC: [8] Undefined index: user /home/wwwroot/pay/domain/hzf.xiaohouzhi.com/web/App/Common/Controller/AdminBaseController.class.php 第 79 行.
NOTIC: [8] Undefined index: user /home/wwwroot/pay/domain/hzf.xiaohouzhi.com/web/App/Common/Controller/AdminBaseController.class.php 第 79 行.
NOTIC: [8] Undefined index: user /home/wwwroot/pay/domain/hzf.xiaohouzhi.com/web/App/Common/Controller/AdminBaseController.class.php 第 79 行.
NOTIC: [8] Undefined index: user /home/wwwroot/pay/domain/hzf.xiaohouzhi.com/web/App/Common/Controller/AdminBaseController.class.php 第 79 行.
NOTIC: [8] Undefined index: user /home/wwwroot/pay/domain/hzf.xiaohouzhi.com/web/App/Common/Controller/AdminBaseController.class.php 第 79 行.
NOTIC: [8] Undefined index: user /home/wwwroot/pay/domain/hzf.xiaohouzhi.com/web/App/Common/Controller/AdminBaseController.class.php 第 79 行.
NOTIC: [8] Undefined index: user /home/wwwroot/pay/domain/hzf.xiaohouzhi.com/web/App/Common/Controller/AdminBaseController.class.php 第 79 行.
NOTIC: [8] Undefined index: user /home/wwwroot/pay/domain/hzf.xiaohouzhi.com/web/App/Common/Controller/AdminBaseController.class.php 第 79 行.
NOTIC: [8] Undefined index: user /home/wwwroot/pay/domain/hzf.xiaohouzhi.com/web/App/Common/Controller/AdminBaseController.class.php 第 79 行.
INFO: [ app_end ] --START--
INFO: Run Behavior\ShowPageTraceBehavior [ RunTime:0.000316s ]
INFO: [ app_end ] --END-- [ RunTime:0.000358s ]

[ 2019-09-10T19:20:05+08:00 ] 223.104.247.141 /Admins
INFO: [ app_init ] --START--
INFO: Run Behavior\BuildLiteBehavior [ RunTime:0.000012s ]
INFO: [ app_init ] --END-- [ RunTime:0.000262s ]
INFO: [ app_begin ] --START--
INFO: Run Behavior\ReadHtmlCacheBehavior [ RunTime:0.000280s ]
INFO: [ app_begin ] --END-- [ RunTime:0.000321s ]
NOTIC: [8] Undefined index: user /home/wwwroot/pay/domain/hzf.xiaohouzhi.com/web/App/Common/Controller/AdminBaseController.class.php 第 45 行.
NOTIC: [8] Undefined index: user /home/wwwroot/pay/domain/hzf.xiaohouzhi.com/web/App/Common/Controller/AdminBaseController.class.php 第 79 行.
NOTIC: [8] Undefined index: user /home/wwwroot/pay/domain/hzf.xiaohouzhi.com/web/App/Common/Controller/AdminBaseController.class.php 第 79 行.
NOTIC: [8] Undefined index: user /home/wwwroot/pay/domain/hzf.xiaohouzhi.com/web/App/Common/Controller/AdminBaseController.class.php 第 79 行.
NOTIC: [8] Undefined index: user /home/wwwroot/pay/domain/hzf.xiaohouzhi.com/web/App/Common/Controller/AdminBaseController.class.php 第 79 行.
NOTIC: [8] Undefined index: user /home/wwwroot/pay/domain/hzf.xiaohouzhi.com/web/App/Common/Controller/AdminBaseController.class.php 第 79 行.
NOTIC: [8] Undefined index: user /home/wwwroot/pay/domain/hzf.xiaohouzhi.com/web/App/Common/Controller/AdminBaseController.class.php 第 79 行.
NOTIC: [8] Undefined index: user /home/wwwroot/pay/domain/hzf.xiaohouzhi.com/web/App/Common/Controller/AdminBaseController.class.php 第 79 行.
NOTIC: [8] Undefined index: user /home/wwwroot/pay/domain/hzf.xiaohouzhi.com/web/App/Common/Controller/AdminBaseController.class.php 第 79 行.
NOTIC: [8] Undefined index: user /home/wwwroot/pay/domain/hzf.xiaohouzhi.com/web/App/Common/Controller/AdminBaseController.class.php 第 79 行.
NOTIC: [8] Undefined index: user /home/wwwroot/pay/domain/hzf.xiaohouzhi.com/web/App/Common/Controller/AdminBaseController.class.php 第 79 行.

[ 2019-09-10T19:20:08+08:00 ] 223.104.247.141 /console/Index/index
INFO: [ app_init ] --START--
INFO: Run Behavior\BuildLiteBehavior [ RunTime:0.000012s ]
INFO: [ app_init ] --END-- [ RunTime:0.000246s ]
INFO: [ app_begin ] --START--
INFO: Run Behavior\ReadHtmlCacheBehavior [ RunTime:0.000404s ]
INFO: [ app_begin ] --END-- [ RunTime:0.000454s ]
INFO: [ view_parse ] --START--
INFO: [ template_filter ] --START--
INFO: Run Behavior\ContentReplaceBehavior [ RunTime:0.000112s ]
INFO: [ template_filter ] --END-- [ RunTime:0.000154s ]
INFO: Run Behavior\ParseTemplateBehavior [ RunTime:0.016150s ]
INFO: [ view_parse ] --END-- [ RunTime:0.016199s ]
INFO: [ view_filter ] --START--
INFO: Run Behavior\WriteHtmlCacheBehavior [ RunTime:0.000143s ]
INFO: Run Behavior\TokenBuildBehavior [ RunTime:0.000379s ]
INFO: [ view_filter ] --END-- [ RunTime:0.000565s ]
INFO: [ app_end ] --START--
INFO: Run Behavior\ShowPageTraceBehavior [ RunTime:0.000419s ]
INFO: [ app_end ] --END-- [ RunTime:0.000461s ]

[ 2019-09-10T19:20:13+08:00 ] 223.104.247.141 /console/Agent/lists
INFO: [ app_init ] --START--
INFO: Run Behavior\BuildLiteBehavior [ RunTime:0.000010s ]
INFO: [ app_init ] --END-- [ RunTime:0.000230s ]
INFO: [ app_begin ] --START--
INFO: Run Behavior\ReadHtmlCacheBehavior [ RunTime:0.000251s ]
INFO: [ app_begin ] --END-- [ RunTime:0.000293s ]
NOTIC: [8] Undefined index: search_val /home/wwwroot/pay/domain/hzf.xiaohouzhi.com/web/App/Admin/Controller/AgentController.class.php 第 62 行.
NOTIC: [8] Undefined index: sprovince /home/wwwroot/pay/domain/hzf.xiaohouzhi.com/web/App/Admin/Controller/AgentController.class.php 第 66 行.
NOTIC: [8] Undefined index: scity /home/wwwroot/pay/domain/hzf.xiaohouzhi.com/web/App/Admin/Controller/AgentController.class.php 第 70 行.
NOTIC: [8] Undefined index: sdistrict /home/wwwroot/pay/domain/hzf.xiaohouzhi.com/web/App/Admin/Controller/AgentController.class.php 第 74 行.
NOTIC: [8] Undefined index: status /home/wwwroot/pay/domain/hzf.xiaohouzhi.com/web/App/Admin/Controller/AgentController.class.php 第 78 行.
NOTIC: [8] Undefined index: auth_status /home/wwwroot/pay/domain/hzf.xiaohouzhi.com/web/App/Admin/Controller/AgentController.class.php 第 94 行.
NOTIC: [8] Undefined index: pid /home/wwwroot/pay/domain/hzf.xiaohouzhi.com/web/App/Admin/Controller/AgentController.class.php 第 108 行.
NOTIC: [8] Undefined variable: DoData /home/wwwroot/pay/domain/hzf.xiaohouzhi.com/web/App/Admin/Controller/AgentController.class.php 第 141 行.
INFO: [ view_parse ] --START--
NOTIC: [8] Undefined offset: 1 /home/wwwroot/pay/domain/hzf.xiaohouzhi.com/web/ThinkPHP/Library/Think/Template.class.php 第 527 行.
INFO: [ template_filter ] --START--
INFO: Run Behavior\ContentReplaceBehavior [ RunTime:0.000126s ]
INFO: [ template_filter ] --END-- [ RunTime:0.000166s ]
INFO: Run Behavior\ParseTemplateBehavior [ RunTime:0.019098s ]
INFO: [ view_parse ] --END-- [ RunTime:0.019137s ]
INFO: [ view_filter ] --START--
INFO: Run Behavior\WriteHtmlCacheBehavior [ RunTime:0.000121s ]
INFO: Run Behavior\TokenBuildBehavior [ RunTime:0.000410s ]
INFO: [ view_filter ] --END-- [ RunTime:0.000586s ]
INFO: [ app_end ] --START--
INFO: Run Behavior\ShowPageTraceBehavior [ RunTime:0.000439s ]
INFO: [ app_end ] --END-- [ RunTime:0.000480s ]

[ 2019-09-10T19:20:24+08:00 ] 223.104.247.141 /console/Agent/lists/pid/602
INFO: [ app_init ] --START--
INFO: Run Behavior\BuildLiteBehavior [ RunTime:0.000010s ]
INFO: [ app_init ] --END-- [ RunTime:0.000203s ]
INFO: [ app_begin ] --START--
INFO: Run Behavior\ReadHtmlCacheBehavior [ RunTime:0.000251s ]
INFO: [ app_begin ] --END-- [ RunTime:0.000280s ]
NOTIC: [8] Undefined index: search_val /home/wwwroot/pay/domain/hzf.xiaohouzhi.com/web/App/Admin/Controller/AgentController.class.php 第 62 行.
NOTIC: [8] Undefined index: sprovince /home/wwwroot/pay/domain/hzf.xiaohouzhi.com/web/App/Admin/Controller/AgentController.class.php 第 66 行.
NOTIC: [8] Undefined index: scity /home/wwwroot/pay/domain/hzf.xiaohouzhi.com/web/App/Admin/Controller/AgentController.class.php 第 70 行.
NOTIC: [8] Undefined index: sdistrict /home/wwwroot/pay/domain/hzf.xiaohouzhi.com/web/App/Admin/Controller/AgentController.class.php 第 74 行.
NOTIC: [8] Undefined index: status /home/wwwroot/pay/domain/hzf.xiaohouzhi.com/web/App/Admin/Controller/AgentController.class.php 第 78 行.
NOTIC: [8] Undefined index: auth_status /home/wwwroot/pay/domain/hzf.xiaohouzhi.com/web/App/Admin/Controller/AgentController.class.php 第 94 行.
INFO: [ view_parse ] --START--
NOTIC: [8] Undefined offset: 1 /home/wwwroot/pay/domain/hzf.xiaohouzhi.com/web/ThinkPHP/Library/Think/Template.class.php 第 527 行.
INFO: [ template_filter ] --START--
INFO: Run Behavior\ContentReplaceBehavior [ RunTime:0.000137s ]
INFO: [ template_filter ] --END-- [ RunTime:0.000186s ]
INFO: Run Behavior\ParseTemplateBehavior [ RunTime:0.021568s ]
INFO: [ view_parse ] --END-- [ RunTime:0.021612s ]
INFO: [ view_filter ] --START--
INFO: Run Behavior\WriteHtmlCacheBehavior [ RunTime:0.000133s ]
INFO: Run Behavior\TokenBuildBehavior [ RunTime:0.000347s ]
INFO: [ view_filter ] --END-- [ RunTime:0.000520s ]
INFO: [ app_end ] --START--
INFO: Run Behavior\ShowPageTraceBehavior [ RunTime:0.000436s ]
INFO: [ app_end ] --END-- [ RunTime:0.000478s ]

[ 2019-09-10T19:20:31+08:00 ] 223.104.247.141 /console/Agent/lists
INFO: [ app_init ] --START--
INFO: Run Behavior\BuildLiteBehavior [ RunTime:0.000010s ]
INFO: [ app_init ] --END-- [ RunTime:0.000214s ]
INFO: [ app_begin ] --START--
INFO: Run Behavior\ReadHtmlCacheBehavior [ RunTime:0.000257s ]
INFO: [ app_begin ] --END-- [ RunTime:0.000299s ]
NOTIC: [8] Undefined index: search_val /home/wwwroot/pay/domain/hzf.xiaohouzhi.com/web/App/Admin/Controller/AgentController.class.php 第 62 行.
NOTIC: [8] Undefined index: sprovince /home/wwwroot/pay/domain/hzf.xiaohouzhi.com/web/App/Admin/Controller/AgentController.class.php 第 66 行.
NOTIC: [8] Undefined index: scity /home/wwwroot/pay/domain/hzf.xiaohouzhi.com/web/App/Admin/Controller/AgentController.class.php 第 70 行.
NOTIC: [8] Undefined index: sdistrict /home/wwwroot/pay/domain/hzf.xiaohouzhi.com/web/App/Admin/Controller/AgentController.class.php 第 74 行.
NOTIC: [8] Undefined index: status /home/wwwroot/pay/domain/hzf.xiaohouzhi.com/web/App/Admin/Controller/AgentController.class.php 第 78 行.
NOTIC: [8] Undefined index: auth_status /home/wwwroot/pay/domain/hzf.xiaohouzhi.com/web/App/Admin/Controller/AgentController.class.php 第 94 行.
NOTIC: [8] Undefined index: pid /home/wwwroot/pay/domain/hzf.xiaohouzhi.com/web/App/Admin/Controller/AgentController.class.php 第 108 行.
NOTIC: [8] Undefined variable: DoData /home/wwwroot/pay/domain/hzf.xiaohouzhi.com/web/App/Admin/Controller/AgentController.class.php 第 141 行.
INFO: [ view_parse ] --START--
NOTIC: [8] Undefined offset: 1 /home/wwwroot/pay/domain/hzf.xiaohouzhi.com/web/ThinkPHP/Library/Think/Template.class.php 第 527 行.
INFO: [ template_filter ] --START--
INFO: Run Behavior\ContentReplaceBehavior [ RunTime:0.000129s ]
INFO: [ template_filter ] --END-- [ RunTime:0.000170s ]
INFO: Run Behavior\ParseTemplateBehavior [ RunTime:0.021233s ]
INFO: [ view_parse ] --END-- [ RunTime:0.021275s ]
INFO: [ view_filter ] --START--
INFO: Run Behavior\WriteHtmlCacheBehavior [ RunTime:0.000132s ]
INFO: Run Behavior\TokenBuildBehavior [ RunTime:0.000497s ]
INFO: [ view_filter ] --END-- [ RunTime:0.000674s ]
INFO: [ app_end ] --START--
INFO: Run Behavior\ShowPageTraceBehavior [ RunTime:0.000447s ]
INFO: [ app_end ] --END-- [ RunTime:0.000494s ]

[ 2019-09-10T21:19:54+08:00 ] 101.91.62.11 /console/Extends/wxQwAdData
INFO: [ app_init ] --START--
INFO: Run Behavior\BuildLiteBehavior [ RunTime:0.000016s ]
INFO: [ app_init ] --END-- [ RunTime:0.000258s ]
INFO: [ app_begin ] --START--
INFO: Run Behavior\ReadHtmlCacheBehavior [ RunTime:0.000292s ]
INFO: [ app_begin ] --END-- [ RunTime:0.000325s ]
INFO: [ view_parse ] --START--
INFO: [ template_filter ] --START--
INFO: Run Behavior\ContentReplaceBehavior [ RunTime:0.000075s ]
INFO: [ template_filter ] --END-- [ RunTime:0.000136s ]
INFO: Run Behavior\ParseTemplateBehavior [ RunTime:0.004989s ]
INFO: [ view_parse ] --END-- [ RunTime:0.005041s ]
INFO: [ view_filter ] --START--
INFO: Run Behavior\WriteHtmlCacheBehavior [ RunTime:0.000124s ]
INFO: Run Behavior\TokenBuildBehavior [ RunTime:0.000233s ]
INFO: [ view_filter ] --END-- [ RunTime:0.000408s ]

