[ 2019-08-01T14:12:12+08:00 ] 223.88.35.84 /Admins
INFO: [ app_init ] --START--
INFO: Run Behavior\BuildLiteBehavior [ RunTime:0.000010s ]
INFO: [ app_init ] --END-- [ RunTime:0.000196s ]
INFO: [ app_begin ] --START--
INFO: Run Behavior\ReadHtmlCacheBehavior [ RunTime:0.000257s ]
INFO: [ app_begin ] --END-- [ RunTime:0.000286s ]
NOTIC: [8] Undefined index: user /home/wwwroot/pay/domain/ws.0du.cc/web/App/Common/Controller/AdminBaseController.class.php 第 45 行.
NOTIC: [8] Undefined index: user /home/wwwroot/pay/domain/ws.0du.cc/web/App/Common/Controller/AdminBaseController.class.php 第 79 行.
NOTIC: [8] Undefined index: user /home/wwwroot/pay/domain/ws.0du.cc/web/App/Common/Controller/AdminBaseController.class.php 第 79 行.
NOTIC: [8] Undefined index: user /home/wwwroot/pay/domain/ws.0du.cc/web/App/Common/Controller/AdminBaseController.class.php 第 79 行.
NOTIC: [8] Undefined index: user /home/wwwroot/pay/domain/ws.0du.cc/web/App/Common/Controller/AdminBaseController.class.php 第 79 行.
NOTIC: [8] Undefined index: user /home/wwwroot/pay/domain/ws.0du.cc/web/App/Common/Controller/AdminBaseController.class.php 第 79 行.
NOTIC: [8] Undefined index: user /home/wwwroot/pay/domain/ws.0du.cc/web/App/Common/Controller/AdminBaseController.class.php 第 79 行.
NOTIC: [8] Undefined index: user /home/wwwroot/pay/domain/ws.0du.cc/web/App/Common/Controller/AdminBaseController.class.php 第 79 行.
NOTIC: [8] Undefined index: user /home/wwwroot/pay/domain/ws.0du.cc/web/App/Common/Controller/AdminBaseController.class.php 第 79 行.
NOTIC: [8] Undefined index: user /home/wwwroot/pay/domain/ws.0du.cc/web/App/Common/Controller/AdminBaseController.class.php 第 79 行.
NOTIC: [8] Undefined index: user /home/wwwroot/pay/domain/ws.0du.cc/web/App/Common/Controller/AdminBaseController.class.php 第 79 行.
INFO: [ view_parse ] --START--
INFO: [ template_filter ] --START--
INFO: Run Behavior\ContentReplaceBehavior [ RunTime:0.000042s ]
INFO: [ template_filter ] --END-- [ RunTime:0.000081s ]
INFO: Run Behavior\ParseTemplateBehavior [ RunTime:0.005103s ]
INFO: [ view_parse ] --END-- [ RunTime:0.005139s ]
INFO: [ view_filter ] --START--
INFO: Run Behavior\WriteHtmlCacheBehavior [ RunTime:0.000095s ]
INFO: Run Behavior\TokenBuildBehavior [ RunTime:0.000189s ]
INFO: [ view_filter ] --END-- [ RunTime:0.000318s ]
INFO: [ app_end ] --START--
INFO: Run Behavior\ShowPageTraceBehavior [ RunTime:0.000274s ]
INFO: [ app_end ] --END-- [ RunTime:0.000297s ]

[ 2019-08-01T14:12:12+08:00 ] 223.88.35.84 /console/Login/load_verify
INFO: [ app_init ] --START--
INFO: Run Behavior\BuildLiteBehavior [ RunTime:0.000010s ]
INFO: [ app_init ] --END-- [ RunTime:0.000221s ]
INFO: [ app_begin ] --START--
INFO: Run Behavior\ReadHtmlCacheBehavior [ RunTime:0.000249s ]
INFO: [ app_begin ] --END-- [ RunTime:0.000275s ]
NOTIC: [8] Undefined index: user /home/wwwroot/pay/domain/ws.0du.cc/web/App/Common/Controller/AdminBaseController.class.php 第 45 行.
NOTIC: [8] Undefined index: user /home/wwwroot/pay/domain/ws.0du.cc/web/App/Common/Controller/AdminBaseController.class.php 第 79 行.
NOTIC: [8] Undefined index: user /home/wwwroot/pay/domain/ws.0du.cc/web/App/Common/Controller/AdminBaseController.class.php 第 79 行.
NOTIC: [8] Undefined index: user /home/wwwroot/pay/domain/ws.0du.cc/web/App/Common/Controller/AdminBaseController.class.php 第 79 行.
NOTIC: [8] Undefined index: user /home/wwwroot/pay/domain/ws.0du.cc/web/App/Common/Controller/AdminBaseController.class.php 第 79 行.
NOTIC: [8] Undefined index: user /home/wwwroot/pay/domain/ws.0du.cc/web/App/Common/Controller/AdminBaseController.class.php 第 79 行.
NOTIC: [8] Undefined index: user /home/wwwroot/pay/domain/ws.0du.cc/web/App/Common/Controller/AdminBaseController.class.php 第 79 行.
NOTIC: [8] Undefined index: user /home/wwwroot/pay/domain/ws.0du.cc/web/App/Common/Controller/AdminBaseController.class.php 第 79 行.
NOTIC: [8] Undefined index: user /home/wwwroot/pay/domain/ws.0du.cc/web/App/Common/Controller/AdminBaseController.class.php 第 79 行.
NOTIC: [8] Undefined index: user /home/wwwroot/pay/domain/ws.0du.cc/web/App/Common/Controller/AdminBaseController.class.php 第 79 行.
NOTIC: [8] Undefined index: user /home/wwwroot/pay/domain/ws.0du.cc/web/App/Common/Controller/AdminBaseController.class.php 第 79 行.
INFO: [ app_end ] --START--
INFO: Run Behavior\ShowPageTraceBehavior [ RunTime:0.000288s ]
INFO: [ app_end ] --END-- [ RunTime:0.000327s ]

[ 2019-08-01T14:12:24+08:00 ] 223.88.35.84 /Admins
INFO: [ app_init ] --START--
INFO: Run Behavior\BuildLiteBehavior [ RunTime:0.000012s ]
INFO: [ app_init ] --END-- [ RunTime:0.000299s ]
INFO: [ app_begin ] --START--
INFO: Run Behavior\ReadHtmlCacheBehavior [ RunTime:0.000268s ]
INFO: [ app_begin ] --END-- [ RunTime:0.000298s ]
NOTIC: [8] Undefined index: user /home/wwwroot/pay/domain/ws.0du.cc/web/App/Common/Controller/AdminBaseController.class.php 第 45 行.
NOTIC: [8] Undefined index: user /home/wwwroot/pay/domain/ws.0du.cc/web/App/Common/Controller/AdminBaseController.class.php 第 79 行.
NOTIC: [8] Undefined index: user /home/wwwroot/pay/domain/ws.0du.cc/web/App/Common/Controller/AdminBaseController.class.php 第 79 行.
NOTIC: [8] Undefined index: user /home/wwwroot/pay/domain/ws.0du.cc/web/App/Common/Controller/AdminBaseController.class.php 第 79 行.
NOTIC: [8] Undefined index: user /home/wwwroot/pay/domain/ws.0du.cc/web/App/Common/Controller/AdminBaseController.class.php 第 79 行.
NOTIC: [8] Undefined index: user /home/wwwroot/pay/domain/ws.0du.cc/web/App/Common/Controller/AdminBaseController.class.php 第 79 行.
NOTIC: [8] Undefined index: user /home/wwwroot/pay/domain/ws.0du.cc/web/App/Common/Controller/AdminBaseController.class.php 第 79 行.
NOTIC: [8] Undefined index: user /home/wwwroot/pay/domain/ws.0du.cc/web/App/Common/Controller/AdminBaseController.class.php 第 79 行.
NOTIC: [8] Undefined index: user /home/wwwroot/pay/domain/ws.0du.cc/web/App/Common/Controller/AdminBaseController.class.php 第 79 行.
NOTIC: [8] Undefined index: user /home/wwwroot/pay/domain/ws.0du.cc/web/App/Common/Controller/AdminBaseController.class.php 第 79 行.
NOTIC: [8] Undefined index: user /home/wwwroot/pay/domain/ws.0du.cc/web/App/Common/Controller/AdminBaseController.class.php 第 79 行.

[ 2019-08-01T14:12:27+08:00 ] 223.88.35.84 /console/Index/index
INFO: [ app_init ] --START--
INFO: Run Behavior\BuildLiteBehavior [ RunTime:0.000010s ]
INFO: [ app_init ] --END-- [ RunTime:0.000215s ]
INFO: [ app_begin ] --START--
INFO: Run Behavior\ReadHtmlCacheBehavior [ RunTime:0.000290s ]
INFO: [ app_begin ] --END-- [ RunTime:0.000355s ]
INFO: [ view_parse ] --START--
INFO: [ template_filter ] --START--
INFO: Run Behavior\ContentReplaceBehavior [ RunTime:0.000132s ]
INFO: [ template_filter ] --END-- [ RunTime:0.000169s ]
INFO: Run Behavior\ParseTemplateBehavior [ RunTime:0.016600s ]
INFO: [ view_parse ] --END-- [ RunTime:0.016636s ]
INFO: [ view_filter ] --START--
INFO: Run Behavior\WriteHtmlCacheBehavior [ RunTime:0.000097s ]
INFO: Run Behavior\TokenBuildBehavior [ RunTime:0.000383s ]
INFO: [ view_filter ] --END-- [ RunTime:0.000515s ]
INFO: [ app_end ] --START--
INFO: Run Behavior\ShowPageTraceBehavior [ RunTime:0.000396s ]
INFO: [ app_end ] --END-- [ RunTime:0.000427s ]

[ 2019-08-01T14:12:30+08:00 ] 223.88.35.84 /console/Merchant/Auditing
INFO: [ app_init ] --START--
INFO: Run Behavior\BuildLiteBehavior [ RunTime:0.000010s ]
INFO: [ app_init ] --END-- [ RunTime:0.000197s ]
INFO: [ app_begin ] --START--
INFO: Run Behavior\ReadHtmlCacheBehavior [ RunTime:0.000256s ]
INFO: [ app_begin ] --END-- [ RunTime:0.000284s ]
INFO: [ view_parse ] --START--
NOTIC: [8] Undefined offset: 1 /home/wwwroot/pay/domain/ws.0du.cc/web/ThinkPHP/Library/Think/Template.class.php 第 527 行.
INFO: [ template_filter ] --START--
INFO: Run Behavior\ContentReplaceBehavior [ RunTime:0.000087s ]
INFO: [ template_filter ] --END-- [ RunTime:0.000123s ]
NOTIC: [8] Undefined index: status /home/wwwroot/pay/domain/ws.0du.cc/web/App/Runtime/Cache/Admin/1bc1b789fdf3443e7e86474e0b077b04.php 第 182 行.
NOTIC: [8] Undefined index: status /home/wwwroot/pay/domain/ws.0du.cc/web/App/Runtime/Cache/Admin/1bc1b789fdf3443e7e86474e0b077b04.php 第 183 行.
NOTIC: [8] Undefined index: status /home/wwwroot/pay/domain/ws.0du.cc/web/App/Runtime/Cache/Admin/1bc1b789fdf3443e7e86474e0b077b04.php 第 184 行.
INFO: Run Behavior\ParseTemplateBehavior [ RunTime:0.014633s ]
INFO: [ view_parse ] --END-- [ RunTime:0.014678s ]
INFO: [ view_filter ] --START--
INFO: Run Behavior\WriteHtmlCacheBehavior [ RunTime:0.000102s ]
INFO: Run Behavior\TokenBuildBehavior [ RunTime:0.000323s ]
INFO: [ view_filter ] --END-- [ RunTime:0.000462s ]
INFO: [ app_end ] --START--
INFO: Run Behavior\ShowPageTraceBehavior [ RunTime:0.000350s ]
INFO: [ app_end ] --END-- [ RunTime:0.000378s ]

[ 2019-08-01T14:12:31+08:00 ] 223.88.35.84 /console/Merchant/index
INFO: [ app_init ] --START--
INFO: Run Behavior\BuildLiteBehavior [ RunTime:0.000010s ]
INFO: [ app_init ] --END-- [ RunTime:0.000210s ]
INFO: [ app_begin ] --START--
INFO: Run Behavior\ReadHtmlCacheBehavior [ RunTime:0.000266s ]
INFO: [ app_begin ] --END-- [ RunTime:0.000298s ]
NOTIC: [8] Undefined index: aid /home/wwwroot/pay/domain/ws.0du.cc/web/App/Admin/Controller/MerchantController.class.php 第 1295 行.
NOTIC: [8] Undefined index: search_val /home/wwwroot/pay/domain/ws.0du.cc/web/App/Admin/Controller/MerchantController.class.php 第 1298 行.
NOTIC: [8] Undefined index: bus_type /home/wwwroot/pay/domain/ws.0du.cc/web/App/Admin/Controller/MerchantController.class.php 第 1302 行.
NOTIC: [8] Undefined index: auth_status /home/wwwroot/pay/domain/ws.0du.cc/web/App/Admin/Controller/MerchantController.class.php 第 1305 行.
NOTIC: [8] Undefined index: wx_alleys /home/wwwroot/pay/domain/ws.0du.cc/web/App/Admin/Controller/MerchantController.class.php 第 1312 行.
NOTIC: [8] Undefined index: wx_alleys /home/wwwroot/pay/domain/ws.0du.cc/web/App/Admin/Controller/MerchantController.class.php 第 1314 行.
NOTIC: [8] Undefined index: ali_alleys /home/wwwroot/pay/domain/ws.0du.cc/web/App/Admin/Controller/MerchantController.class.php 第 1317 行.
NOTIC: [8] Undefined index: ali_alleys /home/wwwroot/pay/domain/ws.0du.cc/web/App/Admin/Controller/MerchantController.class.php 第 1319 行.
NOTIC: [2] Missing argument 1 for domain_id(), called in /home/wwwroot/pay/domain/ws.0du.cc/web/App/Admin/Controller/MerchantController.class.php on line 1331 and defined /home/wwwroot/pay/domain/ws.0du.cc/web/App/Common/Common/function.php 第 3548 行.
NOTIC: [8] Undefined variable: type /home/wwwroot/pay/domain/ws.0du.cc/web/App/Common/Common/function.php 第 3550 行.
INFO: [ view_parse ] --START--
NOTIC: [8] Undefined offset: 1 /home/wwwroot/pay/domain/ws.0du.cc/web/ThinkPHP/Library/Think/Template.class.php 第 527 行.
INFO: [ template_filter ] --START--
INFO: Run Behavior\ContentReplaceBehavior [ RunTime:0.000110s ]
INFO: [ template_filter ] --END-- [ RunTime:0.000140s ]
INFO: Run Behavior\ParseTemplateBehavior [ RunTime:0.017508s ]
INFO: [ view_parse ] --END-- [ RunTime:0.017538s ]
INFO: [ view_filter ] --START--
INFO: Run Behavior\WriteHtmlCacheBehavior [ RunTime:0.000095s ]
INFO: Run Behavior\TokenBuildBehavior [ RunTime:0.000354s ]
INFO: [ view_filter ] --END-- [ RunTime:0.000484s ]
INFO: [ app_end ] --START--
INFO: Run Behavior\ShowPageTraceBehavior [ RunTime:0.000393s ]
INFO: [ app_end ] --END-- [ RunTime:0.000422s ]

[ 2019-08-01T14:12:32+08:00 ] 223.88.35.84 /console/Merchant/Auditing
INFO: [ app_init ] --START--
INFO: Run Behavior\BuildLiteBehavior [ RunTime:0.000010s ]
INFO: [ app_init ] --END-- [ RunTime:0.000207s ]
INFO: [ app_begin ] --START--
INFO: Run Behavior\ReadHtmlCacheBehavior [ RunTime:0.000251s ]
INFO: [ app_begin ] --END-- [ RunTime:0.000277s ]
INFO: [ view_parse ] --START--
NOTIC: [8] Undefined offset: 1 /home/wwwroot/pay/domain/ws.0du.cc/web/ThinkPHP/Library/Think/Template.class.php 第 527 行.
INFO: [ template_filter ] --START--
INFO: Run Behavior\ContentReplaceBehavior [ RunTime:0.000083s ]
INFO: [ template_filter ] --END-- [ RunTime:0.000115s ]
NOTIC: [8] Undefined index: status /home/wwwroot/pay/domain/ws.0du.cc/web/App/Runtime/Cache/Admin/1bc1b789fdf3443e7e86474e0b077b04.php 第 182 行.
NOTIC: [8] Undefined index: status /home/wwwroot/pay/domain/ws.0du.cc/web/App/Runtime/Cache/Admin/1bc1b789fdf3443e7e86474e0b077b04.php 第 183 行.
NOTIC: [8] Undefined index: status /home/wwwroot/pay/domain/ws.0du.cc/web/App/Runtime/Cache/Admin/1bc1b789fdf3443e7e86474e0b077b04.php 第 184 行.
INFO: Run Behavior\ParseTemplateBehavior [ RunTime:0.013921s ]
INFO: [ view_parse ] --END-- [ RunTime:0.013954s ]
INFO: [ view_filter ] --START--
INFO: Run Behavior\WriteHtmlCacheBehavior [ RunTime:0.000111s ]
INFO: Run Behavior\TokenBuildBehavior [ RunTime:0.000303s ]
INFO: [ view_filter ] --END-- [ RunTime:0.000449s ]
INFO: [ app_end ] --START--
INFO: Run Behavior\ShowPageTraceBehavior [ RunTime:0.000339s ]
INFO: [ app_end ] --END-- [ RunTime:0.000367s ]

[ 2019-08-01T14:12:36+08:00 ] 223.88.35.84 /console/Agent/lists
INFO: [ app_init ] --START--
INFO: Run Behavior\BuildLiteBehavior [ RunTime:0.000010s ]
INFO: [ app_init ] --END-- [ RunTime:0.000214s ]
INFO: [ app_begin ] --START--
INFO: Run Behavior\ReadHtmlCacheBehavior [ RunTime:0.000246s ]
INFO: [ app_begin ] --END-- [ RunTime:0.000271s ]
NOTIC: [8] Undefined index: search_val /home/wwwroot/pay/domain/ws.0du.cc/web/App/Admin/Controller/AgentController.class.php 第 62 行.
NOTIC: [8] Undefined index: sprovince /home/wwwroot/pay/domain/ws.0du.cc/web/App/Admin/Controller/AgentController.class.php 第 66 行.
NOTIC: [8] Undefined index: scity /home/wwwroot/pay/domain/ws.0du.cc/web/App/Admin/Controller/AgentController.class.php 第 70 行.
NOTIC: [8] Undefined index: sdistrict /home/wwwroot/pay/domain/ws.0du.cc/web/App/Admin/Controller/AgentController.class.php 第 74 行.
NOTIC: [8] Undefined index: status /home/wwwroot/pay/domain/ws.0du.cc/web/App/Admin/Controller/AgentController.class.php 第 78 行.
NOTIC: [8] Undefined index: auth_status /home/wwwroot/pay/domain/ws.0du.cc/web/App/Admin/Controller/AgentController.class.php 第 94 行.
NOTIC: [8] Undefined index: pid /home/wwwroot/pay/domain/ws.0du.cc/web/App/Admin/Controller/AgentController.class.php 第 108 行.
NOTIC: [8] Undefined variable: DoData /home/wwwroot/pay/domain/ws.0du.cc/web/App/Admin/Controller/AgentController.class.php 第 141 行.
INFO: [ view_parse ] --START--
NOTIC: [8] Undefined offset: 1 /home/wwwroot/pay/domain/ws.0du.cc/web/ThinkPHP/Library/Think/Template.class.php 第 527 行.
INFO: [ template_filter ] --START--
INFO: Run Behavior\ContentReplaceBehavior [ RunTime:0.000126s ]
INFO: [ template_filter ] --END-- [ RunTime:0.000163s ]
INFO: Run Behavior\ParseTemplateBehavior [ RunTime:0.018266s ]
INFO: [ view_parse ] --END-- [ RunTime:0.018297s ]
INFO: [ view_filter ] --START--
INFO: Run Behavior\WriteHtmlCacheBehavior [ RunTime:0.000106s ]
INFO: Run Behavior\TokenBuildBehavior [ RunTime:0.000332s ]
INFO: [ view_filter ] --END-- [ RunTime:0.000487s ]
INFO: [ app_end ] --START--
INFO: Run Behavior\ShowPageTraceBehavior [ RunTime:0.000432s ]
INFO: [ app_end ] --END-- [ RunTime:0.000468s ]

[ 2019-08-01T14:12:39+08:00 ] 223.88.35.84 /console/Index/index
INFO: [ app_init ] --START--
INFO: Run Behavior\BuildLiteBehavior [ RunTime:0.000010s ]
INFO: [ app_init ] --END-- [ RunTime:0.000200s ]
INFO: [ app_begin ] --START--
INFO: Run Behavior\ReadHtmlCacheBehavior [ RunTime:0.000301s ]
INFO: [ app_begin ] --END-- [ RunTime:0.000331s ]
INFO: [ view_parse ] --START--
INFO: [ template_filter ] --START--
INFO: Run Behavior\ContentReplaceBehavior [ RunTime:0.000160s ]
INFO: [ template_filter ] --END-- [ RunTime:0.000200s ]
INFO: Run Behavior\ParseTemplateBehavior [ RunTime:0.016205s ]
INFO: [ view_parse ] --END-- [ RunTime:0.016245s ]
INFO: [ view_filter ] --START--
INFO: Run Behavior\WriteHtmlCacheBehavior [ RunTime:0.000106s ]
INFO: Run Behavior\TokenBuildBehavior [ RunTime:0.000466s ]
INFO: [ view_filter ] --END-- [ RunTime:0.000610s ]
INFO: [ app_end ] --START--
INFO: Run Behavior\ShowPageTraceBehavior [ RunTime:0.000389s ]
INFO: [ app_end ] --END-- [ RunTime:0.000420s ]

