[ 2019-10-05T20:21:34+08:00 ] 112.17.238.8 /Admins
INFO: [ app_init ] --START--
INFO: Run Behavior\BuildLiteBehavior [ RunTime:0.000012s ]
INFO: [ app_init ] --END-- [ RunTime:0.000305s ]
INFO: [ app_begin ] --START--
INFO: Run Behavior\ReadHtmlCacheBehavior [ RunTime:0.000345s ]
INFO: [ app_begin ] --END-- [ RunTime:0.000383s ]
NOTIC: [8] Undefined index: user /home/wwwroot/pay/domain/hzf.xiaohouzhi.com/web/App/Common/Controller/AdminBaseController.class.php 第 45 行.
NOTIC: [8] Undefined index: user /home/wwwroot/pay/domain/hzf.xiaohouzhi.com/web/App/Common/Controller/AdminBaseController.class.php 第 79 行.
NOTIC: [8] Undefined index: user /home/wwwroot/pay/domain/hzf.xiaohouzhi.com/web/App/Common/Controller/AdminBaseController.class.php 第 79 行.
NOTIC: [8] Undefined index: user /home/wwwroot/pay/domain/hzf.xiaohouzhi.com/web/App/Common/Controller/AdminBaseController.class.php 第 79 行.
NOTIC: [8] Undefined index: user /home/wwwroot/pay/domain/hzf.xiaohouzhi.com/web/App/Common/Controller/AdminBaseController.class.php 第 79 行.
NOTIC: [8] Undefined index: user /home/wwwroot/pay/domain/hzf.xiaohouzhi.com/web/App/Common/Controller/AdminBaseController.class.php 第 79 行.
NOTIC: [8] Undefined index: user /home/wwwroot/pay/domain/hzf.xiaohouzhi.com/web/App/Common/Controller/AdminBaseController.class.php 第 79 行.
NOTIC: [8] Undefined index: user /home/wwwroot/pay/domain/hzf.xiaohouzhi.com/web/App/Common/Controller/AdminBaseController.class.php 第 79 行.
NOTIC: [8] Undefined index: user /home/wwwroot/pay/domain/hzf.xiaohouzhi.com/web/App/Common/Controller/AdminBaseController.class.php 第 79 行.
NOTIC: [8] Undefined index: user /home/wwwroot/pay/domain/hzf.xiaohouzhi.com/web/App/Common/Controller/AdminBaseController.class.php 第 79 行.
NOTIC: [8] Undefined index: user /home/wwwroot/pay/domain/hzf.xiaohouzhi.com/web/App/Common/Controller/AdminBaseController.class.php 第 79 行.
INFO: [ view_parse ] --START--
INFO: [ template_filter ] --START--
INFO: Run Behavior\ContentReplaceBehavior [ RunTime:0.000054s ]
INFO: [ template_filter ] --END-- [ RunTime:0.000098s ]
INFO: Run Behavior\ParseTemplateBehavior [ RunTime:0.005910s ]
INFO: [ view_parse ] --END-- [ RunTime:0.005945s ]
INFO: [ view_filter ] --START--
INFO: Run Behavior\WriteHtmlCacheBehavior [ RunTime:0.000135s ]
INFO: Run Behavior\TokenBuildBehavior [ RunTime:0.000223s ]
INFO: [ view_filter ] --END-- [ RunTime:0.000402s ]
INFO: [ app_end ] --START--
INFO: Run Behavior\ShowPageTraceBehavior [ RunTime:0.000334s ]
INFO: [ app_end ] --END-- [ RunTime:0.000366s ]

[ 2019-10-05T20:21:34+08:00 ] 112.17.238.8 /console/Login/load_verify
INFO: [ app_init ] --START--
INFO: Run Behavior\BuildLiteBehavior [ RunTime:0.000010s ]
INFO: [ app_init ] --END-- [ RunTime:0.000244s ]
INFO: [ app_begin ] --START--
INFO: Run Behavior\ReadHtmlCacheBehavior [ RunTime:0.000299s ]
INFO: [ app_begin ] --END-- [ RunTime:0.000337s ]
NOTIC: [8] Undefined index: user /home/wwwroot/pay/domain/hzf.xiaohouzhi.com/web/App/Common/Controller/AdminBaseController.class.php 第 45 行.
NOTIC: [8] Undefined index: user /home/wwwroot/pay/domain/hzf.xiaohouzhi.com/web/App/Common/Controller/AdminBaseController.class.php 第 79 行.
NOTIC: [8] Undefined index: user /home/wwwroot/pay/domain/hzf.xiaohouzhi.com/web/App/Common/Controller/AdminBaseController.class.php 第 79 行.
NOTIC: [8] Undefined index: user /home/wwwroot/pay/domain/hzf.xiaohouzhi.com/web/App/Common/Controller/AdminBaseController.class.php 第 79 行.
NOTIC: [8] Undefined index: user /home/wwwroot/pay/domain/hzf.xiaohouzhi.com/web/App/Common/Controller/AdminBaseController.class.php 第 79 行.
NOTIC: [8] Undefined index: user /home/wwwroot/pay/domain/hzf.xiaohouzhi.com/web/App/Common/Controller/AdminBaseController.class.php 第 79 行.
NOTIC: [8] Undefined index: user /home/wwwroot/pay/domain/hzf.xiaohouzhi.com/web/App/Common/Controller/AdminBaseController.class.php 第 79 行.
NOTIC: [8] Undefined index: user /home/wwwroot/pay/domain/hzf.xiaohouzhi.com/web/App/Common/Controller/AdminBaseController.class.php 第 79 行.
NOTIC: [8] Undefined index: user /home/wwwroot/pay/domain/hzf.xiaohouzhi.com/web/App/Common/Controller/AdminBaseController.class.php 第 79 行.
NOTIC: [8] Undefined index: user /home/wwwroot/pay/domain/hzf.xiaohouzhi.com/web/App/Common/Controller/AdminBaseController.class.php 第 79 行.
NOTIC: [8] Undefined index: user /home/wwwroot/pay/domain/hzf.xiaohouzhi.com/web/App/Common/Controller/AdminBaseController.class.php 第 79 行.
INFO: [ app_end ] --START--
INFO: Run Behavior\ShowPageTraceBehavior [ RunTime:0.000376s ]
INFO: [ app_end ] --END-- [ RunTime:0.000436s ]

[ 2019-10-05T20:21:37+08:00 ] 42.236.10.125 /Admins
INFO: [ app_init ] --START--
INFO: Run Behavior\BuildLiteBehavior [ RunTime:0.000012s ]
INFO: [ app_init ] --END-- [ RunTime:0.000249s ]
INFO: [ app_begin ] --START--
INFO: Run Behavior\ReadHtmlCacheBehavior [ RunTime:0.000322s ]
INFO: [ app_begin ] --END-- [ RunTime:0.000357s ]
NOTIC: [8] Undefined index: user /home/wwwroot/pay/domain/hzf.xiaohouzhi.com/web/App/Common/Controller/AdminBaseController.class.php 第 45 行.
NOTIC: [8] Undefined index: user /home/wwwroot/pay/domain/hzf.xiaohouzhi.com/web/App/Common/Controller/AdminBaseController.class.php 第 79 行.
NOTIC: [8] Undefined index: user /home/wwwroot/pay/domain/hzf.xiaohouzhi.com/web/App/Common/Controller/AdminBaseController.class.php 第 79 行.
NOTIC: [8] Undefined index: user /home/wwwroot/pay/domain/hzf.xiaohouzhi.com/web/App/Common/Controller/AdminBaseController.class.php 第 79 行.
NOTIC: [8] Undefined index: user /home/wwwroot/pay/domain/hzf.xiaohouzhi.com/web/App/Common/Controller/AdminBaseController.class.php 第 79 行.
NOTIC: [8] Undefined index: user /home/wwwroot/pay/domain/hzf.xiaohouzhi.com/web/App/Common/Controller/AdminBaseController.class.php 第 79 行.
NOTIC: [8] Undefined index: user /home/wwwroot/pay/domain/hzf.xiaohouzhi.com/web/App/Common/Controller/AdminBaseController.class.php 第 79 行.
NOTIC: [8] Undefined index: user /home/wwwroot/pay/domain/hzf.xiaohouzhi.com/web/App/Common/Controller/AdminBaseController.class.php 第 79 行.
NOTIC: [8] Undefined index: user /home/wwwroot/pay/domain/hzf.xiaohouzhi.com/web/App/Common/Controller/AdminBaseController.class.php 第 79 行.
NOTIC: [8] Undefined index: user /home/wwwroot/pay/domain/hzf.xiaohouzhi.com/web/App/Common/Controller/AdminBaseController.class.php 第 79 行.
NOTIC: [8] Undefined index: user /home/wwwroot/pay/domain/hzf.xiaohouzhi.com/web/App/Common/Controller/AdminBaseController.class.php 第 79 行.
INFO: [ view_parse ] --START--
INFO: [ template_filter ] --START--
INFO: Run Behavior\ContentReplaceBehavior [ RunTime:0.000065s ]
INFO: [ template_filter ] --END-- [ RunTime:0.000134s ]
INFO: Run Behavior\ParseTemplateBehavior [ RunTime:0.007793s ]
INFO: [ view_parse ] --END-- [ RunTime:0.007836s ]
INFO: [ view_filter ] --START--
INFO: Run Behavior\WriteHtmlCacheBehavior [ RunTime:0.000275s ]
INFO: Run Behavior\TokenBuildBehavior [ RunTime:0.000295s ]
INFO: [ view_filter ] --END-- [ RunTime:0.000662s ]
INFO: [ app_end ] --START--
INFO: Run Behavior\ShowPageTraceBehavior [ RunTime:0.000449s ]
INFO: [ app_end ] --END-- [ RunTime:0.000482s ]

[ 2019-10-05T20:21:38+08:00 ] 42.236.10.125 /Admins
INFO: [ app_init ] --START--
INFO: Run Behavior\BuildLiteBehavior [ RunTime:0.000012s ]
INFO: [ app_init ] --END-- [ RunTime:0.000236s ]
INFO: [ app_begin ] --START--
INFO: Run Behavior\ReadHtmlCacheBehavior [ RunTime:0.000329s ]
INFO: [ app_begin ] --END-- [ RunTime:0.000364s ]
NOTIC: [8] Undefined index: user /home/wwwroot/pay/domain/hzf.xiaohouzhi.com/web/App/Common/Controller/AdminBaseController.class.php 第 45 行.
NOTIC: [8] Undefined index: user /home/wwwroot/pay/domain/hzf.xiaohouzhi.com/web/App/Common/Controller/AdminBaseController.class.php 第 79 行.
NOTIC: [8] Undefined index: user /home/wwwroot/pay/domain/hzf.xiaohouzhi.com/web/App/Common/Controller/AdminBaseController.class.php 第 79 行.
NOTIC: [8] Undefined index: user /home/wwwroot/pay/domain/hzf.xiaohouzhi.com/web/App/Common/Controller/AdminBaseController.class.php 第 79 行.
NOTIC: [8] Undefined index: user /home/wwwroot/pay/domain/hzf.xiaohouzhi.com/web/App/Common/Controller/AdminBaseController.class.php 第 79 行.
NOTIC: [8] Undefined index: user /home/wwwroot/pay/domain/hzf.xiaohouzhi.com/web/App/Common/Controller/AdminBaseController.class.php 第 79 行.
NOTIC: [8] Undefined index: user /home/wwwroot/pay/domain/hzf.xiaohouzhi.com/web/App/Common/Controller/AdminBaseController.class.php 第 79 行.
NOTIC: [8] Undefined index: user /home/wwwroot/pay/domain/hzf.xiaohouzhi.com/web/App/Common/Controller/AdminBaseController.class.php 第 79 行.
NOTIC: [8] Undefined index: user /home/wwwroot/pay/domain/hzf.xiaohouzhi.com/web/App/Common/Controller/AdminBaseController.class.php 第 79 行.
NOTIC: [8] Undefined index: user /home/wwwroot/pay/domain/hzf.xiaohouzhi.com/web/App/Common/Controller/AdminBaseController.class.php 第 79 行.
NOTIC: [8] Undefined index: user /home/wwwroot/pay/domain/hzf.xiaohouzhi.com/web/App/Common/Controller/AdminBaseController.class.php 第 79 行.
INFO: [ view_parse ] --START--
INFO: [ template_filter ] --START--
INFO: Run Behavior\ContentReplaceBehavior [ RunTime:0.000047s ]
INFO: [ template_filter ] --END-- [ RunTime:0.000085s ]
INFO: Run Behavior\ParseTemplateBehavior [ RunTime:0.005855s ]
INFO: [ view_parse ] --END-- [ RunTime:0.005899s ]
INFO: [ view_filter ] --START--
INFO: Run Behavior\WriteHtmlCacheBehavior [ RunTime:0.000175s ]
INFO: Run Behavior\TokenBuildBehavior [ RunTime:0.000286s ]
INFO: [ view_filter ] --END-- [ RunTime:0.000542s ]
INFO: [ app_end ] --START--
INFO: Run Behavior\ShowPageTraceBehavior [ RunTime:0.000454s ]
INFO: [ app_end ] --END-- [ RunTime:0.000493s ]

[ 2019-10-05T20:21:38+08:00 ] 42.236.10.125 /console/Login/load_verify
INFO: [ app_init ] --START--
INFO: Run Behavior\BuildLiteBehavior [ RunTime:0.000013s ]
INFO: [ app_init ] --END-- [ RunTime:0.000235s ]
INFO: [ app_begin ] --START--
INFO: Run Behavior\ReadHtmlCacheBehavior [ RunTime:0.000373s ]
INFO: [ app_begin ] --END-- [ RunTime:0.000414s ]
NOTIC: [8] Undefined index: user /home/wwwroot/pay/domain/hzf.xiaohouzhi.com/web/App/Common/Controller/AdminBaseController.class.php 第 45 行.
NOTIC: [8] Undefined index: user /home/wwwroot/pay/domain/hzf.xiaohouzhi.com/web/App/Common/Controller/AdminBaseController.class.php 第 79 行.
NOTIC: [8] Undefined index: user /home/wwwroot/pay/domain/hzf.xiaohouzhi.com/web/App/Common/Controller/AdminBaseController.class.php 第 79 行.
NOTIC: [8] Undefined index: user /home/wwwroot/pay/domain/hzf.xiaohouzhi.com/web/App/Common/Controller/AdminBaseController.class.php 第 79 行.
NOTIC: [8] Undefined index: user /home/wwwroot/pay/domain/hzf.xiaohouzhi.com/web/App/Common/Controller/AdminBaseController.class.php 第 79 行.
NOTIC: [8] Undefined index: user /home/wwwroot/pay/domain/hzf.xiaohouzhi.com/web/App/Common/Controller/AdminBaseController.class.php 第 79 行.
NOTIC: [8] Undefined index: user /home/wwwroot/pay/domain/hzf.xiaohouzhi.com/web/App/Common/Controller/AdminBaseController.class.php 第 79 行.
NOTIC: [8] Undefined index: user /home/wwwroot/pay/domain/hzf.xiaohouzhi.com/web/App/Common/Controller/AdminBaseController.class.php 第 79 行.
NOTIC: [8] Undefined index: user /home/wwwroot/pay/domain/hzf.xiaohouzhi.com/web/App/Common/Controller/AdminBaseController.class.php 第 79 行.
NOTIC: [8] Undefined index: user /home/wwwroot/pay/domain/hzf.xiaohouzhi.com/web/App/Common/Controller/AdminBaseController.class.php 第 79 行.
NOTIC: [8] Undefined index: user /home/wwwroot/pay/domain/hzf.xiaohouzhi.com/web/App/Common/Controller/AdminBaseController.class.php 第 79 行.
INFO: [ app_end ] --START--
INFO: Run Behavior\ShowPageTraceBehavior [ RunTime:0.000385s ]
INFO: [ app_end ] --END-- [ RunTime:0.000447s ]

[ 2019-10-05T20:21:56+08:00 ] 112.17.238.8 /Admins
INFO: [ app_init ] --START--
INFO: Run Behavior\BuildLiteBehavior [ RunTime:0.000014s ]
INFO: [ app_init ] --END-- [ RunTime:0.000291s ]
INFO: [ app_begin ] --START--
INFO: Run Behavior\ReadHtmlCacheBehavior [ RunTime:0.000295s ]
INFO: [ app_begin ] --END-- [ RunTime:0.000330s ]
NOTIC: [8] Undefined index: user /home/wwwroot/pay/domain/hzf.xiaohouzhi.com/web/App/Common/Controller/AdminBaseController.class.php 第 45 行.
NOTIC: [8] Undefined index: user /home/wwwroot/pay/domain/hzf.xiaohouzhi.com/web/App/Common/Controller/AdminBaseController.class.php 第 79 行.
NOTIC: [8] Undefined index: user /home/wwwroot/pay/domain/hzf.xiaohouzhi.com/web/App/Common/Controller/AdminBaseController.class.php 第 79 行.
NOTIC: [8] Undefined index: user /home/wwwroot/pay/domain/hzf.xiaohouzhi.com/web/App/Common/Controller/AdminBaseController.class.php 第 79 行.
NOTIC: [8] Undefined index: user /home/wwwroot/pay/domain/hzf.xiaohouzhi.com/web/App/Common/Controller/AdminBaseController.class.php 第 79 行.
NOTIC: [8] Undefined index: user /home/wwwroot/pay/domain/hzf.xiaohouzhi.com/web/App/Common/Controller/AdminBaseController.class.php 第 79 行.
NOTIC: [8] Undefined index: user /home/wwwroot/pay/domain/hzf.xiaohouzhi.com/web/App/Common/Controller/AdminBaseController.class.php 第 79 行.
NOTIC: [8] Undefined index: user /home/wwwroot/pay/domain/hzf.xiaohouzhi.com/web/App/Common/Controller/AdminBaseController.class.php 第 79 行.
NOTIC: [8] Undefined index: user /home/wwwroot/pay/domain/hzf.xiaohouzhi.com/web/App/Common/Controller/AdminBaseController.class.php 第 79 行.
NOTIC: [8] Undefined index: user /home/wwwroot/pay/domain/hzf.xiaohouzhi.com/web/App/Common/Controller/AdminBaseController.class.php 第 79 行.
NOTIC: [8] Undefined index: user /home/wwwroot/pay/domain/hzf.xiaohouzhi.com/web/App/Common/Controller/AdminBaseController.class.php 第 79 行.

[ 2019-10-05T20:21:59+08:00 ] 112.17.238.8 /console/Index/index
INFO: [ app_init ] --START--
INFO: Run Behavior\BuildLiteBehavior [ RunTime:0.000017s ]
INFO: [ app_init ] --END-- [ RunTime:0.000341s ]
INFO: [ app_begin ] --START--
INFO: Run Behavior\ReadHtmlCacheBehavior [ RunTime:0.000401s ]
INFO: [ app_begin ] --END-- [ RunTime:0.000455s ]
INFO: [ view_parse ] --START--
INFO: [ template_filter ] --START--
INFO: Run Behavior\ContentReplaceBehavior [ RunTime:0.000133s ]
INFO: [ template_filter ] --END-- [ RunTime:0.000196s ]
INFO: Run Behavior\ParseTemplateBehavior [ RunTime:0.018920s ]
INFO: [ view_parse ] --END-- [ RunTime:0.018986s ]
INFO: [ view_filter ] --START--
INFO: Run Behavior\WriteHtmlCacheBehavior [ RunTime:0.000219s ]
INFO: Run Behavior\TokenBuildBehavior [ RunTime:0.000537s ]
INFO: [ view_filter ] --END-- [ RunTime:0.000821s ]
INFO: [ app_end ] --START--
INFO: Run Behavior\ShowPageTraceBehavior [ RunTime:0.000375s ]
INFO: [ app_end ] --END-- [ RunTime:0.000405s ]

[ 2019-10-05T20:22:03+08:00 ] 42.236.10.93 /console/Index/index
INFO: [ app_init ] --START--
INFO: Run Behavior\BuildLiteBehavior [ RunTime:0.000016s ]
INFO: [ app_init ] --END-- [ RunTime:0.000327s ]
INFO: [ app_begin ] --START--
INFO: Run Behavior\ReadHtmlCacheBehavior [ RunTime:0.000416s ]
INFO: [ app_begin ] --END-- [ RunTime:0.000466s ]
INFO: [ view_parse ] --START--
INFO: [ template_filter ] --START--
INFO: Run Behavior\ContentReplaceBehavior [ RunTime:0.000044s ]
INFO: [ template_filter ] --END-- [ RunTime:0.000099s ]
INFO: Run Behavior\ParseTemplateBehavior [ RunTime:0.005054s ]
INFO: [ view_parse ] --END-- [ RunTime:0.005110s ]
INFO: [ view_filter ] --START--
INFO: Run Behavior\WriteHtmlCacheBehavior [ RunTime:0.000130s ]
INFO: Run Behavior\TokenBuildBehavior [ RunTime:0.000279s ]
INFO: [ view_filter ] --END-- [ RunTime:0.000465s ]

[ 2019-10-05T20:22:03+08:00 ] 42.236.10.93 /console/Index/index
INFO: [ app_init ] --START--
INFO: Run Behavior\BuildLiteBehavior [ RunTime:0.000012s ]
INFO: [ app_init ] --END-- [ RunTime:0.000232s ]
INFO: [ app_begin ] --START--
INFO: Run Behavior\ReadHtmlCacheBehavior [ RunTime:0.000296s ]
INFO: [ app_begin ] --END-- [ RunTime:0.000335s ]
INFO: [ view_parse ] --START--
INFO: [ template_filter ] --START--
INFO: Run Behavior\ContentReplaceBehavior [ RunTime:0.000047s ]
INFO: [ template_filter ] --END-- [ RunTime:0.000096s ]
INFO: Run Behavior\ParseTemplateBehavior [ RunTime:0.005231s ]
INFO: [ view_parse ] --END-- [ RunTime:0.005289s ]
INFO: [ view_filter ] --START--
INFO: Run Behavior\WriteHtmlCacheBehavior [ RunTime:0.000112s ]
INFO: Run Behavior\TokenBuildBehavior [ RunTime:0.000197s ]
INFO: [ view_filter ] --END-- [ RunTime:0.000349s ]

[ 2019-10-05T20:22:07+08:00 ] 42.236.10.93 /console/Login/index/callurl/L2NvbnNvbGUvSW5kZXgvaW5kZXg%3D
INFO: [ app_init ] --START--
INFO: Run Behavior\BuildLiteBehavior [ RunTime:0.000011s ]
INFO: [ app_init ] --END-- [ RunTime:0.000289s ]
INFO: [ app_begin ] --START--
INFO: Run Behavior\ReadHtmlCacheBehavior [ RunTime:0.000297s ]
INFO: [ app_begin ] --END-- [ RunTime:0.000339s ]
NOTIC: [8] Undefined index: user /home/wwwroot/pay/domain/hzf.xiaohouzhi.com/web/App/Common/Controller/AdminBaseController.class.php 第 45 行.
NOTIC: [8] Undefined index: user /home/wwwroot/pay/domain/hzf.xiaohouzhi.com/web/App/Common/Controller/AdminBaseController.class.php 第 79 行.
NOTIC: [8] Undefined index: user /home/wwwroot/pay/domain/hzf.xiaohouzhi.com/web/App/Common/Controller/AdminBaseController.class.php 第 79 行.
NOTIC: [8] Undefined index: user /home/wwwroot/pay/domain/hzf.xiaohouzhi.com/web/App/Common/Controller/AdminBaseController.class.php 第 79 行.
NOTIC: [8] Undefined index: user /home/wwwroot/pay/domain/hzf.xiaohouzhi.com/web/App/Common/Controller/AdminBaseController.class.php 第 79 行.
NOTIC: [8] Undefined index: user /home/wwwroot/pay/domain/hzf.xiaohouzhi.com/web/App/Common/Controller/AdminBaseController.class.php 第 79 行.
NOTIC: [8] Undefined index: user /home/wwwroot/pay/domain/hzf.xiaohouzhi.com/web/App/Common/Controller/AdminBaseController.class.php 第 79 行.
NOTIC: [8] Undefined index: user /home/wwwroot/pay/domain/hzf.xiaohouzhi.com/web/App/Common/Controller/AdminBaseController.class.php 第 79 行.
NOTIC: [8] Undefined index: user /home/wwwroot/pay/domain/hzf.xiaohouzhi.com/web/App/Common/Controller/AdminBaseController.class.php 第 79 行.
NOTIC: [8] Undefined index: user /home/wwwroot/pay/domain/hzf.xiaohouzhi.com/web/App/Common/Controller/AdminBaseController.class.php 第 79 行.
NOTIC: [8] Undefined index: user /home/wwwroot/pay/domain/hzf.xiaohouzhi.com/web/App/Common/Controller/AdminBaseController.class.php 第 79 行.
INFO: [ view_parse ] --START--
INFO: [ template_filter ] --START--
INFO: Run Behavior\ContentReplaceBehavior [ RunTime:0.000045s ]
INFO: [ template_filter ] --END-- [ RunTime:0.000090s ]
INFO: Run Behavior\ParseTemplateBehavior [ RunTime:0.007143s ]
INFO: [ view_parse ] --END-- [ RunTime:0.007200s ]
INFO: [ view_filter ] --START--
INFO: Run Behavior\WriteHtmlCacheBehavior [ RunTime:0.000143s ]
INFO: Run Behavior\TokenBuildBehavior [ RunTime:0.000324s ]
INFO: [ view_filter ] --END-- [ RunTime:0.000528s ]
INFO: [ app_end ] --START--
INFO: Run Behavior\ShowPageTraceBehavior [ RunTime:0.000330s ]
INFO: [ app_end ] --END-- [ RunTime:0.000373s ]

[ 2019-10-05T20:22:08+08:00 ] 42.236.10.93 /console/Login/load_verify
INFO: [ app_init ] --START--
INFO: Run Behavior\BuildLiteBehavior [ RunTime:0.000015s ]
INFO: [ app_init ] --END-- [ RunTime:0.000322s ]
INFO: [ app_begin ] --START--
INFO: Run Behavior\ReadHtmlCacheBehavior [ RunTime:0.000353s ]
INFO: [ app_begin ] --END-- [ RunTime:0.000388s ]
NOTIC: [8] Undefined index: user /home/wwwroot/pay/domain/hzf.xiaohouzhi.com/web/App/Common/Controller/AdminBaseController.class.php 第 45 行.
NOTIC: [8] Undefined index: user /home/wwwroot/pay/domain/hzf.xiaohouzhi.com/web/App/Common/Controller/AdminBaseController.class.php 第 79 行.
NOTIC: [8] Undefined index: user /home/wwwroot/pay/domain/hzf.xiaohouzhi.com/web/App/Common/Controller/AdminBaseController.class.php 第 79 行.
NOTIC: [8] Undefined index: user /home/wwwroot/pay/domain/hzf.xiaohouzhi.com/web/App/Common/Controller/AdminBaseController.class.php 第 79 行.
NOTIC: [8] Undefined index: user /home/wwwroot/pay/domain/hzf.xiaohouzhi.com/web/App/Common/Controller/AdminBaseController.class.php 第 79 行.
NOTIC: [8] Undefined index: user /home/wwwroot/pay/domain/hzf.xiaohouzhi.com/web/App/Common/Controller/AdminBaseController.class.php 第 79 行.
NOTIC: [8] Undefined index: user /home/wwwroot/pay/domain/hzf.xiaohouzhi.com/web/App/Common/Controller/AdminBaseController.class.php 第 79 行.
NOTIC: [8] Undefined index: user /home/wwwroot/pay/domain/hzf.xiaohouzhi.com/web/App/Common/Controller/AdminBaseController.class.php 第 79 行.
NOTIC: [8] Undefined index: user /home/wwwroot/pay/domain/hzf.xiaohouzhi.com/web/App/Common/Controller/AdminBaseController.class.php 第 79 行.
NOTIC: [8] Undefined index: user /home/wwwroot/pay/domain/hzf.xiaohouzhi.com/web/App/Common/Controller/AdminBaseController.class.php 第 79 行.
NOTIC: [8] Undefined index: user /home/wwwroot/pay/domain/hzf.xiaohouzhi.com/web/App/Common/Controller/AdminBaseController.class.php 第 79 行.
INFO: [ app_end ] --START--
INFO: Run Behavior\ShowPageTraceBehavior [ RunTime:0.000490s ]
INFO: [ app_end ] --END-- [ RunTime:0.000551s ]

[ 2019-10-05T20:23:31+08:00 ] 112.17.238.8 /console/Merchant/index
INFO: [ app_init ] --START--
INFO: Run Behavior\BuildLiteBehavior [ RunTime:0.000015s ]
INFO: [ app_init ] --END-- [ RunTime:0.000337s ]
INFO: [ app_begin ] --START--
INFO: Run Behavior\ReadHtmlCacheBehavior [ RunTime:0.000326s ]
INFO: [ app_begin ] --END-- [ RunTime:0.000367s ]
NOTIC: [8] Undefined index: aid /home/wwwroot/pay/domain/hzf.xiaohouzhi.com/web/App/Admin/Controller/MerchantController.class.php 第 1298 行.
NOTIC: [8] Undefined index: search_val /home/wwwroot/pay/domain/hzf.xiaohouzhi.com/web/App/Admin/Controller/MerchantController.class.php 第 1301 行.
NOTIC: [8] Undefined index: bus_type /home/wwwroot/pay/domain/hzf.xiaohouzhi.com/web/App/Admin/Controller/MerchantController.class.php 第 1305 行.
NOTIC: [8] Undefined index: auth_status /home/wwwroot/pay/domain/hzf.xiaohouzhi.com/web/App/Admin/Controller/MerchantController.class.php 第 1308 行.
NOTIC: [8] Undefined index: wx_alleys /home/wwwroot/pay/domain/hzf.xiaohouzhi.com/web/App/Admin/Controller/MerchantController.class.php 第 1315 行.
NOTIC: [8] Undefined index: wx_alleys /home/wwwroot/pay/domain/hzf.xiaohouzhi.com/web/App/Admin/Controller/MerchantController.class.php 第 1317 行.
NOTIC: [8] Undefined index: ali_alleys /home/wwwroot/pay/domain/hzf.xiaohouzhi.com/web/App/Admin/Controller/MerchantController.class.php 第 1320 行.
NOTIC: [8] Undefined index: ali_alleys /home/wwwroot/pay/domain/hzf.xiaohouzhi.com/web/App/Admin/Controller/MerchantController.class.php 第 1322 行.
NOTIC: [2] Missing argument 1 for domain_id(), called in /home/wwwroot/pay/domain/hzf.xiaohouzhi.com/web/App/Admin/Controller/MerchantController.class.php on line 1334 and defined /home/wwwroot/pay/domain/hzf.xiaohouzhi.com/web/App/Common/Common/function.php 第 3626 行.
NOTIC: [8] Undefined variable: type /home/wwwroot/pay/domain/hzf.xiaohouzhi.com/web/App/Common/Common/function.php 第 3628 行.
INFO: [ view_parse ] --START--
NOTIC: [8] Undefined offset: 1 /home/wwwroot/pay/domain/hzf.xiaohouzhi.com/web/ThinkPHP/Library/Think/Template.class.php 第 527 行.
INFO: [ template_filter ] --START--
INFO: Run Behavior\ContentReplaceBehavior [ RunTime:0.000134s ]
INFO: [ template_filter ] --END-- [ RunTime:0.000184s ]
INFO: Run Behavior\ParseTemplateBehavior [ RunTime:0.035388s ]
INFO: [ view_parse ] --END-- [ RunTime:0.035447s ]
INFO: [ view_filter ] --START--
INFO: Run Behavior\WriteHtmlCacheBehavior [ RunTime:0.000271s ]
INFO: Run Behavior\TokenBuildBehavior [ RunTime:0.000655s ]
INFO: [ view_filter ] --END-- [ RunTime:0.000980s ]
INFO: [ app_end ] --START--
INFO: Run Behavior\ShowPageTraceBehavior [ RunTime:0.000399s ]
INFO: [ app_end ] --END-- [ RunTime:0.000433s ]

[ 2019-10-05T20:23:35+08:00 ] 180.163.220.4 /console/Merchant/index
INFO: [ app_init ] --START--
INFO: Run Behavior\BuildLiteBehavior [ RunTime:0.000016s ]
INFO: [ app_init ] --END-- [ RunTime:0.000345s ]
INFO: [ app_begin ] --START--
INFO: Run Behavior\ReadHtmlCacheBehavior [ RunTime:0.000361s ]
INFO: [ app_begin ] --END-- [ RunTime:0.000404s ]
INFO: [ view_parse ] --START--
INFO: [ template_filter ] --START--
INFO: Run Behavior\ContentReplaceBehavior [ RunTime:0.000044s ]
INFO: [ template_filter ] --END-- [ RunTime:0.000093s ]
INFO: Run Behavior\ParseTemplateBehavior [ RunTime:0.004844s ]
INFO: [ view_parse ] --END-- [ RunTime:0.004925s ]
INFO: [ view_filter ] --START--
INFO: Run Behavior\WriteHtmlCacheBehavior [ RunTime:0.000106s ]
INFO: Run Behavior\TokenBuildBehavior [ RunTime:0.000224s ]
INFO: [ view_filter ] --END-- [ RunTime:0.000374s ]

[ 2019-10-05T20:23:35+08:00 ] 180.163.220.67 /console/Merchant/index
INFO: [ app_init ] --START--
INFO: Run Behavior\BuildLiteBehavior [ RunTime:0.000012s ]
INFO: [ app_init ] --END-- [ RunTime:0.000219s ]
INFO: [ app_begin ] --START--
INFO: Run Behavior\ReadHtmlCacheBehavior [ RunTime:0.000297s ]
INFO: [ app_begin ] --END-- [ RunTime:0.000329s ]
INFO: [ view_parse ] --START--
INFO: [ template_filter ] --START--
INFO: Run Behavior\ContentReplaceBehavior [ RunTime:0.000060s ]
INFO: [ template_filter ] --END-- [ RunTime:0.000194s ]
INFO: Run Behavior\ParseTemplateBehavior [ RunTime:0.005921s ]
INFO: [ view_parse ] --END-- [ RunTime:0.005980s ]
INFO: [ view_filter ] --START--
INFO: Run Behavior\WriteHtmlCacheBehavior [ RunTime:0.000190s ]
INFO: Run Behavior\TokenBuildBehavior [ RunTime:0.000273s ]
INFO: [ view_filter ] --END-- [ RunTime:0.000528s ]

[ 2019-10-05T20:23:38+08:00 ] 180.163.220.68 /console/Login/index/callurl/L2NvbnNvbGUvTWVyY2hhbnQvaW5kZXg%3D
INFO: [ app_init ] --START--
INFO: Run Behavior\BuildLiteBehavior [ RunTime:0.000015s ]
INFO: [ app_init ] --END-- [ RunTime:0.000237s ]
INFO: [ app_begin ] --START--
INFO: Run Behavior\ReadHtmlCacheBehavior [ RunTime:0.000342s ]
INFO: [ app_begin ] --END-- [ RunTime:0.000384s ]
NOTIC: [8] Undefined index: user /home/wwwroot/pay/domain/hzf.xiaohouzhi.com/web/App/Common/Controller/AdminBaseController.class.php 第 45 行.
NOTIC: [8] Undefined index: user /home/wwwroot/pay/domain/hzf.xiaohouzhi.com/web/App/Common/Controller/AdminBaseController.class.php 第 79 行.
NOTIC: [8] Undefined index: user /home/wwwroot/pay/domain/hzf.xiaohouzhi.com/web/App/Common/Controller/AdminBaseController.class.php 第 79 行.
NOTIC: [8] Undefined index: user /home/wwwroot/pay/domain/hzf.xiaohouzhi.com/web/App/Common/Controller/AdminBaseController.class.php 第 79 行.
NOTIC: [8] Undefined index: user /home/wwwroot/pay/domain/hzf.xiaohouzhi.com/web/App/Common/Controller/AdminBaseController.class.php 第 79 行.
NOTIC: [8] Undefined index: user /home/wwwroot/pay/domain/hzf.xiaohouzhi.com/web/App/Common/Controller/AdminBaseController.class.php 第 79 行.
NOTIC: [8] Undefined index: user /home/wwwroot/pay/domain/hzf.xiaohouzhi.com/web/App/Common/Controller/AdminBaseController.class.php 第 79 行.
NOTIC: [8] Undefined index: user /home/wwwroot/pay/domain/hzf.xiaohouzhi.com/web/App/Common/Controller/AdminBaseController.class.php 第 79 行.
NOTIC: [8] Undefined index: user /home/wwwroot/pay/domain/hzf.xiaohouzhi.com/web/App/Common/Controller/AdminBaseController.class.php 第 79 行.
NOTIC: [8] Undefined index: user /home/wwwroot/pay/domain/hzf.xiaohouzhi.com/web/App/Common/Controller/AdminBaseController.class.php 第 79 行.
NOTIC: [8] Undefined index: user /home/wwwroot/pay/domain/hzf.xiaohouzhi.com/web/App/Common/Controller/AdminBaseController.class.php 第 79 行.
INFO: [ view_parse ] --START--
INFO: [ template_filter ] --START--
INFO: Run Behavior\ContentReplaceBehavior [ RunTime:0.000052s ]
INFO: [ template_filter ] --END-- [ RunTime:0.000096s ]
INFO: Run Behavior\ParseTemplateBehavior [ RunTime:0.005523s ]
INFO: [ view_parse ] --END-- [ RunTime:0.005570s ]
INFO: [ view_filter ] --START--
INFO: Run Behavior\WriteHtmlCacheBehavior [ RunTime:0.000134s ]
INFO: Run Behavior\TokenBuildBehavior [ RunTime:0.000200s ]
INFO: [ view_filter ] --END-- [ RunTime:0.000374s ]
INFO: [ app_end ] --START--
INFO: Run Behavior\ShowPageTraceBehavior [ RunTime:0.000321s ]
INFO: [ app_end ] --END-- [ RunTime:0.000354s ]

[ 2019-10-05T20:23:39+08:00 ] 180.163.220.66 /console/Login/load_verify
INFO: [ app_init ] --START--
INFO: Run Behavior\BuildLiteBehavior [ RunTime:0.000011s ]
INFO: [ app_init ] --END-- [ RunTime:0.000243s ]
INFO: [ app_begin ] --START--
INFO: Run Behavior\ReadHtmlCacheBehavior [ RunTime:0.000281s ]
INFO: [ app_begin ] --END-- [ RunTime:0.000316s ]
NOTIC: [8] Undefined index: user /home/wwwroot/pay/domain/hzf.xiaohouzhi.com/web/App/Common/Controller/AdminBaseController.class.php 第 45 行.
NOTIC: [8] Undefined index: user /home/wwwroot/pay/domain/hzf.xiaohouzhi.com/web/App/Common/Controller/AdminBaseController.class.php 第 79 行.
NOTIC: [8] Undefined index: user /home/wwwroot/pay/domain/hzf.xiaohouzhi.com/web/App/Common/Controller/AdminBaseController.class.php 第 79 行.
NOTIC: [8] Undefined index: user /home/wwwroot/pay/domain/hzf.xiaohouzhi.com/web/App/Common/Controller/AdminBaseController.class.php 第 79 行.
NOTIC: [8] Undefined index: user /home/wwwroot/pay/domain/hzf.xiaohouzhi.com/web/App/Common/Controller/AdminBaseController.class.php 第 79 行.
NOTIC: [8] Undefined index: user /home/wwwroot/pay/domain/hzf.xiaohouzhi.com/web/App/Common/Controller/AdminBaseController.class.php 第 79 行.
NOTIC: [8] Undefined index: user /home/wwwroot/pay/domain/hzf.xiaohouzhi.com/web/App/Common/Controller/AdminBaseController.class.php 第 79 行.
NOTIC: [8] Undefined index: user /home/wwwroot/pay/domain/hzf.xiaohouzhi.com/web/App/Common/Controller/AdminBaseController.class.php 第 79 行.
NOTIC: [8] Undefined index: user /home/wwwroot/pay/domain/hzf.xiaohouzhi.com/web/App/Common/Controller/AdminBaseController.class.php 第 79 行.
NOTIC: [8] Undefined index: user /home/wwwroot/pay/domain/hzf.xiaohouzhi.com/web/App/Common/Controller/AdminBaseController.class.php 第 79 行.
NOTIC: [8] Undefined index: user /home/wwwroot/pay/domain/hzf.xiaohouzhi.com/web/App/Common/Controller/AdminBaseController.class.php 第 79 行.
INFO: [ app_end ] --START--
INFO: Run Behavior\ShowPageTraceBehavior [ RunTime:0.000370s ]
INFO: [ app_end ] --END-- [ RunTime:0.000424s ]

[ 2019-10-05T20:23:44+08:00 ] 112.17.238.8 /console/Merchant/mch_alleys_data
INFO: [ app_init ] --START--
INFO: Run Behavior\BuildLiteBehavior [ RunTime:0.000012s ]
INFO: [ app_init ] --END-- [ RunTime:0.000280s ]
INFO: [ app_begin ] --START--
INFO: Run Behavior\ReadHtmlCacheBehavior [ RunTime:0.000317s ]
INFO: [ app_begin ] --END-- [ RunTime:0.000352s ]

[ 2019-10-05T20:23:50+08:00 ] 112.17.238.8 /console/Merchant/api_way/id/4097
INFO: [ app_init ] --START--
INFO: Run Behavior\BuildLiteBehavior [ RunTime:0.000011s ]
INFO: [ app_init ] --END-- [ RunTime:0.000224s ]
INFO: [ app_begin ] --START--
INFO: Run Behavior\ReadHtmlCacheBehavior [ RunTime:0.000291s ]
INFO: [ app_begin ] --END-- [ RunTime:0.000326s ]
NOTIC: [2] Missing argument 1 for domain_id(), called in /home/wwwroot/pay/domain/hzf.xiaohouzhi.com/web/App/Admin/Controller/MerchantController.class.php on line 1677 and defined /home/wwwroot/pay/domain/hzf.xiaohouzhi.com/web/App/Common/Common/function.php 第 3626 行.
NOTIC: [8] Undefined variable: type /home/wwwroot/pay/domain/hzf.xiaohouzhi.com/web/App/Common/Common/function.php 第 3628 行.
INFO: [ view_parse ] --START--
INFO: [ template_filter ] --START--
INFO: Run Behavior\ContentReplaceBehavior [ RunTime:0.000171s ]
INFO: [ template_filter ] --END-- [ RunTime:0.000221s ]
NOTIC: [8] Undefined index: id /home/wwwroot/pay/domain/hzf.xiaohouzhi.com/web/App/Runtime/Cache/Admin/e991858629563ebd3c91cddaf82a5046.php 第 500 行.
INFO: Run Behavior\ParseTemplateBehavior [ RunTime:0.028489s ]
INFO: [ view_parse ] --END-- [ RunTime:0.028537s ]
INFO: [ view_filter ] --START--
INFO: Run Behavior\WriteHtmlCacheBehavior [ RunTime:0.000157s ]
INFO: Run Behavior\TokenBuildBehavior [ RunTime:0.000447s ]
INFO: [ view_filter ] --END-- [ RunTime:0.000653s ]
INFO: [ app_end ] --START--
INFO: Run Behavior\ShowPageTraceBehavior [ RunTime:0.000325s ]
INFO: [ app_end ] --END-- [ RunTime:0.000354s ]

[ 2019-10-05T20:23:54+08:00 ] 180.163.220.4 /console/Merchant/api_way/id/4097
INFO: [ app_init ] --START--
INFO: Run Behavior\BuildLiteBehavior [ RunTime:0.000011s ]
INFO: [ app_init ] --END-- [ RunTime:0.000233s ]
INFO: [ app_begin ] --START--
INFO: Run Behavior\ReadHtmlCacheBehavior [ RunTime:0.000289s ]
INFO: [ app_begin ] --END-- [ RunTime:0.000328s ]
INFO: [ view_parse ] --START--
INFO: [ template_filter ] --START--
INFO: Run Behavior\ContentReplaceBehavior [ RunTime:0.000055s ]
INFO: [ template_filter ] --END-- [ RunTime:0.000118s ]
INFO: Run Behavior\ParseTemplateBehavior [ RunTime:0.004587s ]
INFO: [ view_parse ] --END-- [ RunTime:0.004635s ]
INFO: [ view_filter ] --START--
INFO: Run Behavior\WriteHtmlCacheBehavior [ RunTime:0.000103s ]
INFO: Run Behavior\TokenBuildBehavior [ RunTime:0.000200s ]
INFO: [ view_filter ] --END-- [ RunTime:0.000347s ]

[ 2019-10-05T20:23:55+08:00 ] 180.163.220.68 /console/Merchant/api_way/id/4097
INFO: [ app_init ] --START--
INFO: Run Behavior\BuildLiteBehavior [ RunTime:0.000012s ]
INFO: [ app_init ] --END-- [ RunTime:0.000258s ]
INFO: [ app_begin ] --START--
INFO: Run Behavior\ReadHtmlCacheBehavior [ RunTime:0.000285s ]
INFO: [ app_begin ] --END-- [ RunTime:0.000318s ]
INFO: [ view_parse ] --START--
INFO: [ template_filter ] --START--
INFO: Run Behavior\ContentReplaceBehavior [ RunTime:0.000138s ]
INFO: [ template_filter ] --END-- [ RunTime:0.000212s ]
INFO: Run Behavior\ParseTemplateBehavior [ RunTime:0.007118s ]
INFO: [ view_parse ] --END-- [ RunTime:0.007182s ]
INFO: [ view_filter ] --START--
INFO: Run Behavior\WriteHtmlCacheBehavior [ RunTime:0.000137s ]
INFO: Run Behavior\TokenBuildBehavior [ RunTime:0.000315s ]
INFO: [ view_filter ] --END-- [ RunTime:0.000515s ]

[ 2019-10-05T20:23:58+08:00 ] 180.163.220.66 /console/Login/index/callurl/L2NvbnNvbGUvTWVyY2hhbnQvYXBpX3dheS9pZC80MDk3
INFO: [ app_init ] --START--
INFO: Run Behavior\BuildLiteBehavior [ RunTime:0.000012s ]
INFO: [ app_init ] --END-- [ RunTime:0.000222s ]
INFO: [ app_begin ] --START--
INFO: Run Behavior\ReadHtmlCacheBehavior [ RunTime:0.000303s ]
INFO: [ app_begin ] --END-- [ RunTime:0.000336s ]
NOTIC: [8] Undefined index: user /home/wwwroot/pay/domain/hzf.xiaohouzhi.com/web/App/Common/Controller/AdminBaseController.class.php 第 45 行.
NOTIC: [8] Undefined index: user /home/wwwroot/pay/domain/hzf.xiaohouzhi.com/web/App/Common/Controller/AdminBaseController.class.php 第 79 行.
NOTIC: [8] Undefined index: user /home/wwwroot/pay/domain/hzf.xiaohouzhi.com/web/App/Common/Controller/AdminBaseController.class.php 第 79 行.
NOTIC: [8] Undefined index: user /home/wwwroot/pay/domain/hzf.xiaohouzhi.com/web/App/Common/Controller/AdminBaseController.class.php 第 79 行.
NOTIC: [8] Undefined index: user /home/wwwroot/pay/domain/hzf.xiaohouzhi.com/web/App/Common/Controller/AdminBaseController.class.php 第 79 行.
NOTIC: [8] Undefined index: user /home/wwwroot/pay/domain/hzf.xiaohouzhi.com/web/App/Common/Controller/AdminBaseController.class.php 第 79 行.
NOTIC: [8] Undefined index: user /home/wwwroot/pay/domain/hzf.xiaohouzhi.com/web/App/Common/Controller/AdminBaseController.class.php 第 79 行.
NOTIC: [8] Undefined index: user /home/wwwroot/pay/domain/hzf.xiaohouzhi.com/web/App/Common/Controller/AdminBaseController.class.php 第 79 行.
NOTIC: [8] Undefined index: user /home/wwwroot/pay/domain/hzf.xiaohouzhi.com/web/App/Common/Controller/AdminBaseController.class.php 第 79 行.
NOTIC: [8] Undefined index: user /home/wwwroot/pay/domain/hzf.xiaohouzhi.com/web/App/Common/Controller/AdminBaseController.class.php 第 79 行.
NOTIC: [8] Undefined index: user /home/wwwroot/pay/domain/hzf.xiaohouzhi.com/web/App/Common/Controller/AdminBaseController.class.php 第 79 行.
INFO: [ view_parse ] --START--
INFO: [ template_filter ] --START--
INFO: Run Behavior\ContentReplaceBehavior [ RunTime:0.000045s ]
INFO: [ template_filter ] --END-- [ RunTime:0.000086s ]
INFO: Run Behavior\ParseTemplateBehavior [ RunTime:0.005418s ]
INFO: [ view_parse ] --END-- [ RunTime:0.005466s ]
INFO: [ view_filter ] --START--
INFO: Run Behavior\WriteHtmlCacheBehavior [ RunTime:0.000131s ]
INFO: Run Behavior\TokenBuildBehavior [ RunTime:0.000204s ]
INFO: [ view_filter ] --END-- [ RunTime:0.000376s ]
INFO: [ app_end ] --START--
INFO: Run Behavior\ShowPageTraceBehavior [ RunTime:0.000300s ]
INFO: [ app_end ] --END-- [ RunTime:0.000329s ]

[ 2019-10-05T20:23:58+08:00 ] 180.163.220.68 /console/Login/load_verify
INFO: [ app_init ] --START--
INFO: Run Behavior\BuildLiteBehavior [ RunTime:0.000012s ]
INFO: [ app_init ] --END-- [ RunTime:0.000231s ]
INFO: [ app_begin ] --START--
INFO: Run Behavior\ReadHtmlCacheBehavior [ RunTime:0.000287s ]
INFO: [ app_begin ] --END-- [ RunTime:0.000321s ]
NOTIC: [8] Undefined index: user /home/wwwroot/pay/domain/hzf.xiaohouzhi.com/web/App/Common/Controller/AdminBaseController.class.php 第 45 行.
NOTIC: [8] Undefined index: user /home/wwwroot/pay/domain/hzf.xiaohouzhi.com/web/App/Common/Controller/AdminBaseController.class.php 第 79 行.
NOTIC: [8] Undefined index: user /home/wwwroot/pay/domain/hzf.xiaohouzhi.com/web/App/Common/Controller/AdminBaseController.class.php 第 79 行.
NOTIC: [8] Undefined index: user /home/wwwroot/pay/domain/hzf.xiaohouzhi.com/web/App/Common/Controller/AdminBaseController.class.php 第 79 行.
NOTIC: [8] Undefined index: user /home/wwwroot/pay/domain/hzf.xiaohouzhi.com/web/App/Common/Controller/AdminBaseController.class.php 第 79 行.
NOTIC: [8] Undefined index: user /home/wwwroot/pay/domain/hzf.xiaohouzhi.com/web/App/Common/Controller/AdminBaseController.class.php 第 79 行.
NOTIC: [8] Undefined index: user /home/wwwroot/pay/domain/hzf.xiaohouzhi.com/web/App/Common/Controller/AdminBaseController.class.php 第 79 行.
NOTIC: [8] Undefined index: user /home/wwwroot/pay/domain/hzf.xiaohouzhi.com/web/App/Common/Controller/AdminBaseController.class.php 第 79 行.
NOTIC: [8] Undefined index: user /home/wwwroot/pay/domain/hzf.xiaohouzhi.com/web/App/Common/Controller/AdminBaseController.class.php 第 79 行.
NOTIC: [8] Undefined index: user /home/wwwroot/pay/domain/hzf.xiaohouzhi.com/web/App/Common/Controller/AdminBaseController.class.php 第 79 行.
NOTIC: [8] Undefined index: user /home/wwwroot/pay/domain/hzf.xiaohouzhi.com/web/App/Common/Controller/AdminBaseController.class.php 第 79 行.
INFO: [ app_end ] --START--
INFO: Run Behavior\ShowPageTraceBehavior [ RunTime:0.000360s ]
INFO: [ app_end ] --END-- [ RunTime:0.000424s ]

[ 2019-10-05T20:28:22+08:00 ] 112.17.238.8 /console/Isv/getToken
INFO: [ app_init ] --START--
INFO: Run Behavior\BuildLiteBehavior [ RunTime:0.000012s ]
INFO: [ app_init ] --END-- [ RunTime:0.000270s ]
INFO: [ app_begin ] --START--
INFO: Run Behavior\ReadHtmlCacheBehavior [ RunTime:0.000388s ]
INFO: [ app_begin ] --END-- [ RunTime:0.000423s ]

[ 2019-10-05T20:28:46+08:00 ] 112.17.238.8 /console/Merchant/api_way/id/4097
INFO: [ app_init ] --START--
INFO: Run Behavior\BuildLiteBehavior [ RunTime:0.000012s ]
INFO: [ app_init ] --END-- [ RunTime:0.000249s ]
INFO: [ app_begin ] --START--
INFO: Run Behavior\ReadHtmlCacheBehavior [ RunTime:0.000281s ]
INFO: [ app_begin ] --END-- [ RunTime:0.000316s ]
NOTIC: [2] Missing argument 1 for domain_id(), called in /home/wwwroot/pay/domain/hzf.xiaohouzhi.com/web/App/Admin/Controller/MerchantController.class.php on line 1677 and defined /home/wwwroot/pay/domain/hzf.xiaohouzhi.com/web/App/Common/Common/function.php 第 3626 行.
NOTIC: [8] Undefined variable: type /home/wwwroot/pay/domain/hzf.xiaohouzhi.com/web/App/Common/Common/function.php 第 3628 行.
INFO: [ view_parse ] --START--
INFO: [ template_filter ] --START--
INFO: Run Behavior\ContentReplaceBehavior [ RunTime:0.000191s ]
INFO: [ template_filter ] --END-- [ RunTime:0.000243s ]
NOTIC: [8] Undefined index: id /home/wwwroot/pay/domain/hzf.xiaohouzhi.com/web/App/Runtime/Cache/Admin/e991858629563ebd3c91cddaf82a5046.php 第 500 行.
INFO: Run Behavior\ParseTemplateBehavior [ RunTime:0.029618s ]
INFO: [ view_parse ] --END-- [ RunTime:0.029674s ]
INFO: [ view_filter ] --START--
INFO: Run Behavior\WriteHtmlCacheBehavior [ RunTime:0.000188s ]
INFO: Run Behavior\TokenBuildBehavior [ RunTime:0.000423s ]
INFO: [ view_filter ] --END-- [ RunTime:0.000668s ]
INFO: [ app_end ] --START--
INFO: Run Behavior\ShowPageTraceBehavior [ RunTime:0.000380s ]
INFO: [ app_end ] --END-- [ RunTime:0.000417s ]

[ 2019-10-05T20:28:49+08:00 ] 112.17.238.8 /console/Isv/getToken
INFO: [ app_init ] --START--
INFO: Run Behavior\BuildLiteBehavior [ RunTime:0.000013s ]
INFO: [ app_init ] --END-- [ RunTime:0.000229s ]
INFO: [ app_begin ] --START--
INFO: Run Behavior\ReadHtmlCacheBehavior [ RunTime:0.000303s ]
INFO: [ app_begin ] --END-- [ RunTime:0.000345s ]

[ 2019-10-05T20:29:09+08:00 ] 112.17.238.8 /console/Merchant/store/id/4097
INFO: [ app_init ] --START--
INFO: Run Behavior\BuildLiteBehavior [ RunTime:0.000012s ]
INFO: [ app_init ] --END-- [ RunTime:0.000270s ]
INFO: [ app_begin ] --START--
INFO: Run Behavior\ReadHtmlCacheBehavior [ RunTime:0.000409s ]
INFO: [ app_begin ] --END-- [ RunTime:0.000465s ]
INFO: [ view_parse ] --START--
NOTIC: [8] Undefined offset: 1 /home/wwwroot/pay/domain/hzf.xiaohouzhi.com/web/ThinkPHP/Library/Think/Template.class.php 第 527 行.
INFO: [ template_filter ] --START--
INFO: Run Behavior\ContentReplaceBehavior [ RunTime:0.000112s ]
INFO: [ template_filter ] --END-- [ RunTime:0.000155s ]
INFO: Run Behavior\ParseTemplateBehavior [ RunTime:0.018022s ]
INFO: [ view_parse ] --END-- [ RunTime:0.018066s ]
INFO: [ view_filter ] --START--
INFO: Run Behavior\WriteHtmlCacheBehavior [ RunTime:0.000134s ]
INFO: Run Behavior\TokenBuildBehavior [ RunTime:0.000418s ]
INFO: [ view_filter ] --END-- [ RunTime:0.000592s ]
INFO: [ app_end ] --START--
INFO: Run Behavior\ShowPageTraceBehavior [ RunTime:0.000332s ]
INFO: [ app_end ] --END-- [ RunTime:0.000360s ]

[ 2019-10-05T20:29:12+08:00 ] 42.236.10.125 /console/Merchant/store/id/4097
INFO: [ app_init ] --START--
INFO: Run Behavior\BuildLiteBehavior [ RunTime:0.000010s ]
INFO: [ app_init ] --END-- [ RunTime:0.000223s ]
INFO: [ app_begin ] --START--
INFO: Run Behavior\ReadHtmlCacheBehavior [ RunTime:0.000289s ]
INFO: [ app_begin ] --END-- [ RunTime:0.000330s ]
INFO: [ view_parse ] --START--
INFO: [ template_filter ] --START--
INFO: Run Behavior\ContentReplaceBehavior [ RunTime:0.000074s ]
INFO: [ template_filter ] --END-- [ RunTime:0.000148s ]
INFO: Run Behavior\ParseTemplateBehavior [ RunTime:0.006624s ]
INFO: [ view_parse ] --END-- [ RunTime:0.006686s ]
INFO: [ view_filter ] --START--
INFO: Run Behavior\WriteHtmlCacheBehavior [ RunTime:0.000130s ]
INFO: Run Behavior\TokenBuildBehavior [ RunTime:0.000285s ]
INFO: [ view_filter ] --END-- [ RunTime:0.000476s ]

[ 2019-10-05T20:29:13+08:00 ] 42.236.10.117 /console/Merchant/store/id/4097
INFO: [ app_init ] --START--
INFO: Run Behavior\BuildLiteBehavior [ RunTime:0.000011s ]
INFO: [ app_init ] --END-- [ RunTime:0.000256s ]
INFO: [ app_begin ] --START--
INFO: Run Behavior\ReadHtmlCacheBehavior [ RunTime:0.000312s ]
INFO: [ app_begin ] --END-- [ RunTime:0.000352s ]
INFO: [ view_parse ] --START--
INFO: [ template_filter ] --START--
INFO: Run Behavior\ContentReplaceBehavior [ RunTime:0.000048s ]
INFO: [ template_filter ] --END-- [ RunTime:0.000095s ]
INFO: Run Behavior\ParseTemplateBehavior [ RunTime:0.005580s ]
INFO: [ view_parse ] --END-- [ RunTime:0.005633s ]
INFO: [ view_filter ] --START--
INFO: Run Behavior\WriteHtmlCacheBehavior [ RunTime:0.000103s ]
INFO: Run Behavior\TokenBuildBehavior [ RunTime:0.000229s ]
INFO: [ view_filter ] --END-- [ RunTime:0.000374s ]

[ 2019-10-05T20:29:18+08:00 ] 42.236.10.125 /console/Login/index/callurl/L2NvbnNvbGUvTWVyY2hhbnQvc3RvcmUvaWQvNDA5Nw%3D%3D
INFO: [ app_init ] --START--
INFO: Run Behavior\BuildLiteBehavior [ RunTime:0.000012s ]
INFO: [ app_init ] --END-- [ RunTime:0.000236s ]
INFO: [ app_begin ] --START--
INFO: Run Behavior\ReadHtmlCacheBehavior [ RunTime:0.000307s ]
INFO: [ app_begin ] --END-- [ RunTime:0.000344s ]
NOTIC: [8] Undefined index: user /home/wwwroot/pay/domain/hzf.xiaohouzhi.com/web/App/Common/Controller/AdminBaseController.class.php 第 45 行.
NOTIC: [8] Undefined index: user /home/wwwroot/pay/domain/hzf.xiaohouzhi.com/web/App/Common/Controller/AdminBaseController.class.php 第 79 行.
NOTIC: [8] Undefined index: user /home/wwwroot/pay/domain/hzf.xiaohouzhi.com/web/App/Common/Controller/AdminBaseController.class.php 第 79 行.
NOTIC: [8] Undefined index: user /home/wwwroot/pay/domain/hzf.xiaohouzhi.com/web/App/Common/Controller/AdminBaseController.class.php 第 79 行.
NOTIC: [8] Undefined index: user /home/wwwroot/pay/domain/hzf.xiaohouzhi.com/web/App/Common/Controller/AdminBaseController.class.php 第 79 行.
NOTIC: [8] Undefined index: user /home/wwwroot/pay/domain/hzf.xiaohouzhi.com/web/App/Common/Controller/AdminBaseController.class.php 第 79 行.
NOTIC: [8] Undefined index: user /home/wwwroot/pay/domain/hzf.xiaohouzhi.com/web/App/Common/Controller/AdminBaseController.class.php 第 79 行.
NOTIC: [8] Undefined index: user /home/wwwroot/pay/domain/hzf.xiaohouzhi.com/web/App/Common/Controller/AdminBaseController.class.php 第 79 行.
NOTIC: [8] Undefined index: user /home/wwwroot/pay/domain/hzf.xiaohouzhi.com/web/App/Common/Controller/AdminBaseController.class.php 第 79 行.
NOTIC: [8] Undefined index: user /home/wwwroot/pay/domain/hzf.xiaohouzhi.com/web/App/Common/Controller/AdminBaseController.class.php 第 79 行.
NOTIC: [8] Undefined index: user /home/wwwroot/pay/domain/hzf.xiaohouzhi.com/web/App/Common/Controller/AdminBaseController.class.php 第 79 行.
INFO: [ view_parse ] --START--
INFO: [ template_filter ] --START--
INFO: Run Behavior\ContentReplaceBehavior [ RunTime:0.000045s ]
INFO: [ template_filter ] --END-- [ RunTime:0.000111s ]
INFO: Run Behavior\ParseTemplateBehavior [ RunTime:0.006052s ]
INFO: [ view_parse ] --END-- [ RunTime:0.006089s ]
INFO: [ view_filter ] --START--
INFO: Run Behavior\WriteHtmlCacheBehavior [ RunTime:0.000132s ]
INFO: Run Behavior\TokenBuildBehavior [ RunTime:0.000264s ]
INFO: [ view_filter ] --END-- [ RunTime:0.000436s ]
INFO: [ app_end ] --START--
INFO: Run Behavior\ShowPageTraceBehavior [ RunTime:0.000468s ]
INFO: [ app_end ] --END-- [ RunTime:0.000506s ]

[ 2019-10-05T20:29:18+08:00 ] 42.236.10.114 /console/Login/load_verify
INFO: [ app_init ] --START--
INFO: Run Behavior\BuildLiteBehavior [ RunTime:0.000012s ]
INFO: [ app_init ] --END-- [ RunTime:0.000249s ]
INFO: [ app_begin ] --START--
INFO: Run Behavior\ReadHtmlCacheBehavior [ RunTime:0.000289s ]
INFO: [ app_begin ] --END-- [ RunTime:0.000319s ]
NOTIC: [8] Undefined index: user /home/wwwroot/pay/domain/hzf.xiaohouzhi.com/web/App/Common/Controller/AdminBaseController.class.php 第 45 行.
NOTIC: [8] Undefined index: user /home/wwwroot/pay/domain/hzf.xiaohouzhi.com/web/App/Common/Controller/AdminBaseController.class.php 第 79 行.
NOTIC: [8] Undefined index: user /home/wwwroot/pay/domain/hzf.xiaohouzhi.com/web/App/Common/Controller/AdminBaseController.class.php 第 79 行.
NOTIC: [8] Undefined index: user /home/wwwroot/pay/domain/hzf.xiaohouzhi.com/web/App/Common/Controller/AdminBaseController.class.php 第 79 行.
NOTIC: [8] Undefined index: user /home/wwwroot/pay/domain/hzf.xiaohouzhi.com/web/App/Common/Controller/AdminBaseController.class.php 第 79 行.
NOTIC: [8] Undefined index: user /home/wwwroot/pay/domain/hzf.xiaohouzhi.com/web/App/Common/Controller/AdminBaseController.class.php 第 79 行.
NOTIC: [8] Undefined index: user /home/wwwroot/pay/domain/hzf.xiaohouzhi.com/web/App/Common/Controller/AdminBaseController.class.php 第 79 行.
NOTIC: [8] Undefined index: user /home/wwwroot/pay/domain/hzf.xiaohouzhi.com/web/App/Common/Controller/AdminBaseController.class.php 第 79 行.
NOTIC: [8] Undefined index: user /home/wwwroot/pay/domain/hzf.xiaohouzhi.com/web/App/Common/Controller/AdminBaseController.class.php 第 79 行.
NOTIC: [8] Undefined index: user /home/wwwroot/pay/domain/hzf.xiaohouzhi.com/web/App/Common/Controller/AdminBaseController.class.php 第 79 行.
NOTIC: [8] Undefined index: user /home/wwwroot/pay/domain/hzf.xiaohouzhi.com/web/App/Common/Controller/AdminBaseController.class.php 第 79 行.
INFO: [ app_end ] --START--
INFO: Run Behavior\ShowPageTraceBehavior [ RunTime:0.000389s ]
INFO: [ app_end ] --END-- [ RunTime:0.000459s ]

[ 2019-10-05T20:29:35+08:00 ] 112.17.238.8 /console/Merchant/api_way/id/4097
INFO: [ app_init ] --START--
INFO: Run Behavior\BuildLiteBehavior [ RunTime:0.000012s ]
INFO: [ app_init ] --END-- [ RunTime:0.000215s ]
INFO: [ app_begin ] --START--
INFO: Run Behavior\ReadHtmlCacheBehavior [ RunTime:0.000355s ]
INFO: [ app_begin ] --END-- [ RunTime:0.000386s ]
NOTIC: [2] Missing argument 1 for domain_id(), called in /home/wwwroot/pay/domain/hzf.xiaohouzhi.com/web/App/Admin/Controller/MerchantController.class.php on line 1677 and defined /home/wwwroot/pay/domain/hzf.xiaohouzhi.com/web/App/Common/Common/function.php 第 3626 行.
NOTIC: [8] Undefined variable: type /home/wwwroot/pay/domain/hzf.xiaohouzhi.com/web/App/Common/Common/function.php 第 3628 行.
INFO: [ view_parse ] --START--
INFO: [ template_filter ] --START--
INFO: Run Behavior\ContentReplaceBehavior [ RunTime:0.000167s ]
INFO: [ template_filter ] --END-- [ RunTime:0.000218s ]
NOTIC: [8] Undefined index: id /home/wwwroot/pay/domain/hzf.xiaohouzhi.com/web/App/Runtime/Cache/Admin/e991858629563ebd3c91cddaf82a5046.php 第 500 行.
INFO: Run Behavior\ParseTemplateBehavior [ RunTime:0.029980s ]
INFO: [ view_parse ] --END-- [ RunTime:0.030041s ]
INFO: [ view_filter ] --START--
INFO: Run Behavior\WriteHtmlCacheBehavior [ RunTime:0.000226s ]
INFO: Run Behavior\TokenBuildBehavior [ RunTime:0.000578s ]
INFO: [ view_filter ] --END-- [ RunTime:0.000860s ]
INFO: [ app_end ] --START--
INFO: Run Behavior\ShowPageTraceBehavior [ RunTime:0.000455s ]
INFO: [ app_end ] --END-- [ RunTime:0.000495s ]

[ 2019-10-05T20:29:38+08:00 ] 112.17.238.8 /console/Isv/getToken
INFO: [ app_init ] --START--
INFO: Run Behavior\BuildLiteBehavior [ RunTime:0.000012s ]
INFO: [ app_init ] --END-- [ RunTime:0.000223s ]
INFO: [ app_begin ] --START--
INFO: Run Behavior\ReadHtmlCacheBehavior [ RunTime:0.000335s ]
INFO: [ app_begin ] --END-- [ RunTime:0.000364s ]

[ 2019-10-05T20:30:20+08:00 ] 112.17.238.8 /console/Isv/setToken
INFO: [ app_init ] --START--
INFO: Run Behavior\BuildLiteBehavior [ RunTime:0.000017s ]
INFO: [ app_init ] --END-- [ RunTime:0.000340s ]
INFO: [ app_begin ] --START--
INFO: Run Behavior\ReadHtmlCacheBehavior [ RunTime:0.000381s ]
INFO: [ app_begin ] --END-- [ RunTime:0.000422s ]

[ 2019-10-05T20:30:23+08:00 ] 112.17.238.8 /console/Merchant/api_way/id/4097
INFO: [ app_init ] --START--
INFO: Run Behavior\BuildLiteBehavior [ RunTime:0.000011s ]
INFO: [ app_init ] --END-- [ RunTime:0.000251s ]
INFO: [ app_begin ] --START--
INFO: Run Behavior\ReadHtmlCacheBehavior [ RunTime:0.000313s ]
INFO: [ app_begin ] --END-- [ RunTime:0.000352s ]
NOTIC: [2] Missing argument 1 for domain_id(), called in /home/wwwroot/pay/domain/hzf.xiaohouzhi.com/web/App/Admin/Controller/MerchantController.class.php on line 1677 and defined /home/wwwroot/pay/domain/hzf.xiaohouzhi.com/web/App/Common/Common/function.php 第 3626 行.
NOTIC: [8] Undefined variable: type /home/wwwroot/pay/domain/hzf.xiaohouzhi.com/web/App/Common/Common/function.php 第 3628 行.
INFO: [ view_parse ] --START--
INFO: [ template_filter ] --START--
INFO: Run Behavior\ContentReplaceBehavior [ RunTime:0.000229s ]
INFO: [ template_filter ] --END-- [ RunTime:0.000308s ]
NOTIC: [8] Undefined index: id /home/wwwroot/pay/domain/hzf.xiaohouzhi.com/web/App/Runtime/Cache/Admin/e991858629563ebd3c91cddaf82a5046.php 第 500 行.
INFO: Run Behavior\ParseTemplateBehavior [ RunTime:0.037761s ]
INFO: [ view_parse ] --END-- [ RunTime:0.037809s ]
INFO: [ view_filter ] --START--
INFO: Run Behavior\WriteHtmlCacheBehavior [ RunTime:0.000196s ]
INFO: Run Behavior\TokenBuildBehavior [ RunTime:0.000540s ]
INFO: [ view_filter ] --END-- [ RunTime:0.000789s ]
INFO: [ app_end ] --START--
INFO: Run Behavior\ShowPageTraceBehavior [ RunTime:0.000619s ]
INFO: [ app_end ] --END-- [ RunTime:0.000662s ]

[ 2019-10-05T20:30:32+08:00 ] 112.17.238.8 /console/Isv/setRate
INFO: [ app_init ] --START--
INFO: Run Behavior\BuildLiteBehavior [ RunTime:0.000015s ]
INFO: [ app_init ] --END-- [ RunTime:0.000298s ]
INFO: [ app_begin ] --START--
INFO: Run Behavior\ReadHtmlCacheBehavior [ RunTime:0.000298s ]
INFO: [ app_begin ] --END-- [ RunTime:0.000334s ]
NOTIC: [2] Illegal offset type in isset or empty /home/wwwroot/pay/domain/hzf.xiaohouzhi.com/web/ThinkPHP/Library/Think/Model.class.php 第 445 行.

[ 2019-10-05T20:30:35+08:00 ] 112.17.238.8 /console/Merchant/api_way/id/4097
INFO: [ app_init ] --START--
INFO: Run Behavior\BuildLiteBehavior [ RunTime:0.000018s ]
INFO: [ app_init ] --END-- [ RunTime:0.000343s ]
INFO: [ app_begin ] --START--
INFO: Run Behavior\ReadHtmlCacheBehavior [ RunTime:0.000436s ]
INFO: [ app_begin ] --END-- [ RunTime:0.000479s ]
NOTIC: [2] Missing argument 1 for domain_id(), called in /home/wwwroot/pay/domain/hzf.xiaohouzhi.com/web/App/Admin/Controller/MerchantController.class.php on line 1677 and defined /home/wwwroot/pay/domain/hzf.xiaohouzhi.com/web/App/Common/Common/function.php 第 3626 行.
NOTIC: [8] Undefined variable: type /home/wwwroot/pay/domain/hzf.xiaohouzhi.com/web/App/Common/Common/function.php 第 3628 行.
INFO: [ view_parse ] --START--
INFO: [ template_filter ] --START--
INFO: Run Behavior\ContentReplaceBehavior [ RunTime:0.000188s ]
INFO: [ template_filter ] --END-- [ RunTime:0.000241s ]
NOTIC: [8] Undefined index: id /home/wwwroot/pay/domain/hzf.xiaohouzhi.com/web/App/Runtime/Cache/Admin/e991858629563ebd3c91cddaf82a5046.php 第 500 行.
INFO: Run Behavior\ParseTemplateBehavior [ RunTime:0.029384s ]
INFO: [ view_parse ] --END-- [ RunTime:0.029449s ]
INFO: [ view_filter ] --START--
INFO: Run Behavior\WriteHtmlCacheBehavior [ RunTime:0.000209s ]
INFO: Run Behavior\TokenBuildBehavior [ RunTime:0.000682s ]
INFO: [ view_filter ] --END-- [ RunTime:0.000952s ]
INFO: [ app_end ] --START--
INFO: Run Behavior\ShowPageTraceBehavior [ RunTime:0.000468s ]
INFO: [ app_end ] --END-- [ RunTime:0.000628s ]

[ 2019-10-05T20:32:30+08:00 ] 112.17.238.8 /console/Merchant/api_way/id/4097
INFO: [ app_init ] --START--
INFO: Run Behavior\BuildLiteBehavior [ RunTime:0.000016s ]
INFO: [ app_init ] --END-- [ RunTime:0.000375s ]
INFO: [ app_begin ] --START--
INFO: Run Behavior\ReadHtmlCacheBehavior [ RunTime:0.000424s ]
INFO: [ app_begin ] --END-- [ RunTime:0.000475s ]
NOTIC: [2] Missing argument 1 for domain_id(), called in /home/wwwroot/pay/domain/hzf.xiaohouzhi.com/web/App/Admin/Controller/MerchantController.class.php on line 1677 and defined /home/wwwroot/pay/domain/hzf.xiaohouzhi.com/web/App/Common/Common/function.php 第 3626 行.
NOTIC: [8] Undefined variable: type /home/wwwroot/pay/domain/hzf.xiaohouzhi.com/web/App/Common/Common/function.php 第 3628 行.
INFO: [ view_parse ] --START--
INFO: [ template_filter ] --START--
INFO: Run Behavior\ContentReplaceBehavior [ RunTime:0.000218s ]
INFO: [ template_filter ] --END-- [ RunTime:0.000277s ]
NOTIC: [8] Undefined index: id /home/wwwroot/pay/domain/hzf.xiaohouzhi.com/web/App/Runtime/Cache/Admin/e991858629563ebd3c91cddaf82a5046.php 第 500 行.
INFO: Run Behavior\ParseTemplateBehavior [ RunTime:0.031641s ]
INFO: [ view_parse ] --END-- [ RunTime:0.031704s ]
INFO: [ view_filter ] --START--
INFO: Run Behavior\WriteHtmlCacheBehavior [ RunTime:0.000232s ]
INFO: Run Behavior\TokenBuildBehavior [ RunTime:0.000540s ]
INFO: [ view_filter ] --END-- [ RunTime:0.000826s ]
INFO: [ app_end ] --START--
INFO: Run Behavior\ShowPageTraceBehavior [ RunTime:0.000433s ]
INFO: [ app_end ] --END-- [ RunTime:0.000463s ]

[ 2019-10-05T20:32:33+08:00 ] 112.17.238.8 /console/Isv/getToken
INFO: [ app_init ] --START--
INFO: Run Behavior\BuildLiteBehavior [ RunTime:0.000011s ]
INFO: [ app_init ] --END-- [ RunTime:0.000220s ]
INFO: [ app_begin ] --START--
INFO: Run Behavior\ReadHtmlCacheBehavior [ RunTime:0.000333s ]
INFO: [ app_begin ] --END-- [ RunTime:0.000367s ]

