[ 2019-10-11T00:47:56+08:00 ] 180.163.220.4 /Admins
INFO: [ app_init ] --START--
INFO: Run Behavior\BuildLiteBehavior [ RunTime:0.000012s ]
INFO: [ app_init ] --END-- [ RunTime:0.000292s ]
INFO: [ app_begin ] --START--
INFO: Run Behavior\ReadHtmlCacheBehavior [ RunTime:0.000292s ]
INFO: [ app_begin ] --END-- [ RunTime:0.000328s ]
NOTIC: [8] Undefined index: user /home/wwwroot/pay/domain/hzf.xiaohouzhi.com/web/App/Common/Controller/AdminBaseController.class.php 第 45 行.
NOTIC: [8] Undefined index: user /home/wwwroot/pay/domain/hzf.xiaohouzhi.com/web/App/Common/Controller/AdminBaseController.class.php 第 79 行.
NOTIC: [8] Undefined index: user /home/wwwroot/pay/domain/hzf.xiaohouzhi.com/web/App/Common/Controller/AdminBaseController.class.php 第 79 行.
NOTIC: [8] Undefined index: user /home/wwwroot/pay/domain/hzf.xiaohouzhi.com/web/App/Common/Controller/AdminBaseController.class.php 第 79 行.
NOTIC: [8] Undefined index: user /home/wwwroot/pay/domain/hzf.xiaohouzhi.com/web/App/Common/Controller/AdminBaseController.class.php 第 79 行.
NOTIC: [8] Undefined index: user /home/wwwroot/pay/domain/hzf.xiaohouzhi.com/web/App/Common/Controller/AdminBaseController.class.php 第 79 行.
NOTIC: [8] Undefined index: user /home/wwwroot/pay/domain/hzf.xiaohouzhi.com/web/App/Common/Controller/AdminBaseController.class.php 第 79 行.
NOTIC: [8] Undefined index: user /home/wwwroot/pay/domain/hzf.xiaohouzhi.com/web/App/Common/Controller/AdminBaseController.class.php 第 79 行.
NOTIC: [8] Undefined index: user /home/wwwroot/pay/domain/hzf.xiaohouzhi.com/web/App/Common/Controller/AdminBaseController.class.php 第 79 行.
NOTIC: [8] Undefined index: user /home/wwwroot/pay/domain/hzf.xiaohouzhi.com/web/App/Common/Controller/AdminBaseController.class.php 第 79 行.
NOTIC: [8] Undefined index: user /home/wwwroot/pay/domain/hzf.xiaohouzhi.com/web/App/Common/Controller/AdminBaseController.class.php 第 79 行.
INFO: [ view_parse ] --START--
INFO: [ template_filter ] --START--
INFO: Run Behavior\ContentReplaceBehavior [ RunTime:0.000050s ]
INFO: [ template_filter ] --END-- [ RunTime:0.000087s ]
INFO: Run Behavior\ParseTemplateBehavior [ RunTime:0.005253s ]
INFO: [ view_parse ] --END-- [ RunTime:0.005304s ]
INFO: [ view_filter ] --START--
INFO: Run Behavior\WriteHtmlCacheBehavior [ RunTime:0.000148s ]
INFO: Run Behavior\TokenBuildBehavior [ RunTime:0.000245s ]
INFO: [ view_filter ] --END-- [ RunTime:0.000442s ]
INFO: [ app_end ] --START--
INFO: Run Behavior\ShowPageTraceBehavior [ RunTime:0.000306s ]
INFO: [ app_end ] --END-- [ RunTime:0.000335s ]

[ 2019-10-11T00:47:57+08:00 ] 180.163.220.3 /console/Login/load_verify
INFO: [ app_init ] --START--
INFO: Run Behavior\BuildLiteBehavior [ RunTime:0.000017s ]
INFO: [ app_init ] --END-- [ RunTime:0.000355s ]
INFO: [ app_begin ] --START--
INFO: Run Behavior\ReadHtmlCacheBehavior [ RunTime:0.000685s ]
INFO: [ app_begin ] --END-- [ RunTime:0.000769s ]
NOTIC: [8] Undefined index: user /home/wwwroot/pay/domain/hzf.xiaohouzhi.com/web/App/Common/Controller/AdminBaseController.class.php 第 45 行.
NOTIC: [8] Undefined index: user /home/wwwroot/pay/domain/hzf.xiaohouzhi.com/web/App/Common/Controller/AdminBaseController.class.php 第 79 行.
NOTIC: [8] Undefined index: user /home/wwwroot/pay/domain/hzf.xiaohouzhi.com/web/App/Common/Controller/AdminBaseController.class.php 第 79 行.
NOTIC: [8] Undefined index: user /home/wwwroot/pay/domain/hzf.xiaohouzhi.com/web/App/Common/Controller/AdminBaseController.class.php 第 79 行.
NOTIC: [8] Undefined index: user /home/wwwroot/pay/domain/hzf.xiaohouzhi.com/web/App/Common/Controller/AdminBaseController.class.php 第 79 行.
NOTIC: [8] Undefined index: user /home/wwwroot/pay/domain/hzf.xiaohouzhi.com/web/App/Common/Controller/AdminBaseController.class.php 第 79 行.
NOTIC: [8] Undefined index: user /home/wwwroot/pay/domain/hzf.xiaohouzhi.com/web/App/Common/Controller/AdminBaseController.class.php 第 79 行.
NOTIC: [8] Undefined index: user /home/wwwroot/pay/domain/hzf.xiaohouzhi.com/web/App/Common/Controller/AdminBaseController.class.php 第 79 行.
NOTIC: [8] Undefined index: user /home/wwwroot/pay/domain/hzf.xiaohouzhi.com/web/App/Common/Controller/AdminBaseController.class.php 第 79 行.
NOTIC: [8] Undefined index: user /home/wwwroot/pay/domain/hzf.xiaohouzhi.com/web/App/Common/Controller/AdminBaseController.class.php 第 79 行.
NOTIC: [8] Undefined index: user /home/wwwroot/pay/domain/hzf.xiaohouzhi.com/web/App/Common/Controller/AdminBaseController.class.php 第 79 行.
INFO: [ app_end ] --START--
INFO: Run Behavior\ShowPageTraceBehavior [ RunTime:0.000328s ]
INFO: [ app_end ] --END-- [ RunTime:0.000373s ]

[ 2019-10-11T00:51:38+08:00 ] 42.236.10.125 /console/Merchant/api_way/id/4103
INFO: [ app_init ] --START--
INFO: Run Behavior\BuildLiteBehavior [ RunTime:0.000013s ]
INFO: [ app_init ] --END-- [ RunTime:0.000292s ]
INFO: [ app_begin ] --START--
INFO: Run Behavior\ReadHtmlCacheBehavior [ RunTime:0.000328s ]
INFO: [ app_begin ] --END-- [ RunTime:0.000371s ]
INFO: [ view_parse ] --START--
INFO: [ template_filter ] --START--
INFO: Run Behavior\ContentReplaceBehavior [ RunTime:0.000082s ]
INFO: [ template_filter ] --END-- [ RunTime:0.000167s ]
INFO: Run Behavior\ParseTemplateBehavior [ RunTime:0.008452s ]
INFO: [ view_parse ] --END-- [ RunTime:0.008523s ]
INFO: [ view_filter ] --START--
INFO: Run Behavior\WriteHtmlCacheBehavior [ RunTime:0.000165s ]
INFO: Run Behavior\TokenBuildBehavior [ RunTime:0.000316s ]
INFO: [ view_filter ] --END-- [ RunTime:0.000548s ]

[ 2019-10-11T00:51:47+08:00 ] 42.236.10.125 /console/Login/index/callurl/L2NvbnNvbGUvTWVyY2hhbnQvYXBpX3dheS9pZC80MTAz
INFO: [ app_init ] --START--
INFO: Run Behavior\BuildLiteBehavior [ RunTime:0.000011s ]
INFO: [ app_init ] --END-- [ RunTime:0.000220s ]
INFO: [ app_begin ] --START--
INFO: Run Behavior\ReadHtmlCacheBehavior [ RunTime:0.000282s ]
INFO: [ app_begin ] --END-- [ RunTime:0.000320s ]
NOTIC: [8] Undefined index: user /home/wwwroot/pay/domain/hzf.xiaohouzhi.com/web/App/Common/Controller/AdminBaseController.class.php 第 45 行.
NOTIC: [8] Undefined index: user /home/wwwroot/pay/domain/hzf.xiaohouzhi.com/web/App/Common/Controller/AdminBaseController.class.php 第 79 行.
NOTIC: [8] Undefined index: user /home/wwwroot/pay/domain/hzf.xiaohouzhi.com/web/App/Common/Controller/AdminBaseController.class.php 第 79 行.
NOTIC: [8] Undefined index: user /home/wwwroot/pay/domain/hzf.xiaohouzhi.com/web/App/Common/Controller/AdminBaseController.class.php 第 79 行.
NOTIC: [8] Undefined index: user /home/wwwroot/pay/domain/hzf.xiaohouzhi.com/web/App/Common/Controller/AdminBaseController.class.php 第 79 行.
NOTIC: [8] Undefined index: user /home/wwwroot/pay/domain/hzf.xiaohouzhi.com/web/App/Common/Controller/AdminBaseController.class.php 第 79 行.
NOTIC: [8] Undefined index: user /home/wwwroot/pay/domain/hzf.xiaohouzhi.com/web/App/Common/Controller/AdminBaseController.class.php 第 79 行.
NOTIC: [8] Undefined index: user /home/wwwroot/pay/domain/hzf.xiaohouzhi.com/web/App/Common/Controller/AdminBaseController.class.php 第 79 行.
NOTIC: [8] Undefined index: user /home/wwwroot/pay/domain/hzf.xiaohouzhi.com/web/App/Common/Controller/AdminBaseController.class.php 第 79 行.
NOTIC: [8] Undefined index: user /home/wwwroot/pay/domain/hzf.xiaohouzhi.com/web/App/Common/Controller/AdminBaseController.class.php 第 79 行.
NOTIC: [8] Undefined index: user /home/wwwroot/pay/domain/hzf.xiaohouzhi.com/web/App/Common/Controller/AdminBaseController.class.php 第 79 行.
INFO: [ view_parse ] --START--
INFO: [ template_filter ] --START--
INFO: Run Behavior\ContentReplaceBehavior [ RunTime:0.000061s ]
INFO: [ template_filter ] --END-- [ RunTime:0.000106s ]
INFO: Run Behavior\ParseTemplateBehavior [ RunTime:0.005617s ]
INFO: [ view_parse ] --END-- [ RunTime:0.005668s ]
INFO: [ view_filter ] --START--
INFO: Run Behavior\WriteHtmlCacheBehavior [ RunTime:0.000120s ]
INFO: Run Behavior\TokenBuildBehavior [ RunTime:0.000233s ]
INFO: [ view_filter ] --END-- [ RunTime:0.000396s ]
INFO: [ app_end ] --START--
INFO: Run Behavior\ShowPageTraceBehavior [ RunTime:0.000352s ]
INFO: [ app_end ] --END-- [ RunTime:0.000383s ]

[ 2019-10-11T00:51:55+08:00 ] 42.236.10.125 /console/Merchant/api_way/id/4103
INFO: [ app_init ] --START--
INFO: Run Behavior\BuildLiteBehavior [ RunTime:0.000016s ]
INFO: [ app_init ] --END-- [ RunTime:0.000315s ]
INFO: [ app_begin ] --START--
INFO: Run Behavior\ReadHtmlCacheBehavior [ RunTime:0.000421s ]
INFO: [ app_begin ] --END-- [ RunTime:0.000465s ]
INFO: [ view_parse ] --START--
INFO: [ template_filter ] --START--
INFO: Run Behavior\ContentReplaceBehavior [ RunTime:0.000047s ]
INFO: [ template_filter ] --END-- [ RunTime:0.000105s ]
INFO: Run Behavior\ParseTemplateBehavior [ RunTime:0.004551s ]
INFO: [ view_parse ] --END-- [ RunTime:0.004603s ]
INFO: [ view_filter ] --START--
INFO: Run Behavior\WriteHtmlCacheBehavior [ RunTime:0.000096s ]
INFO: Run Behavior\TokenBuildBehavior [ RunTime:0.000225s ]
INFO: [ view_filter ] --END-- [ RunTime:0.000368s ]

[ 2019-10-11T00:51:55+08:00 ] 42.236.10.117 /console/Merchant/api_way/id/4103
INFO: [ app_init ] --START--
INFO: Run Behavior\BuildLiteBehavior [ RunTime:0.000011s ]
INFO: [ app_init ] --END-- [ RunTime:0.000242s ]
INFO: [ app_begin ] --START--
INFO: Run Behavior\ReadHtmlCacheBehavior [ RunTime:0.000286s ]
INFO: [ app_begin ] --END-- [ RunTime:0.000316s ]
INFO: [ view_parse ] --START--
INFO: [ template_filter ] --START--
INFO: Run Behavior\ContentReplaceBehavior [ RunTime:0.000055s ]
INFO: [ template_filter ] --END-- [ RunTime:0.000100s ]
INFO: Run Behavior\ParseTemplateBehavior [ RunTime:0.004700s ]
INFO: [ view_parse ] --END-- [ RunTime:0.004754s ]
INFO: [ view_filter ] --START--
INFO: Run Behavior\WriteHtmlCacheBehavior [ RunTime:0.000134s ]
INFO: Run Behavior\TokenBuildBehavior [ RunTime:0.000256s ]
INFO: [ view_filter ] --END-- [ RunTime:0.000440s ]

[ 2019-10-11T00:51:59+08:00 ] 42.236.10.114 /console/Login/index/callurl/L2NvbnNvbGUvTWVyY2hhbnQvYXBpX3dheS9pZC80MTAz
INFO: [ app_init ] --START--
INFO: Run Behavior\BuildLiteBehavior [ RunTime:0.000011s ]
INFO: [ app_init ] --END-- [ RunTime:0.000248s ]
INFO: [ app_begin ] --START--
INFO: Run Behavior\ReadHtmlCacheBehavior [ RunTime:0.000310s ]
INFO: [ app_begin ] --END-- [ RunTime:0.000340s ]
NOTIC: [8] Undefined index: user /home/wwwroot/pay/domain/hzf.xiaohouzhi.com/web/App/Common/Controller/AdminBaseController.class.php 第 45 行.
NOTIC: [8] Undefined index: user /home/wwwroot/pay/domain/hzf.xiaohouzhi.com/web/App/Common/Controller/AdminBaseController.class.php 第 79 行.
NOTIC: [8] Undefined index: user /home/wwwroot/pay/domain/hzf.xiaohouzhi.com/web/App/Common/Controller/AdminBaseController.class.php 第 79 行.
NOTIC: [8] Undefined index: user /home/wwwroot/pay/domain/hzf.xiaohouzhi.com/web/App/Common/Controller/AdminBaseController.class.php 第 79 行.
NOTIC: [8] Undefined index: user /home/wwwroot/pay/domain/hzf.xiaohouzhi.com/web/App/Common/Controller/AdminBaseController.class.php 第 79 行.
NOTIC: [8] Undefined index: user /home/wwwroot/pay/domain/hzf.xiaohouzhi.com/web/App/Common/Controller/AdminBaseController.class.php 第 79 行.
NOTIC: [8] Undefined index: user /home/wwwroot/pay/domain/hzf.xiaohouzhi.com/web/App/Common/Controller/AdminBaseController.class.php 第 79 行.
NOTIC: [8] Undefined index: user /home/wwwroot/pay/domain/hzf.xiaohouzhi.com/web/App/Common/Controller/AdminBaseController.class.php 第 79 行.
NOTIC: [8] Undefined index: user /home/wwwroot/pay/domain/hzf.xiaohouzhi.com/web/App/Common/Controller/AdminBaseController.class.php 第 79 行.
NOTIC: [8] Undefined index: user /home/wwwroot/pay/domain/hzf.xiaohouzhi.com/web/App/Common/Controller/AdminBaseController.class.php 第 79 行.
NOTIC: [8] Undefined index: user /home/wwwroot/pay/domain/hzf.xiaohouzhi.com/web/App/Common/Controller/AdminBaseController.class.php 第 79 行.
INFO: [ view_parse ] --START--
INFO: [ template_filter ] --START--
INFO: Run Behavior\ContentReplaceBehavior [ RunTime:0.000051s ]
INFO: [ template_filter ] --END-- [ RunTime:0.000106s ]
INFO: Run Behavior\ParseTemplateBehavior [ RunTime:0.005906s ]
INFO: [ view_parse ] --END-- [ RunTime:0.005956s ]
INFO: [ view_filter ] --START--
INFO: Run Behavior\WriteHtmlCacheBehavior [ RunTime:0.000110s ]
INFO: Run Behavior\TokenBuildBehavior [ RunTime:0.000233s ]
INFO: [ view_filter ] --END-- [ RunTime:0.000383s ]
INFO: [ app_end ] --START--
INFO: Run Behavior\ShowPageTraceBehavior [ RunTime:0.000317s ]
INFO: [ app_end ] --END-- [ RunTime:0.000350s ]

[ 2019-10-11T00:51:59+08:00 ] 42.236.10.114 /console/Login/load_verify
INFO: [ app_init ] --START--
INFO: Run Behavior\BuildLiteBehavior [ RunTime:0.000013s ]
INFO: [ app_init ] --END-- [ RunTime:0.000264s ]
INFO: [ app_begin ] --START--
INFO: Run Behavior\ReadHtmlCacheBehavior [ RunTime:0.000310s ]
INFO: [ app_begin ] --END-- [ RunTime:0.000339s ]
NOTIC: [8] Undefined index: user /home/wwwroot/pay/domain/hzf.xiaohouzhi.com/web/App/Common/Controller/AdminBaseController.class.php 第 45 行.
NOTIC: [8] Undefined index: user /home/wwwroot/pay/domain/hzf.xiaohouzhi.com/web/App/Common/Controller/AdminBaseController.class.php 第 79 行.
NOTIC: [8] Undefined index: user /home/wwwroot/pay/domain/hzf.xiaohouzhi.com/web/App/Common/Controller/AdminBaseController.class.php 第 79 行.
NOTIC: [8] Undefined index: user /home/wwwroot/pay/domain/hzf.xiaohouzhi.com/web/App/Common/Controller/AdminBaseController.class.php 第 79 行.
NOTIC: [8] Undefined index: user /home/wwwroot/pay/domain/hzf.xiaohouzhi.com/web/App/Common/Controller/AdminBaseController.class.php 第 79 行.
NOTIC: [8] Undefined index: user /home/wwwroot/pay/domain/hzf.xiaohouzhi.com/web/App/Common/Controller/AdminBaseController.class.php 第 79 行.
NOTIC: [8] Undefined index: user /home/wwwroot/pay/domain/hzf.xiaohouzhi.com/web/App/Common/Controller/AdminBaseController.class.php 第 79 行.
NOTIC: [8] Undefined index: user /home/wwwroot/pay/domain/hzf.xiaohouzhi.com/web/App/Common/Controller/AdminBaseController.class.php 第 79 行.
NOTIC: [8] Undefined index: user /home/wwwroot/pay/domain/hzf.xiaohouzhi.com/web/App/Common/Controller/AdminBaseController.class.php 第 79 行.
NOTIC: [8] Undefined index: user /home/wwwroot/pay/domain/hzf.xiaohouzhi.com/web/App/Common/Controller/AdminBaseController.class.php 第 79 行.
NOTIC: [8] Undefined index: user /home/wwwroot/pay/domain/hzf.xiaohouzhi.com/web/App/Common/Controller/AdminBaseController.class.php 第 79 行.
INFO: [ app_end ] --START--
INFO: Run Behavior\ShowPageTraceBehavior [ RunTime:0.000340s ]
INFO: [ app_end ] --END-- [ RunTime:0.000392s ]

[ 2019-10-11T00:54:57+08:00 ] 42.236.10.117 /console/Merchant/mp_login/id/4103
INFO: [ app_init ] --START--
INFO: Run Behavior\BuildLiteBehavior [ RunTime:0.000013s ]
INFO: [ app_init ] --END-- [ RunTime:0.000267s ]
INFO: [ app_begin ] --START--
INFO: Run Behavior\ReadHtmlCacheBehavior [ RunTime:0.000364s ]
INFO: [ app_begin ] --END-- [ RunTime:0.000408s ]
INFO: [ view_parse ] --START--
INFO: [ template_filter ] --START--
INFO: Run Behavior\ContentReplaceBehavior [ RunTime:0.000077s ]
INFO: [ template_filter ] --END-- [ RunTime:0.000131s ]
INFO: Run Behavior\ParseTemplateBehavior [ RunTime:0.005061s ]
INFO: [ view_parse ] --END-- [ RunTime:0.005117s ]
INFO: [ view_filter ] --START--
INFO: Run Behavior\WriteHtmlCacheBehavior [ RunTime:0.000101s ]
INFO: Run Behavior\TokenBuildBehavior [ RunTime:0.000204s ]
INFO: [ view_filter ] --END-- [ RunTime:0.000343s ]

[ 2019-10-11T00:55:10+08:00 ] 42.236.10.117 /console/Login/index/callurl/L2NvbnNvbGUvTWVyY2hhbnQvbXBfbG9naW4vaWQvNDEwMw%3D%3D
INFO: [ app_init ] --START--
INFO: Run Behavior\BuildLiteBehavior [ RunTime:0.000012s ]
INFO: [ app_init ] --END-- [ RunTime:0.000268s ]
INFO: [ app_begin ] --START--
INFO: Run Behavior\ReadHtmlCacheBehavior [ RunTime:0.000317s ]
INFO: [ app_begin ] --END-- [ RunTime:0.000353s ]
NOTIC: [8] Undefined index: user /home/wwwroot/pay/domain/hzf.xiaohouzhi.com/web/App/Common/Controller/AdminBaseController.class.php 第 45 行.
NOTIC: [8] Undefined index: user /home/wwwroot/pay/domain/hzf.xiaohouzhi.com/web/App/Common/Controller/AdminBaseController.class.php 第 79 行.
NOTIC: [8] Undefined index: user /home/wwwroot/pay/domain/hzf.xiaohouzhi.com/web/App/Common/Controller/AdminBaseController.class.php 第 79 行.
NOTIC: [8] Undefined index: user /home/wwwroot/pay/domain/hzf.xiaohouzhi.com/web/App/Common/Controller/AdminBaseController.class.php 第 79 行.
NOTIC: [8] Undefined index: user /home/wwwroot/pay/domain/hzf.xiaohouzhi.com/web/App/Common/Controller/AdminBaseController.class.php 第 79 行.
NOTIC: [8] Undefined index: user /home/wwwroot/pay/domain/hzf.xiaohouzhi.com/web/App/Common/Controller/AdminBaseController.class.php 第 79 行.
NOTIC: [8] Undefined index: user /home/wwwroot/pay/domain/hzf.xiaohouzhi.com/web/App/Common/Controller/AdminBaseController.class.php 第 79 行.
NOTIC: [8] Undefined index: user /home/wwwroot/pay/domain/hzf.xiaohouzhi.com/web/App/Common/Controller/AdminBaseController.class.php 第 79 行.
NOTIC: [8] Undefined index: user /home/wwwroot/pay/domain/hzf.xiaohouzhi.com/web/App/Common/Controller/AdminBaseController.class.php 第 79 行.
NOTIC: [8] Undefined index: user /home/wwwroot/pay/domain/hzf.xiaohouzhi.com/web/App/Common/Controller/AdminBaseController.class.php 第 79 行.
NOTIC: [8] Undefined index: user /home/wwwroot/pay/domain/hzf.xiaohouzhi.com/web/App/Common/Controller/AdminBaseController.class.php 第 79 行.
INFO: [ view_parse ] --START--
INFO: [ template_filter ] --START--
INFO: Run Behavior\ContentReplaceBehavior [ RunTime:0.000061s ]
INFO: [ template_filter ] --END-- [ RunTime:0.000135s ]
INFO: Run Behavior\ParseTemplateBehavior [ RunTime:0.006404s ]
INFO: [ view_parse ] --END-- [ RunTime:0.006472s ]
INFO: [ view_filter ] --START--
INFO: Run Behavior\WriteHtmlCacheBehavior [ RunTime:0.000118s ]
INFO: Run Behavior\TokenBuildBehavior [ RunTime:0.000250s ]
INFO: [ view_filter ] --END-- [ RunTime:0.000411s ]
INFO: [ app_end ] --START--
INFO: Run Behavior\ShowPageTraceBehavior [ RunTime:0.000343s ]
INFO: [ app_end ] --END-- [ RunTime:0.000377s ]

[ 2019-10-11T00:55:16+08:00 ] 42.236.10.117 /console/Merchant/mp_login/id/4103
INFO: [ app_init ] --START--
INFO: Run Behavior\BuildLiteBehavior [ RunTime:0.000012s ]
INFO: [ app_init ] --END-- [ RunTime:0.000226s ]
INFO: [ app_begin ] --START--
INFO: Run Behavior\ReadHtmlCacheBehavior [ RunTime:0.000300s ]
INFO: [ app_begin ] --END-- [ RunTime:0.000339s ]
INFO: [ view_parse ] --START--
INFO: [ template_filter ] --START--
INFO: Run Behavior\ContentReplaceBehavior [ RunTime:0.000039s ]
INFO: [ template_filter ] --END-- [ RunTime:0.000080s ]
INFO: Run Behavior\ParseTemplateBehavior [ RunTime:0.004357s ]
INFO: [ view_parse ] --END-- [ RunTime:0.004401s ]
INFO: [ view_filter ] --START--
INFO: Run Behavior\WriteHtmlCacheBehavior [ RunTime:0.000102s ]
INFO: Run Behavior\TokenBuildBehavior [ RunTime:0.000202s ]
INFO: [ view_filter ] --END-- [ RunTime:0.000354s ]

[ 2019-10-11T00:55:16+08:00 ] 42.236.10.117 /console/Merchant/mp_login/id/4103
INFO: [ app_init ] --START--
INFO: Run Behavior\BuildLiteBehavior [ RunTime:0.000015s ]
INFO: [ app_init ] --END-- [ RunTime:0.000300s ]
INFO: [ app_begin ] --START--
INFO: Run Behavior\ReadHtmlCacheBehavior [ RunTime:0.000382s ]
INFO: [ app_begin ] --END-- [ RunTime:0.000421s ]
INFO: [ view_parse ] --START--
INFO: [ template_filter ] --START--
INFO: Run Behavior\ContentReplaceBehavior [ RunTime:0.000063s ]
INFO: [ template_filter ] --END-- [ RunTime:0.000124s ]
INFO: Run Behavior\ParseTemplateBehavior [ RunTime:0.004833s ]
INFO: [ view_parse ] --END-- [ RunTime:0.004873s ]
INFO: [ view_filter ] --START--
INFO: Run Behavior\WriteHtmlCacheBehavior [ RunTime:0.000102s ]
INFO: Run Behavior\TokenBuildBehavior [ RunTime:0.000193s ]
INFO: [ view_filter ] --END-- [ RunTime:0.000332s ]

[ 2019-10-11T00:55:20+08:00 ] 42.236.10.114 /console/Login/index/callurl/L2NvbnNvbGUvTWVyY2hhbnQvbXBfbG9naW4vaWQvNDEwMw%3D%3D
INFO: [ app_init ] --START--
INFO: Run Behavior\BuildLiteBehavior [ RunTime:0.000012s ]
INFO: [ app_init ] --END-- [ RunTime:0.000251s ]
INFO: [ app_begin ] --START--
INFO: Run Behavior\ReadHtmlCacheBehavior [ RunTime:0.000291s ]
INFO: [ app_begin ] --END-- [ RunTime:0.000321s ]
NOTIC: [8] Undefined index: user /home/wwwroot/pay/domain/hzf.xiaohouzhi.com/web/App/Common/Controller/AdminBaseController.class.php 第 45 行.
NOTIC: [8] Undefined index: user /home/wwwroot/pay/domain/hzf.xiaohouzhi.com/web/App/Common/Controller/AdminBaseController.class.php 第 79 行.
NOTIC: [8] Undefined index: user /home/wwwroot/pay/domain/hzf.xiaohouzhi.com/web/App/Common/Controller/AdminBaseController.class.php 第 79 行.
NOTIC: [8] Undefined index: user /home/wwwroot/pay/domain/hzf.xiaohouzhi.com/web/App/Common/Controller/AdminBaseController.class.php 第 79 行.
NOTIC: [8] Undefined index: user /home/wwwroot/pay/domain/hzf.xiaohouzhi.com/web/App/Common/Controller/AdminBaseController.class.php 第 79 行.
NOTIC: [8] Undefined index: user /home/wwwroot/pay/domain/hzf.xiaohouzhi.com/web/App/Common/Controller/AdminBaseController.class.php 第 79 行.
NOTIC: [8] Undefined index: user /home/wwwroot/pay/domain/hzf.xiaohouzhi.com/web/App/Common/Controller/AdminBaseController.class.php 第 79 行.
NOTIC: [8] Undefined index: user /home/wwwroot/pay/domain/hzf.xiaohouzhi.com/web/App/Common/Controller/AdminBaseController.class.php 第 79 行.
NOTIC: [8] Undefined index: user /home/wwwroot/pay/domain/hzf.xiaohouzhi.com/web/App/Common/Controller/AdminBaseController.class.php 第 79 行.
NOTIC: [8] Undefined index: user /home/wwwroot/pay/domain/hzf.xiaohouzhi.com/web/App/Common/Controller/AdminBaseController.class.php 第 79 行.
NOTIC: [8] Undefined index: user /home/wwwroot/pay/domain/hzf.xiaohouzhi.com/web/App/Common/Controller/AdminBaseController.class.php 第 79 行.
INFO: [ view_parse ] --START--
INFO: [ template_filter ] --START--
INFO: Run Behavior\ContentReplaceBehavior [ RunTime:0.000046s ]
INFO: [ template_filter ] --END-- [ RunTime:0.000087s ]
INFO: Run Behavior\ParseTemplateBehavior [ RunTime:0.005339s ]
INFO: [ view_parse ] --END-- [ RunTime:0.005374s ]
INFO: [ view_filter ] --START--
INFO: Run Behavior\WriteHtmlCacheBehavior [ RunTime:0.000150s ]
INFO: Run Behavior\TokenBuildBehavior [ RunTime:0.000247s ]
INFO: [ view_filter ] --END-- [ RunTime:0.000454s ]
INFO: [ app_end ] --START--
INFO: Run Behavior\ShowPageTraceBehavior [ RunTime:0.000311s ]
INFO: [ app_end ] --END-- [ RunTime:0.000339s ]

[ 2019-10-11T00:55:20+08:00 ] 42.236.10.125 /console/Login/load_verify
INFO: [ app_init ] --START--
INFO: Run Behavior\BuildLiteBehavior [ RunTime:0.000011s ]
INFO: [ app_init ] --END-- [ RunTime:0.000214s ]
INFO: [ app_begin ] --START--
INFO: Run Behavior\ReadHtmlCacheBehavior [ RunTime:0.000266s ]
INFO: [ app_begin ] --END-- [ RunTime:0.000295s ]
NOTIC: [8] Undefined index: user /home/wwwroot/pay/domain/hzf.xiaohouzhi.com/web/App/Common/Controller/AdminBaseController.class.php 第 45 行.
NOTIC: [8] Undefined index: user /home/wwwroot/pay/domain/hzf.xiaohouzhi.com/web/App/Common/Controller/AdminBaseController.class.php 第 79 行.
NOTIC: [8] Undefined index: user /home/wwwroot/pay/domain/hzf.xiaohouzhi.com/web/App/Common/Controller/AdminBaseController.class.php 第 79 行.
NOTIC: [8] Undefined index: user /home/wwwroot/pay/domain/hzf.xiaohouzhi.com/web/App/Common/Controller/AdminBaseController.class.php 第 79 行.
NOTIC: [8] Undefined index: user /home/wwwroot/pay/domain/hzf.xiaohouzhi.com/web/App/Common/Controller/AdminBaseController.class.php 第 79 行.
NOTIC: [8] Undefined index: user /home/wwwroot/pay/domain/hzf.xiaohouzhi.com/web/App/Common/Controller/AdminBaseController.class.php 第 79 行.
NOTIC: [8] Undefined index: user /home/wwwroot/pay/domain/hzf.xiaohouzhi.com/web/App/Common/Controller/AdminBaseController.class.php 第 79 行.
NOTIC: [8] Undefined index: user /home/wwwroot/pay/domain/hzf.xiaohouzhi.com/web/App/Common/Controller/AdminBaseController.class.php 第 79 行.
NOTIC: [8] Undefined index: user /home/wwwroot/pay/domain/hzf.xiaohouzhi.com/web/App/Common/Controller/AdminBaseController.class.php 第 79 行.
NOTIC: [8] Undefined index: user /home/wwwroot/pay/domain/hzf.xiaohouzhi.com/web/App/Common/Controller/AdminBaseController.class.php 第 79 行.
NOTIC: [8] Undefined index: user /home/wwwroot/pay/domain/hzf.xiaohouzhi.com/web/App/Common/Controller/AdminBaseController.class.php 第 79 行.
INFO: [ app_end ] --START--
INFO: Run Behavior\ShowPageTraceBehavior [ RunTime:0.000667s ]
INFO: [ app_end ] --END-- [ RunTime:0.000749s ]

[ 2019-10-11T01:26:56+08:00 ] 42.236.10.84 /console/Extends/qrcode
INFO: [ app_init ] --START--
INFO: Run Behavior\BuildLiteBehavior [ RunTime:0.000012s ]
INFO: [ app_init ] --END-- [ RunTime:0.000268s ]
INFO: [ app_begin ] --START--
INFO: Run Behavior\ReadHtmlCacheBehavior [ RunTime:0.000304s ]
INFO: [ app_begin ] --END-- [ RunTime:0.000340s ]
INFO: [ view_parse ] --START--
INFO: [ template_filter ] --START--
INFO: Run Behavior\ContentReplaceBehavior [ RunTime:0.000052s ]
INFO: [ template_filter ] --END-- [ RunTime:0.000099s ]
INFO: Run Behavior\ParseTemplateBehavior [ RunTime:0.004933s ]
INFO: [ view_parse ] --END-- [ RunTime:0.004984s ]
INFO: [ view_filter ] --START--
INFO: Run Behavior\WriteHtmlCacheBehavior [ RunTime:0.000097s ]
INFO: Run Behavior\TokenBuildBehavior [ RunTime:0.000213s ]
INFO: [ view_filter ] --END-- [ RunTime:0.000351s ]

[ 2019-10-11T01:27:15+08:00 ] 42.236.10.75 /console/Login/index/callurl/L2NvbnNvbGUvRXh0ZW5kcy9xcmNvZGU%3D
INFO: [ app_init ] --START--
INFO: Run Behavior\BuildLiteBehavior [ RunTime:0.000015s ]
INFO: [ app_init ] --END-- [ RunTime:0.000320s ]
INFO: [ app_begin ] --START--
INFO: Run Behavior\ReadHtmlCacheBehavior [ RunTime:0.000328s ]
INFO: [ app_begin ] --END-- [ RunTime:0.000365s ]
NOTIC: [8] Undefined index: user /home/wwwroot/pay/domain/hzf.xiaohouzhi.com/web/App/Common/Controller/AdminBaseController.class.php 第 45 行.
NOTIC: [8] Undefined index: user /home/wwwroot/pay/domain/hzf.xiaohouzhi.com/web/App/Common/Controller/AdminBaseController.class.php 第 79 行.
NOTIC: [8] Undefined index: user /home/wwwroot/pay/domain/hzf.xiaohouzhi.com/web/App/Common/Controller/AdminBaseController.class.php 第 79 行.
NOTIC: [8] Undefined index: user /home/wwwroot/pay/domain/hzf.xiaohouzhi.com/web/App/Common/Controller/AdminBaseController.class.php 第 79 行.
NOTIC: [8] Undefined index: user /home/wwwroot/pay/domain/hzf.xiaohouzhi.com/web/App/Common/Controller/AdminBaseController.class.php 第 79 行.
NOTIC: [8] Undefined index: user /home/wwwroot/pay/domain/hzf.xiaohouzhi.com/web/App/Common/Controller/AdminBaseController.class.php 第 79 行.
NOTIC: [8] Undefined index: user /home/wwwroot/pay/domain/hzf.xiaohouzhi.com/web/App/Common/Controller/AdminBaseController.class.php 第 79 行.
NOTIC: [8] Undefined index: user /home/wwwroot/pay/domain/hzf.xiaohouzhi.com/web/App/Common/Controller/AdminBaseController.class.php 第 79 行.
NOTIC: [8] Undefined index: user /home/wwwroot/pay/domain/hzf.xiaohouzhi.com/web/App/Common/Controller/AdminBaseController.class.php 第 79 行.
NOTIC: [8] Undefined index: user /home/wwwroot/pay/domain/hzf.xiaohouzhi.com/web/App/Common/Controller/AdminBaseController.class.php 第 79 行.
NOTIC: [8] Undefined index: user /home/wwwroot/pay/domain/hzf.xiaohouzhi.com/web/App/Common/Controller/AdminBaseController.class.php 第 79 行.
INFO: [ view_parse ] --START--
INFO: [ template_filter ] --START--
INFO: Run Behavior\ContentReplaceBehavior [ RunTime:0.000082s ]
INFO: [ template_filter ] --END-- [ RunTime:0.000161s ]
INFO: Run Behavior\ParseTemplateBehavior [ RunTime:0.009636s ]
INFO: [ view_parse ] --END-- [ RunTime:0.009725s ]
INFO: [ view_filter ] --START--
INFO: Run Behavior\WriteHtmlCacheBehavior [ RunTime:0.000194s ]
INFO: Run Behavior\TokenBuildBehavior [ RunTime:0.000268s ]
INFO: [ view_filter ] --END-- [ RunTime:0.000519s ]
INFO: [ app_end ] --START--
INFO: Run Behavior\ShowPageTraceBehavior [ RunTime:0.000472s ]
INFO: [ app_end ] --END-- [ RunTime:0.000520s ]

[ 2019-10-11T01:27:22+08:00 ] 42.236.10.78 /console/Extends/qrcode
INFO: [ app_init ] --START--
INFO: Run Behavior\BuildLiteBehavior [ RunTime:0.000011s ]
INFO: [ app_init ] --END-- [ RunTime:0.000276s ]
INFO: [ app_begin ] --START--
INFO: Run Behavior\ReadHtmlCacheBehavior [ RunTime:0.000405s ]
INFO: [ app_begin ] --END-- [ RunTime:0.000455s ]
INFO: [ view_parse ] --START--
INFO: [ template_filter ] --START--
INFO: Run Behavior\ContentReplaceBehavior [ RunTime:0.000041s ]
INFO: [ template_filter ] --END-- [ RunTime:0.000083s ]
INFO: Run Behavior\ParseTemplateBehavior [ RunTime:0.004571s ]
INFO: [ view_parse ] --END-- [ RunTime:0.004612s ]
INFO: [ view_filter ] --START--
INFO: Run Behavior\WriteHtmlCacheBehavior [ RunTime:0.000111s ]
INFO: Run Behavior\TokenBuildBehavior [ RunTime:0.000207s ]
INFO: [ view_filter ] --END-- [ RunTime:0.000374s ]

[ 2019-10-11T01:27:27+08:00 ] 42.236.10.93 /console/Login/index/callurl/L2NvbnNvbGUvRXh0ZW5kcy9xcmNvZGU%3D
INFO: [ app_init ] --START--
INFO: Run Behavior\BuildLiteBehavior [ RunTime:0.000011s ]
INFO: [ app_init ] --END-- [ RunTime:0.000230s ]
INFO: [ app_begin ] --START--
INFO: Run Behavior\ReadHtmlCacheBehavior [ RunTime:0.000291s ]
INFO: [ app_begin ] --END-- [ RunTime:0.000327s ]
NOTIC: [8] Undefined index: user /home/wwwroot/pay/domain/hzf.xiaohouzhi.com/web/App/Common/Controller/AdminBaseController.class.php 第 45 行.
NOTIC: [8] Undefined index: user /home/wwwroot/pay/domain/hzf.xiaohouzhi.com/web/App/Common/Controller/AdminBaseController.class.php 第 79 行.
NOTIC: [8] Undefined index: user /home/wwwroot/pay/domain/hzf.xiaohouzhi.com/web/App/Common/Controller/AdminBaseController.class.php 第 79 行.
NOTIC: [8] Undefined index: user /home/wwwroot/pay/domain/hzf.xiaohouzhi.com/web/App/Common/Controller/AdminBaseController.class.php 第 79 行.
NOTIC: [8] Undefined index: user /home/wwwroot/pay/domain/hzf.xiaohouzhi.com/web/App/Common/Controller/AdminBaseController.class.php 第 79 行.
NOTIC: [8] Undefined index: user /home/wwwroot/pay/domain/hzf.xiaohouzhi.com/web/App/Common/Controller/AdminBaseController.class.php 第 79 行.
NOTIC: [8] Undefined index: user /home/wwwroot/pay/domain/hzf.xiaohouzhi.com/web/App/Common/Controller/AdminBaseController.class.php 第 79 行.
NOTIC: [8] Undefined index: user /home/wwwroot/pay/domain/hzf.xiaohouzhi.com/web/App/Common/Controller/AdminBaseController.class.php 第 79 行.
NOTIC: [8] Undefined index: user /home/wwwroot/pay/domain/hzf.xiaohouzhi.com/web/App/Common/Controller/AdminBaseController.class.php 第 79 行.
NOTIC: [8] Undefined index: user /home/wwwroot/pay/domain/hzf.xiaohouzhi.com/web/App/Common/Controller/AdminBaseController.class.php 第 79 行.
NOTIC: [8] Undefined index: user /home/wwwroot/pay/domain/hzf.xiaohouzhi.com/web/App/Common/Controller/AdminBaseController.class.php 第 79 行.
INFO: [ view_parse ] --START--
INFO: [ template_filter ] --START--
INFO: Run Behavior\ContentReplaceBehavior [ RunTime:0.000045s ]
INFO: [ template_filter ] --END-- [ RunTime:0.000092s ]
INFO: Run Behavior\ParseTemplateBehavior [ RunTime:0.005444s ]
INFO: [ view_parse ] --END-- [ RunTime:0.005481s ]
INFO: [ view_filter ] --START--
INFO: Run Behavior\WriteHtmlCacheBehavior [ RunTime:0.000155s ]
INFO: Run Behavior\TokenBuildBehavior [ RunTime:0.000228s ]
INFO: [ view_filter ] --END-- [ RunTime:0.000430s ]
INFO: [ app_end ] --START--
INFO: Run Behavior\ShowPageTraceBehavior [ RunTime:0.000346s ]
INFO: [ app_end ] --END-- [ RunTime:0.000379s ]

[ 2019-10-11T01:27:27+08:00 ] 42.236.10.84 /console/Login/load_verify
INFO: [ app_init ] --START--
INFO: Run Behavior\BuildLiteBehavior [ RunTime:0.000012s ]
INFO: [ app_init ] --END-- [ RunTime:0.000275s ]
INFO: [ app_begin ] --START--
INFO: Run Behavior\ReadHtmlCacheBehavior [ RunTime:0.000424s ]
INFO: [ app_begin ] --END-- [ RunTime:0.000478s ]
NOTIC: [8] Undefined index: user /home/wwwroot/pay/domain/hzf.xiaohouzhi.com/web/App/Common/Controller/AdminBaseController.class.php 第 45 行.
NOTIC: [8] Undefined index: user /home/wwwroot/pay/domain/hzf.xiaohouzhi.com/web/App/Common/Controller/AdminBaseController.class.php 第 79 行.
NOTIC: [8] Undefined index: user /home/wwwroot/pay/domain/hzf.xiaohouzhi.com/web/App/Common/Controller/AdminBaseController.class.php 第 79 行.
NOTIC: [8] Undefined index: user /home/wwwroot/pay/domain/hzf.xiaohouzhi.com/web/App/Common/Controller/AdminBaseController.class.php 第 79 行.
NOTIC: [8] Undefined index: user /home/wwwroot/pay/domain/hzf.xiaohouzhi.com/web/App/Common/Controller/AdminBaseController.class.php 第 79 行.
NOTIC: [8] Undefined index: user /home/wwwroot/pay/domain/hzf.xiaohouzhi.com/web/App/Common/Controller/AdminBaseController.class.php 第 79 行.
NOTIC: [8] Undefined index: user /home/wwwroot/pay/domain/hzf.xiaohouzhi.com/web/App/Common/Controller/AdminBaseController.class.php 第 79 行.
NOTIC: [8] Undefined index: user /home/wwwroot/pay/domain/hzf.xiaohouzhi.com/web/App/Common/Controller/AdminBaseController.class.php 第 79 行.
NOTIC: [8] Undefined index: user /home/wwwroot/pay/domain/hzf.xiaohouzhi.com/web/App/Common/Controller/AdminBaseController.class.php 第 79 行.
NOTIC: [8] Undefined index: user /home/wwwroot/pay/domain/hzf.xiaohouzhi.com/web/App/Common/Controller/AdminBaseController.class.php 第 79 行.
NOTIC: [8] Undefined index: user /home/wwwroot/pay/domain/hzf.xiaohouzhi.com/web/App/Common/Controller/AdminBaseController.class.php 第 79 行.
INFO: [ app_end ] --START--
INFO: Run Behavior\ShowPageTraceBehavior [ RunTime:0.000418s ]
INFO: [ app_end ] --END-- [ RunTime:0.000489s ]

[ 2019-10-11T02:00:30+08:00 ] 59.36.119.226 /console/Index/index
INFO: [ app_init ] --START--
INFO: Run Behavior\BuildLiteBehavior [ RunTime:0.000014s ]
INFO: [ app_init ] --END-- [ RunTime:0.000260s ]
INFO: [ app_begin ] --START--
INFO: Run Behavior\ReadHtmlCacheBehavior [ RunTime:0.000282s ]
INFO: [ app_begin ] --END-- [ RunTime:0.000318s ]
INFO: [ view_parse ] --START--
INFO: [ template_filter ] --START--
INFO: Run Behavior\ContentReplaceBehavior [ RunTime:0.000050s ]
INFO: [ template_filter ] --END-- [ RunTime:0.000093s ]
INFO: Run Behavior\ParseTemplateBehavior [ RunTime:0.004881s ]
INFO: [ view_parse ] --END-- [ RunTime:0.004929s ]
INFO: [ view_filter ] --START--
INFO: Run Behavior\WriteHtmlCacheBehavior [ RunTime:0.000110s ]
INFO: Run Behavior\TokenBuildBehavior [ RunTime:0.000249s ]
INFO: [ view_filter ] --END-- [ RunTime:0.000416s ]

[ 2019-10-11T02:07:38+08:00 ] 42.236.10.75 /console/Index/index
INFO: [ app_init ] --START--
INFO: Run Behavior\BuildLiteBehavior [ RunTime:0.000011s ]
INFO: [ app_init ] --END-- [ RunTime:0.000224s ]
INFO: [ app_begin ] --START--
INFO: Run Behavior\ReadHtmlCacheBehavior [ RunTime:0.000312s ]
INFO: [ app_begin ] --END-- [ RunTime:0.000341s ]
INFO: [ view_parse ] --START--
INFO: [ template_filter ] --START--
INFO: Run Behavior\ContentReplaceBehavior [ RunTime:0.000055s ]
INFO: [ template_filter ] --END-- [ RunTime:0.000128s ]
INFO: Run Behavior\ParseTemplateBehavior [ RunTime:0.005876s ]
INFO: [ view_parse ] --END-- [ RunTime:0.005941s ]
INFO: [ view_filter ] --START--
INFO: Run Behavior\WriteHtmlCacheBehavior [ RunTime:0.000138s ]
INFO: Run Behavior\TokenBuildBehavior [ RunTime:0.000302s ]
INFO: [ view_filter ] --END-- [ RunTime:0.000517s ]

[ 2019-10-11T02:08:08+08:00 ] 42.236.10.78 /console/Login/index/callurl/L2NvbnNvbGUvSW5kZXgvaW5kZXg%3D
INFO: [ app_init ] --START--
INFO: Run Behavior\BuildLiteBehavior [ RunTime:0.000016s ]
INFO: [ app_init ] --END-- [ RunTime:0.000336s ]
INFO: [ app_begin ] --START--
INFO: Run Behavior\ReadHtmlCacheBehavior [ RunTime:0.000446s ]
INFO: [ app_begin ] --END-- [ RunTime:0.000502s ]
NOTIC: [8] Undefined index: user /home/wwwroot/pay/domain/hzf.xiaohouzhi.com/web/App/Common/Controller/AdminBaseController.class.php 第 45 行.
NOTIC: [8] Undefined index: user /home/wwwroot/pay/domain/hzf.xiaohouzhi.com/web/App/Common/Controller/AdminBaseController.class.php 第 79 行.
NOTIC: [8] Undefined index: user /home/wwwroot/pay/domain/hzf.xiaohouzhi.com/web/App/Common/Controller/AdminBaseController.class.php 第 79 行.
NOTIC: [8] Undefined index: user /home/wwwroot/pay/domain/hzf.xiaohouzhi.com/web/App/Common/Controller/AdminBaseController.class.php 第 79 行.
NOTIC: [8] Undefined index: user /home/wwwroot/pay/domain/hzf.xiaohouzhi.com/web/App/Common/Controller/AdminBaseController.class.php 第 79 行.
NOTIC: [8] Undefined index: user /home/wwwroot/pay/domain/hzf.xiaohouzhi.com/web/App/Common/Controller/AdminBaseController.class.php 第 79 行.
NOTIC: [8] Undefined index: user /home/wwwroot/pay/domain/hzf.xiaohouzhi.com/web/App/Common/Controller/AdminBaseController.class.php 第 79 行.
NOTIC: [8] Undefined index: user /home/wwwroot/pay/domain/hzf.xiaohouzhi.com/web/App/Common/Controller/AdminBaseController.class.php 第 79 行.
NOTIC: [8] Undefined index: user /home/wwwroot/pay/domain/hzf.xiaohouzhi.com/web/App/Common/Controller/AdminBaseController.class.php 第 79 行.
NOTIC: [8] Undefined index: user /home/wwwroot/pay/domain/hzf.xiaohouzhi.com/web/App/Common/Controller/AdminBaseController.class.php 第 79 行.
NOTIC: [8] Undefined index: user /home/wwwroot/pay/domain/hzf.xiaohouzhi.com/web/App/Common/Controller/AdminBaseController.class.php 第 79 行.
INFO: [ view_parse ] --START--
INFO: [ template_filter ] --START--
INFO: Run Behavior\ContentReplaceBehavior [ RunTime:0.000062s ]
INFO: [ template_filter ] --END-- [ RunTime:0.000118s ]
INFO: Run Behavior\ParseTemplateBehavior [ RunTime:0.007843s ]
INFO: [ view_parse ] --END-- [ RunTime:0.007891s ]
INFO: [ view_filter ] --START--
INFO: Run Behavior\WriteHtmlCacheBehavior [ RunTime:0.000137s ]
INFO: Run Behavior\TokenBuildBehavior [ RunTime:0.000222s ]
INFO: [ view_filter ] --END-- [ RunTime:0.000416s ]
INFO: [ app_end ] --START--
INFO: Run Behavior\ShowPageTraceBehavior [ RunTime:0.000453s ]
INFO: [ app_end ] --END-- [ RunTime:0.000496s ]

[ 2019-10-11T02:08:13+08:00 ] 42.236.10.84 /console/Index/index
INFO: [ app_init ] --START--
INFO: Run Behavior\BuildLiteBehavior [ RunTime:0.000015s ]
INFO: [ app_init ] --END-- [ RunTime:0.000337s ]
INFO: [ app_begin ] --START--
INFO: Run Behavior\ReadHtmlCacheBehavior [ RunTime:0.000312s ]
INFO: [ app_begin ] --END-- [ RunTime:0.000353s ]
INFO: [ view_parse ] --START--
INFO: [ template_filter ] --START--
INFO: Run Behavior\ContentReplaceBehavior [ RunTime:0.000048s ]
INFO: [ template_filter ] --END-- [ RunTime:0.000095s ]
INFO: Run Behavior\ParseTemplateBehavior [ RunTime:0.004597s ]
INFO: [ view_parse ] --END-- [ RunTime:0.004646s ]
INFO: [ view_filter ] --START--
INFO: Run Behavior\WriteHtmlCacheBehavior [ RunTime:0.000092s ]
INFO: Run Behavior\TokenBuildBehavior [ RunTime:0.000192s ]
INFO: [ view_filter ] --END-- [ RunTime:0.000322s ]

[ 2019-10-11T02:08:17+08:00 ] 42.236.10.84 /console/Login/index/callurl/L2NvbnNvbGUvSW5kZXgvaW5kZXg%3D
INFO: [ app_init ] --START--
INFO: Run Behavior\BuildLiteBehavior [ RunTime:0.000014s ]
INFO: [ app_init ] --END-- [ RunTime:0.000245s ]
INFO: [ app_begin ] --START--
INFO: Run Behavior\ReadHtmlCacheBehavior [ RunTime:0.000291s ]
INFO: [ app_begin ] --END-- [ RunTime:0.000320s ]
NOTIC: [8] Undefined index: user /home/wwwroot/pay/domain/hzf.xiaohouzhi.com/web/App/Common/Controller/AdminBaseController.class.php 第 45 行.
NOTIC: [8] Undefined index: user /home/wwwroot/pay/domain/hzf.xiaohouzhi.com/web/App/Common/Controller/AdminBaseController.class.php 第 79 行.
NOTIC: [8] Undefined index: user /home/wwwroot/pay/domain/hzf.xiaohouzhi.com/web/App/Common/Controller/AdminBaseController.class.php 第 79 行.
NOTIC: [8] Undefined index: user /home/wwwroot/pay/domain/hzf.xiaohouzhi.com/web/App/Common/Controller/AdminBaseController.class.php 第 79 行.
NOTIC: [8] Undefined index: user /home/wwwroot/pay/domain/hzf.xiaohouzhi.com/web/App/Common/Controller/AdminBaseController.class.php 第 79 行.
NOTIC: [8] Undefined index: user /home/wwwroot/pay/domain/hzf.xiaohouzhi.com/web/App/Common/Controller/AdminBaseController.class.php 第 79 行.
NOTIC: [8] Undefined index: user /home/wwwroot/pay/domain/hzf.xiaohouzhi.com/web/App/Common/Controller/AdminBaseController.class.php 第 79 行.
NOTIC: [8] Undefined index: user /home/wwwroot/pay/domain/hzf.xiaohouzhi.com/web/App/Common/Controller/AdminBaseController.class.php 第 79 行.
NOTIC: [8] Undefined index: user /home/wwwroot/pay/domain/hzf.xiaohouzhi.com/web/App/Common/Controller/AdminBaseController.class.php 第 79 行.
NOTIC: [8] Undefined index: user /home/wwwroot/pay/domain/hzf.xiaohouzhi.com/web/App/Common/Controller/AdminBaseController.class.php 第 79 行.
NOTIC: [8] Undefined index: user /home/wwwroot/pay/domain/hzf.xiaohouzhi.com/web/App/Common/Controller/AdminBaseController.class.php 第 79 行.
INFO: [ view_parse ] --START--
INFO: [ template_filter ] --START--
INFO: Run Behavior\ContentReplaceBehavior [ RunTime:0.000066s ]
INFO: [ template_filter ] --END-- [ RunTime:0.000130s ]
INFO: Run Behavior\ParseTemplateBehavior [ RunTime:0.008022s ]
INFO: [ view_parse ] --END-- [ RunTime:0.008087s ]
INFO: [ view_filter ] --START--
INFO: Run Behavior\WriteHtmlCacheBehavior [ RunTime:0.000147s ]
INFO: Run Behavior\TokenBuildBehavior [ RunTime:0.000322s ]
INFO: [ view_filter ] --END-- [ RunTime:0.000529s ]
INFO: [ app_end ] --START--
INFO: Run Behavior\ShowPageTraceBehavior [ RunTime:0.000447s ]
INFO: [ app_end ] --END-- [ RunTime:0.000493s ]

[ 2019-10-11T02:08:17+08:00 ] 42.236.10.84 /console/Login/load_verify
INFO: [ app_init ] --START--
INFO: Run Behavior\BuildLiteBehavior [ RunTime:0.000011s ]
INFO: [ app_init ] --END-- [ RunTime:0.000216s ]
INFO: [ app_begin ] --START--
INFO: Run Behavior\ReadHtmlCacheBehavior [ RunTime:0.000298s ]
INFO: [ app_begin ] --END-- [ RunTime:0.000328s ]
NOTIC: [8] Undefined index: user /home/wwwroot/pay/domain/hzf.xiaohouzhi.com/web/App/Common/Controller/AdminBaseController.class.php 第 45 行.
NOTIC: [8] Undefined index: user /home/wwwroot/pay/domain/hzf.xiaohouzhi.com/web/App/Common/Controller/AdminBaseController.class.php 第 79 行.
NOTIC: [8] Undefined index: user /home/wwwroot/pay/domain/hzf.xiaohouzhi.com/web/App/Common/Controller/AdminBaseController.class.php 第 79 行.
NOTIC: [8] Undefined index: user /home/wwwroot/pay/domain/hzf.xiaohouzhi.com/web/App/Common/Controller/AdminBaseController.class.php 第 79 行.
NOTIC: [8] Undefined index: user /home/wwwroot/pay/domain/hzf.xiaohouzhi.com/web/App/Common/Controller/AdminBaseController.class.php 第 79 行.
NOTIC: [8] Undefined index: user /home/wwwroot/pay/domain/hzf.xiaohouzhi.com/web/App/Common/Controller/AdminBaseController.class.php 第 79 行.
NOTIC: [8] Undefined index: user /home/wwwroot/pay/domain/hzf.xiaohouzhi.com/web/App/Common/Controller/AdminBaseController.class.php 第 79 行.
NOTIC: [8] Undefined index: user /home/wwwroot/pay/domain/hzf.xiaohouzhi.com/web/App/Common/Controller/AdminBaseController.class.php 第 79 行.
NOTIC: [8] Undefined index: user /home/wwwroot/pay/domain/hzf.xiaohouzhi.com/web/App/Common/Controller/AdminBaseController.class.php 第 79 行.
NOTIC: [8] Undefined index: user /home/wwwroot/pay/domain/hzf.xiaohouzhi.com/web/App/Common/Controller/AdminBaseController.class.php 第 79 行.
NOTIC: [8] Undefined index: user /home/wwwroot/pay/domain/hzf.xiaohouzhi.com/web/App/Common/Controller/AdminBaseController.class.php 第 79 行.
INFO: [ app_end ] --START--
INFO: Run Behavior\ShowPageTraceBehavior [ RunTime:0.000411s ]
INFO: [ app_end ] --END-- [ RunTime:0.000466s ]

[ 2019-10-11T16:44:04+08:00 ] 125.118.218.181 /console/Index/index
INFO: [ app_init ] --START--
INFO: Run Behavior\BuildLiteBehavior [ RunTime:0.000012s ]
INFO: [ app_init ] --END-- [ RunTime:0.000279s ]
INFO: [ app_begin ] --START--
INFO: Run Behavior\ReadHtmlCacheBehavior [ RunTime:0.000313s ]
INFO: [ app_begin ] --END-- [ RunTime:0.000355s ]
INFO: [ view_parse ] --START--
INFO: [ template_filter ] --START--
INFO: Run Behavior\ContentReplaceBehavior [ RunTime:0.000070s ]
INFO: [ template_filter ] --END-- [ RunTime:0.000129s ]
INFO: Run Behavior\ParseTemplateBehavior [ RunTime:0.005375s ]
INFO: [ view_parse ] --END-- [ RunTime:0.005428s ]
INFO: [ view_filter ] --START--
INFO: Run Behavior\WriteHtmlCacheBehavior [ RunTime:0.000110s ]
INFO: Run Behavior\TokenBuildBehavior [ RunTime:0.000245s ]
INFO: [ view_filter ] --END-- [ RunTime:0.000424s ]

[ 2019-10-11T16:44:06+08:00 ] 125.118.218.181 /console/Login/index/callurl/L2NvbnNvbGUvSW5kZXgvaW5kZXg%3D
INFO: [ app_init ] --START--
INFO: Run Behavior\BuildLiteBehavior [ RunTime:0.000015s ]
INFO: [ app_init ] --END-- [ RunTime:0.000359s ]
INFO: [ app_begin ] --START--
INFO: Run Behavior\ReadHtmlCacheBehavior [ RunTime:0.000428s ]
INFO: [ app_begin ] --END-- [ RunTime:0.000477s ]
NOTIC: [8] Undefined index: user /home/wwwroot/pay/domain/hzf.xiaohouzhi.com/web/App/Common/Controller/AdminBaseController.class.php 第 45 行.
NOTIC: [8] Undefined index: user /home/wwwroot/pay/domain/hzf.xiaohouzhi.com/web/App/Common/Controller/AdminBaseController.class.php 第 79 行.
NOTIC: [8] Undefined index: user /home/wwwroot/pay/domain/hzf.xiaohouzhi.com/web/App/Common/Controller/AdminBaseController.class.php 第 79 行.
NOTIC: [8] Undefined index: user /home/wwwroot/pay/domain/hzf.xiaohouzhi.com/web/App/Common/Controller/AdminBaseController.class.php 第 79 行.
NOTIC: [8] Undefined index: user /home/wwwroot/pay/domain/hzf.xiaohouzhi.com/web/App/Common/Controller/AdminBaseController.class.php 第 79 行.
NOTIC: [8] Undefined index: user /home/wwwroot/pay/domain/hzf.xiaohouzhi.com/web/App/Common/Controller/AdminBaseController.class.php 第 79 行.
NOTIC: [8] Undefined index: user /home/wwwroot/pay/domain/hzf.xiaohouzhi.com/web/App/Common/Controller/AdminBaseController.class.php 第 79 行.
NOTIC: [8] Undefined index: user /home/wwwroot/pay/domain/hzf.xiaohouzhi.com/web/App/Common/Controller/AdminBaseController.class.php 第 79 行.
NOTIC: [8] Undefined index: user /home/wwwroot/pay/domain/hzf.xiaohouzhi.com/web/App/Common/Controller/AdminBaseController.class.php 第 79 行.
NOTIC: [8] Undefined index: user /home/wwwroot/pay/domain/hzf.xiaohouzhi.com/web/App/Common/Controller/AdminBaseController.class.php 第 79 行.
NOTIC: [8] Undefined index: user /home/wwwroot/pay/domain/hzf.xiaohouzhi.com/web/App/Common/Controller/AdminBaseController.class.php 第 79 行.
INFO: [ view_parse ] --START--
INFO: [ template_filter ] --START--
INFO: Run Behavior\ContentReplaceBehavior [ RunTime:0.000058s ]
INFO: [ template_filter ] --END-- [ RunTime:0.000104s ]
INFO: Run Behavior\ParseTemplateBehavior [ RunTime:0.005759s ]
INFO: [ view_parse ] --END-- [ RunTime:0.005802s ]
INFO: [ view_filter ] --START--
INFO: Run Behavior\WriteHtmlCacheBehavior [ RunTime:0.000117s ]
INFO: Run Behavior\TokenBuildBehavior [ RunTime:0.000233s ]
INFO: [ view_filter ] --END-- [ RunTime:0.000399s ]
INFO: [ app_end ] --START--
INFO: Run Behavior\ShowPageTraceBehavior [ RunTime:0.000347s ]
INFO: [ app_end ] --END-- [ RunTime:0.000380s ]

[ 2019-10-11T16:44:06+08:00 ] 125.118.218.181 /console/Login/load_verify
INFO: [ app_init ] --START--
INFO: Run Behavior\BuildLiteBehavior [ RunTime:0.000013s ]
INFO: [ app_init ] --END-- [ RunTime:0.000240s ]
INFO: [ app_begin ] --START--
INFO: Run Behavior\ReadHtmlCacheBehavior [ RunTime:0.000305s ]
INFO: [ app_begin ] --END-- [ RunTime:0.000339s ]
NOTIC: [8] Undefined index: user /home/wwwroot/pay/domain/hzf.xiaohouzhi.com/web/App/Common/Controller/AdminBaseController.class.php 第 45 行.
NOTIC: [8] Undefined index: user /home/wwwroot/pay/domain/hzf.xiaohouzhi.com/web/App/Common/Controller/AdminBaseController.class.php 第 79 行.
NOTIC: [8] Undefined index: user /home/wwwroot/pay/domain/hzf.xiaohouzhi.com/web/App/Common/Controller/AdminBaseController.class.php 第 79 行.
NOTIC: [8] Undefined index: user /home/wwwroot/pay/domain/hzf.xiaohouzhi.com/web/App/Common/Controller/AdminBaseController.class.php 第 79 行.
NOTIC: [8] Undefined index: user /home/wwwroot/pay/domain/hzf.xiaohouzhi.com/web/App/Common/Controller/AdminBaseController.class.php 第 79 行.
NOTIC: [8] Undefined index: user /home/wwwroot/pay/domain/hzf.xiaohouzhi.com/web/App/Common/Controller/AdminBaseController.class.php 第 79 行.
NOTIC: [8] Undefined index: user /home/wwwroot/pay/domain/hzf.xiaohouzhi.com/web/App/Common/Controller/AdminBaseController.class.php 第 79 行.
NOTIC: [8] Undefined index: user /home/wwwroot/pay/domain/hzf.xiaohouzhi.com/web/App/Common/Controller/AdminBaseController.class.php 第 79 行.
NOTIC: [8] Undefined index: user /home/wwwroot/pay/domain/hzf.xiaohouzhi.com/web/App/Common/Controller/AdminBaseController.class.php 第 79 行.
NOTIC: [8] Undefined index: user /home/wwwroot/pay/domain/hzf.xiaohouzhi.com/web/App/Common/Controller/AdminBaseController.class.php 第 79 行.
NOTIC: [8] Undefined index: user /home/wwwroot/pay/domain/hzf.xiaohouzhi.com/web/App/Common/Controller/AdminBaseController.class.php 第 79 行.
INFO: [ app_end ] --START--
INFO: Run Behavior\ShowPageTraceBehavior [ RunTime:0.000403s ]
INFO: [ app_end ] --END-- [ RunTime:0.000465s ]

[ 2019-10-11T16:44:12+08:00 ] 125.118.218.181 /console/Login/index/callurl/L2NvbnNvbGUvSW5kZXgvaW5kZXg%3D
INFO: [ app_init ] --START--
INFO: Run Behavior\BuildLiteBehavior [ RunTime:0.000013s ]
INFO: [ app_init ] --END-- [ RunTime:0.000218s ]
INFO: [ app_begin ] --START--
INFO: Run Behavior\ReadHtmlCacheBehavior [ RunTime:0.000287s ]
INFO: [ app_begin ] --END-- [ RunTime:0.000315s ]
NOTIC: [8] Undefined index: user /home/wwwroot/pay/domain/hzf.xiaohouzhi.com/web/App/Common/Controller/AdminBaseController.class.php 第 45 行.
NOTIC: [8] Undefined index: user /home/wwwroot/pay/domain/hzf.xiaohouzhi.com/web/App/Common/Controller/AdminBaseController.class.php 第 79 行.
NOTIC: [8] Undefined index: user /home/wwwroot/pay/domain/hzf.xiaohouzhi.com/web/App/Common/Controller/AdminBaseController.class.php 第 79 行.
NOTIC: [8] Undefined index: user /home/wwwroot/pay/domain/hzf.xiaohouzhi.com/web/App/Common/Controller/AdminBaseController.class.php 第 79 行.
NOTIC: [8] Undefined index: user /home/wwwroot/pay/domain/hzf.xiaohouzhi.com/web/App/Common/Controller/AdminBaseController.class.php 第 79 行.
NOTIC: [8] Undefined index: user /home/wwwroot/pay/domain/hzf.xiaohouzhi.com/web/App/Common/Controller/AdminBaseController.class.php 第 79 行.
NOTIC: [8] Undefined index: user /home/wwwroot/pay/domain/hzf.xiaohouzhi.com/web/App/Common/Controller/AdminBaseController.class.php 第 79 行.
NOTIC: [8] Undefined index: user /home/wwwroot/pay/domain/hzf.xiaohouzhi.com/web/App/Common/Controller/AdminBaseController.class.php 第 79 行.
NOTIC: [8] Undefined index: user /home/wwwroot/pay/domain/hzf.xiaohouzhi.com/web/App/Common/Controller/AdminBaseController.class.php 第 79 行.
NOTIC: [8] Undefined index: user /home/wwwroot/pay/domain/hzf.xiaohouzhi.com/web/App/Common/Controller/AdminBaseController.class.php 第 79 行.
NOTIC: [8] Undefined index: user /home/wwwroot/pay/domain/hzf.xiaohouzhi.com/web/App/Common/Controller/AdminBaseController.class.php 第 79 行.

[ 2019-10-11T16:44:15+08:00 ] 125.118.218.181 /console/Index/index
INFO: [ app_init ] --START--
INFO: Run Behavior\BuildLiteBehavior [ RunTime:0.000012s ]
INFO: [ app_init ] --END-- [ RunTime:0.000266s ]
INFO: [ app_begin ] --START--
INFO: Run Behavior\ReadHtmlCacheBehavior [ RunTime:0.000307s ]
INFO: [ app_begin ] --END-- [ RunTime:0.000338s ]
INFO: [ view_parse ] --START--
INFO: [ template_filter ] --START--
INFO: Run Behavior\ContentReplaceBehavior [ RunTime:0.000118s ]
INFO: [ template_filter ] --END-- [ RunTime:0.000164s ]
INFO: Run Behavior\ParseTemplateBehavior [ RunTime:0.021714s ]
INFO: [ view_parse ] --END-- [ RunTime:0.021800s ]
INFO: [ view_filter ] --START--
INFO: Run Behavior\WriteHtmlCacheBehavior [ RunTime:0.000198s ]
INFO: Run Behavior\TokenBuildBehavior [ RunTime:0.000413s ]
INFO: [ view_filter ] --END-- [ RunTime:0.000665s ]
INFO: [ app_end ] --START--
INFO: Run Behavior\ShowPageTraceBehavior [ RunTime:0.000417s ]
INFO: [ app_end ] --END-- [ RunTime:0.000457s ]

[ 2019-10-11T17:13:35+08:00 ] 125.118.218.181 /console/Extends/weixin_list
INFO: [ app_init ] --START--
INFO: Run Behavior\BuildLiteBehavior [ RunTime:0.000015s ]
INFO: [ app_init ] --END-- [ RunTime:0.000325s ]
INFO: [ app_begin ] --START--
INFO: Run Behavior\ReadHtmlCacheBehavior [ RunTime:0.000315s ]
INFO: [ app_begin ] --END-- [ RunTime:0.000356s ]
INFO: [ view_parse ] --START--
NOTIC: [8] Undefined offset: 1 /home/wwwroot/pay/domain/hzf.xiaohouzhi.com/web/ThinkPHP/Library/Think/Template.class.php 第 527 行.
INFO: [ template_filter ] --START--
INFO: Run Behavior\ContentReplaceBehavior [ RunTime:0.000108s ]
INFO: [ template_filter ] --END-- [ RunTime:0.000155s ]
INFO: Run Behavior\ParseTemplateBehavior [ RunTime:0.015709s ]
INFO: [ view_parse ] --END-- [ RunTime:0.015757s ]
INFO: [ view_filter ] --START--
INFO: Run Behavior\WriteHtmlCacheBehavior [ RunTime:0.000190s ]
INFO: Run Behavior\TokenBuildBehavior [ RunTime:0.000281s ]
INFO: [ view_filter ] --END-- [ RunTime:0.000515s ]
INFO: [ app_end ] --START--
INFO: Run Behavior\ShowPageTraceBehavior [ RunTime:0.000436s ]
INFO: [ app_end ] --END-- [ RunTime:0.000478s ]

[ 2019-10-11T17:13:43+08:00 ] 125.118.218.181 /console/WeiXin/index/token/pcrBfgnAhmEnFcL
INFO: [ app_init ] --START--
INFO: Run Behavior\BuildLiteBehavior [ RunTime:0.000017s ]
INFO: [ app_init ] --END-- [ RunTime:0.000466s ]
INFO: [ app_begin ] --START--
INFO: Run Behavior\ReadHtmlCacheBehavior [ RunTime:0.000442s ]
INFO: [ app_begin ] --END-- [ RunTime:0.000492s ]
NOTIC: [8] Undefined offset: 1 /home/wwwroot/pay/domain/hzf.xiaohouzhi.com/web/App/Admin/Controller/WeiXinController.class.php 第 34 行.
NOTIC: [2] Invalid argument supplied for foreach() /home/wwwroot/pay/domain/hzf.xiaohouzhi.com/web/App/Admin/Controller/WeiXinController.class.php 第 34 行.
NOTIC: [8] Undefined offset: 154 /home/wwwroot/pay/domain/hzf.xiaohouzhi.com/web/App/Admin/Controller/WeiXinController.class.php 第 34 行.
NOTIC: [2] Invalid argument supplied for foreach() /home/wwwroot/pay/domain/hzf.xiaohouzhi.com/web/App/Admin/Controller/WeiXinController.class.php 第 34 行.
NOTIC: [8] Undefined offset: 289 /home/wwwroot/pay/domain/hzf.xiaohouzhi.com/web/App/Admin/Controller/WeiXinController.class.php 第 34 行.
NOTIC: [2] Invalid argument supplied for foreach() /home/wwwroot/pay/domain/hzf.xiaohouzhi.com/web/App/Admin/Controller/WeiXinController.class.php 第 34 行.
NOTIC: [8] Undefined offset: 156 /home/wwwroot/pay/domain/hzf.xiaohouzhi.com/web/App/Admin/Controller/WeiXinController.class.php 第 34 行.
NOTIC: [2] Invalid argument supplied for foreach() /home/wwwroot/pay/domain/hzf.xiaohouzhi.com/web/App/Admin/Controller/WeiXinController.class.php 第 34 行.
NOTIC: [8] Undefined offset: 176 /home/wwwroot/pay/domain/hzf.xiaohouzhi.com/web/App/Admin/Controller/WeiXinController.class.php 第 34 行.
NOTIC: [2] Invalid argument supplied for foreach() /home/wwwroot/pay/domain/hzf.xiaohouzhi.com/web/App/Admin/Controller/WeiXinController.class.php 第 34 行.
NOTIC: [8] Undefined offset: 180 /home/wwwroot/pay/domain/hzf.xiaohouzhi.com/web/App/Admin/Controller/WeiXinController.class.php 第 34 行.
NOTIC: [2] Invalid argument supplied for foreach() /home/wwwroot/pay/domain/hzf.xiaohouzhi.com/web/App/Admin/Controller/WeiXinController.class.php 第 34 行.
NOTIC: [8] Undefined offset: 183 /home/wwwroot/pay/domain/hzf.xiaohouzhi.com/web/App/Admin/Controller/WeiXinController.class.php 第 34 行.
NOTIC: [2] Invalid argument supplied for foreach() /home/wwwroot/pay/domain/hzf.xiaohouzhi.com/web/App/Admin/Controller/WeiXinController.class.php 第 34 行.
NOTIC: [8] Undefined offset: 6 /home/wwwroot/pay/domain/hzf.xiaohouzhi.com/web/App/Admin/Controller/WeiXinController.class.php 第 34 行.
NOTIC: [2] Invalid argument supplied for foreach() /home/wwwroot/pay/domain/hzf.xiaohouzhi.com/web/App/Admin/Controller/WeiXinController.class.php 第 34 行.
NOTIC: [8] Undefined offset: 239 /home/wwwroot/pay/domain/hzf.xiaohouzhi.com/web/App/Admin/Controller/WeiXinController.class.php 第 34 行.
NOTIC: [2] Invalid argument supplied for foreach() /home/wwwroot/pay/domain/hzf.xiaohouzhi.com/web/App/Admin/Controller/WeiXinController.class.php 第 34 行.
INFO: [ view_parse ] --START--
INFO: [ template_filter ] --START--
INFO: Run Behavior\ContentReplaceBehavior [ RunTime:0.000121s ]
INFO: [ template_filter ] --END-- [ RunTime:0.000171s ]
NOTIC: [8] Undefined variable: Time /home/wwwroot/pay/domain/hzf.xiaohouzhi.com/web/App/Runtime/Cache/Admin/cfd4586b459ba11214d24004c47e6220.php 第 217 行.
NOTIC: [8] Undefined variable: data /home/wwwroot/pay/domain/hzf.xiaohouzhi.com/web/App/Runtime/Cache/Admin/cfd4586b459ba11214d24004c47e6220.php 第 228 行.
NOTIC: [8] Undefined variable: Day /home/wwwroot/pay/domain/hzf.xiaohouzhi.com/web/App/Runtime/Cache/Admin/cfd4586b459ba11214d24004c47e6220.php 第 247 行.
NOTIC: [8] Undefined variable: Day /home/wwwroot/pay/domain/hzf.xiaohouzhi.com/web/App/Runtime/Cache/Admin/cfd4586b459ba11214d24004c47e6220.php 第 248 行.
NOTIC: [8] Undefined variable: Day /home/wwwroot/pay/domain/hzf.xiaohouzhi.com/web/App/Runtime/Cache/Admin/cfd4586b459ba11214d24004c47e6220.php 第 257 行.
NOTIC: [8] Undefined variable: Day /home/wwwroot/pay/domain/hzf.xiaohouzhi.com/web/App/Runtime/Cache/Admin/cfd4586b459ba11214d24004c47e6220.php 第 258 行.
NOTIC: [8] Undefined variable: Day /home/wwwroot/pay/domain/hzf.xiaohouzhi.com/web/App/Runtime/Cache/Admin/cfd4586b459ba11214d24004c47e6220.php 第 267 行.
NOTIC: [8] Undefined variable: Day /home/wwwroot/pay/domain/hzf.xiaohouzhi.com/web/App/Runtime/Cache/Admin/cfd4586b459ba11214d24004c47e6220.php 第 268 行.
NOTIC: [8] Undefined variable: Day /home/wwwroot/pay/domain/hzf.xiaohouzhi.com/web/App/Runtime/Cache/Admin/cfd4586b459ba11214d24004c47e6220.php 第 277 行.
NOTIC: [8] Undefined variable: Day /home/wwwroot/pay/domain/hzf.xiaohouzhi.com/web/App/Runtime/Cache/Admin/cfd4586b459ba11214d24004c47e6220.php 第 278 行.
NOTIC: [8] Undefined variable: Go /home/wwwroot/pay/domain/hzf.xiaohouzhi.com/web/App/Runtime/Cache/Admin/cfd4586b459ba11214d24004c47e6220.php 第 297 行.
NOTIC: [8] Undefined variable: Go /home/wwwroot/pay/domain/hzf.xiaohouzhi.com/web/App/Runtime/Cache/Admin/cfd4586b459ba11214d24004c47e6220.php 第 298 行.
NOTIC: [8] Undefined variable: Go /home/wwwroot/pay/domain/hzf.xiaohouzhi.com/web/App/Runtime/Cache/Admin/cfd4586b459ba11214d24004c47e6220.php 第 321 行.
NOTIC: [8] Undefined variable: Go /home/wwwroot/pay/domain/hzf.xiaohouzhi.com/web/App/Runtime/Cache/Admin/cfd4586b459ba11214d24004c47e6220.php 第 322 行.
NOTIC: [8] Undefined variable: Go /home/wwwroot/pay/domain/hzf.xiaohouzhi.com/web/App/Runtime/Cache/Admin/cfd4586b459ba11214d24004c47e6220.php 第 345 行.
NOTIC: [8] Undefined variable: Go /home/wwwroot/pay/domain/hzf.xiaohouzhi.com/web/App/Runtime/Cache/Admin/cfd4586b459ba11214d24004c47e6220.php 第 346 行.
NOTIC: [8] Undefined variable: Go /home/wwwroot/pay/domain/hzf.xiaohouzhi.com/web/App/Runtime/Cache/Admin/cfd4586b459ba11214d24004c47e6220.php 第 369 行.
NOTIC: [8] Undefined variable: Go /home/wwwroot/pay/domain/hzf.xiaohouzhi.com/web/App/Runtime/Cache/Admin/cfd4586b459ba11214d24004c47e6220.php 第 370 行.
NOTIC: [8] Undefined variable: Mch /home/wwwroot/pay/domain/hzf.xiaohouzhi.com/web/App/Runtime/Cache/Admin/cfd4586b459ba11214d24004c47e6220.php 第 482 行.
NOTIC: [8] Undefined variable: Mch /home/wwwroot/pay/domain/hzf.xiaohouzhi.com/web/App/Runtime/Cache/Admin/cfd4586b459ba11214d24004c47e6220.php 第 483 行.
NOTIC: [8] Undefined variable: To /home/wwwroot/pay/domain/hzf.xiaohouzhi.com/web/App/Runtime/Cache/Admin/cfd4586b459ba11214d24004c47e6220.php 第 516 行.
NOTIC: [8] Undefined variable: To /home/wwwroot/pay/domain/hzf.xiaohouzhi.com/web/App/Runtime/Cache/Admin/cfd4586b459ba11214d24004c47e6220.php 第 517 行.
NOTIC: [8] Undefined variable: To /home/wwwroot/pay/domain/hzf.xiaohouzhi.com/web/App/Runtime/Cache/Admin/cfd4586b459ba11214d24004c47e6220.php 第 518 行.
NOTIC: [8] Undefined variable: To /home/wwwroot/pay/domain/hzf.xiaohouzhi.com/web/App/Runtime/Cache/Admin/cfd4586b459ba11214d24004c47e6220.php 第 519 行.
NOTIC: [8] Undefined variable: To /home/wwwroot/pay/domain/hzf.xiaohouzhi.com/web/App/Runtime/Cache/Admin/cfd4586b459ba11214d24004c47e6220.php 第 520 行.
NOTIC: [8] Undefined variable: To /home/wwwroot/pay/domain/hzf.xiaohouzhi.com/web/App/Runtime/Cache/Admin/cfd4586b459ba11214d24004c47e6220.php 第 521 行.
NOTIC: [8] Undefined variable: To /home/wwwroot/pay/domain/hzf.xiaohouzhi.com/web/App/Runtime/Cache/Admin/cfd4586b459ba11214d24004c47e6220.php 第 522 行.
NOTIC: [8] Undefined variable: To /home/wwwroot/pay/domain/hzf.xiaohouzhi.com/web/App/Runtime/Cache/Admin/cfd4586b459ba11214d24004c47e6220.php 第 523 行.
NOTIC: [8] Undefined variable: To /home/wwwroot/pay/domain/hzf.xiaohouzhi.com/web/App/Runtime/Cache/Admin/cfd4586b459ba11214d24004c47e6220.php 第 524 行.
NOTIC: [8] Undefined variable: Mon /home/wwwroot/pay/domain/hzf.xiaohouzhi.com/web/App/Runtime/Cache/Admin/cfd4586b459ba11214d24004c47e6220.php 第 539 行.
NOTIC: [8] Undefined variable: Mon /home/wwwroot/pay/domain/hzf.xiaohouzhi.com/web/App/Runtime/Cache/Admin/cfd4586b459ba11214d24004c47e6220.php 第 540 行.
NOTIC: [8] Undefined variable: Mon /home/wwwroot/pay/domain/hzf.xiaohouzhi.com/web/App/Runtime/Cache/Admin/cfd4586b459ba11214d24004c47e6220.php 第 541 行.
NOTIC: [8] Undefined variable: Mon /home/wwwroot/pay/domain/hzf.xiaohouzhi.com/web/App/Runtime/Cache/Admin/cfd4586b459ba11214d24004c47e6220.php 第 542 行.
NOTIC: [8] Undefined variable: Mon /home/wwwroot/pay/domain/hzf.xiaohouzhi.com/web/App/Runtime/Cache/Admin/cfd4586b459ba11214d24004c47e6220.php 第 543 行.
NOTIC: [8] Undefined variable: Mon /home/wwwroot/pay/domain/hzf.xiaohouzhi.com/web/App/Runtime/Cache/Admin/cfd4586b459ba11214d24004c47e6220.php 第 544 行.
NOTIC: [8] Undefined variable: Mon /home/wwwroot/pay/domain/hzf.xiaohouzhi.com/web/App/Runtime/Cache/Admin/cfd4586b459ba11214d24004c47e6220.php 第 545 行.
NOTIC: [8] Undefined variable: Mon /home/wwwroot/pay/domain/hzf.xiaohouzhi.com/web/App/Runtime/Cache/Admin/cfd4586b459ba11214d24004c47e6220.php 第 546 行.
NOTIC: [8] Undefined variable: Mon /home/wwwroot/pay/domain/hzf.xiaohouzhi.com/web/App/Runtime/Cache/Admin/cfd4586b459ba11214d24004c47e6220.php 第 547 行.
NOTIC: [8] Undefined variable: Mon /home/wwwroot/pay/domain/hzf.xiaohouzhi.com/web/App/Runtime/Cache/Admin/cfd4586b459ba11214d24004c47e6220.php 第 548 行.
INFO: Run Behavior\ParseTemplateBehavior [ RunTime:0.021673s ]
INFO: [ view_parse ] --END-- [ RunTime:0.021720s ]
INFO: [ view_filter ] --START--
INFO: Run Behavior\WriteHtmlCacheBehavior [ RunTime:0.000160s ]
INFO: Run Behavior\TokenBuildBehavior [ RunTime:0.000493s ]
INFO: [ view_filter ] --END-- [ RunTime:0.000713s ]
INFO: [ app_end ] --START--
INFO: Run Behavior\ShowPageTraceBehavior [ RunTime:0.000479s ]
INFO: [ app_end ] --END-- [ RunTime:0.000524s ]

[ 2019-10-11T17:55:52+08:00 ] 125.118.218.181 /console/Index/index
INFO: [ app_init ] --START--
INFO: Run Behavior\BuildLiteBehavior [ RunTime:0.000013s ]
INFO: [ app_init ] --END-- [ RunTime:0.000287s ]
INFO: [ app_begin ] --START--
INFO: Run Behavior\ReadHtmlCacheBehavior [ RunTime:0.000314s ]
INFO: [ app_begin ] --END-- [ RunTime:0.000355s ]
INFO: [ view_parse ] --START--
INFO: [ template_filter ] --START--
INFO: Run Behavior\ContentReplaceBehavior [ RunTime:0.000175s ]
INFO: [ template_filter ] --END-- [ RunTime:0.000249s ]
INFO: Run Behavior\ParseTemplateBehavior [ RunTime:0.026127s ]
INFO: [ view_parse ] --END-- [ RunTime:0.026212s ]
INFO: [ view_filter ] --START--
INFO: Run Behavior\WriteHtmlCacheBehavior [ RunTime:0.000198s ]
INFO: Run Behavior\TokenBuildBehavior [ RunTime:0.000520s ]
INFO: [ view_filter ] --END-- [ RunTime:0.000784s ]
INFO: [ app_end ] --START--
INFO: Run Behavior\ShowPageTraceBehavior [ RunTime:0.000506s ]
INFO: [ app_end ] --END-- [ RunTime:0.000552s ]

[ 2019-10-11T17:56:06+08:00 ] 125.118.218.181 /console/Merchant/Auditing
INFO: [ app_init ] --START--
INFO: Run Behavior\BuildLiteBehavior [ RunTime:0.000012s ]
INFO: [ app_init ] --END-- [ RunTime:0.000301s ]
INFO: [ app_begin ] --START--
INFO: Run Behavior\ReadHtmlCacheBehavior [ RunTime:0.000334s ]
INFO: [ app_begin ] --END-- [ RunTime:0.000382s ]
INFO: [ view_parse ] --START--
NOTIC: [8] Undefined offset: 1 /home/wwwroot/pay/domain/hzf.xiaohouzhi.com/web/ThinkPHP/Library/Think/Template.class.php 第 527 行.
INFO: [ template_filter ] --START--
INFO: Run Behavior\ContentReplaceBehavior [ RunTime:0.000110s ]
INFO: [ template_filter ] --END-- [ RunTime:0.000169s ]
NOTIC: [8] Undefined index: status /home/wwwroot/pay/domain/hzf.xiaohouzhi.com/web/App/Runtime/Cache/Admin/1bc1b789fdf3443e7e86474e0b077b04.php 第 182 行.
NOTIC: [8] Undefined index: status /home/wwwroot/pay/domain/hzf.xiaohouzhi.com/web/App/Runtime/Cache/Admin/1bc1b789fdf3443e7e86474e0b077b04.php 第 183 行.
NOTIC: [8] Undefined index: status /home/wwwroot/pay/domain/hzf.xiaohouzhi.com/web/App/Runtime/Cache/Admin/1bc1b789fdf3443e7e86474e0b077b04.php 第 184 行.
INFO: Run Behavior\ParseTemplateBehavior [ RunTime:0.017962s ]
INFO: [ view_parse ] --END-- [ RunTime:0.018015s ]
INFO: [ view_filter ] --START--
INFO: Run Behavior\WriteHtmlCacheBehavior [ RunTime:0.000185s ]
INFO: Run Behavior\TokenBuildBehavior [ RunTime:0.000491s ]
INFO: [ view_filter ] --END-- [ RunTime:0.000727s ]
INFO: [ app_end ] --START--
INFO: Run Behavior\ShowPageTraceBehavior [ RunTime:0.000383s ]
INFO: [ app_end ] --END-- [ RunTime:0.000420s ]

[ 2019-10-11T17:56:14+08:00 ] 125.118.218.181 /console/Merchant/Auditing/status/ref
INFO: [ app_init ] --START--
INFO: Run Behavior\BuildLiteBehavior [ RunTime:0.000012s ]
INFO: [ app_init ] --END-- [ RunTime:0.000258s ]
INFO: [ app_begin ] --START--
INFO: Run Behavior\ReadHtmlCacheBehavior [ RunTime:0.000318s ]
INFO: [ app_begin ] --END-- [ RunTime:0.000358s ]
INFO: [ view_parse ] --START--
NOTIC: [8] Undefined offset: 1 /home/wwwroot/pay/domain/hzf.xiaohouzhi.com/web/ThinkPHP/Library/Think/Template.class.php 第 527 行.
INFO: [ template_filter ] --START--
INFO: Run Behavior\ContentReplaceBehavior [ RunTime:0.000114s ]
INFO: [ template_filter ] --END-- [ RunTime:0.000167s ]
INFO: Run Behavior\ParseTemplateBehavior [ RunTime:0.016115s ]
INFO: [ view_parse ] --END-- [ RunTime:0.016168s ]
INFO: [ view_filter ] --START--
INFO: Run Behavior\WriteHtmlCacheBehavior [ RunTime:0.000163s ]
INFO: Run Behavior\TokenBuildBehavior [ RunTime:0.000343s ]
INFO: [ view_filter ] --END-- [ RunTime:0.000546s ]
INFO: [ app_end ] --START--
INFO: Run Behavior\ShowPageTraceBehavior [ RunTime:0.000335s ]
INFO: [ app_end ] --END-- [ RunTime:0.000365s ]

[ 2019-10-11T17:56:16+08:00 ] 125.118.218.181 /console/Merchant/Auditing
INFO: [ app_init ] --START--
INFO: Run Behavior\BuildLiteBehavior [ RunTime:0.000016s ]
INFO: [ app_init ] --END-- [ RunTime:0.000275s ]
INFO: [ app_begin ] --START--
INFO: Run Behavior\ReadHtmlCacheBehavior [ RunTime:0.000305s ]
INFO: [ app_begin ] --END-- [ RunTime:0.000351s ]
INFO: [ view_parse ] --START--
NOTIC: [8] Undefined offset: 1 /home/wwwroot/pay/domain/hzf.xiaohouzhi.com/web/ThinkPHP/Library/Think/Template.class.php 第 527 行.
INFO: [ template_filter ] --START--
INFO: Run Behavior\ContentReplaceBehavior [ RunTime:0.000088s ]
INFO: [ template_filter ] --END-- [ RunTime:0.000131s ]
NOTIC: [8] Undefined index: status /home/wwwroot/pay/domain/hzf.xiaohouzhi.com/web/App/Runtime/Cache/Admin/1bc1b789fdf3443e7e86474e0b077b04.php 第 182 行.
NOTIC: [8] Undefined index: status /home/wwwroot/pay/domain/hzf.xiaohouzhi.com/web/App/Runtime/Cache/Admin/1bc1b789fdf3443e7e86474e0b077b04.php 第 183 行.
NOTIC: [8] Undefined index: status /home/wwwroot/pay/domain/hzf.xiaohouzhi.com/web/App/Runtime/Cache/Admin/1bc1b789fdf3443e7e86474e0b077b04.php 第 184 行.
INFO: Run Behavior\ParseTemplateBehavior [ RunTime:0.019296s ]
INFO: [ view_parse ] --END-- [ RunTime:0.019353s ]
INFO: [ view_filter ] --START--
INFO: Run Behavior\WriteHtmlCacheBehavior [ RunTime:0.000159s ]
INFO: Run Behavior\TokenBuildBehavior [ RunTime:0.000418s ]
INFO: [ view_filter ] --END-- [ RunTime:0.000630s ]
INFO: [ app_end ] --START--
INFO: Run Behavior\ShowPageTraceBehavior [ RunTime:0.000472s ]
INFO: [ app_end ] --END-- [ RunTime:0.000514s ]

[ 2019-10-11T17:56:17+08:00 ] 125.118.218.181 /console/Merchant/Auditing/status/ref
INFO: [ app_init ] --START--
INFO: Run Behavior\BuildLiteBehavior [ RunTime:0.000015s ]
INFO: [ app_init ] --END-- [ RunTime:0.000325s ]
INFO: [ app_begin ] --START--
INFO: Run Behavior\ReadHtmlCacheBehavior [ RunTime:0.000457s ]
INFO: [ app_begin ] --END-- [ RunTime:0.000510s ]
INFO: [ view_parse ] --START--
NOTIC: [8] Undefined offset: 1 /home/wwwroot/pay/domain/hzf.xiaohouzhi.com/web/ThinkPHP/Library/Think/Template.class.php 第 527 行.
INFO: [ template_filter ] --START--
INFO: Run Behavior\ContentReplaceBehavior [ RunTime:0.000137s ]
INFO: [ template_filter ] --END-- [ RunTime:0.000213s ]
INFO: Run Behavior\ParseTemplateBehavior [ RunTime:0.023429s ]
INFO: [ view_parse ] --END-- [ RunTime:0.023507s ]
INFO: [ view_filter ] --START--
INFO: Run Behavior\WriteHtmlCacheBehavior [ RunTime:0.000205s ]
INFO: Run Behavior\TokenBuildBehavior [ RunTime:0.000434s ]
INFO: [ view_filter ] --END-- [ RunTime:0.000695s ]
INFO: [ app_end ] --START--
INFO: Run Behavior\ShowPageTraceBehavior [ RunTime:0.000443s ]
INFO: [ app_end ] --END-- [ RunTime:0.000482s ]

[ 2019-10-11T17:56:23+08:00 ] 125.118.218.181 /console/Merchant/Auditing/status/all
INFO: [ app_init ] --START--
INFO: Run Behavior\BuildLiteBehavior [ RunTime:0.000016s ]
INFO: [ app_init ] --END-- [ RunTime:0.000338s ]
INFO: [ app_begin ] --START--
INFO: Run Behavior\ReadHtmlCacheBehavior [ RunTime:0.000403s ]
INFO: [ app_begin ] --END-- [ RunTime:0.000446s ]
INFO: [ view_parse ] --START--
NOTIC: [8] Undefined offset: 1 /home/wwwroot/pay/domain/hzf.xiaohouzhi.com/web/ThinkPHP/Library/Think/Template.class.php 第 527 行.
INFO: [ template_filter ] --START--
INFO: Run Behavior\ContentReplaceBehavior [ RunTime:0.000123s ]
INFO: [ template_filter ] --END-- [ RunTime:0.000181s ]
INFO: Run Behavior\ParseTemplateBehavior [ RunTime:0.017150s ]
INFO: [ view_parse ] --END-- [ RunTime:0.017202s ]
INFO: [ view_filter ] --START--
INFO: Run Behavior\WriteHtmlCacheBehavior [ RunTime:0.000237s ]
INFO: Run Behavior\TokenBuildBehavior [ RunTime:0.000407s ]
INFO: [ view_filter ] --END-- [ RunTime:0.000695s ]
INFO: [ app_end ] --START--
INFO: Run Behavior\ShowPageTraceBehavior [ RunTime:0.000487s ]
INFO: [ app_end ] --END-- [ RunTime:0.000523s ]

[ 2019-10-11T17:56:24+08:00 ] 125.118.218.181 /console/Merchant/Auditing
INFO: [ app_init ] --START--
INFO: Run Behavior\BuildLiteBehavior [ RunTime:0.000017s ]
INFO: [ app_init ] --END-- [ RunTime:0.000384s ]
INFO: [ app_begin ] --START--
INFO: Run Behavior\ReadHtmlCacheBehavior [ RunTime:0.000462s ]
INFO: [ app_begin ] --END-- [ RunTime:0.000509s ]
INFO: [ view_parse ] --START--
NOTIC: [8] Undefined offset: 1 /home/wwwroot/pay/domain/hzf.xiaohouzhi.com/web/ThinkPHP/Library/Think/Template.class.php 第 527 行.
INFO: [ template_filter ] --START--
INFO: Run Behavior\ContentReplaceBehavior [ RunTime:0.000115s ]
INFO: [ template_filter ] --END-- [ RunTime:0.000189s ]
NOTIC: [8] Undefined index: status /home/wwwroot/pay/domain/hzf.xiaohouzhi.com/web/App/Runtime/Cache/Admin/1bc1b789fdf3443e7e86474e0b077b04.php 第 182 行.
NOTIC: [8] Undefined index: status /home/wwwroot/pay/domain/hzf.xiaohouzhi.com/web/App/Runtime/Cache/Admin/1bc1b789fdf3443e7e86474e0b077b04.php 第 183 行.
NOTIC: [8] Undefined index: status /home/wwwroot/pay/domain/hzf.xiaohouzhi.com/web/App/Runtime/Cache/Admin/1bc1b789fdf3443e7e86474e0b077b04.php 第 184 行.
INFO: Run Behavior\ParseTemplateBehavior [ RunTime:0.017620s ]
INFO: [ view_parse ] --END-- [ RunTime:0.017669s ]
INFO: [ view_filter ] --START--
INFO: Run Behavior\WriteHtmlCacheBehavior [ RunTime:0.000251s ]
INFO: Run Behavior\TokenBuildBehavior [ RunTime:0.000423s ]
INFO: [ view_filter ] --END-- [ RunTime:0.000735s ]
INFO: [ app_end ] --START--
INFO: Run Behavior\ShowPageTraceBehavior [ RunTime:0.000602s ]
INFO: [ app_end ] --END-- [ RunTime:0.000632s ]

[ 2019-10-11T17:58:02+08:00 ] 125.118.218.181 /console/Agent/lists
INFO: [ app_init ] --START--
INFO: Run Behavior\BuildLiteBehavior [ RunTime:0.000019s ]
INFO: [ app_init ] --END-- [ RunTime:0.000380s ]
INFO: [ app_begin ] --START--
INFO: Run Behavior\ReadHtmlCacheBehavior [ RunTime:0.000440s ]
INFO: [ app_begin ] --END-- [ RunTime:0.000491s ]
NOTIC: [8] Undefined index: search_val /home/wwwroot/pay/domain/hzf.xiaohouzhi.com/web/App/Admin/Controller/AgentController.class.php 第 62 行.
NOTIC: [8] Undefined index: sprovince /home/wwwroot/pay/domain/hzf.xiaohouzhi.com/web/App/Admin/Controller/AgentController.class.php 第 66 行.
NOTIC: [8] Undefined index: scity /home/wwwroot/pay/domain/hzf.xiaohouzhi.com/web/App/Admin/Controller/AgentController.class.php 第 70 行.
NOTIC: [8] Undefined index: sdistrict /home/wwwroot/pay/domain/hzf.xiaohouzhi.com/web/App/Admin/Controller/AgentController.class.php 第 74 行.
NOTIC: [8] Undefined index: status /home/wwwroot/pay/domain/hzf.xiaohouzhi.com/web/App/Admin/Controller/AgentController.class.php 第 78 行.
NOTIC: [8] Undefined index: auth_status /home/wwwroot/pay/domain/hzf.xiaohouzhi.com/web/App/Admin/Controller/AgentController.class.php 第 94 行.
NOTIC: [8] Undefined index: pid /home/wwwroot/pay/domain/hzf.xiaohouzhi.com/web/App/Admin/Controller/AgentController.class.php 第 108 行.
NOTIC: [8] Undefined variable: DoData /home/wwwroot/pay/domain/hzf.xiaohouzhi.com/web/App/Admin/Controller/AgentController.class.php 第 141 行.
INFO: [ view_parse ] --START--
NOTIC: [8] Undefined offset: 1 /home/wwwroot/pay/domain/hzf.xiaohouzhi.com/web/ThinkPHP/Library/Think/Template.class.php 第 527 行.
INFO: [ template_filter ] --START--
INFO: Run Behavior\ContentReplaceBehavior [ RunTime:0.000152s ]
INFO: [ template_filter ] --END-- [ RunTime:0.000206s ]
INFO: Run Behavior\ParseTemplateBehavior [ RunTime:0.022134s ]
INFO: [ view_parse ] --END-- [ RunTime:0.022188s ]
INFO: [ view_filter ] --START--
INFO: Run Behavior\WriteHtmlCacheBehavior [ RunTime:0.000196s ]
INFO: Run Behavior\TokenBuildBehavior [ RunTime:0.000538s ]
INFO: [ view_filter ] --END-- [ RunTime:0.000791s ]
INFO: [ app_end ] --START--
INFO: Run Behavior\ShowPageTraceBehavior [ RunTime:0.000396s ]
INFO: [ app_end ] --END-- [ RunTime:0.000425s ]

[ 2019-10-11T17:58:08+08:00 ] 125.118.218.181 /console/Agent/benefit_count
INFO: [ app_init ] --START--
INFO: Run Behavior\BuildLiteBehavior [ RunTime:0.000019s ]
INFO: [ app_init ] --END-- [ RunTime:0.000353s ]
INFO: [ app_begin ] --START--
INFO: Run Behavior\ReadHtmlCacheBehavior [ RunTime:0.000398s ]
INFO: [ app_begin ] --END-- [ RunTime:0.000451s ]
NOTIC: [8] Undefined index: mon /home/wwwroot/pay/domain/hzf.xiaohouzhi.com/web/App/Admin/Controller/AgentController.class.php 第 305 行.
NOTIC: [8] Undefined index: mon /home/wwwroot/pay/domain/hzf.xiaohouzhi.com/web/App/Admin/Controller/AgentController.class.php 第 307 行.
NOTIC: [8] Undefined index: day /home/wwwroot/pay/domain/hzf.xiaohouzhi.com/web/App/Admin/Controller/AgentController.class.php 第 308 行.
NOTIC: [8] Undefined index: aid /home/wwwroot/pay/domain/hzf.xiaohouzhi.com/web/App/Admin/Controller/AgentController.class.php 第 310 行.
NOTIC: [8] Undefined index: pid /home/wwwroot/pay/domain/hzf.xiaohouzhi.com/web/App/Admin/Controller/AgentController.class.php 第 311 行.
NOTIC: [8] Undefined index: status /home/wwwroot/pay/domain/hzf.xiaohouzhi.com/web/App/Admin/Controller/AgentController.class.php 第 314 行.
INFO: [ view_parse ] --START--
NOTIC: [8] Undefined offset: 1 /home/wwwroot/pay/domain/hzf.xiaohouzhi.com/web/ThinkPHP/Library/Think/Template.class.php 第 527 行.
INFO: [ template_filter ] --START--
INFO: Run Behavior\ContentReplaceBehavior [ RunTime:0.000101s ]
INFO: [ template_filter ] --END-- [ RunTime:0.000154s ]
NOTIC: [8] Undefined index: mon /home/wwwroot/pay/domain/hzf.xiaohouzhi.com/web/App/Runtime/Cache/Admin/5d340f1e1219b49c5a35f3eee9d9d1eb.php 第 200 行.
NOTIC: [8] Undefined index: day /home/wwwroot/pay/domain/hzf.xiaohouzhi.com/web/App/Runtime/Cache/Admin/5d340f1e1219b49c5a35f3eee9d9d1eb.php 第 206 行.
INFO: Run Behavior\ParseTemplateBehavior [ RunTime:0.019003s ]
INFO: [ view_parse ] --END-- [ RunTime:0.019051s ]
INFO: [ view_filter ] --START--
INFO: Run Behavior\WriteHtmlCacheBehavior [ RunTime:0.000182s ]
INFO: Run Behavior\TokenBuildBehavior [ RunTime:0.000392s ]
INFO: [ view_filter ] --END-- [ RunTime:0.000615s ]
INFO: [ app_end ] --START--
INFO: Run Behavior\ShowPageTraceBehavior [ RunTime:0.000345s ]
INFO: [ app_end ] --END-- [ RunTime:0.000374s ]

[ 2019-10-11T17:58:13+08:00 ] 125.118.218.181 /console/Agent/benefit_count
INFO: [ app_init ] --START--
INFO: Run Behavior\BuildLiteBehavior [ RunTime:0.000012s ]
INFO: [ app_init ] --END-- [ RunTime:0.000233s ]
INFO: [ app_begin ] --START--
INFO: Run Behavior\ReadHtmlCacheBehavior [ RunTime:0.000289s ]
INFO: [ app_begin ] --END-- [ RunTime:0.000329s ]
NOTIC: [8] Undefined index: mon /home/wwwroot/pay/domain/hzf.xiaohouzhi.com/web/App/Admin/Controller/AgentController.class.php 第 305 行.
NOTIC: [8] Undefined index: mon /home/wwwroot/pay/domain/hzf.xiaohouzhi.com/web/App/Admin/Controller/AgentController.class.php 第 307 行.
NOTIC: [8] Undefined index: day /home/wwwroot/pay/domain/hzf.xiaohouzhi.com/web/App/Admin/Controller/AgentController.class.php 第 308 行.
NOTIC: [8] Undefined index: aid /home/wwwroot/pay/domain/hzf.xiaohouzhi.com/web/App/Admin/Controller/AgentController.class.php 第 310 行.
NOTIC: [8] Undefined index: pid /home/wwwroot/pay/domain/hzf.xiaohouzhi.com/web/App/Admin/Controller/AgentController.class.php 第 311 行.
NOTIC: [8] Undefined index: status /home/wwwroot/pay/domain/hzf.xiaohouzhi.com/web/App/Admin/Controller/AgentController.class.php 第 314 行.
INFO: [ view_parse ] --START--
NOTIC: [8] Undefined offset: 1 /home/wwwroot/pay/domain/hzf.xiaohouzhi.com/web/ThinkPHP/Library/Think/Template.class.php 第 527 行.
INFO: [ template_filter ] --START--
INFO: Run Behavior\ContentReplaceBehavior [ RunTime:0.000101s ]
INFO: [ template_filter ] --END-- [ RunTime:0.000153s ]
NOTIC: [8] Undefined index: mon /home/wwwroot/pay/domain/hzf.xiaohouzhi.com/web/App/Runtime/Cache/Admin/5d340f1e1219b49c5a35f3eee9d9d1eb.php 第 200 行.
NOTIC: [8] Undefined index: day /home/wwwroot/pay/domain/hzf.xiaohouzhi.com/web/App/Runtime/Cache/Admin/5d340f1e1219b49c5a35f3eee9d9d1eb.php 第 206 行.
INFO: Run Behavior\ParseTemplateBehavior [ RunTime:0.018576s ]
INFO: [ view_parse ] --END-- [ RunTime:0.018633s ]
INFO: [ view_filter ] --START--
INFO: Run Behavior\WriteHtmlCacheBehavior [ RunTime:0.000252s ]
INFO: Run Behavior\TokenBuildBehavior [ RunTime:0.000424s ]
INFO: [ view_filter ] --END-- [ RunTime:0.000727s ]
INFO: [ app_end ] --START--
INFO: Run Behavior\ShowPageTraceBehavior [ RunTime:0.000368s ]
INFO: [ app_end ] --END-- [ RunTime:0.000397s ]

[ 2019-10-11T17:58:14+08:00 ] 125.118.218.181 /console/Agent/benefit_count/pid/626
INFO: [ app_init ] --START--
INFO: Run Behavior\BuildLiteBehavior [ RunTime:0.000015s ]
INFO: [ app_init ] --END-- [ RunTime:0.000257s ]
INFO: [ app_begin ] --START--
INFO: Run Behavior\ReadHtmlCacheBehavior [ RunTime:0.000282s ]
INFO: [ app_begin ] --END-- [ RunTime:0.000311s ]
NOTIC: [8] Undefined index: mon /home/wwwroot/pay/domain/hzf.xiaohouzhi.com/web/App/Admin/Controller/AgentController.class.php 第 305 行.
NOTIC: [8] Undefined index: mon /home/wwwroot/pay/domain/hzf.xiaohouzhi.com/web/App/Admin/Controller/AgentController.class.php 第 307 行.
NOTIC: [8] Undefined index: day /home/wwwroot/pay/domain/hzf.xiaohouzhi.com/web/App/Admin/Controller/AgentController.class.php 第 308 行.
NOTIC: [8] Undefined index: aid /home/wwwroot/pay/domain/hzf.xiaohouzhi.com/web/App/Admin/Controller/AgentController.class.php 第 310 行.
NOTIC: [8] Undefined index: status /home/wwwroot/pay/domain/hzf.xiaohouzhi.com/web/App/Admin/Controller/AgentController.class.php 第 314 行.
INFO: [ view_parse ] --START--
NOTIC: [8] Undefined offset: 1 /home/wwwroot/pay/domain/hzf.xiaohouzhi.com/web/ThinkPHP/Library/Think/Template.class.php 第 527 行.
INFO: [ template_filter ] --START--
INFO: Run Behavior\ContentReplaceBehavior [ RunTime:0.000101s ]
INFO: [ template_filter ] --END-- [ RunTime:0.000147s ]
NOTIC: [8] Undefined index: mon /home/wwwroot/pay/domain/hzf.xiaohouzhi.com/web/App/Runtime/Cache/Admin/5d340f1e1219b49c5a35f3eee9d9d1eb.php 第 200 行.
NOTIC: [8] Undefined index: day /home/wwwroot/pay/domain/hzf.xiaohouzhi.com/web/App/Runtime/Cache/Admin/5d340f1e1219b49c5a35f3eee9d9d1eb.php 第 206 行.
INFO: Run Behavior\ParseTemplateBehavior [ RunTime:0.014627s ]
INFO: [ view_parse ] --END-- [ RunTime:0.014666s ]
INFO: [ view_filter ] --START--
INFO: Run Behavior\WriteHtmlCacheBehavior [ RunTime:0.000175s ]
INFO: Run Behavior\TokenBuildBehavior [ RunTime:0.000354s ]
INFO: [ view_filter ] --END-- [ RunTime:0.000568s ]
INFO: [ app_end ] --START--
INFO: Run Behavior\ShowPageTraceBehavior [ RunTime:0.000347s ]
INFO: [ app_end ] --END-- [ RunTime:0.000376s ]

[ 2019-10-11T17:58:32+08:00 ] 125.118.218.181 /console/Agent/benefit_detail/id/17021
INFO: [ app_init ] --START--
INFO: Run Behavior\BuildLiteBehavior [ RunTime:0.000013s ]
INFO: [ app_init ] --END-- [ RunTime:0.000309s ]
INFO: [ app_begin ] --START--
INFO: Run Behavior\ReadHtmlCacheBehavior [ RunTime:0.000297s ]
INFO: [ app_begin ] --END-- [ RunTime:0.000339s ]
INFO: [ view_parse ] --START--
INFO: [ template_filter ] --START--
INFO: Run Behavior\ContentReplaceBehavior [ RunTime:0.000090s ]
INFO: [ template_filter ] --END-- [ RunTime:0.000148s ]
INFO: Run Behavior\ParseTemplateBehavior [ RunTime:0.024516s ]
INFO: [ view_parse ] --END-- [ RunTime:0.024599s ]
INFO: [ view_filter ] --START--
INFO: Run Behavior\WriteHtmlCacheBehavior [ RunTime:0.000248s ]
INFO: Run Behavior\TokenBuildBehavior [ RunTime:0.000389s ]
INFO: [ view_filter ] --END-- [ RunTime:0.000688s ]
INFO: [ app_end ] --START--
INFO: Run Behavior\ShowPageTraceBehavior [ RunTime:0.000369s ]
INFO: [ app_end ] --END-- [ RunTime:0.000419s ]

