[ 2019-11-11T00:00:01+08:00 ] 121.41.52.132 /Tasks/Statistics/admin
INFO: [ app_init ] --START--
INFO: Run Behavior\BuildLiteBehavior [ RunTime:0.000017s ]
INFO: [ app_init ] --END-- [ RunTime:0.000297s ]
INFO: [ app_begin ] --START--
INFO: Run Behavior\ReadHtmlCacheBehavior [ RunTime:0.000420s ]
INFO: [ app_begin ] --END-- [ RunTime:0.000476s ]
INFO: [ app_end ] --START--
INFO: Run Behavior\ShowPageTraceBehavior [ RunTime:0.000615s ]
INFO: [ app_end ] --END-- [ RunTime:0.000691s ]

[ 2019-11-11T00:00:01+08:00 ] 121.41.52.132 /Tasks/TaskAgent/statistics
INFO: [ app_init ] --START--
INFO: Run Behavior\BuildLiteBehavior [ RunTime:0.000016s ]
INFO: [ app_init ] --END-- [ RunTime:0.000328s ]
INFO: [ app_begin ] --START--
INFO: Run Behavior\ReadHtmlCacheBehavior [ RunTime:0.000464s ]
INFO: [ app_begin ] --END-- [ RunTime:0.000533s ]
INFO: [ app_end ] --START--
INFO: Run Behavior\ShowPageTraceBehavior [ RunTime:0.000541s ]
INFO: [ app_end ] --END-- [ RunTime:0.000624s ]

[ 2019-11-11T00:10:01+08:00 ] 121.41.52.132 /Tasks/Statistics/admin
INFO: [ app_init ] --START--
INFO: Run Behavior\BuildLiteBehavior [ RunTime:0.000015s ]
INFO: [ app_init ] --END-- [ RunTime:0.000352s ]
INFO: [ app_begin ] --START--
INFO: Run Behavior\ReadHtmlCacheBehavior [ RunTime:0.000409s ]
INFO: [ app_begin ] --END-- [ RunTime:0.000466s ]
INFO: [ app_end ] --START--
INFO: Run Behavior\ShowPageTraceBehavior [ RunTime:0.000622s ]
INFO: [ app_end ] --END-- [ RunTime:0.000703s ]

[ 2019-11-11T00:20:02+08:00 ] 121.41.52.132 /Tasks/Statistics/admin
INFO: [ app_init ] --START--
INFO: Run Behavior\BuildLiteBehavior [ RunTime:0.000017s ]
INFO: [ app_init ] --END-- [ RunTime:0.000330s ]
INFO: [ app_begin ] --START--
INFO: Run Behavior\ReadHtmlCacheBehavior [ RunTime:0.000438s ]
INFO: [ app_begin ] --END-- [ RunTime:0.000488s ]
INFO: [ app_end ] --START--
INFO: Run Behavior\ShowPageTraceBehavior [ RunTime:0.000549s ]
INFO: [ app_end ] --END-- [ RunTime:0.000618s ]

[ 2019-11-11T00:30:01+08:00 ] 121.41.52.132 /Tasks/Statistics/admin
INFO: [ app_init ] --START--
INFO: Run Behavior\BuildLiteBehavior [ RunTime:0.000019s ]
INFO: [ app_init ] --END-- [ RunTime:0.000341s ]
INFO: [ app_begin ] --START--
INFO: Run Behavior\ReadHtmlCacheBehavior [ RunTime:0.000404s ]
INFO: [ app_begin ] --END-- [ RunTime:0.000445s ]
INFO: [ app_end ] --START--
INFO: Run Behavior\ShowPageTraceBehavior [ RunTime:0.000463s ]
INFO: [ app_end ] --END-- [ RunTime:0.000528s ]

[ 2019-11-11T00:30:01+08:00 ] 121.41.52.132 /Tasks/TaskAgent/statistics
INFO: [ app_init ] --START--
INFO: Run Behavior\BuildLiteBehavior [ RunTime:0.000012s ]
INFO: [ app_init ] --END-- [ RunTime:0.000291s ]
INFO: [ app_begin ] --START--
INFO: Run Behavior\ReadHtmlCacheBehavior [ RunTime:0.000494s ]
INFO: [ app_begin ] --END-- [ RunTime:0.000544s ]
INFO: [ app_end ] --START--
INFO: Run Behavior\ShowPageTraceBehavior [ RunTime:0.000537s ]
INFO: [ app_end ] --END-- [ RunTime:0.000600s ]

[ 2019-11-11T00:40:01+08:00 ] 121.41.52.132 /Tasks/Statistics/admin
INFO: [ app_init ] --START--
INFO: Run Behavior\BuildLiteBehavior [ RunTime:0.000013s ]
INFO: [ app_init ] --END-- [ RunTime:0.000256s ]
INFO: [ app_begin ] --START--
INFO: Run Behavior\ReadHtmlCacheBehavior [ RunTime:0.000381s ]
INFO: [ app_begin ] --END-- [ RunTime:0.000423s ]
INFO: [ app_end ] --START--
INFO: Run Behavior\ShowPageTraceBehavior [ RunTime:0.000481s ]
INFO: [ app_end ] --END-- [ RunTime:0.000550s ]

[ 2019-11-11T00:50:01+08:00 ] 121.41.52.132 /Tasks/Statistics/admin
INFO: [ app_init ] --START--
INFO: Run Behavior\BuildLiteBehavior [ RunTime:0.000013s ]
INFO: [ app_init ] --END-- [ RunTime:0.000253s ]
INFO: [ app_begin ] --START--
INFO: Run Behavior\ReadHtmlCacheBehavior [ RunTime:0.000379s ]
INFO: [ app_begin ] --END-- [ RunTime:0.000418s ]
INFO: [ app_end ] --START--
INFO: Run Behavior\ShowPageTraceBehavior [ RunTime:0.000464s ]
INFO: [ app_end ] --END-- [ RunTime:0.000528s ]

[ 2019-11-11T01:00:02+08:00 ] 121.41.52.132 /Tasks/Statistics/admin
INFO: [ app_init ] --START--
INFO: Run Behavior\BuildLiteBehavior [ RunTime:0.000029s ]
INFO: [ app_init ] --END-- [ RunTime:0.000284s ]
INFO: [ app_begin ] --START--
INFO: Run Behavior\ReadHtmlCacheBehavior [ RunTime:0.000538s ]
INFO: [ app_begin ] --END-- [ RunTime:0.000600s ]
INFO: [ app_end ] --START--
INFO: Run Behavior\ShowPageTraceBehavior [ RunTime:0.000488s ]
INFO: [ app_end ] --END-- [ RunTime:0.000561s ]

[ 2019-11-11T01:00:02+08:00 ] 121.41.52.132 /Tasks/TaskAgent/statistics
INFO: [ app_init ] --START--
INFO: Run Behavior\BuildLiteBehavior [ RunTime:0.000013s ]
INFO: [ app_init ] --END-- [ RunTime:0.000292s ]
INFO: [ app_begin ] --START--
INFO: Run Behavior\ReadHtmlCacheBehavior [ RunTime:0.000437s ]
INFO: [ app_begin ] --END-- [ RunTime:0.000491s ]
INFO: [ app_end ] --START--
INFO: Run Behavior\ShowPageTraceBehavior [ RunTime:0.000716s ]
INFO: [ app_end ] --END-- [ RunTime:0.000804s ]

[ 2019-11-11T01:10:01+08:00 ] 121.41.52.132 /Tasks/Statistics/admin
INFO: [ app_init ] --START--
INFO: Run Behavior\BuildLiteBehavior [ RunTime:0.000012s ]
INFO: [ app_init ] --END-- [ RunTime:0.000327s ]
INFO: [ app_begin ] --START--
INFO: Run Behavior\ReadHtmlCacheBehavior [ RunTime:0.000443s ]
INFO: [ app_begin ] --END-- [ RunTime:0.000492s ]
INFO: [ app_end ] --START--
INFO: Run Behavior\ShowPageTraceBehavior [ RunTime:0.000532s ]
INFO: [ app_end ] --END-- [ RunTime:0.000613s ]

[ 2019-11-11T01:13:01+08:00 ] 121.41.52.132 /Tasks/Benefit/agent
INFO: [ app_init ] --START--
INFO: Run Behavior\BuildLiteBehavior [ RunTime:0.000015s ]
INFO: [ app_init ] --END-- [ RunTime:0.000303s ]
INFO: [ app_begin ] --START--
INFO: Run Behavior\ReadHtmlCacheBehavior [ RunTime:0.000435s ]
INFO: [ app_begin ] --END-- [ RunTime:0.000484s ]
NOTIC: [8] Undefined index: day /www/wwwroot/slpay.shunzhiapp.com/web/App/Tasks/Controller/BenefitController.class.php 第 253 行.
NOTIC: [2] Missing argument 2 for AlleyFrType(), called in /www/wwwroot/slpay.shunzhiapp.com/web/App/Tasks/Controller/BenefitController.class.php on line 309 and defined /www/wwwroot/slpay.shunzhiapp.com/web/App/Common/Common/function.php 第 1233 行.
NOTIC: [8] Undefined variable: type /www/wwwroot/slpay.shunzhiapp.com/web/App/Common/Common/function.php 第 1236 行.
NOTIC: [2] Missing argument 2 for AlleyFrType(), called in /www/wwwroot/slpay.shunzhiapp.com/web/App/Tasks/Controller/BenefitController.class.php on line 309 and defined /www/wwwroot/slpay.shunzhiapp.com/web/App/Common/Common/function.php 第 1233 行.
NOTIC: [8] Undefined variable: type /www/wwwroot/slpay.shunzhiapp.com/web/App/Common/Common/function.php 第 1236 行.
NOTIC: [2] Missing argument 2 for AlleyFrType(), called in /www/wwwroot/slpay.shunzhiapp.com/web/App/Tasks/Controller/BenefitController.class.php on line 309 and defined /www/wwwroot/slpay.shunzhiapp.com/web/App/Common/Common/function.php 第 1233 行.
NOTIC: [8] Undefined variable: type /www/wwwroot/slpay.shunzhiapp.com/web/App/Common/Common/function.php 第 1236 行.
NOTIC: [2] Missing argument 2 for AlleyFrType(), called in /www/wwwroot/slpay.shunzhiapp.com/web/App/Tasks/Controller/BenefitController.class.php on line 309 and defined /www/wwwroot/slpay.shunzhiapp.com/web/App/Common/Common/function.php 第 1233 行.
NOTIC: [8] Undefined variable: type /www/wwwroot/slpay.shunzhiapp.com/web/App/Common/Common/function.php 第 1236 行.
NOTIC: [2] Missing argument 2 for AlleyFrType(), called in /www/wwwroot/slpay.shunzhiapp.com/web/App/Tasks/Controller/BenefitController.class.php on line 309 and defined /www/wwwroot/slpay.shunzhiapp.com/web/App/Common/Common/function.php 第 1233 行.
NOTIC: [8] Undefined variable: type /www/wwwroot/slpay.shunzhiapp.com/web/App/Common/Common/function.php 第 1236 行.
NOTIC: [2] Missing argument 2 for AlleyFrType(), called in /www/wwwroot/slpay.shunzhiapp.com/web/App/Tasks/Controller/BenefitController.class.php on line 309 and defined /www/wwwroot/slpay.shunzhiapp.com/web/App/Common/Common/function.php 第 1233 行.
NOTIC: [8] Undefined variable: type /www/wwwroot/slpay.shunzhiapp.com/web/App/Common/Common/function.php 第 1236 行.
NOTIC: [2] Missing argument 2 for AlleyFrType(), called in /www/wwwroot/slpay.shunzhiapp.com/web/App/Tasks/Controller/BenefitController.class.php on line 309 and defined /www/wwwroot/slpay.shunzhiapp.com/web/App/Common/Common/function.php 第 1233 行.
NOTIC: [8] Undefined variable: type /www/wwwroot/slpay.shunzhiapp.com/web/App/Common/Common/function.php 第 1236 行.
NOTIC: [2] Missing argument 2 for AlleyFrType(), called in /www/wwwroot/slpay.shunzhiapp.com/web/App/Tasks/Controller/BenefitController.class.php on line 309 and defined /www/wwwroot/slpay.shunzhiapp.com/web/App/Common/Common/function.php 第 1233 行.
NOTIC: [8] Undefined variable: type /www/wwwroot/slpay.shunzhiapp.com/web/App/Common/Common/function.php 第 1236 行.
NOTIC: [2] Missing argument 2 for AlleyFrType(), called in /www/wwwroot/slpay.shunzhiapp.com/web/App/Tasks/Controller/BenefitController.class.php on line 309 and defined /www/wwwroot/slpay.shunzhiapp.com/web/App/Common/Common/function.php 第 1233 行.
NOTIC: [8] Undefined variable: type /www/wwwroot/slpay.shunzhiapp.com/web/App/Common/Common/function.php 第 1236 行.
NOTIC: [2] Missing argument 2 for AlleyFrType(), called in /www/wwwroot/slpay.shunzhiapp.com/web/App/Tasks/Controller/BenefitController.class.php on line 309 and defined /www/wwwroot/slpay.shunzhiapp.com/web/App/Common/Common/function.php 第 1233 行.
NOTIC: [8] Undefined variable: type /www/wwwroot/slpay.shunzhiapp.com/web/App/Common/Common/function.php 第 1236 行.
NOTIC: [2] Missing argument 2 for AlleyFrType(), called in /www/wwwroot/slpay.shunzhiapp.com/web/App/Tasks/Controller/BenefitController.class.php on line 309 and defined /www/wwwroot/slpay.shunzhiapp.com/web/App/Common/Common/function.php 第 1233 行.
NOTIC: [8] Undefined variable: type /www/wwwroot/slpay.shunzhiapp.com/web/App/Common/Common/function.php 第 1236 行.
NOTIC: [2] Missing argument 2 for AlleyFrType(), called in /www/wwwroot/slpay.shunzhiapp.com/web/App/Tasks/Controller/BenefitController.class.php on line 309 and defined /www/wwwroot/slpay.shunzhiapp.com/web/App/Common/Common/function.php 第 1233 行.
NOTIC: [8] Undefined variable: type /www/wwwroot/slpay.shunzhiapp.com/web/App/Common/Common/function.php 第 1236 行.
NOTIC: [2] Missing argument 2 for AlleyFrType(), called in /www/wwwroot/slpay.shunzhiapp.com/web/App/Tasks/Controller/BenefitController.class.php on line 309 and defined /www/wwwroot/slpay.shunzhiapp.com/web/App/Common/Common/function.php 第 1233 行.
NOTIC: [8] Undefined variable: type /www/wwwroot/slpay.shunzhiapp.com/web/App/Common/Common/function.php 第 1236 行.
NOTIC: [2] Missing argument 2 for AlleyFrType(), called in /www/wwwroot/slpay.shunzhiapp.com/web/App/Tasks/Controller/BenefitController.class.php on line 309 and defined /www/wwwroot/slpay.shunzhiapp.com/web/App/Common/Common/function.php 第 1233 行.
NOTIC: [8] Undefined variable: type /www/wwwroot/slpay.shunzhiapp.com/web/App/Common/Common/function.php 第 1236 行.
NOTIC: [2] Missing argument 2 for AlleyFrType(), called in /www/wwwroot/slpay.shunzhiapp.com/web/App/Tasks/Controller/BenefitController.class.php on line 309 and defined /www/wwwroot/slpay.shunzhiapp.com/web/App/Common/Common/function.php 第 1233 行.
NOTIC: [8] Undefined variable: type /www/wwwroot/slpay.shunzhiapp.com/web/App/Common/Common/function.php 第 1236 行.
NOTIC: [2] Missing argument 2 for AlleyFrType(), called in /www/wwwroot/slpay.shunzhiapp.com/web/App/Tasks/Controller/BenefitController.class.php on line 309 and defined /www/wwwroot/slpay.shunzhiapp.com/web/App/Common/Common/function.php 第 1233 行.
NOTIC: [8] Undefined variable: type /www/wwwroot/slpay.shunzhiapp.com/web/App/Common/Common/function.php 第 1236 行.
NOTIC: [2] Missing argument 2 for AlleyFrType(), called in /www/wwwroot/slpay.shunzhiapp.com/web/App/Tasks/Controller/BenefitController.class.php on line 309 and defined /www/wwwroot/slpay.shunzhiapp.com/web/App/Common/Common/function.php 第 1233 行.
NOTIC: [8] Undefined variable: type /www/wwwroot/slpay.shunzhiapp.com/web/App/Common/Common/function.php 第 1236 行.
NOTIC: [2] Missing argument 2 for AlleyFrType(), called in /www/wwwroot/slpay.shunzhiapp.com/web/App/Tasks/Controller/BenefitController.class.php on line 309 and defined /www/wwwroot/slpay.shunzhiapp.com/web/App/Common/Common/function.php 第 1233 行.
NOTIC: [8] Undefined variable: type /www/wwwroot/slpay.shunzhiapp.com/web/App/Common/Common/function.php 第 1236 行.
NOTIC: [2] Missing argument 2 for AlleyFrType(), called in /www/wwwroot/slpay.shunzhiapp.com/web/App/Tasks/Controller/BenefitController.class.php on line 309 and defined /www/wwwroot/slpay.shunzhiapp.com/web/App/Common/Common/function.php 第 1233 行.
NOTIC: [8] Undefined variable: type /www/wwwroot/slpay.shunzhiapp.com/web/App/Common/Common/function.php 第 1236 行.
NOTIC: [2] Missing argument 2 for AlleyFrType(), called in /www/wwwroot/slpay.shunzhiapp.com/web/App/Tasks/Controller/BenefitController.class.php on line 309 and defined /www/wwwroot/slpay.shunzhiapp.com/web/App/Common/Common/function.php 第 1233 行.
NOTIC: [8] Undefined variable: type /www/wwwroot/slpay.shunzhiapp.com/web/App/Common/Common/function.php 第 1236 行.
NOTIC: [2] Missing argument 2 for AlleyFrType(), called in /www/wwwroot/slpay.shunzhiapp.com/web/App/Tasks/Controller/BenefitController.class.php on line 309 and defined /www/wwwroot/slpay.shunzhiapp.com/web/App/Common/Common/function.php 第 1233 行.
NOTIC: [8] Undefined variable: type /www/wwwroot/slpay.shunzhiapp.com/web/App/Common/Common/function.php 第 1236 行.
NOTIC: [2] Missing argument 2 for AlleyFrType(), called in /www/wwwroot/slpay.shunzhiapp.com/web/App/Tasks/Controller/BenefitController.class.php on line 309 and defined /www/wwwroot/slpay.shunzhiapp.com/web/App/Common/Common/function.php 第 1233 行.
NOTIC: [8] Undefined variable: type /www/wwwroot/slpay.shunzhiapp.com/web/App/Common/Common/function.php 第 1236 行.
NOTIC: [2] Missing argument 2 for AlleyFrType(), called in /www/wwwroot/slpay.shunzhiapp.com/web/App/Tasks/Controller/BenefitController.class.php on line 309 and defined /www/wwwroot/slpay.shunzhiapp.com/web/App/Common/Common/function.php 第 1233 行.
NOTIC: [8] Undefined variable: type /www/wwwroot/slpay.shunzhiapp.com/web/App/Common/Common/function.php 第 1236 行.
NOTIC: [2] Missing argument 2 for AlleyFrType(), called in /www/wwwroot/slpay.shunzhiapp.com/web/App/Tasks/Controller/BenefitController.class.php on line 309 and defined /www/wwwroot/slpay.shunzhiapp.com/web/App/Common/Common/function.php 第 1233 行.
NOTIC: [8] Undefined variable: type /www/wwwroot/slpay.shunzhiapp.com/web/App/Common/Common/function.php 第 1236 行.
NOTIC: [2] Missing argument 2 for AlleyFrType(), called in /www/wwwroot/slpay.shunzhiapp.com/web/App/Tasks/Controller/BenefitController.class.php on line 309 and defined /www/wwwroot/slpay.shunzhiapp.com/web/App/Common/Common/function.php 第 1233 行.
NOTIC: [8] Undefined variable: type /www/wwwroot/slpay.shunzhiapp.com/web/App/Common/Common/function.php 第 1236 行.
NOTIC: [2] Missing argument 2 for AlleyFrType(), called in /www/wwwroot/slpay.shunzhiapp.com/web/App/Tasks/Controller/BenefitController.class.php on line 309 and defined /www/wwwroot/slpay.shunzhiapp.com/web/App/Common/Common/function.php 第 1233 行.
NOTIC: [8] Undefined variable: type /www/wwwroot/slpay.shunzhiapp.com/web/App/Common/Common/function.php 第 1236 行.
NOTIC: [2] Missing argument 2 for AlleyFrType(), called in /www/wwwroot/slpay.shunzhiapp.com/web/App/Tasks/Controller/BenefitController.class.php on line 309 and defined /www/wwwroot/slpay.shunzhiapp.com/web/App/Common/Common/function.php 第 1233 行.
NOTIC: [8] Undefined variable: type /www/wwwroot/slpay.shunzhiapp.com/web/App/Common/Common/function.php 第 1236 行.
NOTIC: [2] Missing argument 2 for AlleyFrType(), called in /www/wwwroot/slpay.shunzhiapp.com/web/App/Tasks/Controller/BenefitController.class.php on line 309 and defined /www/wwwroot/slpay.shunzhiapp.com/web/App/Common/Common/function.php 第 1233 行.
NOTIC: [8] Undefined variable: type /www/wwwroot/slpay.shunzhiapp.com/web/App/Common/Common/function.php 第 1236 行.
NOTIC: [2] Missing argument 2 for AlleyFrType(), called in /www/wwwroot/slpay.shunzhiapp.com/web/App/Tasks/Controller/BenefitController.class.php on line 309 and defined /www/wwwroot/slpay.shunzhiapp.com/web/App/Common/Common/function.php 第 1233 行.
NOTIC: [8] Undefined variable: type /www/wwwroot/slpay.shunzhiapp.com/web/App/Common/Common/function.php 第 1236 行.
NOTIC: [2] Missing argument 2 for AlleyFrType(), called in /www/wwwroot/slpay.shunzhiapp.com/web/App/Tasks/Controller/BenefitController.class.php on line 309 and defined /www/wwwroot/slpay.shunzhiapp.com/web/App/Common/Common/function.php 第 1233 行.
NOTIC: [8] Undefined variable: type /www/wwwroot/slpay.shunzhiapp.com/web/App/Common/Common/function.php 第 1236 行.
NOTIC: [2] Missing argument 2 for AlleyFrType(), called in /www/wwwroot/slpay.shunzhiapp.com/web/App/Tasks/Controller/BenefitController.class.php on line 309 and defined /www/wwwroot/slpay.shunzhiapp.com/web/App/Common/Common/function.php 第 1233 行.
NOTIC: [8] Undefined variable: type /www/wwwroot/slpay.shunzhiapp.com/web/App/Common/Common/function.php 第 1236 行.
NOTIC: [2] Missing argument 2 for AlleyFrType(), called in /www/wwwroot/slpay.shunzhiapp.com/web/App/Tasks/Controller/BenefitController.class.php on line 309 and defined /www/wwwroot/slpay.shunzhiapp.com/web/App/Common/Common/function.php 第 1233 行.
NOTIC: [8] Undefined variable: type /www/wwwroot/slpay.shunzhiapp.com/web/App/Common/Common/function.php 第 1236 行.
NOTIC: [2] Missing argument 2 for AlleyFrType(), called in /www/wwwroot/slpay.shunzhiapp.com/web/App/Tasks/Controller/BenefitController.class.php on line 309 and defined /www/wwwroot/slpay.shunzhiapp.com/web/App/Common/Common/function.php 第 1233 行.
NOTIC: [8] Undefined variable: type /www/wwwroot/slpay.shunzhiapp.com/web/App/Common/Common/function.php 第 1236 行.
INFO: [ app_end ] --START--
INFO: Run Behavior\ShowPageTraceBehavior [ RunTime:0.000604s ]
INFO: [ app_end ] --END-- [ RunTime:0.000660s ]

[ 2019-11-11T01:20:02+08:00 ] 121.41.52.132 /Tasks/Statistics/admin
INFO: [ app_init ] --START--
INFO: Run Behavior\BuildLiteBehavior [ RunTime:0.000018s ]
INFO: [ app_init ] --END-- [ RunTime:0.000310s ]
INFO: [ app_begin ] --START--
INFO: Run Behavior\ReadHtmlCacheBehavior [ RunTime:0.000433s ]
INFO: [ app_begin ] --END-- [ RunTime:0.000491s ]
INFO: [ app_end ] --START--
INFO: Run Behavior\ShowPageTraceBehavior [ RunTime:0.000510s ]
INFO: [ app_end ] --END-- [ RunTime:0.000569s ]

[ 2019-11-11T01:30:01+08:00 ] 121.41.52.132 /Tasks/Statistics/admin
INFO: [ app_init ] --START--
INFO: Run Behavior\BuildLiteBehavior [ RunTime:0.000015s ]
INFO: [ app_init ] --END-- [ RunTime:0.000337s ]
INFO: [ app_begin ] --START--
INFO: Run Behavior\ReadHtmlCacheBehavior [ RunTime:0.000393s ]
INFO: [ app_begin ] --END-- [ RunTime:0.000434s ]
INFO: [ app_end ] --START--
INFO: Run Behavior\ShowPageTraceBehavior [ RunTime:0.000623s ]
INFO: [ app_end ] --END-- [ RunTime:0.000706s ]

[ 2019-11-11T01:30:01+08:00 ] 121.41.52.132 /Tasks/TaskAgent/statistics
INFO: [ app_init ] --START--
INFO: Run Behavior\BuildLiteBehavior [ RunTime:0.000017s ]
INFO: [ app_init ] --END-- [ RunTime:0.000335s ]
INFO: [ app_begin ] --START--
INFO: Run Behavior\ReadHtmlCacheBehavior [ RunTime:0.000494s ]
INFO: [ app_begin ] --END-- [ RunTime:0.000555s ]
INFO: [ app_end ] --START--
INFO: Run Behavior\ShowPageTraceBehavior [ RunTime:0.000767s ]
INFO: [ app_end ] --END-- [ RunTime:0.000856s ]

[ 2019-11-11T01:40:01+08:00 ] 121.41.52.132 /Tasks/Statistics/admin
INFO: [ app_init ] --START--
INFO: Run Behavior\BuildLiteBehavior [ RunTime:0.000014s ]
INFO: [ app_init ] --END-- [ RunTime:0.000299s ]
INFO: [ app_begin ] --START--
INFO: Run Behavior\ReadHtmlCacheBehavior [ RunTime:0.000374s ]
INFO: [ app_begin ] --END-- [ RunTime:0.000428s ]
INFO: [ app_end ] --START--
INFO: Run Behavior\ShowPageTraceBehavior [ RunTime:0.000603s ]
INFO: [ app_end ] --END-- [ RunTime:0.000703s ]

[ 2019-11-11T01:50:01+08:00 ] 121.41.52.132 /Tasks/Statistics/admin
INFO: [ app_init ] --START--
INFO: Run Behavior\BuildLiteBehavior [ RunTime:0.000019s ]
INFO: [ app_init ] --END-- [ RunTime:0.000407s ]
INFO: [ app_begin ] --START--
INFO: Run Behavior\ReadHtmlCacheBehavior [ RunTime:0.000564s ]
INFO: [ app_begin ] --END-- [ RunTime:0.000630s ]
INFO: [ app_end ] --START--
INFO: Run Behavior\ShowPageTraceBehavior [ RunTime:0.000495s ]
INFO: [ app_end ] --END-- [ RunTime:0.000559s ]

[ 2019-11-11T02:00:02+08:00 ] 121.41.52.132 /Tasks/Statistics/admin
INFO: [ app_init ] --START--
INFO: Run Behavior\BuildLiteBehavior [ RunTime:0.000014s ]
INFO: [ app_init ] --END-- [ RunTime:0.000286s ]
INFO: [ app_begin ] --START--
INFO: Run Behavior\ReadHtmlCacheBehavior [ RunTime:0.000518s ]
INFO: [ app_begin ] --END-- [ RunTime:0.000584s ]
INFO: [ app_end ] --START--
INFO: Run Behavior\ShowPageTraceBehavior [ RunTime:0.000551s ]
INFO: [ app_end ] --END-- [ RunTime:0.000621s ]

[ 2019-11-11T02:00:02+08:00 ] 121.41.52.132 /Tasks/TaskAgent/statistics
INFO: [ app_init ] --START--
INFO: Run Behavior\BuildLiteBehavior [ RunTime:0.000014s ]
INFO: [ app_init ] --END-- [ RunTime:0.000387s ]
INFO: [ app_begin ] --START--
INFO: Run Behavior\ReadHtmlCacheBehavior [ RunTime:0.000484s ]
INFO: [ app_begin ] --END-- [ RunTime:0.000539s ]
INFO: [ app_end ] --START--
INFO: Run Behavior\ShowPageTraceBehavior [ RunTime:0.000685s ]
INFO: [ app_end ] --END-- [ RunTime:0.000765s ]

[ 2019-11-11T02:10:01+08:00 ] 121.41.52.132 /Tasks/Statistics/admin
INFO: [ app_init ] --START--
INFO: Run Behavior\BuildLiteBehavior [ RunTime:0.000013s ]
INFO: [ app_init ] --END-- [ RunTime:0.000278s ]
INFO: [ app_begin ] --START--
INFO: Run Behavior\ReadHtmlCacheBehavior [ RunTime:0.000451s ]
INFO: [ app_begin ] --END-- [ RunTime:0.000515s ]
INFO: [ app_end ] --START--
INFO: Run Behavior\ShowPageTraceBehavior [ RunTime:0.000482s ]
INFO: [ app_end ] --END-- [ RunTime:0.000545s ]

[ 2019-11-11T02:20:01+08:00 ] 121.41.52.132 /Tasks/Statistics/admin
INFO: [ app_init ] --START--
INFO: Run Behavior\BuildLiteBehavior [ RunTime:0.000021s ]
INFO: [ app_init ] --END-- [ RunTime:0.000420s ]
INFO: [ app_begin ] --START--
INFO: Run Behavior\ReadHtmlCacheBehavior [ RunTime:0.000455s ]
INFO: [ app_begin ] --END-- [ RunTime:0.000505s ]
INFO: [ app_end ] --START--
INFO: Run Behavior\ShowPageTraceBehavior [ RunTime:0.000429s ]
INFO: [ app_end ] --END-- [ RunTime:0.000501s ]

[ 2019-11-11T02:30:01+08:00 ] 121.41.52.132 /Tasks/Statistics/admin
INFO: [ app_init ] --START--
INFO: Run Behavior\BuildLiteBehavior [ RunTime:0.000018s ]
INFO: [ app_init ] --END-- [ RunTime:0.000344s ]
INFO: [ app_begin ] --START--
INFO: Run Behavior\ReadHtmlCacheBehavior [ RunTime:0.000555s ]
INFO: [ app_begin ] --END-- [ RunTime:0.000643s ]
INFO: [ app_end ] --START--
INFO: Run Behavior\ShowPageTraceBehavior [ RunTime:0.000564s ]
INFO: [ app_end ] --END-- [ RunTime:0.000636s ]

[ 2019-11-11T02:30:02+08:00 ] 121.41.52.132 /Tasks/TaskAgent/statistics
INFO: [ app_init ] --START--
INFO: Run Behavior\BuildLiteBehavior [ RunTime:0.000016s ]
INFO: [ app_init ] --END-- [ RunTime:0.000357s ]
INFO: [ app_begin ] --START--
INFO: Run Behavior\ReadHtmlCacheBehavior [ RunTime:0.000556s ]
INFO: [ app_begin ] --END-- [ RunTime:0.000643s ]
INFO: [ app_end ] --START--
INFO: Run Behavior\ShowPageTraceBehavior [ RunTime:0.000560s ]
INFO: [ app_end ] --END-- [ RunTime:0.000628s ]

[ 2019-11-11T02:40:01+08:00 ] 121.41.52.132 /Tasks/Statistics/admin
INFO: [ app_init ] --START--
INFO: Run Behavior\BuildLiteBehavior [ RunTime:0.000015s ]
INFO: [ app_init ] --END-- [ RunTime:0.000323s ]
INFO: [ app_begin ] --START--
INFO: Run Behavior\ReadHtmlCacheBehavior [ RunTime:0.000607s ]
INFO: [ app_begin ] --END-- [ RunTime:0.000691s ]
INFO: [ app_end ] --START--
INFO: Run Behavior\ShowPageTraceBehavior [ RunTime:0.000474s ]
INFO: [ app_end ] --END-- [ RunTime:0.000533s ]

[ 2019-11-11T02:50:01+08:00 ] 121.41.52.132 /Tasks/Statistics/admin
INFO: [ app_init ] --START--
INFO: Run Behavior\BuildLiteBehavior [ RunTime:0.000015s ]
INFO: [ app_init ] --END-- [ RunTime:0.000307s ]
INFO: [ app_begin ] --START--
INFO: Run Behavior\ReadHtmlCacheBehavior [ RunTime:0.000542s ]
INFO: [ app_begin ] --END-- [ RunTime:0.000612s ]
INFO: [ app_end ] --START--
INFO: Run Behavior\ShowPageTraceBehavior [ RunTime:0.000479s ]
INFO: [ app_end ] --END-- [ RunTime:0.000547s ]

[ 2019-11-11T03:00:01+08:00 ] 121.41.52.132 /Tasks/Statistics/admin
INFO: [ app_init ] --START--
INFO: Run Behavior\BuildLiteBehavior [ RunTime:0.000017s ]
INFO: [ app_init ] --END-- [ RunTime:0.000328s ]
INFO: [ app_begin ] --START--
INFO: Run Behavior\ReadHtmlCacheBehavior [ RunTime:0.000436s ]
INFO: [ app_begin ] --END-- [ RunTime:0.000497s ]
INFO: [ app_end ] --START--
INFO: Run Behavior\ShowPageTraceBehavior [ RunTime:0.001242s ]
INFO: [ app_end ] --END-- [ RunTime:0.001332s ]

[ 2019-11-11T03:00:02+08:00 ] 121.41.52.132 /Tasks/TaskAgent/statistics
INFO: [ app_init ] --START--
INFO: Run Behavior\BuildLiteBehavior [ RunTime:0.000021s ]
INFO: [ app_init ] --END-- [ RunTime:0.000416s ]
INFO: [ app_begin ] --START--
INFO: Run Behavior\ReadHtmlCacheBehavior [ RunTime:0.000567s ]
INFO: [ app_begin ] --END-- [ RunTime:0.000636s ]
INFO: [ app_end ] --START--
INFO: Run Behavior\ShowPageTraceBehavior [ RunTime:0.000620s ]
INFO: [ app_end ] --END-- [ RunTime:0.000692s ]

[ 2019-11-11T03:09:01+08:00 ] 121.41.52.132 /Tasks/Benefit/partner
INFO: [ app_init ] --START--
INFO: Run Behavior\BuildLiteBehavior [ RunTime:0.000015s ]
INFO: [ app_init ] --END-- [ RunTime:0.000297s ]
INFO: [ app_begin ] --START--
INFO: Run Behavior\ReadHtmlCacheBehavior [ RunTime:0.000429s ]
INFO: [ app_begin ] --END-- [ RunTime:0.000497s ]
NOTIC: [8] Undefined index: day /www/wwwroot/slpay.shunzhiapp.com/web/App/Tasks/Controller/BenefitController.class.php 第 122 行.
NOTIC: [8] Undefined index: auth /www/wwwroot/slpay.shunzhiapp.com/web/App/Tasks/Controller/BenefitController.class.php 第 133 行.
NOTIC: [2] Missing argument 2 for AlleyFrType(), called in /www/wwwroot/slpay.shunzhiapp.com/web/App/Tasks/Controller/BenefitController.class.php on line 172 and defined /www/wwwroot/slpay.shunzhiapp.com/web/App/Common/Common/function.php 第 1233 行.
NOTIC: [8] Undefined variable: type /www/wwwroot/slpay.shunzhiapp.com/web/App/Common/Common/function.php 第 1236 行.
NOTIC: [2] Missing argument 2 for AlleyFrType(), called in /www/wwwroot/slpay.shunzhiapp.com/web/App/Tasks/Controller/BenefitController.class.php on line 172 and defined /www/wwwroot/slpay.shunzhiapp.com/web/App/Common/Common/function.php 第 1233 行.
NOTIC: [8] Undefined variable: type /www/wwwroot/slpay.shunzhiapp.com/web/App/Common/Common/function.php 第 1236 行.
NOTIC: [2] Missing argument 2 for AlleyFrType(), called in /www/wwwroot/slpay.shunzhiapp.com/web/App/Tasks/Controller/BenefitController.class.php on line 172 and defined /www/wwwroot/slpay.shunzhiapp.com/web/App/Common/Common/function.php 第 1233 行.
NOTIC: [8] Undefined variable: type /www/wwwroot/slpay.shunzhiapp.com/web/App/Common/Common/function.php 第 1236 行.
NOTIC: [2] Missing argument 2 for AlleyFrType(), called in /www/wwwroot/slpay.shunzhiapp.com/web/App/Tasks/Controller/BenefitController.class.php on line 172 and defined /www/wwwroot/slpay.shunzhiapp.com/web/App/Common/Common/function.php 第 1233 行.
NOTIC: [8] Undefined variable: type /www/wwwroot/slpay.shunzhiapp.com/web/App/Common/Common/function.php 第 1236 行.
NOTIC: [2] Missing argument 2 for AlleyFrType(), called in /www/wwwroot/slpay.shunzhiapp.com/web/App/Tasks/Controller/BenefitController.class.php on line 172 and defined /www/wwwroot/slpay.shunzhiapp.com/web/App/Common/Common/function.php 第 1233 行.
NOTIC: [8] Undefined variable: type /www/wwwroot/slpay.shunzhiapp.com/web/App/Common/Common/function.php 第 1236 行.
NOTIC: [2] Missing argument 2 for AlleyFrType(), called in /www/wwwroot/slpay.shunzhiapp.com/web/App/Tasks/Controller/BenefitController.class.php on line 172 and defined /www/wwwroot/slpay.shunzhiapp.com/web/App/Common/Common/function.php 第 1233 行.
NOTIC: [8] Undefined variable: type /www/wwwroot/slpay.shunzhiapp.com/web/App/Common/Common/function.php 第 1236 行.
NOTIC: [2] Missing argument 2 for AlleyFrType(), called in /www/wwwroot/slpay.shunzhiapp.com/web/App/Tasks/Controller/BenefitController.class.php on line 172 and defined /www/wwwroot/slpay.shunzhiapp.com/web/App/Common/Common/function.php 第 1233 行.
NOTIC: [8] Undefined variable: type /www/wwwroot/slpay.shunzhiapp.com/web/App/Common/Common/function.php 第 1236 行.
NOTIC: [2] Missing argument 2 for AlleyFrType(), called in /www/wwwroot/slpay.shunzhiapp.com/web/App/Tasks/Controller/BenefitController.class.php on line 172 and defined /www/wwwroot/slpay.shunzhiapp.com/web/App/Common/Common/function.php 第 1233 行.
NOTIC: [8] Undefined variable: type /www/wwwroot/slpay.shunzhiapp.com/web/App/Common/Common/function.php 第 1236 行.
NOTIC: [2] Missing argument 2 for AlleyFrType(), called in /www/wwwroot/slpay.shunzhiapp.com/web/App/Tasks/Controller/BenefitController.class.php on line 172 and defined /www/wwwroot/slpay.shunzhiapp.com/web/App/Common/Common/function.php 第 1233 行.
NOTIC: [8] Undefined variable: type /www/wwwroot/slpay.shunzhiapp.com/web/App/Common/Common/function.php 第 1236 行.
NOTIC: [2] Missing argument 2 for AlleyFrType(), called in /www/wwwroot/slpay.shunzhiapp.com/web/App/Tasks/Controller/BenefitController.class.php on line 172 and defined /www/wwwroot/slpay.shunzhiapp.com/web/App/Common/Common/function.php 第 1233 行.
NOTIC: [8] Undefined variable: type /www/wwwroot/slpay.shunzhiapp.com/web/App/Common/Common/function.php 第 1236 行.
NOTIC: [2] Missing argument 2 for AlleyFrType(), called in /www/wwwroot/slpay.shunzhiapp.com/web/App/Tasks/Controller/BenefitController.class.php on line 172 and defined /www/wwwroot/slpay.shunzhiapp.com/web/App/Common/Common/function.php 第 1233 行.
NOTIC: [8] Undefined variable: type /www/wwwroot/slpay.shunzhiapp.com/web/App/Common/Common/function.php 第 1236 行.
NOTIC: [2] Missing argument 2 for AlleyFrType(), called in /www/wwwroot/slpay.shunzhiapp.com/web/App/Tasks/Controller/BenefitController.class.php on line 172 and defined /www/wwwroot/slpay.shunzhiapp.com/web/App/Common/Common/function.php 第 1233 行.
NOTIC: [8] Undefined variable: type /www/wwwroot/slpay.shunzhiapp.com/web/App/Common/Common/function.php 第 1236 行.
NOTIC: [2] Missing argument 2 for AlleyFrType(), called in /www/wwwroot/slpay.shunzhiapp.com/web/App/Tasks/Controller/BenefitController.class.php on line 172 and defined /www/wwwroot/slpay.shunzhiapp.com/web/App/Common/Common/function.php 第 1233 行.
NOTIC: [8] Undefined variable: type /www/wwwroot/slpay.shunzhiapp.com/web/App/Common/Common/function.php 第 1236 行.
NOTIC: [2] Missing argument 2 for AlleyFrType(), called in /www/wwwroot/slpay.shunzhiapp.com/web/App/Tasks/Controller/BenefitController.class.php on line 172 and defined /www/wwwroot/slpay.shunzhiapp.com/web/App/Common/Common/function.php 第 1233 行.
NOTIC: [8] Undefined variable: type /www/wwwroot/slpay.shunzhiapp.com/web/App/Common/Common/function.php 第 1236 行.
NOTIC: [2] Missing argument 2 for AlleyFrType(), called in /www/wwwroot/slpay.shunzhiapp.com/web/App/Tasks/Controller/BenefitController.class.php on line 172 and defined /www/wwwroot/slpay.shunzhiapp.com/web/App/Common/Common/function.php 第 1233 行.
NOTIC: [8] Undefined variable: type /www/wwwroot/slpay.shunzhiapp.com/web/App/Common/Common/function.php 第 1236 行.
NOTIC: [2] Missing argument 2 for AlleyFrType(), called in /www/wwwroot/slpay.shunzhiapp.com/web/App/Tasks/Controller/BenefitController.class.php on line 172 and defined /www/wwwroot/slpay.shunzhiapp.com/web/App/Common/Common/function.php 第 1233 行.
NOTIC: [8] Undefined variable: type /www/wwwroot/slpay.shunzhiapp.com/web/App/Common/Common/function.php 第 1236 行.
NOTIC: [2] Missing argument 2 for AlleyFrType(), called in /www/wwwroot/slpay.shunzhiapp.com/web/App/Tasks/Controller/BenefitController.class.php on line 172 and defined /www/wwwroot/slpay.shunzhiapp.com/web/App/Common/Common/function.php 第 1233 行.
NOTIC: [8] Undefined variable: type /www/wwwroot/slpay.shunzhiapp.com/web/App/Common/Common/function.php 第 1236 行.
NOTIC: [2] Missing argument 2 for AlleyFrType(), called in /www/wwwroot/slpay.shunzhiapp.com/web/App/Tasks/Controller/BenefitController.class.php on line 172 and defined /www/wwwroot/slpay.shunzhiapp.com/web/App/Common/Common/function.php 第 1233 行.
NOTIC: [8] Undefined variable: type /www/wwwroot/slpay.shunzhiapp.com/web/App/Common/Common/function.php 第 1236 行.
NOTIC: [2] Missing argument 2 for AlleyFrType(), called in /www/wwwroot/slpay.shunzhiapp.com/web/App/Tasks/Controller/BenefitController.class.php on line 172 and defined /www/wwwroot/slpay.shunzhiapp.com/web/App/Common/Common/function.php 第 1233 行.
NOTIC: [8] Undefined variable: type /www/wwwroot/slpay.shunzhiapp.com/web/App/Common/Common/function.php 第 1236 行.
NOTIC: [2] Missing argument 2 for AlleyFrType(), called in /www/wwwroot/slpay.shunzhiapp.com/web/App/Tasks/Controller/BenefitController.class.php on line 172 and defined /www/wwwroot/slpay.shunzhiapp.com/web/App/Common/Common/function.php 第 1233 行.
NOTIC: [8] Undefined variable: type /www/wwwroot/slpay.shunzhiapp.com/web/App/Common/Common/function.php 第 1236 行.
NOTIC: [2] Missing argument 2 for AlleyFrType(), called in /www/wwwroot/slpay.shunzhiapp.com/web/App/Tasks/Controller/BenefitController.class.php on line 172 and defined /www/wwwroot/slpay.shunzhiapp.com/web/App/Common/Common/function.php 第 1233 行.
NOTIC: [8] Undefined variable: type /www/wwwroot/slpay.shunzhiapp.com/web/App/Common/Common/function.php 第 1236 行.
NOTIC: [2] Missing argument 2 for AlleyFrType(), called in /www/wwwroot/slpay.shunzhiapp.com/web/App/Tasks/Controller/BenefitController.class.php on line 172 and defined /www/wwwroot/slpay.shunzhiapp.com/web/App/Common/Common/function.php 第 1233 行.
NOTIC: [8] Undefined variable: type /www/wwwroot/slpay.shunzhiapp.com/web/App/Common/Common/function.php 第 1236 行.
NOTIC: [2] Missing argument 2 for AlleyFrType(), called in /www/wwwroot/slpay.shunzhiapp.com/web/App/Tasks/Controller/BenefitController.class.php on line 172 and defined /www/wwwroot/slpay.shunzhiapp.com/web/App/Common/Common/function.php 第 1233 行.
NOTIC: [8] Undefined variable: type /www/wwwroot/slpay.shunzhiapp.com/web/App/Common/Common/function.php 第 1236 行.
NOTIC: [2] Missing argument 2 for AlleyFrType(), called in /www/wwwroot/slpay.shunzhiapp.com/web/App/Tasks/Controller/BenefitController.class.php on line 172 and defined /www/wwwroot/slpay.shunzhiapp.com/web/App/Common/Common/function.php 第 1233 行.
NOTIC: [8] Undefined variable: type /www/wwwroot/slpay.shunzhiapp.com/web/App/Common/Common/function.php 第 1236 行.
NOTIC: [2] Missing argument 2 for AlleyFrType(), called in /www/wwwroot/slpay.shunzhiapp.com/web/App/Tasks/Controller/BenefitController.class.php on line 172 and defined /www/wwwroot/slpay.shunzhiapp.com/web/App/Common/Common/function.php 第 1233 行.
NOTIC: [8] Undefined variable: type /www/wwwroot/slpay.shunzhiapp.com/web/App/Common/Common/function.php 第 1236 行.
NOTIC: [2] Missing argument 2 for AlleyFrType(), called in /www/wwwroot/slpay.shunzhiapp.com/web/App/Tasks/Controller/BenefitController.class.php on line 172 and defined /www/wwwroot/slpay.shunzhiapp.com/web/App/Common/Common/function.php 第 1233 行.
NOTIC: [8] Undefined variable: type /www/wwwroot/slpay.shunzhiapp.com/web/App/Common/Common/function.php 第 1236 行.
NOTIC: [2] Missing argument 2 for AlleyFrType(), called in /www/wwwroot/slpay.shunzhiapp.com/web/App/Tasks/Controller/BenefitController.class.php on line 172 and defined /www/wwwroot/slpay.shunzhiapp.com/web/App/Common/Common/function.php 第 1233 行.
NOTIC: [8] Undefined variable: type /www/wwwroot/slpay.shunzhiapp.com/web/App/Common/Common/function.php 第 1236 行.
NOTIC: [2] Missing argument 2 for AlleyFrType(), called in /www/wwwroot/slpay.shunzhiapp.com/web/App/Tasks/Controller/BenefitController.class.php on line 172 and defined /www/wwwroot/slpay.shunzhiapp.com/web/App/Common/Common/function.php 第 1233 行.
NOTIC: [8] Undefined variable: type /www/wwwroot/slpay.shunzhiapp.com/web/App/Common/Common/function.php 第 1236 行.
NOTIC: [2] Missing argument 2 for AlleyFrType(), called in /www/wwwroot/slpay.shunzhiapp.com/web/App/Tasks/Controller/BenefitController.class.php on line 172 and defined /www/wwwroot/slpay.shunzhiapp.com/web/App/Common/Common/function.php 第 1233 行.
NOTIC: [8] Undefined variable: type /www/wwwroot/slpay.shunzhiapp.com/web/App/Common/Common/function.php 第 1236 行.
NOTIC: [2] Missing argument 2 for AlleyFrType(), called in /www/wwwroot/slpay.shunzhiapp.com/web/App/Tasks/Controller/BenefitController.class.php on line 172 and defined /www/wwwroot/slpay.shunzhiapp.com/web/App/Common/Common/function.php 第 1233 行.
NOTIC: [8] Undefined variable: type /www/wwwroot/slpay.shunzhiapp.com/web/App/Common/Common/function.php 第 1236 行.
NOTIC: [2] Missing argument 2 for AlleyFrType(), called in /www/wwwroot/slpay.shunzhiapp.com/web/App/Tasks/Controller/BenefitController.class.php on line 172 and defined /www/wwwroot/slpay.shunzhiapp.com/web/App/Common/Common/function.php 第 1233 行.
NOTIC: [8] Undefined variable: type /www/wwwroot/slpay.shunzhiapp.com/web/App/Common/Common/function.php 第 1236 行.
NOTIC: [2] Missing argument 2 for AlleyFrType(), called in /www/wwwroot/slpay.shunzhiapp.com/web/App/Tasks/Controller/BenefitController.class.php on line 172 and defined /www/wwwroot/slpay.shunzhiapp.com/web/App/Common/Common/function.php 第 1233 行.
NOTIC: [8] Undefined variable: type /www/wwwroot/slpay.shunzhiapp.com/web/App/Common/Common/function.php 第 1236 行.
NOTIC: [2] Missing argument 2 for AlleyFrType(), called in /www/wwwroot/slpay.shunzhiapp.com/web/App/Tasks/Controller/BenefitController.class.php on line 172 and defined /www/wwwroot/slpay.shunzhiapp.com/web/App/Common/Common/function.php 第 1233 行.
NOTIC: [8] Undefined variable: type /www/wwwroot/slpay.shunzhiapp.com/web/App/Common/Common/function.php 第 1236 行.
INFO: [ app_end ] --START--
INFO: Run Behavior\ShowPageTraceBehavior [ RunTime:0.000603s ]
INFO: [ app_end ] --END-- [ RunTime:0.000700s ]

[ 2019-11-11T03:10:01+08:00 ] 121.41.52.132 /Tasks/Statistics/admin
INFO: [ app_init ] --START--
INFO: Run Behavior\BuildLiteBehavior [ RunTime:0.000013s ]
INFO: [ app_init ] --END-- [ RunTime:0.000290s ]
INFO: [ app_begin ] --START--
INFO: Run Behavior\ReadHtmlCacheBehavior [ RunTime:0.000426s ]
INFO: [ app_begin ] --END-- [ RunTime:0.000473s ]
INFO: [ app_end ] --START--
INFO: Run Behavior\ShowPageTraceBehavior [ RunTime:0.000599s ]
INFO: [ app_end ] --END-- [ RunTime:0.000679s ]

[ 2019-11-11T03:20:01+08:00 ] 121.41.52.132 /Tasks/Statistics/admin
INFO: [ app_init ] --START--
INFO: Run Behavior\BuildLiteBehavior [ RunTime:0.000013s ]
INFO: [ app_init ] --END-- [ RunTime:0.000283s ]
INFO: [ app_begin ] --START--
INFO: Run Behavior\ReadHtmlCacheBehavior [ RunTime:0.000440s ]
INFO: [ app_begin ] --END-- [ RunTime:0.000494s ]
INFO: [ app_end ] --START--
INFO: Run Behavior\ShowPageTraceBehavior [ RunTime:0.000503s ]
INFO: [ app_end ] --END-- [ RunTime:0.000569s ]

[ 2019-11-11T03:30:01+08:00 ] 121.41.52.132 /Tasks/Statistics/admin
INFO: [ app_init ] --START--
INFO: Run Behavior\BuildLiteBehavior [ RunTime:0.000018s ]
INFO: [ app_init ] --END-- [ RunTime:0.000431s ]
INFO: [ app_begin ] --START--
INFO: Run Behavior\ReadHtmlCacheBehavior [ RunTime:0.000576s ]
INFO: [ app_begin ] --END-- [ RunTime:0.000648s ]
INFO: [ app_end ] --START--
INFO: Run Behavior\ShowPageTraceBehavior [ RunTime:0.000519s ]
INFO: [ app_end ] --END-- [ RunTime:0.000615s ]

[ 2019-11-11T03:30:02+08:00 ] 121.41.52.132 /Tasks/TaskAgent/statistics
INFO: [ app_init ] --START--
INFO: Run Behavior\BuildLiteBehavior [ RunTime:0.000014s ]
INFO: [ app_init ] --END-- [ RunTime:0.000283s ]
INFO: [ app_begin ] --START--
INFO: Run Behavior\ReadHtmlCacheBehavior [ RunTime:0.000479s ]
INFO: [ app_begin ] --END-- [ RunTime:0.000549s ]
INFO: [ app_end ] --START--
INFO: Run Behavior\ShowPageTraceBehavior [ RunTime:0.000653s ]
INFO: [ app_end ] --END-- [ RunTime:0.000724s ]

[ 2019-11-11T03:40:01+08:00 ] 121.41.52.132 /Tasks/Statistics/admin
INFO: [ app_init ] --START--
INFO: Run Behavior\BuildLiteBehavior [ RunTime:0.000018s ]
INFO: [ app_init ] --END-- [ RunTime:0.000315s ]
INFO: [ app_begin ] --START--
INFO: Run Behavior\ReadHtmlCacheBehavior [ RunTime:0.000406s ]
INFO: [ app_begin ] --END-- [ RunTime:0.000452s ]
INFO: [ app_end ] --START--
INFO: Run Behavior\ShowPageTraceBehavior [ RunTime:0.000482s ]
INFO: [ app_end ] --END-- [ RunTime:0.000542s ]

[ 2019-11-11T03:50:01+08:00 ] 121.41.52.132 /Tasks/Statistics/admin
INFO: [ app_init ] --START--
INFO: Run Behavior\BuildLiteBehavior [ RunTime:0.000015s ]
INFO: [ app_init ] --END-- [ RunTime:0.000350s ]
INFO: [ app_begin ] --START--
INFO: Run Behavior\ReadHtmlCacheBehavior [ RunTime:0.000459s ]
INFO: [ app_begin ] --END-- [ RunTime:0.000514s ]
INFO: [ app_end ] --START--
INFO: Run Behavior\ShowPageTraceBehavior [ RunTime:0.000562s ]
INFO: [ app_end ] --END-- [ RunTime:0.000640s ]

[ 2019-11-11T04:00:01+08:00 ] 121.41.52.132 /Tasks/Statistics/admin
INFO: [ app_init ] --START--
INFO: Run Behavior\BuildLiteBehavior [ RunTime:0.000017s ]
INFO: [ app_init ] --END-- [ RunTime:0.000396s ]
INFO: [ app_begin ] --START--
INFO: Run Behavior\ReadHtmlCacheBehavior [ RunTime:0.000479s ]
INFO: [ app_begin ] --END-- [ RunTime:0.000531s ]
INFO: [ app_end ] --START--
INFO: Run Behavior\ShowPageTraceBehavior [ RunTime:0.000667s ]
INFO: [ app_end ] --END-- [ RunTime:0.000758s ]

[ 2019-11-11T04:00:01+08:00 ] 121.41.52.132 /Tasks/TaskAgent/statistics
INFO: [ app_init ] --START--
INFO: Run Behavior\BuildLiteBehavior [ RunTime:0.000018s ]
INFO: [ app_init ] --END-- [ RunTime:0.000357s ]
INFO: [ app_begin ] --START--
INFO: Run Behavior\ReadHtmlCacheBehavior [ RunTime:0.000432s ]
INFO: [ app_begin ] --END-- [ RunTime:0.000486s ]
INFO: [ app_end ] --START--
INFO: Run Behavior\ShowPageTraceBehavior [ RunTime:0.000529s ]
INFO: [ app_end ] --END-- [ RunTime:0.000590s ]

[ 2019-11-11T04:10:02+08:00 ] 121.41.52.132 /Tasks/Statistics/admin
INFO: [ app_init ] --START--
INFO: Run Behavior\BuildLiteBehavior [ RunTime:0.000013s ]
INFO: [ app_init ] --END-- [ RunTime:0.000323s ]
INFO: [ app_begin ] --START--
INFO: Run Behavior\ReadHtmlCacheBehavior [ RunTime:0.000419s ]
INFO: [ app_begin ] --END-- [ RunTime:0.000466s ]
INFO: [ app_end ] --START--
INFO: Run Behavior\ShowPageTraceBehavior [ RunTime:0.000467s ]
INFO: [ app_end ] --END-- [ RunTime:0.000533s ]

[ 2019-11-11T04:20:01+08:00 ] 121.41.52.132 /Tasks/Statistics/admin
INFO: [ app_init ] --START--
INFO: Run Behavior\BuildLiteBehavior [ RunTime:0.000013s ]
INFO: [ app_init ] --END-- [ RunTime:0.000272s ]
INFO: [ app_begin ] --START--
INFO: Run Behavior\ReadHtmlCacheBehavior [ RunTime:0.000369s ]
INFO: [ app_begin ] --END-- [ RunTime:0.000407s ]
INFO: [ app_end ] --START--
INFO: Run Behavior\ShowPageTraceBehavior [ RunTime:0.000545s ]
INFO: [ app_end ] --END-- [ RunTime:0.000622s ]

[ 2019-11-11T04:30:01+08:00 ] 121.41.52.132 /Tasks/Statistics/admin
INFO: [ app_init ] --START--
INFO: Run Behavior\BuildLiteBehavior [ RunTime:0.000012s ]
INFO: [ app_init ] --END-- [ RunTime:0.000291s ]
INFO: [ app_begin ] --START--
INFO: Run Behavior\ReadHtmlCacheBehavior [ RunTime:0.000412s ]
INFO: [ app_begin ] --END-- [ RunTime:0.000460s ]
INFO: [ app_end ] --START--
INFO: Run Behavior\ShowPageTraceBehavior [ RunTime:0.000643s ]
INFO: [ app_end ] --END-- [ RunTime:0.000726s ]

[ 2019-11-11T04:30:01+08:00 ] 121.41.52.132 /Tasks/TaskAgent/statistics
INFO: [ app_init ] --START--
INFO: Run Behavior\BuildLiteBehavior [ RunTime:0.000017s ]
INFO: [ app_init ] --END-- [ RunTime:0.000378s ]
INFO: [ app_begin ] --START--
INFO: Run Behavior\ReadHtmlCacheBehavior [ RunTime:0.000534s ]
INFO: [ app_begin ] --END-- [ RunTime:0.000602s ]
INFO: [ app_end ] --START--
INFO: Run Behavior\ShowPageTraceBehavior [ RunTime:0.000739s ]
INFO: [ app_end ] --END-- [ RunTime:0.000827s ]

[ 2019-11-11T04:40:01+08:00 ] 121.41.52.132 /Tasks/Statistics/admin
INFO: [ app_init ] --START--
INFO: Run Behavior\BuildLiteBehavior [ RunTime:0.000014s ]
INFO: [ app_init ] --END-- [ RunTime:0.000313s ]
INFO: [ app_begin ] --START--
INFO: Run Behavior\ReadHtmlCacheBehavior [ RunTime:0.000443s ]
INFO: [ app_begin ] --END-- [ RunTime:0.000489s ]
INFO: [ app_end ] --START--
INFO: Run Behavior\ShowPageTraceBehavior [ RunTime:0.000571s ]
INFO: [ app_end ] --END-- [ RunTime:0.000650s ]

[ 2019-11-11T04:50:02+08:00 ] 121.41.52.132 /Tasks/Statistics/admin
INFO: [ app_init ] --START--
INFO: Run Behavior\BuildLiteBehavior [ RunTime:0.000034s ]
INFO: [ app_init ] --END-- [ RunTime:0.000390s ]
INFO: [ app_begin ] --START--
INFO: Run Behavior\ReadHtmlCacheBehavior [ RunTime:0.000513s ]
INFO: [ app_begin ] --END-- [ RunTime:0.000577s ]
INFO: [ app_end ] --START--
INFO: Run Behavior\ShowPageTraceBehavior [ RunTime:0.000710s ]
INFO: [ app_end ] --END-- [ RunTime:0.000807s ]

[ 2019-11-11T05:00:01+08:00 ] 121.41.52.132 /Tasks/Statistics/admin
INFO: [ app_init ] --START--
INFO: Run Behavior\BuildLiteBehavior [ RunTime:0.000026s ]
INFO: [ app_init ] --END-- [ RunTime:0.000323s ]
INFO: [ app_begin ] --START--
INFO: Run Behavior\ReadHtmlCacheBehavior [ RunTime:0.000434s ]
INFO: [ app_begin ] --END-- [ RunTime:0.000479s ]
INFO: [ app_end ] --START--
INFO: Run Behavior\ShowPageTraceBehavior [ RunTime:0.000575s ]
INFO: [ app_end ] --END-- [ RunTime:0.000652s ]

[ 2019-11-11T05:00:01+08:00 ] 121.41.52.132 /Tasks/TaskAgent/statistics
INFO: [ app_init ] --START--
INFO: Run Behavior\BuildLiteBehavior [ RunTime:0.000013s ]
INFO: [ app_init ] --END-- [ RunTime:0.000264s ]
INFO: [ app_begin ] --START--
INFO: Run Behavior\ReadHtmlCacheBehavior [ RunTime:0.000470s ]
INFO: [ app_begin ] --END-- [ RunTime:0.000523s ]
INFO: [ app_end ] --START--
INFO: Run Behavior\ShowPageTraceBehavior [ RunTime:0.000622s ]
INFO: [ app_end ] --END-- [ RunTime:0.000696s ]

[ 2019-11-11T05:10:01+08:00 ] 121.41.52.132 /Tasks/Statistics/admin
INFO: [ app_init ] --START--
INFO: Run Behavior\BuildLiteBehavior [ RunTime:0.000023s ]
INFO: [ app_init ] --END-- [ RunTime:0.000531s ]
INFO: [ app_begin ] --START--
INFO: Run Behavior\ReadHtmlCacheBehavior [ RunTime:0.000577s ]
INFO: [ app_begin ] --END-- [ RunTime:0.000652s ]
INFO: [ app_end ] --START--
INFO: Run Behavior\ShowPageTraceBehavior [ RunTime:0.000627s ]
INFO: [ app_end ] --END-- [ RunTime:0.000712s ]

[ 2019-11-11T05:20:01+08:00 ] 121.41.52.132 /Tasks/Statistics/admin
INFO: [ app_init ] --START--
INFO: Run Behavior\BuildLiteBehavior [ RunTime:0.000020s ]
INFO: [ app_init ] --END-- [ RunTime:0.000375s ]
INFO: [ app_begin ] --START--
INFO: Run Behavior\ReadHtmlCacheBehavior [ RunTime:0.000534s ]
INFO: [ app_begin ] --END-- [ RunTime:0.000601s ]
INFO: [ app_end ] --START--
INFO: Run Behavior\ShowPageTraceBehavior [ RunTime:0.000461s ]
INFO: [ app_end ] --END-- [ RunTime:0.000523s ]

[ 2019-11-11T05:30:02+08:00 ] 121.41.52.132 /Tasks/Statistics/admin
INFO: [ app_init ] --START--
INFO: Run Behavior\BuildLiteBehavior [ RunTime:0.000017s ]
INFO: [ app_init ] --END-- [ RunTime:0.000382s ]
INFO: [ app_begin ] --START--
INFO: Run Behavior\ReadHtmlCacheBehavior [ RunTime:0.000431s ]
INFO: [ app_begin ] --END-- [ RunTime:0.000477s ]
INFO: [ app_end ] --START--
INFO: Run Behavior\ShowPageTraceBehavior [ RunTime:0.000428s ]
INFO: [ app_end ] --END-- [ RunTime:0.000489s ]

[ 2019-11-11T05:30:02+08:00 ] 121.41.52.132 /Tasks/TaskAgent/statistics
INFO: [ app_init ] --START--
INFO: Run Behavior\BuildLiteBehavior [ RunTime:0.000014s ]
INFO: [ app_init ] --END-- [ RunTime:0.000293s ]
INFO: [ app_begin ] --START--
INFO: Run Behavior\ReadHtmlCacheBehavior [ RunTime:0.000439s ]
INFO: [ app_begin ] --END-- [ RunTime:0.000488s ]
INFO: [ app_end ] --START--
INFO: Run Behavior\ShowPageTraceBehavior [ RunTime:0.000550s ]
INFO: [ app_end ] --END-- [ RunTime:0.000611s ]

[ 2019-11-11T05:40:01+08:00 ] 121.41.52.132 /Tasks/Statistics/admin
INFO: [ app_init ] --START--
INFO: Run Behavior\BuildLiteBehavior [ RunTime:0.000014s ]
INFO: [ app_init ] --END-- [ RunTime:0.000274s ]
INFO: [ app_begin ] --START--
INFO: Run Behavior\ReadHtmlCacheBehavior [ RunTime:0.000369s ]
INFO: [ app_begin ] --END-- [ RunTime:0.000403s ]
INFO: [ app_end ] --START--
INFO: Run Behavior\ShowPageTraceBehavior [ RunTime:0.000657s ]
INFO: [ app_end ] --END-- [ RunTime:0.000752s ]

[ 2019-11-11T05:50:01+08:00 ] 121.41.52.132 /Tasks/Statistics/admin
INFO: [ app_init ] --START--
INFO: Run Behavior\BuildLiteBehavior [ RunTime:0.000018s ]
INFO: [ app_init ] --END-- [ RunTime:0.000400s ]
INFO: [ app_begin ] --START--
INFO: Run Behavior\ReadHtmlCacheBehavior [ RunTime:0.000557s ]
INFO: [ app_begin ] --END-- [ RunTime:0.000617s ]
INFO: [ app_end ] --START--
INFO: Run Behavior\ShowPageTraceBehavior [ RunTime:0.000471s ]
INFO: [ app_end ] --END-- [ RunTime:0.000533s ]

[ 2019-11-11T06:00:01+08:00 ] 121.41.52.132 /Tasks/Statistics/admin
INFO: [ app_init ] --START--
INFO: Run Behavior\BuildLiteBehavior [ RunTime:0.000015s ]
INFO: [ app_init ] --END-- [ RunTime:0.000321s ]
INFO: [ app_begin ] --START--
INFO: Run Behavior\ReadHtmlCacheBehavior [ RunTime:0.000488s ]
INFO: [ app_begin ] --END-- [ RunTime:0.000538s ]
INFO: [ app_end ] --START--
INFO: Run Behavior\ShowPageTraceBehavior [ RunTime:0.000492s ]
INFO: [ app_end ] --END-- [ RunTime:0.000552s ]

[ 2019-11-11T06:00:01+08:00 ] 121.41.52.132 /Tasks/TaskAgent/statistics
INFO: [ app_init ] --START--
INFO: Run Behavior\BuildLiteBehavior [ RunTime:0.000015s ]
INFO: [ app_init ] --END-- [ RunTime:0.000295s ]
INFO: [ app_begin ] --START--
INFO: Run Behavior\ReadHtmlCacheBehavior [ RunTime:0.000402s ]
INFO: [ app_begin ] --END-- [ RunTime:0.000461s ]
INFO: [ app_end ] --START--
INFO: Run Behavior\ShowPageTraceBehavior [ RunTime:0.000579s ]
INFO: [ app_end ] --END-- [ RunTime:0.000646s ]

[ 2019-11-11T06:10:02+08:00 ] 121.41.52.132 /Tasks/Statistics/admin
INFO: [ app_init ] --START--
INFO: Run Behavior\BuildLiteBehavior [ RunTime:0.000019s ]
INFO: [ app_init ] --END-- [ RunTime:0.000450s ]
INFO: [ app_begin ] --START--
INFO: Run Behavior\ReadHtmlCacheBehavior [ RunTime:0.000618s ]
INFO: [ app_begin ] --END-- [ RunTime:0.000689s ]
INFO: [ app_end ] --START--
INFO: Run Behavior\ShowPageTraceBehavior [ RunTime:0.000484s ]
INFO: [ app_end ] --END-- [ RunTime:0.000564s ]

[ 2019-11-11T06:20:01+08:00 ] 121.41.52.132 /Tasks/Statistics/admin
INFO: [ app_init ] --START--
INFO: Run Behavior\BuildLiteBehavior [ RunTime:0.000015s ]
INFO: [ app_init ] --END-- [ RunTime:0.000340s ]
INFO: [ app_begin ] --START--
INFO: Run Behavior\ReadHtmlCacheBehavior [ RunTime:0.000474s ]
INFO: [ app_begin ] --END-- [ RunTime:0.000545s ]
INFO: [ app_end ] --START--
INFO: Run Behavior\ShowPageTraceBehavior [ RunTime:0.000639s ]
INFO: [ app_end ] --END-- [ RunTime:0.000742s ]

[ 2019-11-11T06:30:01+08:00 ] 121.41.52.132 /Tasks/Statistics/admin
INFO: [ app_init ] --START--
INFO: Run Behavior\BuildLiteBehavior [ RunTime:0.000014s ]
INFO: [ app_init ] --END-- [ RunTime:0.000321s ]
INFO: [ app_begin ] --START--
INFO: Run Behavior\ReadHtmlCacheBehavior [ RunTime:0.000509s ]
INFO: [ app_begin ] --END-- [ RunTime:0.000558s ]
INFO: [ app_end ] --START--
INFO: Run Behavior\ShowPageTraceBehavior [ RunTime:0.000429s ]
INFO: [ app_end ] --END-- [ RunTime:0.000484s ]

[ 2019-11-11T06:30:01+08:00 ] 121.41.52.132 /Tasks/TaskAgent/statistics
INFO: [ app_init ] --START--
INFO: Run Behavior\BuildLiteBehavior [ RunTime:0.000013s ]
INFO: [ app_init ] --END-- [ RunTime:0.000284s ]
INFO: [ app_begin ] --START--
INFO: Run Behavior\ReadHtmlCacheBehavior [ RunTime:0.000390s ]
INFO: [ app_begin ] --END-- [ RunTime:0.000428s ]
INFO: [ app_end ] --START--
INFO: Run Behavior\ShowPageTraceBehavior [ RunTime:0.000519s ]
INFO: [ app_end ] --END-- [ RunTime:0.000579s ]

[ 2019-11-11T06:40:01+08:00 ] 121.41.52.132 /Tasks/Statistics/admin
INFO: [ app_init ] --START--
INFO: Run Behavior\BuildLiteBehavior [ RunTime:0.000019s ]
INFO: [ app_init ] --END-- [ RunTime:0.000418s ]
INFO: [ app_begin ] --START--
INFO: Run Behavior\ReadHtmlCacheBehavior [ RunTime:0.000600s ]
INFO: [ app_begin ] --END-- [ RunTime:0.000674s ]
INFO: [ app_end ] --START--
INFO: Run Behavior\ShowPageTraceBehavior [ RunTime:0.000422s ]
INFO: [ app_end ] --END-- [ RunTime:0.000477s ]

[ 2019-11-11T06:50:01+08:00 ] 121.41.52.132 /Tasks/Statistics/admin
INFO: [ app_init ] --START--
INFO: Run Behavior\BuildLiteBehavior [ RunTime:0.000016s ]
INFO: [ app_init ] --END-- [ RunTime:0.000409s ]
INFO: [ app_begin ] --START--
INFO: Run Behavior\ReadHtmlCacheBehavior [ RunTime:0.000410s ]
INFO: [ app_begin ] --END-- [ RunTime:0.000459s ]
INFO: [ app_end ] --START--
INFO: Run Behavior\ShowPageTraceBehavior [ RunTime:0.000440s ]
INFO: [ app_end ] --END-- [ RunTime:0.000507s ]

[ 2019-11-11T07:00:02+08:00 ] 121.41.52.132 /Tasks/Statistics/admin
INFO: [ app_init ] --START--
INFO: Run Behavior\BuildLiteBehavior [ RunTime:0.000020s ]
INFO: [ app_init ] --END-- [ RunTime:0.000403s ]
INFO: [ app_begin ] --START--
INFO: Run Behavior\ReadHtmlCacheBehavior [ RunTime:0.000546s ]
INFO: [ app_begin ] --END-- [ RunTime:0.000608s ]
INFO: [ app_end ] --START--
INFO: Run Behavior\ShowPageTraceBehavior [ RunTime:0.000609s ]
INFO: [ app_end ] --END-- [ RunTime:0.000702s ]

[ 2019-11-11T07:00:02+08:00 ] 121.41.52.132 /Tasks/TaskAgent/statistics
INFO: [ app_init ] --START--
INFO: Run Behavior\BuildLiteBehavior [ RunTime:0.000024s ]
INFO: [ app_init ] --END-- [ RunTime:0.000332s ]
INFO: [ app_begin ] --START--
INFO: Run Behavior\ReadHtmlCacheBehavior [ RunTime:0.000505s ]
INFO: [ app_begin ] --END-- [ RunTime:0.000556s ]
INFO: [ app_end ] --START--
INFO: Run Behavior\ShowPageTraceBehavior [ RunTime:0.000504s ]
INFO: [ app_end ] --END-- [ RunTime:0.000560s ]

[ 2019-11-11T07:10:01+08:00 ] 121.41.52.132 /Tasks/Statistics/admin
INFO: [ app_init ] --START--
INFO: Run Behavior\BuildLiteBehavior [ RunTime:0.000021s ]
INFO: [ app_init ] --END-- [ RunTime:0.000395s ]
INFO: [ app_begin ] --START--
INFO: Run Behavior\ReadHtmlCacheBehavior [ RunTime:0.000637s ]
INFO: [ app_begin ] --END-- [ RunTime:0.000712s ]
INFO: [ app_end ] --START--
INFO: Run Behavior\ShowPageTraceBehavior [ RunTime:0.000484s ]
INFO: [ app_end ] --END-- [ RunTime:0.000546s ]

[ 2019-11-11T07:20:01+08:00 ] 121.41.52.132 /Tasks/Statistics/admin
INFO: [ app_init ] --START--
INFO: Run Behavior\BuildLiteBehavior [ RunTime:0.000018s ]
INFO: [ app_init ] --END-- [ RunTime:0.000387s ]
INFO: [ app_begin ] --START--
INFO: Run Behavior\ReadHtmlCacheBehavior [ RunTime:0.000429s ]
INFO: [ app_begin ] --END-- [ RunTime:0.000487s ]
INFO: [ app_end ] --START--
INFO: Run Behavior\ShowPageTraceBehavior [ RunTime:0.000453s ]
INFO: [ app_end ] --END-- [ RunTime:0.000510s ]

[ 2019-11-11T07:30:01+08:00 ] 121.41.52.132 /Tasks/Statistics/admin
INFO: [ app_init ] --START--
INFO: Run Behavior\BuildLiteBehavior [ RunTime:0.000018s ]
INFO: [ app_init ] --END-- [ RunTime:0.000341s ]
INFO: [ app_begin ] --START--
INFO: Run Behavior\ReadHtmlCacheBehavior [ RunTime:0.000421s ]
INFO: [ app_begin ] --END-- [ RunTime:0.000482s ]
INFO: [ app_end ] --START--
INFO: Run Behavior\ShowPageTraceBehavior [ RunTime:0.000534s ]
INFO: [ app_end ] --END-- [ RunTime:0.000617s ]

[ 2019-11-11T07:30:02+08:00 ] 121.41.52.132 /Tasks/TaskAgent/statistics
INFO: [ app_init ] --START--
INFO: Run Behavior\BuildLiteBehavior [ RunTime:0.000021s ]
INFO: [ app_init ] --END-- [ RunTime:0.000400s ]
INFO: [ app_begin ] --START--
INFO: Run Behavior\ReadHtmlCacheBehavior [ RunTime:0.000596s ]
INFO: [ app_begin ] --END-- [ RunTime:0.000666s ]
INFO: [ app_end ] --START--
INFO: Run Behavior\ShowPageTraceBehavior [ RunTime:0.000635s ]
INFO: [ app_end ] --END-- [ RunTime:0.000708s ]

[ 2019-11-11T07:40:01+08:00 ] 121.41.52.132 /Tasks/Statistics/admin
INFO: [ app_init ] --START--
INFO: Run Behavior\BuildLiteBehavior [ RunTime:0.000012s ]
INFO: [ app_init ] --END-- [ RunTime:0.000253s ]
INFO: [ app_begin ] --START--
INFO: Run Behavior\ReadHtmlCacheBehavior [ RunTime:0.000372s ]
INFO: [ app_begin ] --END-- [ RunTime:0.000416s ]
INFO: [ app_end ] --START--
INFO: Run Behavior\ShowPageTraceBehavior [ RunTime:0.000452s ]
INFO: [ app_end ] --END-- [ RunTime:0.000525s ]

[ 2019-11-11T07:50:01+08:00 ] 121.41.52.132 /Tasks/Statistics/admin
INFO: [ app_init ] --START--
INFO: Run Behavior\BuildLiteBehavior [ RunTime:0.000014s ]
INFO: [ app_init ] --END-- [ RunTime:0.000273s ]
INFO: [ app_begin ] --START--
INFO: Run Behavior\ReadHtmlCacheBehavior [ RunTime:0.000380s ]
INFO: [ app_begin ] --END-- [ RunTime:0.000421s ]
INFO: [ app_end ] --START--
INFO: Run Behavior\ShowPageTraceBehavior [ RunTime:0.000523s ]
INFO: [ app_end ] --END-- [ RunTime:0.000593s ]

[ 2019-11-11T08:00:01+08:00 ] 121.41.52.132 /Tasks/Statistics/admin
INFO: [ app_init ] --START--
INFO: Run Behavior\BuildLiteBehavior [ RunTime:0.000017s ]
INFO: [ app_init ] --END-- [ RunTime:0.000422s ]
INFO: [ app_begin ] --START--
INFO: Run Behavior\ReadHtmlCacheBehavior [ RunTime:0.000609s ]
INFO: [ app_begin ] --END-- [ RunTime:0.000682s ]
INFO: [ app_end ] --START--
INFO: Run Behavior\ShowPageTraceBehavior [ RunTime:0.000617s ]
INFO: [ app_end ] --END-- [ RunTime:0.000727s ]

[ 2019-11-11T08:00:01+08:00 ] 121.41.52.132 /Tasks/TaskAgent/statistics
INFO: [ app_init ] --START--
INFO: Run Behavior\BuildLiteBehavior [ RunTime:0.000019s ]
INFO: [ app_init ] --END-- [ RunTime:0.000356s ]
INFO: [ app_begin ] --START--
INFO: Run Behavior\ReadHtmlCacheBehavior [ RunTime:0.000410s ]
INFO: [ app_begin ] --END-- [ RunTime:0.000459s ]
INFO: [ app_end ] --START--
INFO: Run Behavior\ShowPageTraceBehavior [ RunTime:0.000722s ]
INFO: [ app_end ] --END-- [ RunTime:0.000804s ]

[ 2019-11-11T08:10:02+08:00 ] 121.41.52.132 /Tasks/Statistics/admin
INFO: [ app_init ] --START--
INFO: Run Behavior\BuildLiteBehavior [ RunTime:0.000017s ]
INFO: [ app_init ] --END-- [ RunTime:0.000403s ]
INFO: [ app_begin ] --START--
INFO: Run Behavior\ReadHtmlCacheBehavior [ RunTime:0.000515s ]
INFO: [ app_begin ] --END-- [ RunTime:0.000563s ]
INFO: [ app_end ] --START--
INFO: Run Behavior\ShowPageTraceBehavior [ RunTime:0.000418s ]
INFO: [ app_end ] --END-- [ RunTime:0.000474s ]

[ 2019-11-11T08:20:01+08:00 ] 121.41.52.132 /Tasks/Statistics/admin
INFO: [ app_init ] --START--
INFO: Run Behavior\BuildLiteBehavior [ RunTime:0.000018s ]
INFO: [ app_init ] --END-- [ RunTime:0.000396s ]
INFO: [ app_begin ] --START--
INFO: Run Behavior\ReadHtmlCacheBehavior [ RunTime:0.000564s ]
INFO: [ app_begin ] --END-- [ RunTime:0.000628s ]
INFO: [ app_end ] --START--
INFO: Run Behavior\ShowPageTraceBehavior [ RunTime:0.000612s ]
INFO: [ app_end ] --END-- [ RunTime:0.000704s ]

[ 2019-11-11T08:30:01+08:00 ] 121.41.52.132 /Tasks/Statistics/admin
INFO: [ app_init ] --START--
INFO: Run Behavior\BuildLiteBehavior [ RunTime:0.000012s ]
INFO: [ app_init ] --END-- [ RunTime:0.000270s ]
INFO: [ app_begin ] --START--
INFO: Run Behavior\ReadHtmlCacheBehavior [ RunTime:0.000548s ]
INFO: [ app_begin ] --END-- [ RunTime:0.000615s ]
INFO: [ app_end ] --START--
INFO: Run Behavior\ShowPageTraceBehavior [ RunTime:0.000461s ]
INFO: [ app_end ] --END-- [ RunTime:0.000530s ]

[ 2019-11-11T08:30:01+08:00 ] 121.41.52.132 /Tasks/TaskAgent/statistics
INFO: [ app_init ] --START--
INFO: Run Behavior\BuildLiteBehavior [ RunTime:0.000014s ]
INFO: [ app_init ] --END-- [ RunTime:0.000278s ]
INFO: [ app_begin ] --START--
INFO: Run Behavior\ReadHtmlCacheBehavior [ RunTime:0.000392s ]
INFO: [ app_begin ] --END-- [ RunTime:0.000451s ]
INFO: [ app_end ] --START--
INFO: Run Behavior\ShowPageTraceBehavior [ RunTime:0.000558s ]
INFO: [ app_end ] --END-- [ RunTime:0.000626s ]

[ 2019-11-11T08:40:01+08:00 ] 121.41.52.132 /Tasks/Statistics/admin
INFO: [ app_init ] --START--
INFO: Run Behavior\BuildLiteBehavior [ RunTime:0.000017s ]
INFO: [ app_init ] --END-- [ RunTime:0.000284s ]
INFO: [ app_begin ] --START--
INFO: Run Behavior\ReadHtmlCacheBehavior [ RunTime:0.000393s ]
INFO: [ app_begin ] --END-- [ RunTime:0.000439s ]
INFO: [ app_end ] --START--
INFO: Run Behavior\ShowPageTraceBehavior [ RunTime:0.000450s ]
INFO: [ app_end ] --END-- [ RunTime:0.000508s ]

[ 2019-11-11T08:50:02+08:00 ] 121.41.52.132 /Tasks/Statistics/admin
INFO: [ app_init ] --START--
INFO: Run Behavior\BuildLiteBehavior [ RunTime:0.000012s ]
INFO: [ app_init ] --END-- [ RunTime:0.000276s ]
INFO: [ app_begin ] --START--
INFO: Run Behavior\ReadHtmlCacheBehavior [ RunTime:0.000398s ]
INFO: [ app_begin ] --END-- [ RunTime:0.000453s ]
INFO: [ app_end ] --START--
INFO: Run Behavior\ShowPageTraceBehavior [ RunTime:0.000425s ]
INFO: [ app_end ] --END-- [ RunTime:0.000478s ]

[ 2019-11-11T09:00:01+08:00 ] 121.41.52.132 /Tasks/Statistics/admin
INFO: [ app_init ] --START--
INFO: Run Behavior\BuildLiteBehavior [ RunTime:0.000018s ]
INFO: [ app_init ] --END-- [ RunTime:0.000361s ]
INFO: [ app_begin ] --START--
INFO: Run Behavior\ReadHtmlCacheBehavior [ RunTime:0.000414s ]
INFO: [ app_begin ] --END-- [ RunTime:0.000467s ]
INFO: [ app_end ] --START--
INFO: Run Behavior\ShowPageTraceBehavior [ RunTime:0.000567s ]
INFO: [ app_end ] --END-- [ RunTime:0.000640s ]

[ 2019-11-11T09:00:01+08:00 ] 121.41.52.132 /Tasks/TaskAgent/statistics
INFO: [ app_init ] --START--
INFO: Run Behavior\BuildLiteBehavior [ RunTime:0.000014s ]
INFO: [ app_init ] --END-- [ RunTime:0.000309s ]
INFO: [ app_begin ] --START--
INFO: Run Behavior\ReadHtmlCacheBehavior [ RunTime:0.000386s ]
INFO: [ app_begin ] --END-- [ RunTime:0.000426s ]
INFO: [ app_end ] --START--
INFO: Run Behavior\ShowPageTraceBehavior [ RunTime:0.000678s ]
INFO: [ app_end ] --END-- [ RunTime:0.000761s ]

[ 2019-11-11T09:10:01+08:00 ] 121.41.52.132 /Tasks/Statistics/admin
INFO: [ app_init ] --START--
INFO: Run Behavior\BuildLiteBehavior [ RunTime:0.000021s ]
INFO: [ app_init ] --END-- [ RunTime:0.000446s ]
INFO: [ app_begin ] --START--
INFO: Run Behavior\ReadHtmlCacheBehavior [ RunTime:0.000438s ]
INFO: [ app_begin ] --END-- [ RunTime:0.000488s ]
INFO: [ app_end ] --START--
INFO: Run Behavior\ShowPageTraceBehavior [ RunTime:0.000489s ]
INFO: [ app_end ] --END-- [ RunTime:0.000562s ]

[ 2019-11-11T09:20:01+08:00 ] 121.41.52.132 /Tasks/Statistics/admin
INFO: [ app_init ] --START--
INFO: Run Behavior\BuildLiteBehavior [ RunTime:0.000027s ]
INFO: [ app_init ] --END-- [ RunTime:0.000371s ]
INFO: [ app_begin ] --START--
INFO: Run Behavior\ReadHtmlCacheBehavior [ RunTime:0.000450s ]
INFO: [ app_begin ] --END-- [ RunTime:0.000512s ]
INFO: [ app_end ] --START--
INFO: Run Behavior\ShowPageTraceBehavior [ RunTime:0.000596s ]
INFO: [ app_end ] --END-- [ RunTime:0.000680s ]

[ 2019-11-11T09:30:01+08:00 ] 121.41.52.132 /Tasks/Statistics/admin
INFO: [ app_init ] --START--
INFO: Run Behavior\BuildLiteBehavior [ RunTime:0.000014s ]
INFO: [ app_init ] --END-- [ RunTime:0.000274s ]
INFO: [ app_begin ] --START--
INFO: Run Behavior\ReadHtmlCacheBehavior [ RunTime:0.000401s ]
INFO: [ app_begin ] --END-- [ RunTime:0.000448s ]
INFO: [ app_end ] --START--
INFO: Run Behavior\ShowPageTraceBehavior [ RunTime:0.000443s ]
INFO: [ app_end ] --END-- [ RunTime:0.000501s ]

[ 2019-11-11T09:30:02+08:00 ] 121.41.52.132 /Tasks/TaskAgent/statistics
INFO: [ app_init ] --START--
INFO: Run Behavior\BuildLiteBehavior [ RunTime:0.000014s ]
INFO: [ app_init ] --END-- [ RunTime:0.000280s ]
INFO: [ app_begin ] --START--
INFO: Run Behavior\ReadHtmlCacheBehavior [ RunTime:0.000396s ]
INFO: [ app_begin ] --END-- [ RunTime:0.000435s ]
INFO: [ app_end ] --START--
INFO: Run Behavior\ShowPageTraceBehavior [ RunTime:0.000557s ]
INFO: [ app_end ] --END-- [ RunTime:0.000616s ]

[ 2019-11-11T09:40:01+08:00 ] 121.41.52.132 /Tasks/Statistics/admin
INFO: [ app_init ] --START--
INFO: Run Behavior\BuildLiteBehavior [ RunTime:0.000019s ]
INFO: [ app_init ] --END-- [ RunTime:0.000390s ]
INFO: [ app_begin ] --START--
INFO: Run Behavior\ReadHtmlCacheBehavior [ RunTime:0.000580s ]
INFO: [ app_begin ] --END-- [ RunTime:0.000642s ]
INFO: [ app_end ] --START--
INFO: Run Behavior\ShowPageTraceBehavior [ RunTime:0.000441s ]
INFO: [ app_end ] --END-- [ RunTime:0.000514s ]

[ 2019-11-11T09:50:01+08:00 ] 121.41.52.132 /Tasks/Statistics/admin
INFO: [ app_init ] --START--
INFO: Run Behavior\BuildLiteBehavior [ RunTime:0.000013s ]
INFO: [ app_init ] --END-- [ RunTime:0.000276s ]
INFO: [ app_begin ] --START--
INFO: Run Behavior\ReadHtmlCacheBehavior [ RunTime:0.000503s ]
INFO: [ app_begin ] --END-- [ RunTime:0.000557s ]
INFO: [ app_end ] --START--
INFO: Run Behavior\ShowPageTraceBehavior [ RunTime:0.000528s ]
INFO: [ app_end ] --END-- [ RunTime:0.000606s ]

[ 2019-11-11T10:00:01+08:00 ] 121.41.52.132 /Tasks/Statistics/admin
INFO: [ app_init ] --START--
INFO: Run Behavior\BuildLiteBehavior [ RunTime:0.000014s ]
INFO: [ app_init ] --END-- [ RunTime:0.000379s ]
INFO: [ app_begin ] --START--
INFO: Run Behavior\ReadHtmlCacheBehavior [ RunTime:0.000515s ]
INFO: [ app_begin ] --END-- [ RunTime:0.000586s ]
INFO: [ app_end ] --START--
INFO: Run Behavior\ShowPageTraceBehavior [ RunTime:0.000612s ]
INFO: [ app_end ] --END-- [ RunTime:0.000693s ]

[ 2019-11-11T10:00:02+08:00 ] 121.41.52.132 /Tasks/TaskAgent/statistics
INFO: [ app_init ] --START--
INFO: Run Behavior\BuildLiteBehavior [ RunTime:0.000018s ]
INFO: [ app_init ] --END-- [ RunTime:0.000411s ]
INFO: [ app_begin ] --START--
INFO: Run Behavior\ReadHtmlCacheBehavior [ RunTime:0.000611s ]
INFO: [ app_begin ] --END-- [ RunTime:0.000714s ]
INFO: [ app_end ] --START--
INFO: Run Behavior\ShowPageTraceBehavior [ RunTime:0.000604s ]
INFO: [ app_end ] --END-- [ RunTime:0.000699s ]

[ 2019-11-11T10:10:01+08:00 ] 121.41.52.132 /Tasks/Statistics/admin
INFO: [ app_init ] --START--
INFO: Run Behavior\BuildLiteBehavior [ RunTime:0.000014s ]
INFO: [ app_init ] --END-- [ RunTime:0.000294s ]
INFO: [ app_begin ] --START--
INFO: Run Behavior\ReadHtmlCacheBehavior [ RunTime:0.000427s ]
INFO: [ app_begin ] --END-- [ RunTime:0.000486s ]
INFO: [ app_end ] --START--
INFO: Run Behavior\ShowPageTraceBehavior [ RunTime:0.000567s ]
INFO: [ app_end ] --END-- [ RunTime:0.000644s ]

[ 2019-11-11T10:20:01+08:00 ] 121.41.52.132 /Tasks/Statistics/admin
INFO: [ app_init ] --START--
INFO: Run Behavior\BuildLiteBehavior [ RunTime:0.000014s ]
INFO: [ app_init ] --END-- [ RunTime:0.000274s ]
INFO: [ app_begin ] --START--
INFO: Run Behavior\ReadHtmlCacheBehavior [ RunTime:0.000385s ]
INFO: [ app_begin ] --END-- [ RunTime:0.000437s ]
INFO: [ app_end ] --START--
INFO: Run Behavior\ShowPageTraceBehavior [ RunTime:0.000564s ]
INFO: [ app_end ] --END-- [ RunTime:0.000644s ]

