[ 2019-09-14T10:51:22+08:00 ] 61.151.178.172 /Mch/Login/index
INFO: [ app_init ] --START--
INFO: Run Behavior\BuildLiteBehavior [ RunTime:0.000014s ]
INFO: [ app_init ] --END-- [ RunTime:0.000272s ]
INFO: [ app_begin ] --START--
INFO: Run Behavior\ReadHtmlCacheBehavior [ RunTime:0.000309s ]
INFO: [ app_begin ] --END-- [ RunTime:0.000346s ]

[ 2019-09-14T10:51:23+08:00 ] 61.151.178.172 /Mch/Login/index?code=081D9RQ90dT7rz1i9dO90qvvQ90D9RQd&state=zzXunLongSoftMch
INFO: [ app_init ] --START--
INFO: Run Behavior\BuildLiteBehavior [ RunTime:0.000013s ]
INFO: [ app_init ] --END-- [ RunTime:0.000304s ]
INFO: [ app_begin ] --START--
INFO: Run Behavior\ReadHtmlCacheBehavior [ RunTime:0.000326s ]
INFO: [ app_begin ] --END-- [ RunTime:0.000371s ]
INFO: [ view_parse ] --START--
INFO: [ template_filter ] --START--
INFO: Run Behavior\ContentReplaceBehavior [ RunTime:0.000068s ]
INFO: [ template_filter ] --END-- [ RunTime:0.000130s ]
NOTIC: [8] Undefined index: quick_data /home/wwwroot/pay/domain/hzf.xiaohouzhi.com/web/App/Runtime/Cache/Mch/c4300082b05c4dd1186db72e5ce3f3d5.php 第 63 行.
INFO: Run Behavior\ParseTemplateBehavior [ RunTime:0.006888s ]
INFO: [ view_parse ] --END-- [ RunTime:0.006939s ]
INFO: [ view_filter ] --START--
INFO: Run Behavior\WriteHtmlCacheBehavior [ RunTime:0.000199s ]
INFO: Run Behavior\TokenBuildBehavior [ RunTime:0.000333s ]
INFO: [ view_filter ] --END-- [ RunTime:0.000592s ]
INFO: [ app_end ] --START--
INFO: Run Behavior\ShowPageTraceBehavior [ RunTime:0.000428s ]
INFO: [ app_end ] --END-- [ RunTime:0.000479s ]

[ 2019-09-14T10:52:25+08:00 ] 61.129.8.179 /Mch/Login/index
INFO: [ app_init ] --START--
INFO: Run Behavior\BuildLiteBehavior [ RunTime:0.000018s ]
INFO: [ app_init ] --END-- [ RunTime:0.000366s ]
INFO: [ app_begin ] --START--
INFO: Run Behavior\ReadHtmlCacheBehavior [ RunTime:0.000434s ]
INFO: [ app_begin ] --END-- [ RunTime:0.000487s ]

[ 2019-09-14T13:03:22+08:00 ] 61.151.180.39 /Mch/Login/agent
INFO: [ app_init ] --START--
INFO: Run Behavior\BuildLiteBehavior [ RunTime:0.000013s ]
INFO: [ app_init ] --END-- [ RunTime:0.000275s ]
INFO: [ app_begin ] --START--
INFO: Run Behavior\ReadHtmlCacheBehavior [ RunTime:0.000308s ]
INFO: [ app_begin ] --END-- [ RunTime:0.000350s ]
INFO: [ view_parse ] --START--
INFO: [ template_filter ] --START--
INFO: Run Behavior\ContentReplaceBehavior [ RunTime:0.000058s ]
INFO: [ template_filter ] --END-- [ RunTime:0.000107s ]
INFO: Run Behavior\ParseTemplateBehavior [ RunTime:0.005710s ]
INFO: [ view_parse ] --END-- [ RunTime:0.005774s ]
INFO: [ view_filter ] --START--
INFO: Run Behavior\WriteHtmlCacheBehavior [ RunTime:0.000111s ]
INFO: Run Behavior\TokenBuildBehavior [ RunTime:0.000239s ]
INFO: [ view_filter ] --END-- [ RunTime:0.000389s ]
INFO: [ app_end ] --START--
INFO: Run Behavior\ShowPageTraceBehavior [ RunTime:0.000328s ]
INFO: [ app_end ] --END-- [ RunTime:0.000357s ]

[ 2019-09-14T13:03:35+08:00 ] 61.151.180.39 /Mch/Login/agent
INFO: [ app_init ] --START--
INFO: Run Behavior\BuildLiteBehavior [ RunTime:0.000017s ]
INFO: [ app_init ] --END-- [ RunTime:0.000255s ]
INFO: [ app_begin ] --START--
INFO: Run Behavior\ReadHtmlCacheBehavior [ RunTime:0.000398s ]
INFO: [ app_begin ] --END-- [ RunTime:0.000459s ]

[ 2019-09-14T13:03:37+08:00 ] 223.167.152.20 /Mch/Agent/index
INFO: [ app_init ] --START--
INFO: Run Behavior\BuildLiteBehavior [ RunTime:0.000014s ]
INFO: [ app_init ] --END-- [ RunTime:0.000287s ]
INFO: [ app_begin ] --START--
INFO: Run Behavior\ReadHtmlCacheBehavior [ RunTime:0.000358s ]
INFO: [ app_begin ] --END-- [ RunTime:0.000401s ]
NOTIC: [8] Undefined index: mch /home/wwwroot/pay/domain/hzf.xiaohouzhi.com/web/App/Mch/Controller/AgentInitBaseController.class.php 第 10 行.
INFO: [ view_parse ] --START--
INFO: [ template_filter ] --START--
INFO: Run Behavior\ContentReplaceBehavior [ RunTime:0.000079s ]
INFO: [ template_filter ] --END-- [ RunTime:0.000134s ]
NOTIC: [2] Missing argument 1 for sys_ad_data(), called in /home/wwwroot/pay/domain/hzf.xiaohouzhi.com/web/App/Runtime/Cache/Mch/ece089a455312c056ae5b8ff2e0ddd64.php on line 125 and defined /home/wwwroot/pay/domain/hzf.xiaohouzhi.com/web/App/Common/Common/function.php 第 981 行.
INFO: Run Behavior\ParseTemplateBehavior [ RunTime:0.012231s ]
INFO: [ view_parse ] --END-- [ RunTime:0.012320s ]
INFO: [ view_filter ] --START--
INFO: Run Behavior\WriteHtmlCacheBehavior [ RunTime:0.000281s ]
INFO: Run Behavior\TokenBuildBehavior [ RunTime:0.000538s ]
INFO: [ view_filter ] --END-- [ RunTime:0.000893s ]
INFO: [ app_end ] --START--
INFO: Run Behavior\ShowPageTraceBehavior [ RunTime:0.000736s ]
INFO: [ app_end ] --END-- [ RunTime:0.000781s ]

[ 2019-09-14T13:03:42+08:00 ] 61.151.180.39 /Mch/Agent/qrcode
INFO: [ app_init ] --START--
INFO: Run Behavior\BuildLiteBehavior [ RunTime:0.000012s ]
INFO: [ app_init ] --END-- [ RunTime:0.000232s ]
INFO: [ app_begin ] --START--
INFO: Run Behavior\ReadHtmlCacheBehavior [ RunTime:0.000289s ]
INFO: [ app_begin ] --END-- [ RunTime:0.000321s ]
NOTIC: [8] Undefined index: mch /home/wwwroot/pay/domain/hzf.xiaohouzhi.com/web/App/Mch/Controller/AgentInitBaseController.class.php 第 10 行.
INFO: [ view_parse ] --START--
INFO: [ template_filter ] --START--
INFO: Run Behavior\ContentReplaceBehavior [ RunTime:0.000056s ]
INFO: [ template_filter ] --END-- [ RunTime:0.000108s ]
INFO: Run Behavior\ParseTemplateBehavior [ RunTime:0.005422s ]
INFO: [ view_parse ] --END-- [ RunTime:0.005457s ]
INFO: [ view_filter ] --START--
INFO: Run Behavior\WriteHtmlCacheBehavior [ RunTime:0.000108s ]
INFO: Run Behavior\TokenBuildBehavior [ RunTime:0.000228s ]
INFO: [ view_filter ] --END-- [ RunTime:0.000384s ]
INFO: [ app_end ] --START--
INFO: Run Behavior\ShowPageTraceBehavior [ RunTime:0.000337s ]
INFO: [ app_end ] --END-- [ RunTime:0.000364s ]

[ 2019-09-14T13:03:42+08:00 ] 61.151.180.39 /Mch/Agent/qrcode_data_json/Debug/1?pages=1
INFO: [ app_init ] --START--
INFO: Run Behavior\BuildLiteBehavior [ RunTime:0.000020s ]
INFO: [ app_init ] --END-- [ RunTime:0.000469s ]
INFO: [ app_begin ] --START--
INFO: Run Behavior\ReadHtmlCacheBehavior [ RunTime:0.000293s ]
INFO: [ app_begin ] --END-- [ RunTime:0.000330s ]
NOTIC: [8] Undefined index: mch /home/wwwroot/pay/domain/hzf.xiaohouzhi.com/web/App/Mch/Controller/AgentInitBaseController.class.php 第 10 行.
NOTIC: [8] Undefined index: page_data /home/wwwroot/pay/domain/hzf.xiaohouzhi.com/web/App/Mch/Controller/AgentController.class.php 第 662 行.

[ 2019-09-14T13:04:42+08:00 ] 101.89.239.230 /Mch/Agent/qrcode
INFO: [ app_init ] --START--
INFO: Run Behavior\BuildLiteBehavior [ RunTime:0.000014s ]
INFO: [ app_init ] --END-- [ RunTime:0.000281s ]
INFO: [ app_begin ] --START--
INFO: Run Behavior\ReadHtmlCacheBehavior [ RunTime:0.000320s ]
INFO: [ app_begin ] --END-- [ RunTime:0.000357s ]
NOTIC: [8] Undefined index: mch /home/wwwroot/pay/domain/hzf.xiaohouzhi.com/web/App/Mch/Controller/AgentInitBaseController.class.php 第 10 行.
NOTIC: [8] Undefined index: ag /home/wwwroot/pay/domain/hzf.xiaohouzhi.com/web/App/Mch/Controller/AgentInitBaseController.class.php 第 19 行.
INFO: [ view_parse ] --START--
INFO: [ template_filter ] --START--
INFO: Run Behavior\ContentReplaceBehavior [ RunTime:0.000066s ]
INFO: [ template_filter ] --END-- [ RunTime:0.000120s ]
INFO: Run Behavior\ParseTemplateBehavior [ RunTime:0.005438s ]
INFO: [ view_parse ] --END-- [ RunTime:0.005522s ]
INFO: [ view_filter ] --START--
INFO: Run Behavior\WriteHtmlCacheBehavior [ RunTime:0.000097s ]
INFO: Run Behavior\TokenBuildBehavior [ RunTime:0.000223s ]
INFO: [ view_filter ] --END-- [ RunTime:0.000371s ]

[ 2019-09-14T15:35:56+08:00 ] 61.151.180.39 /Mch/Login/agent
INFO: [ app_init ] --START--
INFO: Run Behavior\BuildLiteBehavior [ RunTime:0.000021s ]
INFO: [ app_init ] --END-- [ RunTime:0.000339s ]
INFO: [ app_begin ] --START--
INFO: Run Behavior\ReadHtmlCacheBehavior [ RunTime:0.000359s ]
INFO: [ app_begin ] --END-- [ RunTime:0.000407s ]

[ 2019-09-14T15:35:56+08:00 ] 61.151.180.39 /Mch/Agent/index
INFO: [ app_init ] --START--
INFO: Run Behavior\BuildLiteBehavior [ RunTime:0.000013s ]
INFO: [ app_init ] --END-- [ RunTime:0.000258s ]
INFO: [ app_begin ] --START--
INFO: Run Behavior\ReadHtmlCacheBehavior [ RunTime:0.000378s ]
INFO: [ app_begin ] --END-- [ RunTime:0.000418s ]
NOTIC: [8] Undefined index: mch /home/wwwroot/pay/domain/hzf.xiaohouzhi.com/web/App/Mch/Controller/AgentInitBaseController.class.php 第 10 行.
INFO: [ view_parse ] --START--
INFO: [ template_filter ] --START--
INFO: Run Behavior\ContentReplaceBehavior [ RunTime:0.000118s ]
INFO: [ template_filter ] --END-- [ RunTime:0.000193s ]
NOTIC: [2] Missing argument 1 for sys_ad_data(), called in /home/wwwroot/pay/domain/hzf.xiaohouzhi.com/web/App/Runtime/Cache/Mch/ece089a455312c056ae5b8ff2e0ddd64.php on line 125 and defined /home/wwwroot/pay/domain/hzf.xiaohouzhi.com/web/App/Common/Common/function.php 第 981 行.
INFO: Run Behavior\ParseTemplateBehavior [ RunTime:0.013582s ]
INFO: [ view_parse ] --END-- [ RunTime:0.013657s ]
INFO: [ view_filter ] --START--
INFO: Run Behavior\WriteHtmlCacheBehavior [ RunTime:0.000230s ]
INFO: Run Behavior\TokenBuildBehavior [ RunTime:0.000354s ]
INFO: [ view_filter ] --END-- [ RunTime:0.000639s ]
INFO: [ app_end ] --START--
INFO: Run Behavior\ShowPageTraceBehavior [ RunTime:0.000449s ]
INFO: [ app_end ] --END-- [ RunTime:0.000483s ]

[ 2019-09-14T15:36:01+08:00 ] 223.167.152.20 /Mch/Agent/qrcode
INFO: [ app_init ] --START--
INFO: Run Behavior\BuildLiteBehavior [ RunTime:0.000012s ]
INFO: [ app_init ] --END-- [ RunTime:0.000237s ]
INFO: [ app_begin ] --START--
INFO: Run Behavior\ReadHtmlCacheBehavior [ RunTime:0.000336s ]
INFO: [ app_begin ] --END-- [ RunTime:0.000379s ]
NOTIC: [8] Undefined index: mch /home/wwwroot/pay/domain/hzf.xiaohouzhi.com/web/App/Mch/Controller/AgentInitBaseController.class.php 第 10 行.
INFO: [ view_parse ] --START--
INFO: [ template_filter ] --START--
INFO: Run Behavior\ContentReplaceBehavior [ RunTime:0.000079s ]
INFO: [ template_filter ] --END-- [ RunTime:0.000156s ]
INFO: Run Behavior\ParseTemplateBehavior [ RunTime:0.008131s ]
INFO: [ view_parse ] --END-- [ RunTime:0.008198s ]
INFO: [ view_filter ] --START--
INFO: Run Behavior\WriteHtmlCacheBehavior [ RunTime:0.000116s ]
INFO: Run Behavior\TokenBuildBehavior [ RunTime:0.000215s ]
INFO: [ view_filter ] --END-- [ RunTime:0.000374s ]
INFO: [ app_end ] --START--
INFO: Run Behavior\ShowPageTraceBehavior [ RunTime:0.000323s ]
INFO: [ app_end ] --END-- [ RunTime:0.000355s ]

[ 2019-09-14T15:36:01+08:00 ] 61.151.180.39 /Mch/Agent/qrcode_data_json/Debug/1?pages=1
INFO: [ app_init ] --START--
INFO: Run Behavior\BuildLiteBehavior [ RunTime:0.000019s ]
INFO: [ app_init ] --END-- [ RunTime:0.000419s ]
INFO: [ app_begin ] --START--
INFO: Run Behavior\ReadHtmlCacheBehavior [ RunTime:0.000425s ]
INFO: [ app_begin ] --END-- [ RunTime:0.000472s ]
NOTIC: [8] Undefined index: mch /home/wwwroot/pay/domain/hzf.xiaohouzhi.com/web/App/Mch/Controller/AgentInitBaseController.class.php 第 10 行.
NOTIC: [8] Undefined index: page_data /home/wwwroot/pay/domain/hzf.xiaohouzhi.com/web/App/Mch/Controller/AgentController.class.php 第 662 行.

[ 2019-09-14T15:36:33+08:00 ] 61.151.180.39 /Mch/Agent/index
INFO: [ app_init ] --START--
INFO: Run Behavior\BuildLiteBehavior [ RunTime:0.000017s ]
INFO: [ app_init ] --END-- [ RunTime:0.000325s ]
INFO: [ app_begin ] --START--
INFO: Run Behavior\ReadHtmlCacheBehavior [ RunTime:0.000364s ]
INFO: [ app_begin ] --END-- [ RunTime:0.000400s ]
NOTIC: [8] Undefined index: mch /home/wwwroot/pay/domain/hzf.xiaohouzhi.com/web/App/Mch/Controller/AgentInitBaseController.class.php 第 10 行.
INFO: [ view_parse ] --START--
INFO: [ template_filter ] --START--
INFO: Run Behavior\ContentReplaceBehavior [ RunTime:0.000069s ]
INFO: [ template_filter ] --END-- [ RunTime:0.000121s ]
NOTIC: [2] Missing argument 1 for sys_ad_data(), called in /home/wwwroot/pay/domain/hzf.xiaohouzhi.com/web/App/Runtime/Cache/Mch/ece089a455312c056ae5b8ff2e0ddd64.php on line 125 and defined /home/wwwroot/pay/domain/hzf.xiaohouzhi.com/web/App/Common/Common/function.php 第 981 行.
INFO: Run Behavior\ParseTemplateBehavior [ RunTime:0.011433s ]
INFO: [ view_parse ] --END-- [ RunTime:0.011504s ]
INFO: [ view_filter ] --START--
INFO: Run Behavior\WriteHtmlCacheBehavior [ RunTime:0.000186s ]
INFO: Run Behavior\TokenBuildBehavior [ RunTime:0.000274s ]
INFO: [ view_filter ] --END-- [ RunTime:0.000505s ]
INFO: [ app_end ] --START--
INFO: Run Behavior\ShowPageTraceBehavior [ RunTime:0.000513s ]
INFO: [ app_end ] --END-- [ RunTime:0.000548s ]

[ 2019-09-14T15:36:38+08:00 ] 61.151.180.39 /Mch/Agent/mch_data
INFO: [ app_init ] --START--
INFO: Run Behavior\BuildLiteBehavior [ RunTime:0.000012s ]
INFO: [ app_init ] --END-- [ RunTime:0.000218s ]
INFO: [ app_begin ] --START--
INFO: Run Behavior\ReadHtmlCacheBehavior [ RunTime:0.000276s ]
INFO: [ app_begin ] --END-- [ RunTime:0.000308s ]
NOTIC: [8] Undefined index: mch /home/wwwroot/pay/domain/hzf.xiaohouzhi.com/web/App/Mch/Controller/AgentInitBaseController.class.php 第 10 行.
INFO: [ view_parse ] --START--
INFO: [ template_filter ] --START--
INFO: Run Behavior\ContentReplaceBehavior [ RunTime:0.000071s ]
INFO: [ template_filter ] --END-- [ RunTime:0.000145s ]
INFO: Run Behavior\ParseTemplateBehavior [ RunTime:0.006053s ]
INFO: [ view_parse ] --END-- [ RunTime:0.006148s ]
INFO: [ view_filter ] --START--
INFO: Run Behavior\WriteHtmlCacheBehavior [ RunTime:0.000121s ]
INFO: Run Behavior\TokenBuildBehavior [ RunTime:0.000232s ]
INFO: [ view_filter ] --END-- [ RunTime:0.000411s ]
INFO: [ app_end ] --START--
INFO: Run Behavior\ShowPageTraceBehavior [ RunTime:0.000333s ]
INFO: [ app_end ] --END-- [ RunTime:0.000364s ]

[ 2019-09-14T15:36:38+08:00 ] 223.167.152.20 /Mch/Agent/mch_data_json/Debug/1?pages=1
INFO: [ app_init ] --START--
INFO: Run Behavior\BuildLiteBehavior [ RunTime:0.000011s ]
INFO: [ app_init ] --END-- [ RunTime:0.000255s ]
INFO: [ app_begin ] --START--
INFO: Run Behavior\ReadHtmlCacheBehavior [ RunTime:0.000277s ]
INFO: [ app_begin ] --END-- [ RunTime:0.000311s ]
NOTIC: [8] Undefined index: mch /home/wwwroot/pay/domain/hzf.xiaohouzhi.com/web/App/Mch/Controller/AgentInitBaseController.class.php 第 10 行.
NOTIC: [8] Undefined index: page_data /home/wwwroot/pay/domain/hzf.xiaohouzhi.com/web/App/Mch/Controller/AgentController.class.php 第 585 行.
NOTIC: [8] Undefined index: search_val /home/wwwroot/pay/domain/hzf.xiaohouzhi.com/web/App/Mch/Controller/AgentController.class.php 第 586 行.
NOTIC: [8] Undefined index: agent_id /home/wwwroot/pay/domain/hzf.xiaohouzhi.com/web/App/Mch/Controller/AgentController.class.php 第 590 行.
NOTIC: [8] Undefined index: stime /home/wwwroot/pay/domain/hzf.xiaohouzhi.com/web/App/Mch/Controller/AgentController.class.php 第 592 行.
NOTIC: [8] Undefined index: etime /home/wwwroot/pay/domain/hzf.xiaohouzhi.com/web/App/Mch/Controller/AgentController.class.php 第 593 行.

[ 2019-09-14T15:36:40+08:00 ] 223.167.152.20 /Mch/Agent/qrcode
INFO: [ app_init ] --START--
INFO: Run Behavior\BuildLiteBehavior [ RunTime:0.000015s ]
INFO: [ app_init ] --END-- [ RunTime:0.000326s ]
INFO: [ app_begin ] --START--
INFO: Run Behavior\ReadHtmlCacheBehavior [ RunTime:0.000450s ]
INFO: [ app_begin ] --END-- [ RunTime:0.000484s ]
NOTIC: [8] Undefined index: mch /home/wwwroot/pay/domain/hzf.xiaohouzhi.com/web/App/Mch/Controller/AgentInitBaseController.class.php 第 10 行.
INFO: [ view_parse ] --START--
INFO: [ template_filter ] --START--
INFO: Run Behavior\ContentReplaceBehavior [ RunTime:0.000052s ]
INFO: [ template_filter ] --END-- [ RunTime:0.000104s ]
INFO: Run Behavior\ParseTemplateBehavior [ RunTime:0.005124s ]
INFO: [ view_parse ] --END-- [ RunTime:0.005166s ]
INFO: [ view_filter ] --START--
INFO: Run Behavior\WriteHtmlCacheBehavior [ RunTime:0.000097s ]
INFO: Run Behavior\TokenBuildBehavior [ RunTime:0.000216s ]
INFO: [ view_filter ] --END-- [ RunTime:0.000354s ]
INFO: [ app_end ] --START--
INFO: Run Behavior\ShowPageTraceBehavior [ RunTime:0.000355s ]
INFO: [ app_end ] --END-- [ RunTime:0.000384s ]

[ 2019-09-14T15:36:41+08:00 ] 223.167.152.20 /Mch/Agent/qrcode_data_json/Debug/1?pages=1
INFO: [ app_init ] --START--
INFO: Run Behavior\BuildLiteBehavior [ RunTime:0.000013s ]
INFO: [ app_init ] --END-- [ RunTime:0.000304s ]
INFO: [ app_begin ] --START--
INFO: Run Behavior\ReadHtmlCacheBehavior [ RunTime:0.000311s ]
INFO: [ app_begin ] --END-- [ RunTime:0.000342s ]
NOTIC: [8] Undefined index: mch /home/wwwroot/pay/domain/hzf.xiaohouzhi.com/web/App/Mch/Controller/AgentInitBaseController.class.php 第 10 行.
NOTIC: [8] Undefined index: page_data /home/wwwroot/pay/domain/hzf.xiaohouzhi.com/web/App/Mch/Controller/AgentController.class.php 第 662 行.

[ 2019-09-14T15:36:42+08:00 ] 61.151.180.39 /Mch/Agent/my
INFO: [ app_init ] --START--
INFO: Run Behavior\BuildLiteBehavior [ RunTime:0.000012s ]
INFO: [ app_init ] --END-- [ RunTime:0.000230s ]
INFO: [ app_begin ] --START--
INFO: Run Behavior\ReadHtmlCacheBehavior [ RunTime:0.000332s ]
INFO: [ app_begin ] --END-- [ RunTime:0.000372s ]
NOTIC: [8] Undefined index: mch /home/wwwroot/pay/domain/hzf.xiaohouzhi.com/web/App/Mch/Controller/AgentInitBaseController.class.php 第 10 行.
INFO: [ view_parse ] --START--
INFO: [ template_filter ] --START--
INFO: Run Behavior\ContentReplaceBehavior [ RunTime:0.000050s ]
INFO: [ template_filter ] --END-- [ RunTime:0.000100s ]
INFO: Run Behavior\ParseTemplateBehavior [ RunTime:0.005565s ]
INFO: [ view_parse ] --END-- [ RunTime:0.005618s ]
INFO: [ view_filter ] --START--
INFO: Run Behavior\WriteHtmlCacheBehavior [ RunTime:0.000104s ]
INFO: Run Behavior\TokenBuildBehavior [ RunTime:0.000461s ]
INFO: [ view_filter ] --END-- [ RunTime:0.000628s ]
INFO: [ app_end ] --START--
INFO: Run Behavior\ShowPageTraceBehavior [ RunTime:0.000710s ]
INFO: [ app_end ] --END-- [ RunTime:0.000774s ]

[ 2019-09-14T15:36:45+08:00 ] 61.151.180.39 /Mch/Agent/index
INFO: [ app_init ] --START--
INFO: Run Behavior\BuildLiteBehavior [ RunTime:0.000012s ]
INFO: [ app_init ] --END-- [ RunTime:0.000223s ]
INFO: [ app_begin ] --START--
INFO: Run Behavior\ReadHtmlCacheBehavior [ RunTime:0.000301s ]
INFO: [ app_begin ] --END-- [ RunTime:0.000338s ]
NOTIC: [8] Undefined index: mch /home/wwwroot/pay/domain/hzf.xiaohouzhi.com/web/App/Mch/Controller/AgentInitBaseController.class.php 第 10 行.
INFO: [ view_parse ] --START--
INFO: [ template_filter ] --START--
INFO: Run Behavior\ContentReplaceBehavior [ RunTime:0.000081s ]
INFO: [ template_filter ] --END-- [ RunTime:0.000138s ]
NOTIC: [2] Missing argument 1 for sys_ad_data(), called in /home/wwwroot/pay/domain/hzf.xiaohouzhi.com/web/App/Runtime/Cache/Mch/ece089a455312c056ae5b8ff2e0ddd64.php on line 125 and defined /home/wwwroot/pay/domain/hzf.xiaohouzhi.com/web/App/Common/Common/function.php 第 981 行.
INFO: Run Behavior\ParseTemplateBehavior [ RunTime:0.010016s ]
INFO: [ view_parse ] --END-- [ RunTime:0.010114s ]
INFO: [ view_filter ] --START--
INFO: Run Behavior\WriteHtmlCacheBehavior [ RunTime:0.000141s ]
INFO: Run Behavior\TokenBuildBehavior [ RunTime:0.000255s ]
INFO: [ view_filter ] --END-- [ RunTime:0.000436s ]
INFO: [ app_end ] --START--
INFO: Run Behavior\ShowPageTraceBehavior [ RunTime:0.000383s ]
INFO: [ app_end ] --END-- [ RunTime:0.000415s ]

[ 2019-09-14T15:36:57+08:00 ] 61.151.178.197 /Mch/Agent/index
INFO: [ app_init ] --START--
INFO: Run Behavior\BuildLiteBehavior [ RunTime:0.000017s ]
INFO: [ app_init ] --END-- [ RunTime:0.000368s ]
INFO: [ app_begin ] --START--
INFO: Run Behavior\ReadHtmlCacheBehavior [ RunTime:0.000346s ]
INFO: [ app_begin ] --END-- [ RunTime:0.000398s ]
NOTIC: [8] Undefined index: mch /home/wwwroot/pay/domain/hzf.xiaohouzhi.com/web/App/Mch/Controller/AgentInitBaseController.class.php 第 10 行.
NOTIC: [8] Undefined index: ag /home/wwwroot/pay/domain/hzf.xiaohouzhi.com/web/App/Mch/Controller/AgentInitBaseController.class.php 第 19 行.
INFO: [ view_parse ] --START--
INFO: [ template_filter ] --START--
INFO: Run Behavior\ContentReplaceBehavior [ RunTime:0.000063s ]
INFO: [ template_filter ] --END-- [ RunTime:0.000113s ]
INFO: Run Behavior\ParseTemplateBehavior [ RunTime:0.006123s ]
INFO: [ view_parse ] --END-- [ RunTime:0.006160s ]
INFO: [ view_filter ] --START--
INFO: Run Behavior\WriteHtmlCacheBehavior [ RunTime:0.000112s ]
INFO: Run Behavior\TokenBuildBehavior [ RunTime:0.000235s ]
INFO: [ view_filter ] --END-- [ RunTime:0.000391s ]

[ 2019-09-14T15:37:04+08:00 ] 223.167.152.20 /Mch/Agent/mch_in
INFO: [ app_init ] --START--
INFO: Run Behavior\BuildLiteBehavior [ RunTime:0.000017s ]
INFO: [ app_init ] --END-- [ RunTime:0.000280s ]
INFO: [ app_begin ] --START--
INFO: Run Behavior\ReadHtmlCacheBehavior [ RunTime:0.000315s ]
INFO: [ app_begin ] --END-- [ RunTime:0.000351s ]
NOTIC: [8] Undefined index: mch /home/wwwroot/pay/domain/hzf.xiaohouzhi.com/web/App/Mch/Controller/AgentInitBaseController.class.php 第 10 行.
INFO: [ view_parse ] --START--
INFO: [ template_filter ] --START--
INFO: Run Behavior\ContentReplaceBehavior [ RunTime:0.000071s ]
INFO: [ template_filter ] --END-- [ RunTime:0.000143s ]
INFO: Run Behavior\ParseTemplateBehavior [ RunTime:0.007466s ]
INFO: [ view_parse ] --END-- [ RunTime:0.007538s ]
INFO: [ view_filter ] --START--
INFO: Run Behavior\WriteHtmlCacheBehavior [ RunTime:0.000131s ]
INFO: Run Behavior\TokenBuildBehavior [ RunTime:0.000303s ]
INFO: [ view_filter ] --END-- [ RunTime:0.000524s ]
INFO: [ app_end ] --START--
INFO: Run Behavior\ShowPageTraceBehavior [ RunTime:0.000510s ]
INFO: [ app_end ] --END-- [ RunTime:0.000552s ]

[ 2019-09-14T15:37:05+08:00 ] 61.151.180.39 /Mch/Agent/qrcode_data_json/Debug/1?pages=1
INFO: [ app_init ] --START--
INFO: Run Behavior\BuildLiteBehavior [ RunTime:0.000016s ]
INFO: [ app_init ] --END-- [ RunTime:0.000335s ]
INFO: [ app_begin ] --START--
INFO: Run Behavior\ReadHtmlCacheBehavior [ RunTime:0.000404s ]
INFO: [ app_begin ] --END-- [ RunTime:0.000444s ]
NOTIC: [8] Undefined index: mch /home/wwwroot/pay/domain/hzf.xiaohouzhi.com/web/App/Mch/Controller/AgentInitBaseController.class.php 第 10 行.
NOTIC: [8] Undefined index: page_data /home/wwwroot/pay/domain/hzf.xiaohouzhi.com/web/App/Mch/Controller/AgentController.class.php 第 662 行.

[ 2019-09-14T15:37:16+08:00 ] 223.167.152.20 /Mch/Agent/mch_code_in/code/P90878197
INFO: [ app_init ] --START--
INFO: Run Behavior\BuildLiteBehavior [ RunTime:0.000017s ]
INFO: [ app_init ] --END-- [ RunTime:0.000242s ]
INFO: [ app_begin ] --START--
INFO: Run Behavior\ReadHtmlCacheBehavior [ RunTime:0.000311s ]
INFO: [ app_begin ] --END-- [ RunTime:0.000343s ]
NOTIC: [8] Undefined index: mch /home/wwwroot/pay/domain/hzf.xiaohouzhi.com/web/App/Mch/Controller/AgentInitBaseController.class.php 第 10 行.
NOTIC: [8] Undefined variable: timestamp /home/wwwroot/pay/domain/hzf.xiaohouzhi.com/web/App/Mch/Controller/AgentController.class.php 第 432 行.
NOTIC: [8] Undefined variable: noncestr /home/wwwroot/pay/domain/hzf.xiaohouzhi.com/web/App/Mch/Controller/AgentController.class.php 第 432 行.
NOTIC: [8] Undefined variable: appid /home/wwwroot/pay/domain/hzf.xiaohouzhi.com/web/App/Mch/Controller/AgentController.class.php 第 432 行.
INFO: [ view_parse ] --START--
INFO: [ template_filter ] --START--
INFO: Run Behavior\ContentReplaceBehavior [ RunTime:0.000144s ]
INFO: [ template_filter ] --END-- [ RunTime:0.000195s ]
NOTIC: [8] Undefined variable: sys_xy /home/wwwroot/pay/domain/hzf.xiaohouzhi.com/web/App/Runtime/Cache/Mch/d28533e3c3851a043cb2c47f9184e5b3.php 第 422 行.
NOTIC: [8] Undefined variable: sys_xy /home/wwwroot/pay/domain/hzf.xiaohouzhi.com/web/App/Runtime/Cache/Mch/d28533e3c3851a043cb2c47f9184e5b3.php 第 453 行.
NOTIC: [8] Undefined variable: sys /home/wwwroot/pay/domain/hzf.xiaohouzhi.com/web/App/Runtime/Cache/Mch/d28533e3c3851a043cb2c47f9184e5b3.php 第 458 行.
NOTIC: [8] Undefined variable: sys_xy /home/wwwroot/pay/domain/hzf.xiaohouzhi.com/web/App/Runtime/Cache/Mch/d28533e3c3851a043cb2c47f9184e5b3.php 第 487 行.
INFO: Run Behavior\ParseTemplateBehavior [ RunTime:0.018825s ]
INFO: [ view_parse ] --END-- [ RunTime:0.018877s ]
INFO: [ view_filter ] --START--
INFO: Run Behavior\WriteHtmlCacheBehavior [ RunTime:0.000186s ]
INFO: Run Behavior\TokenBuildBehavior [ RunTime:0.000496s ]
INFO: [ view_filter ] --END-- [ RunTime:0.000734s ]
INFO: [ app_end ] --START--
INFO: Run Behavior\ShowPageTraceBehavior [ RunTime:0.000328s ]
INFO: [ app_end ] --END-- [ RunTime:0.000357s ]

[ 2019-09-14T15:37:19+08:00 ] 61.151.180.39 /Mch/Login/agent
INFO: [ app_init ] --START--
INFO: Run Behavior\BuildLiteBehavior [ RunTime:0.000013s ]
INFO: [ app_init ] --END-- [ RunTime:0.000235s ]
INFO: [ app_begin ] --START--
INFO: Run Behavior\ReadHtmlCacheBehavior [ RunTime:0.000281s ]
INFO: [ app_begin ] --END-- [ RunTime:0.000318s ]

[ 2019-09-14T15:37:20+08:00 ] 61.151.180.39 /Mch/Agent/index
INFO: [ app_init ] --START--
INFO: Run Behavior\BuildLiteBehavior [ RunTime:0.000017s ]
INFO: [ app_init ] --END-- [ RunTime:0.000354s ]
INFO: [ app_begin ] --START--
INFO: Run Behavior\ReadHtmlCacheBehavior [ RunTime:0.000444s ]
INFO: [ app_begin ] --END-- [ RunTime:0.000490s ]
NOTIC: [8] Undefined index: mch /home/wwwroot/pay/domain/hzf.xiaohouzhi.com/web/App/Mch/Controller/AgentInitBaseController.class.php 第 10 行.
INFO: [ view_parse ] --START--
INFO: [ template_filter ] --START--
INFO: Run Behavior\ContentReplaceBehavior [ RunTime:0.000111s ]
INFO: [ template_filter ] --END-- [ RunTime:0.000184s ]
NOTIC: [2] Missing argument 1 for sys_ad_data(), called in /home/wwwroot/pay/domain/hzf.xiaohouzhi.com/web/App/Runtime/Cache/Mch/ece089a455312c056ae5b8ff2e0ddd64.php on line 125 and defined /home/wwwroot/pay/domain/hzf.xiaohouzhi.com/web/App/Common/Common/function.php 第 981 行.
INFO: Run Behavior\ParseTemplateBehavior [ RunTime:0.013174s ]
INFO: [ view_parse ] --END-- [ RunTime:0.013244s ]
INFO: [ view_filter ] --START--
INFO: Run Behavior\WriteHtmlCacheBehavior [ RunTime:0.000188s ]
INFO: Run Behavior\TokenBuildBehavior [ RunTime:0.000231s ]
INFO: [ view_filter ] --END-- [ RunTime:0.000461s ]
INFO: [ app_end ] --START--
INFO: Run Behavior\ShowPageTraceBehavior [ RunTime:0.000340s ]
INFO: [ app_end ] --END-- [ RunTime:0.000392s ]

[ 2019-09-14T15:37:21+08:00 ] 223.167.152.20 /Mch/Agent/qrcode
INFO: [ app_init ] --START--
INFO: Run Behavior\BuildLiteBehavior [ RunTime:0.000013s ]
INFO: [ app_init ] --END-- [ RunTime:0.000269s ]
INFO: [ app_begin ] --START--
INFO: Run Behavior\ReadHtmlCacheBehavior [ RunTime:0.000394s ]
INFO: [ app_begin ] --END-- [ RunTime:0.000430s ]
NOTIC: [8] Undefined index: mch /home/wwwroot/pay/domain/hzf.xiaohouzhi.com/web/App/Mch/Controller/AgentInitBaseController.class.php 第 10 行.
INFO: [ view_parse ] --START--
INFO: [ template_filter ] --START--
INFO: Run Behavior\ContentReplaceBehavior [ RunTime:0.000063s ]
INFO: [ template_filter ] --END-- [ RunTime:0.000115s ]
INFO: Run Behavior\ParseTemplateBehavior [ RunTime:0.005638s ]
INFO: [ view_parse ] --END-- [ RunTime:0.005676s ]
INFO: [ view_filter ] --START--
INFO: Run Behavior\WriteHtmlCacheBehavior [ RunTime:0.000113s ]
INFO: Run Behavior\TokenBuildBehavior [ RunTime:0.000220s ]
INFO: [ view_filter ] --END-- [ RunTime:0.000374s ]
INFO: [ app_end ] --START--
INFO: Run Behavior\ShowPageTraceBehavior [ RunTime:0.000340s ]
INFO: [ app_end ] --END-- [ RunTime:0.000373s ]

[ 2019-09-14T15:37:22+08:00 ] 223.167.152.20 /Mch/Agent/qrcode_data_json/Debug/1?pages=1
INFO: [ app_init ] --START--
INFO: Run Behavior\BuildLiteBehavior [ RunTime:0.000012s ]
INFO: [ app_init ] --END-- [ RunTime:0.000221s ]
INFO: [ app_begin ] --START--
INFO: Run Behavior\ReadHtmlCacheBehavior [ RunTime:0.000310s ]
INFO: [ app_begin ] --END-- [ RunTime:0.000340s ]
NOTIC: [8] Undefined index: mch /home/wwwroot/pay/domain/hzf.xiaohouzhi.com/web/App/Mch/Controller/AgentInitBaseController.class.php 第 10 行.
NOTIC: [8] Undefined index: page_data /home/wwwroot/pay/domain/hzf.xiaohouzhi.com/web/App/Mch/Controller/AgentController.class.php 第 662 行.

[ 2019-09-14T15:37:44+08:00 ] 223.167.152.20 /Mch/Agent/index
INFO: [ app_init ] --START--
INFO: Run Behavior\BuildLiteBehavior [ RunTime:0.000013s ]
INFO: [ app_init ] --END-- [ RunTime:0.000313s ]
INFO: [ app_begin ] --START--
INFO: Run Behavior\ReadHtmlCacheBehavior [ RunTime:0.000443s ]
INFO: [ app_begin ] --END-- [ RunTime:0.000487s ]
NOTIC: [8] Undefined index: mch /home/wwwroot/pay/domain/hzf.xiaohouzhi.com/web/App/Mch/Controller/AgentInitBaseController.class.php 第 10 行.
INFO: [ view_parse ] --START--
INFO: [ template_filter ] --START--
INFO: Run Behavior\ContentReplaceBehavior [ RunTime:0.000094s ]
INFO: [ template_filter ] --END-- [ RunTime:0.000155s ]
NOTIC: [2] Missing argument 1 for sys_ad_data(), called in /home/wwwroot/pay/domain/hzf.xiaohouzhi.com/web/App/Runtime/Cache/Mch/ece089a455312c056ae5b8ff2e0ddd64.php on line 125 and defined /home/wwwroot/pay/domain/hzf.xiaohouzhi.com/web/App/Common/Common/function.php 第 981 行.
INFO: Run Behavior\ParseTemplateBehavior [ RunTime:0.012078s ]
INFO: [ view_parse ] --END-- [ RunTime:0.012140s ]
INFO: [ view_filter ] --START--
INFO: Run Behavior\WriteHtmlCacheBehavior [ RunTime:0.000176s ]
INFO: Run Behavior\TokenBuildBehavior [ RunTime:0.000246s ]
INFO: [ view_filter ] --END-- [ RunTime:0.000470s ]
INFO: [ app_end ] --START--
INFO: Run Behavior\ShowPageTraceBehavior [ RunTime:0.000348s ]
INFO: [ app_end ] --END-- [ RunTime:0.000383s ]

[ 2019-09-14T15:37:46+08:00 ] 223.167.152.20 /Mch/Agent/mch_in
INFO: [ app_init ] --START--
INFO: Run Behavior\BuildLiteBehavior [ RunTime:0.000012s ]
INFO: [ app_init ] --END-- [ RunTime:0.000250s ]
INFO: [ app_begin ] --START--
INFO: Run Behavior\ReadHtmlCacheBehavior [ RunTime:0.000328s ]
INFO: [ app_begin ] --END-- [ RunTime:0.000368s ]
NOTIC: [8] Undefined index: mch /home/wwwroot/pay/domain/hzf.xiaohouzhi.com/web/App/Mch/Controller/AgentInitBaseController.class.php 第 10 行.
INFO: [ view_parse ] --START--
INFO: [ template_filter ] --START--
INFO: Run Behavior\ContentReplaceBehavior [ RunTime:0.000067s ]
INFO: [ template_filter ] --END-- [ RunTime:0.000138s ]
INFO: Run Behavior\ParseTemplateBehavior [ RunTime:0.007044s ]
INFO: [ view_parse ] --END-- [ RunTime:0.007106s ]
INFO: [ view_filter ] --START--
INFO: Run Behavior\WriteHtmlCacheBehavior [ RunTime:0.000136s ]
INFO: Run Behavior\TokenBuildBehavior [ RunTime:0.000263s ]
INFO: [ view_filter ] --END-- [ RunTime:0.000453s ]
INFO: [ app_end ] --START--
INFO: Run Behavior\ShowPageTraceBehavior [ RunTime:0.000451s ]
INFO: [ app_end ] --END-- [ RunTime:0.000493s ]

[ 2019-09-14T15:37:46+08:00 ] 61.151.180.39 /Mch/Agent/qrcode_data_json/Debug/1?pages=1
INFO: [ app_init ] --START--
INFO: Run Behavior\BuildLiteBehavior [ RunTime:0.000017s ]
INFO: [ app_init ] --END-- [ RunTime:0.000252s ]
INFO: [ app_begin ] --START--
INFO: Run Behavior\ReadHtmlCacheBehavior [ RunTime:0.000302s ]
INFO: [ app_begin ] --END-- [ RunTime:0.000342s ]
NOTIC: [8] Undefined index: mch /home/wwwroot/pay/domain/hzf.xiaohouzhi.com/web/App/Mch/Controller/AgentInitBaseController.class.php 第 10 行.
NOTIC: [8] Undefined index: page_data /home/wwwroot/pay/domain/hzf.xiaohouzhi.com/web/App/Mch/Controller/AgentController.class.php 第 662 行.

[ 2019-09-14T15:37:47+08:00 ] 223.167.152.20 /Mch/Agent/mch_code_in/code/P50128078
INFO: [ app_init ] --START--
INFO: Run Behavior\BuildLiteBehavior [ RunTime:0.000015s ]
INFO: [ app_init ] --END-- [ RunTime:0.000234s ]
INFO: [ app_begin ] --START--
INFO: Run Behavior\ReadHtmlCacheBehavior [ RunTime:0.000313s ]
INFO: [ app_begin ] --END-- [ RunTime:0.000348s ]
NOTIC: [8] Undefined index: mch /home/wwwroot/pay/domain/hzf.xiaohouzhi.com/web/App/Mch/Controller/AgentInitBaseController.class.php 第 10 行.
NOTIC: [8] Undefined variable: timestamp /home/wwwroot/pay/domain/hzf.xiaohouzhi.com/web/App/Mch/Controller/AgentController.class.php 第 432 行.
NOTIC: [8] Undefined variable: noncestr /home/wwwroot/pay/domain/hzf.xiaohouzhi.com/web/App/Mch/Controller/AgentController.class.php 第 432 行.
NOTIC: [8] Undefined variable: appid /home/wwwroot/pay/domain/hzf.xiaohouzhi.com/web/App/Mch/Controller/AgentController.class.php 第 432 行.
INFO: [ view_parse ] --START--
INFO: [ template_filter ] --START--
INFO: Run Behavior\ContentReplaceBehavior [ RunTime:0.000189s ]
INFO: [ template_filter ] --END-- [ RunTime:0.000252s ]
NOTIC: [8] Undefined variable: sys_xy /home/wwwroot/pay/domain/hzf.xiaohouzhi.com/web/App/Runtime/Cache/Mch/d28533e3c3851a043cb2c47f9184e5b3.php 第 422 行.
NOTIC: [8] Undefined variable: sys_xy /home/wwwroot/pay/domain/hzf.xiaohouzhi.com/web/App/Runtime/Cache/Mch/d28533e3c3851a043cb2c47f9184e5b3.php 第 453 行.
NOTIC: [8] Undefined variable: sys /home/wwwroot/pay/domain/hzf.xiaohouzhi.com/web/App/Runtime/Cache/Mch/d28533e3c3851a043cb2c47f9184e5b3.php 第 458 行.
NOTIC: [8] Undefined variable: sys_xy /home/wwwroot/pay/domain/hzf.xiaohouzhi.com/web/App/Runtime/Cache/Mch/d28533e3c3851a043cb2c47f9184e5b3.php 第 487 行.
INFO: Run Behavior\ParseTemplateBehavior [ RunTime:0.019499s ]
INFO: [ view_parse ] --END-- [ RunTime:0.019554s ]
INFO: [ view_filter ] --START--
INFO: Run Behavior\WriteHtmlCacheBehavior [ RunTime:0.000160s ]
INFO: Run Behavior\TokenBuildBehavior [ RunTime:0.000539s ]
INFO: [ view_filter ] --END-- [ RunTime:0.000753s ]
INFO: [ app_end ] --START--
INFO: Run Behavior\ShowPageTraceBehavior [ RunTime:0.001039s ]
INFO: [ app_end ] --END-- [ RunTime:0.001084s ]

[ 2019-09-14T15:38:16+08:00 ] 61.151.178.174 /Mch/Agent/mch_code_in/code/P90878197
INFO: [ app_init ] --START--
INFO: Run Behavior\BuildLiteBehavior [ RunTime:0.000014s ]
INFO: [ app_init ] --END-- [ RunTime:0.000271s ]
INFO: [ app_begin ] --START--
INFO: Run Behavior\ReadHtmlCacheBehavior [ RunTime:0.000292s ]
INFO: [ app_begin ] --END-- [ RunTime:0.000328s ]
NOTIC: [8] Undefined index: mch /home/wwwroot/pay/domain/hzf.xiaohouzhi.com/web/App/Mch/Controller/AgentInitBaseController.class.php 第 10 行.
NOTIC: [8] Undefined index: ag /home/wwwroot/pay/domain/hzf.xiaohouzhi.com/web/App/Mch/Controller/AgentInitBaseController.class.php 第 19 行.
INFO: [ view_parse ] --START--
INFO: [ template_filter ] --START--
INFO: Run Behavior\ContentReplaceBehavior [ RunTime:0.000060s ]
INFO: [ template_filter ] --END-- [ RunTime:0.000111s ]
INFO: Run Behavior\ParseTemplateBehavior [ RunTime:0.005762s ]
INFO: [ view_parse ] --END-- [ RunTime:0.005798s ]
INFO: [ view_filter ] --START--
INFO: Run Behavior\WriteHtmlCacheBehavior [ RunTime:0.000095s ]
INFO: Run Behavior\TokenBuildBehavior [ RunTime:0.000218s ]
INFO: [ view_filter ] --END-- [ RunTime:0.000363s ]

[ 2019-09-14T15:38:25+08:00 ] 61.151.178.172 /Mch/Agent/qrcode_data_json/Debug/1?pages=1
INFO: [ app_init ] --START--
INFO: Run Behavior\BuildLiteBehavior [ RunTime:0.000013s ]
INFO: [ app_init ] --END-- [ RunTime:0.000236s ]
INFO: [ app_begin ] --START--
INFO: Run Behavior\ReadHtmlCacheBehavior [ RunTime:0.000289s ]
INFO: [ app_begin ] --END-- [ RunTime:0.000323s ]
NOTIC: [8] Undefined index: mch /home/wwwroot/pay/domain/hzf.xiaohouzhi.com/web/App/Mch/Controller/AgentInitBaseController.class.php 第 10 行.
NOTIC: [8] Undefined index: page_data /home/wwwroot/pay/domain/hzf.xiaohouzhi.com/web/App/Mch/Controller/AgentController.class.php 第 662 行.

[ 2019-09-14T15:38:47+08:00 ] 101.89.239.238 /Mch/Agent/mch_code_in/code/P50128078
INFO: [ app_init ] --START--
INFO: Run Behavior\BuildLiteBehavior [ RunTime:0.000019s ]
INFO: [ app_init ] --END-- [ RunTime:0.000388s ]
INFO: [ app_begin ] --START--
INFO: Run Behavior\ReadHtmlCacheBehavior [ RunTime:0.000410s ]
INFO: [ app_begin ] --END-- [ RunTime:0.000460s ]
NOTIC: [8] Undefined index: mch /home/wwwroot/pay/domain/hzf.xiaohouzhi.com/web/App/Mch/Controller/AgentInitBaseController.class.php 第 10 行.
NOTIC: [8] Undefined index: ag /home/wwwroot/pay/domain/hzf.xiaohouzhi.com/web/App/Mch/Controller/AgentInitBaseController.class.php 第 19 行.
INFO: [ view_parse ] --START--
INFO: [ template_filter ] --START--
INFO: Run Behavior\ContentReplaceBehavior [ RunTime:0.000060s ]
INFO: [ template_filter ] --END-- [ RunTime:0.000110s ]
INFO: Run Behavior\ParseTemplateBehavior [ RunTime:0.006815s ]
INFO: [ view_parse ] --END-- [ RunTime:0.006867s ]
INFO: [ view_filter ] --START--
INFO: Run Behavior\WriteHtmlCacheBehavior [ RunTime:0.000100s ]
INFO: Run Behavior\TokenBuildBehavior [ RunTime:0.000213s ]
INFO: [ view_filter ] --END-- [ RunTime:0.000356s ]

[ 2019-09-14T15:46:13+08:00 ] 61.151.178.176 /Mch/Agent/qrcode_data_json/Debug/1?pages=1
INFO: [ app_init ] --START--
INFO: Run Behavior\BuildLiteBehavior [ RunTime:0.000018s ]
INFO: [ app_init ] --END-- [ RunTime:0.000370s ]
INFO: [ app_begin ] --START--
INFO: Run Behavior\ReadHtmlCacheBehavior [ RunTime:0.000444s ]
INFO: [ app_begin ] --END-- [ RunTime:0.000491s ]
NOTIC: [8] Undefined index: mch /home/wwwroot/pay/domain/hzf.xiaohouzhi.com/web/App/Mch/Controller/AgentInitBaseController.class.php 第 10 行.
NOTIC: [8] Undefined index: page_data /home/wwwroot/pay/domain/hzf.xiaohouzhi.com/web/App/Mch/Controller/AgentController.class.php 第 662 行.

[ 2019-09-14T15:46:14+08:00 ] 61.151.178.176 /Mch/Agent/qrcode
INFO: [ app_init ] --START--
INFO: Run Behavior\BuildLiteBehavior [ RunTime:0.000018s ]
INFO: [ app_init ] --END-- [ RunTime:0.000302s ]
INFO: [ app_begin ] --START--
INFO: Run Behavior\ReadHtmlCacheBehavior [ RunTime:0.000392s ]
INFO: [ app_begin ] --END-- [ RunTime:0.000438s ]
NOTIC: [8] Undefined index: mch /home/wwwroot/pay/domain/hzf.xiaohouzhi.com/web/App/Mch/Controller/AgentInitBaseController.class.php 第 10 行.
INFO: [ view_parse ] --START--
INFO: [ template_filter ] --START--
INFO: Run Behavior\ContentReplaceBehavior [ RunTime:0.000058s ]
INFO: [ template_filter ] --END-- [ RunTime:0.000103s ]
INFO: Run Behavior\ParseTemplateBehavior [ RunTime:0.005436s ]
INFO: [ view_parse ] --END-- [ RunTime:0.005498s ]
INFO: [ view_filter ] --START--
INFO: Run Behavior\WriteHtmlCacheBehavior [ RunTime:0.000097s ]
INFO: Run Behavior\TokenBuildBehavior [ RunTime:0.000234s ]
INFO: [ view_filter ] --END-- [ RunTime:0.000372s ]
INFO: [ app_end ] --START--
INFO: Run Behavior\ShowPageTraceBehavior [ RunTime:0.000339s ]
INFO: [ app_end ] --END-- [ RunTime:0.000369s ]

[ 2019-09-14T15:46:14+08:00 ] 61.151.178.176 /Mch/Agent/qrcode_data_json/Debug/1?pages=1
INFO: [ app_init ] --START--
INFO: Run Behavior\BuildLiteBehavior [ RunTime:0.000014s ]
INFO: [ app_init ] --END-- [ RunTime:0.000242s ]
INFO: [ app_begin ] --START--
INFO: Run Behavior\ReadHtmlCacheBehavior [ RunTime:0.000306s ]
INFO: [ app_begin ] --END-- [ RunTime:0.000337s ]
NOTIC: [8] Undefined index: mch /home/wwwroot/pay/domain/hzf.xiaohouzhi.com/web/App/Mch/Controller/AgentInitBaseController.class.php 第 10 行.
NOTIC: [8] Undefined index: page_data /home/wwwroot/pay/domain/hzf.xiaohouzhi.com/web/App/Mch/Controller/AgentController.class.php 第 662 行.

[ 2019-09-14T15:46:15+08:00 ] 61.151.178.176 /Mch/Agent/index
INFO: [ app_init ] --START--
INFO: Run Behavior\BuildLiteBehavior [ RunTime:0.000018s ]
INFO: [ app_init ] --END-- [ RunTime:0.000368s ]
INFO: [ app_begin ] --START--
INFO: Run Behavior\ReadHtmlCacheBehavior [ RunTime:0.000400s ]
INFO: [ app_begin ] --END-- [ RunTime:0.000442s ]
NOTIC: [8] Undefined index: mch /home/wwwroot/pay/domain/hzf.xiaohouzhi.com/web/App/Mch/Controller/AgentInitBaseController.class.php 第 10 行.
INFO: [ view_parse ] --START--
INFO: [ template_filter ] --START--
INFO: Run Behavior\ContentReplaceBehavior [ RunTime:0.000091s ]
INFO: [ template_filter ] --END-- [ RunTime:0.000157s ]
NOTIC: [2] Missing argument 1 for sys_ad_data(), called in /home/wwwroot/pay/domain/hzf.xiaohouzhi.com/web/App/Runtime/Cache/Mch/ece089a455312c056ae5b8ff2e0ddd64.php on line 125 and defined /home/wwwroot/pay/domain/hzf.xiaohouzhi.com/web/App/Common/Common/function.php 第 981 行.
INFO: Run Behavior\ParseTemplateBehavior [ RunTime:0.012392s ]
INFO: [ view_parse ] --END-- [ RunTime:0.012459s ]
INFO: [ view_filter ] --START--
INFO: Run Behavior\WriteHtmlCacheBehavior [ RunTime:0.000163s ]
INFO: Run Behavior\TokenBuildBehavior [ RunTime:0.000259s ]
INFO: [ view_filter ] --END-- [ RunTime:0.000489s ]
INFO: [ app_end ] --START--
INFO: Run Behavior\ShowPageTraceBehavior [ RunTime:0.000359s ]
INFO: [ app_end ] --END-- [ RunTime:0.000400s ]

[ 2019-09-14T15:46:16+08:00 ] 61.151.178.176 /Mch/Agent/index
INFO: [ app_init ] --START--
INFO: Run Behavior\BuildLiteBehavior [ RunTime:0.000011s ]
INFO: [ app_init ] --END-- [ RunTime:0.000221s ]
INFO: [ app_begin ] --START--
INFO: Run Behavior\ReadHtmlCacheBehavior [ RunTime:0.000277s ]
INFO: [ app_begin ] --END-- [ RunTime:0.000307s ]
NOTIC: [8] Undefined index: mch /home/wwwroot/pay/domain/hzf.xiaohouzhi.com/web/App/Mch/Controller/AgentInitBaseController.class.php 第 10 行.
INFO: [ view_parse ] --START--
INFO: [ template_filter ] --START--
INFO: Run Behavior\ContentReplaceBehavior [ RunTime:0.000061s ]
INFO: [ template_filter ] --END-- [ RunTime:0.000109s ]
NOTIC: [2] Missing argument 1 for sys_ad_data(), called in /home/wwwroot/pay/domain/hzf.xiaohouzhi.com/web/App/Runtime/Cache/Mch/ece089a455312c056ae5b8ff2e0ddd64.php on line 125 and defined /home/wwwroot/pay/domain/hzf.xiaohouzhi.com/web/App/Common/Common/function.php 第 981 行.
INFO: Run Behavior\ParseTemplateBehavior [ RunTime:0.009831s ]
INFO: [ view_parse ] --END-- [ RunTime:0.009883s ]
INFO: [ view_filter ] --START--
INFO: Run Behavior\WriteHtmlCacheBehavior [ RunTime:0.000160s ]
INFO: Run Behavior\TokenBuildBehavior [ RunTime:0.000224s ]
INFO: [ view_filter ] --END-- [ RunTime:0.000432s ]
INFO: [ app_end ] --START--
INFO: Run Behavior\ShowPageTraceBehavior [ RunTime:0.000353s ]
INFO: [ app_end ] --END-- [ RunTime:0.000380s ]

[ 2019-09-14T15:46:16+08:00 ] 61.151.180.39 /Mch/Agent/index
INFO: [ app_init ] --START--
INFO: Run Behavior\BuildLiteBehavior [ RunTime:0.000020s ]
INFO: [ app_init ] --END-- [ RunTime:0.000421s ]
INFO: [ app_begin ] --START--
INFO: Run Behavior\ReadHtmlCacheBehavior [ RunTime:0.000326s ]
INFO: [ app_begin ] --END-- [ RunTime:0.000391s ]
NOTIC: [8] Undefined index: mch /home/wwwroot/pay/domain/hzf.xiaohouzhi.com/web/App/Mch/Controller/AgentInitBaseController.class.php 第 10 行.
INFO: [ view_parse ] --START--
INFO: [ template_filter ] --START--
INFO: Run Behavior\ContentReplaceBehavior [ RunTime:0.000087s ]
INFO: [ template_filter ] --END-- [ RunTime:0.000166s ]
NOTIC: [2] Missing argument 1 for sys_ad_data(), called in /home/wwwroot/pay/domain/hzf.xiaohouzhi.com/web/App/Runtime/Cache/Mch/ece089a455312c056ae5b8ff2e0ddd64.php on line 125 and defined /home/wwwroot/pay/domain/hzf.xiaohouzhi.com/web/App/Common/Common/function.php 第 981 行.
INFO: Run Behavior\ParseTemplateBehavior [ RunTime:0.011436s ]
INFO: [ view_parse ] --END-- [ RunTime:0.011509s ]
INFO: [ view_filter ] --START--
INFO: Run Behavior\WriteHtmlCacheBehavior [ RunTime:0.000154s ]
INFO: Run Behavior\TokenBuildBehavior [ RunTime:0.000231s ]
INFO: [ view_filter ] --END-- [ RunTime:0.000426s ]
INFO: [ app_end ] --START--
INFO: Run Behavior\ShowPageTraceBehavior [ RunTime:0.000351s ]
INFO: [ app_end ] --END-- [ RunTime:0.000379s ]

[ 2019-09-14T15:46:17+08:00 ] 223.167.152.20 /Mch/Agent/mch_data
INFO: [ app_init ] --START--
INFO: Run Behavior\BuildLiteBehavior [ RunTime:0.000017s ]
INFO: [ app_init ] --END-- [ RunTime:0.000296s ]
INFO: [ app_begin ] --START--
INFO: Run Behavior\ReadHtmlCacheBehavior [ RunTime:0.000382s ]
INFO: [ app_begin ] --END-- [ RunTime:0.000416s ]
NOTIC: [8] Undefined index: mch /home/wwwroot/pay/domain/hzf.xiaohouzhi.com/web/App/Mch/Controller/AgentInitBaseController.class.php 第 10 行.
INFO: [ view_parse ] --START--
INFO: [ template_filter ] --START--
INFO: Run Behavior\ContentReplaceBehavior [ RunTime:0.000080s ]
INFO: [ template_filter ] --END-- [ RunTime:0.000131s ]
INFO: Run Behavior\ParseTemplateBehavior [ RunTime:0.005489s ]
INFO: [ view_parse ] --END-- [ RunTime:0.005531s ]
INFO: [ view_filter ] --START--
INFO: Run Behavior\WriteHtmlCacheBehavior [ RunTime:0.000119s ]
INFO: Run Behavior\TokenBuildBehavior [ RunTime:0.000208s ]
INFO: [ view_filter ] --END-- [ RunTime:0.000367s ]
INFO: [ app_end ] --START--
INFO: Run Behavior\ShowPageTraceBehavior [ RunTime:0.000347s ]
INFO: [ app_end ] --END-- [ RunTime:0.000374s ]

[ 2019-09-14T15:46:17+08:00 ] 61.151.178.176 /Mch/Agent/mch_data_json/Debug/1?pages=1
INFO: [ app_init ] --START--
INFO: Run Behavior\BuildLiteBehavior [ RunTime:0.000014s ]
INFO: [ app_init ] --END-- [ RunTime:0.000241s ]
INFO: [ app_begin ] --START--
INFO: Run Behavior\ReadHtmlCacheBehavior [ RunTime:0.000333s ]
INFO: [ app_begin ] --END-- [ RunTime:0.000364s ]
NOTIC: [8] Undefined index: mch /home/wwwroot/pay/domain/hzf.xiaohouzhi.com/web/App/Mch/Controller/AgentInitBaseController.class.php 第 10 行.
NOTIC: [8] Undefined index: page_data /home/wwwroot/pay/domain/hzf.xiaohouzhi.com/web/App/Mch/Controller/AgentController.class.php 第 585 行.
NOTIC: [8] Undefined index: search_val /home/wwwroot/pay/domain/hzf.xiaohouzhi.com/web/App/Mch/Controller/AgentController.class.php 第 586 行.
NOTIC: [8] Undefined index: agent_id /home/wwwroot/pay/domain/hzf.xiaohouzhi.com/web/App/Mch/Controller/AgentController.class.php 第 590 行.
NOTIC: [8] Undefined index: stime /home/wwwroot/pay/domain/hzf.xiaohouzhi.com/web/App/Mch/Controller/AgentController.class.php 第 592 行.
NOTIC: [8] Undefined index: etime /home/wwwroot/pay/domain/hzf.xiaohouzhi.com/web/App/Mch/Controller/AgentController.class.php 第 593 行.

[ 2019-09-14T15:46:17+08:00 ] 61.151.178.176 /Mch/Agent/mch_data
INFO: [ app_init ] --START--
INFO: Run Behavior\BuildLiteBehavior [ RunTime:0.000014s ]
INFO: [ app_init ] --END-- [ RunTime:0.000274s ]
INFO: [ app_begin ] --START--
INFO: Run Behavior\ReadHtmlCacheBehavior [ RunTime:0.000321s ]
INFO: [ app_begin ] --END-- [ RunTime:0.000352s ]
NOTIC: [8] Undefined index: mch /home/wwwroot/pay/domain/hzf.xiaohouzhi.com/web/App/Mch/Controller/AgentInitBaseController.class.php 第 10 行.
INFO: [ view_parse ] --START--
INFO: [ template_filter ] --START--
INFO: Run Behavior\ContentReplaceBehavior [ RunTime:0.000082s ]
INFO: [ template_filter ] --END-- [ RunTime:0.000146s ]
INFO: Run Behavior\ParseTemplateBehavior [ RunTime:0.005685s ]
INFO: [ view_parse ] --END-- [ RunTime:0.005723s ]
INFO: [ view_filter ] --START--
INFO: Run Behavior\WriteHtmlCacheBehavior [ RunTime:0.000107s ]
INFO: Run Behavior\TokenBuildBehavior [ RunTime:0.000204s ]
INFO: [ view_filter ] --END-- [ RunTime:0.000349s ]
INFO: [ app_end ] --START--
INFO: Run Behavior\ShowPageTraceBehavior [ RunTime:0.000359s ]
INFO: [ app_end ] --END-- [ RunTime:0.000388s ]

[ 2019-09-14T15:46:17+08:00 ] 61.151.178.176 /Mch/Agent/mch_data_json/Debug/1?pages=1
INFO: [ app_init ] --START--
INFO: Run Behavior\BuildLiteBehavior [ RunTime:0.000012s ]
INFO: [ app_init ] --END-- [ RunTime:0.000238s ]
INFO: [ app_begin ] --START--
INFO: Run Behavior\ReadHtmlCacheBehavior [ RunTime:0.000353s ]
INFO: [ app_begin ] --END-- [ RunTime:0.000385s ]
NOTIC: [8] Undefined index: mch /home/wwwroot/pay/domain/hzf.xiaohouzhi.com/web/App/Mch/Controller/AgentInitBaseController.class.php 第 10 行.
NOTIC: [8] Undefined index: page_data /home/wwwroot/pay/domain/hzf.xiaohouzhi.com/web/App/Mch/Controller/AgentController.class.php 第 585 行.
NOTIC: [8] Undefined index: search_val /home/wwwroot/pay/domain/hzf.xiaohouzhi.com/web/App/Mch/Controller/AgentController.class.php 第 586 行.
NOTIC: [8] Undefined index: agent_id /home/wwwroot/pay/domain/hzf.xiaohouzhi.com/web/App/Mch/Controller/AgentController.class.php 第 590 行.
NOTIC: [8] Undefined index: stime /home/wwwroot/pay/domain/hzf.xiaohouzhi.com/web/App/Mch/Controller/AgentController.class.php 第 592 行.
NOTIC: [8] Undefined index: etime /home/wwwroot/pay/domain/hzf.xiaohouzhi.com/web/App/Mch/Controller/AgentController.class.php 第 593 行.

[ 2019-09-14T15:46:18+08:00 ] 61.151.178.176 /Mch/Agent/index
INFO: [ app_init ] --START--
INFO: Run Behavior\BuildLiteBehavior [ RunTime:0.000012s ]
INFO: [ app_init ] --END-- [ RunTime:0.000231s ]
INFO: [ app_begin ] --START--
INFO: Run Behavior\ReadHtmlCacheBehavior [ RunTime:0.000285s ]
INFO: [ app_begin ] --END-- [ RunTime:0.000316s ]
NOTIC: [8] Undefined index: mch /home/wwwroot/pay/domain/hzf.xiaohouzhi.com/web/App/Mch/Controller/AgentInitBaseController.class.php 第 10 行.
INFO: [ view_parse ] --START--
INFO: [ template_filter ] --START--
INFO: Run Behavior\ContentReplaceBehavior [ RunTime:0.000075s ]
INFO: [ template_filter ] --END-- [ RunTime:0.000140s ]
NOTIC: [2] Missing argument 1 for sys_ad_data(), called in /home/wwwroot/pay/domain/hzf.xiaohouzhi.com/web/App/Runtime/Cache/Mch/ece089a455312c056ae5b8ff2e0ddd64.php on line 125 and defined /home/wwwroot/pay/domain/hzf.xiaohouzhi.com/web/App/Common/Common/function.php 第 981 行.
INFO: Run Behavior\ParseTemplateBehavior [ RunTime:0.010139s ]
INFO: [ view_parse ] --END-- [ RunTime:0.010201s ]
INFO: [ view_filter ] --START--
INFO: Run Behavior\WriteHtmlCacheBehavior [ RunTime:0.000187s ]
INFO: Run Behavior\TokenBuildBehavior [ RunTime:0.000231s ]
INFO: [ view_filter ] --END-- [ RunTime:0.000467s ]
INFO: [ app_end ] --START--
INFO: Run Behavior\ShowPageTraceBehavior [ RunTime:0.000376s ]
INFO: [ app_end ] --END-- [ RunTime:0.000406s ]

[ 2019-09-14T15:46:19+08:00 ] 223.167.152.20 /Mch/Agent/my
INFO: [ app_init ] --START--
INFO: Run Behavior\BuildLiteBehavior [ RunTime:0.000014s ]
INFO: [ app_init ] --END-- [ RunTime:0.000223s ]
INFO: [ app_begin ] --START--
INFO: Run Behavior\ReadHtmlCacheBehavior [ RunTime:0.000332s ]
INFO: [ app_begin ] --END-- [ RunTime:0.000377s ]
NOTIC: [8] Undefined index: mch /home/wwwroot/pay/domain/hzf.xiaohouzhi.com/web/App/Mch/Controller/AgentInitBaseController.class.php 第 10 行.
INFO: [ view_parse ] --START--
INFO: [ template_filter ] --START--
INFO: Run Behavior\ContentReplaceBehavior [ RunTime:0.000060s ]
INFO: [ template_filter ] --END-- [ RunTime:0.000114s ]
INFO: Run Behavior\ParseTemplateBehavior [ RunTime:0.006505s ]
INFO: [ view_parse ] --END-- [ RunTime:0.006557s ]
INFO: [ view_filter ] --START--
INFO: Run Behavior\WriteHtmlCacheBehavior [ RunTime:0.000104s ]
INFO: Run Behavior\TokenBuildBehavior [ RunTime:0.000234s ]
INFO: [ view_filter ] --END-- [ RunTime:0.000379s ]
INFO: [ app_end ] --START--
INFO: Run Behavior\ShowPageTraceBehavior [ RunTime:0.000332s ]
INFO: [ app_end ] --END-- [ RunTime:0.000368s ]

[ 2019-09-14T15:46:21+08:00 ] 223.167.152.20 /Mch/Agent/mch_data_json/Debug/1?pages=1
INFO: [ app_init ] --START--
INFO: Run Behavior\BuildLiteBehavior [ RunTime:0.000019s ]
INFO: [ app_init ] --END-- [ RunTime:0.000372s ]
INFO: [ app_begin ] --START--
INFO: Run Behavior\ReadHtmlCacheBehavior [ RunTime:0.000510s ]
INFO: [ app_begin ] --END-- [ RunTime:0.000554s ]
NOTIC: [8] Undefined index: mch /home/wwwroot/pay/domain/hzf.xiaohouzhi.com/web/App/Mch/Controller/AgentInitBaseController.class.php 第 10 行.
NOTIC: [8] Undefined index: page_data /home/wwwroot/pay/domain/hzf.xiaohouzhi.com/web/App/Mch/Controller/AgentController.class.php 第 585 行.
NOTIC: [8] Undefined index: search_val /home/wwwroot/pay/domain/hzf.xiaohouzhi.com/web/App/Mch/Controller/AgentController.class.php 第 586 行.
NOTIC: [8] Undefined index: agent_id /home/wwwroot/pay/domain/hzf.xiaohouzhi.com/web/App/Mch/Controller/AgentController.class.php 第 590 行.
NOTIC: [8] Undefined index: stime /home/wwwroot/pay/domain/hzf.xiaohouzhi.com/web/App/Mch/Controller/AgentController.class.php 第 592 行.
NOTIC: [8] Undefined index: etime /home/wwwroot/pay/domain/hzf.xiaohouzhi.com/web/App/Mch/Controller/AgentController.class.php 第 593 行.

[ 2019-09-14T17:42:02+08:00 ] 14.17.3.65 /Mch/Agent/index
INFO: [ app_init ] --START--
INFO: Run Behavior\BuildLiteBehavior [ RunTime:0.000023s ]
INFO: [ app_init ] --END-- [ RunTime:0.000384s ]
INFO: [ app_begin ] --START--
INFO: Run Behavior\ReadHtmlCacheBehavior [ RunTime:0.000473s ]
INFO: [ app_begin ] --END-- [ RunTime:0.000528s ]
NOTIC: [8] Undefined index: mch /home/wwwroot/pay/domain/hzf.xiaohouzhi.com/web/App/Mch/Controller/AgentInitBaseController.class.php 第 10 行.
NOTIC: [8] Undefined index: ag /home/wwwroot/pay/domain/hzf.xiaohouzhi.com/web/App/Mch/Controller/AgentInitBaseController.class.php 第 19 行.
INFO: [ view_parse ] --START--
INFO: [ template_filter ] --START--
INFO: Run Behavior\ContentReplaceBehavior [ RunTime:0.000088s ]
INFO: [ template_filter ] --END-- [ RunTime:0.000168s ]
INFO: Run Behavior\ParseTemplateBehavior [ RunTime:0.008292s ]
INFO: [ view_parse ] --END-- [ RunTime:0.008341s ]
INFO: [ view_filter ] --START--
INFO: Run Behavior\WriteHtmlCacheBehavior [ RunTime:0.000131s ]
INFO: Run Behavior\TokenBuildBehavior [ RunTime:0.000378s ]
INFO: [ view_filter ] --END-- [ RunTime:0.000568s ]

[ 2019-09-14T19:13:55+08:00 ] 14.17.3.65 /Mch/Agent/qrcode
INFO: [ app_init ] --START--
INFO: Run Behavior\BuildLiteBehavior [ RunTime:0.000017s ]
INFO: [ app_init ] --END-- [ RunTime:0.000312s ]
INFO: [ app_begin ] --START--
INFO: Run Behavior\ReadHtmlCacheBehavior [ RunTime:0.000458s ]
INFO: [ app_begin ] --END-- [ RunTime:0.000512s ]
NOTIC: [8] Undefined index: mch /home/wwwroot/pay/domain/hzf.xiaohouzhi.com/web/App/Mch/Controller/AgentInitBaseController.class.php 第 10 行.
NOTIC: [8] Undefined index: ag /home/wwwroot/pay/domain/hzf.xiaohouzhi.com/web/App/Mch/Controller/AgentInitBaseController.class.php 第 19 行.
INFO: [ view_parse ] --START--
INFO: [ template_filter ] --START--
INFO: Run Behavior\ContentReplaceBehavior [ RunTime:0.000065s ]
INFO: [ template_filter ] --END-- [ RunTime:0.000115s ]
INFO: Run Behavior\ParseTemplateBehavior [ RunTime:0.006452s ]
INFO: [ view_parse ] --END-- [ RunTime:0.006522s ]
INFO: [ view_filter ] --START--
INFO: Run Behavior\WriteHtmlCacheBehavior [ RunTime:0.000111s ]
INFO: Run Behavior\TokenBuildBehavior [ RunTime:0.000216s ]
INFO: [ view_filter ] --END-- [ RunTime:0.000369s ]

