[ 2019-09-06T17:32:50+08:00 ] 120.204.17.46 /Mch/Login/index
INFO: [ app_init ] --START--
INFO: Run Behavior\BuildLiteBehavior [ RunTime:0.000014s ]
INFO: [ app_init ] --END-- [ RunTime:0.000263s ]
INFO: [ app_begin ] --START--
INFO: Run Behavior\ReadHtmlCacheBehavior [ RunTime:0.000275s ]
INFO: [ app_begin ] --END-- [ RunTime:0.000309s ]

[ 2019-09-06T17:32:51+08:00 ] 120.204.17.46 /Mch/Login/index?code=001ucQ820ubj6H1xxy920hAQ820ucQ8y&state=zzXunLongSoftMch
INFO: [ app_init ] --START--
INFO: Run Behavior\BuildLiteBehavior [ RunTime:0.000009s ]
INFO: [ app_init ] --END-- [ RunTime:0.000225s ]
INFO: [ app_begin ] --START--
INFO: Run Behavior\ReadHtmlCacheBehavior [ RunTime:0.000258s ]
INFO: [ app_begin ] --END-- [ RunTime:0.000291s ]
INFO: [ view_parse ] --START--
INFO: [ template_filter ] --START--
INFO: Run Behavior\ContentReplaceBehavior [ RunTime:0.000049s ]
INFO: [ template_filter ] --END-- [ RunTime:0.000095s ]
NOTIC: [8] Undefined index: quick_data /home/wwwroot/pay/domain/hzf.xiaohouzhi.com/web/App/Runtime/Cache/Mch/c4300082b05c4dd1186db72e5ce3f3d5.php 第 63 行.
INFO: Run Behavior\ParseTemplateBehavior [ RunTime:0.005614s ]
INFO: [ view_parse ] --END-- [ RunTime:0.005681s ]
INFO: [ view_filter ] --START--
INFO: Run Behavior\WriteHtmlCacheBehavior [ RunTime:0.000115s ]
INFO: Run Behavior\TokenBuildBehavior [ RunTime:0.000216s ]
INFO: [ view_filter ] --END-- [ RunTime:0.000372s ]
INFO: [ app_end ] --START--
INFO: Run Behavior\ShowPageTraceBehavior [ RunTime:0.000293s ]
INFO: [ app_end ] --END-- [ RunTime:0.000321s ]

[ 2019-09-06T17:33:02+08:00 ] 120.204.17.46 /Mch/Login/index
INFO: [ app_init ] --START--
INFO: Run Behavior\BuildLiteBehavior [ RunTime:0.000017s ]
INFO: [ app_init ] --END-- [ RunTime:0.000341s ]
INFO: [ app_begin ] --START--
INFO: Run Behavior\ReadHtmlCacheBehavior [ RunTime:0.000430s ]
INFO: [ app_begin ] --END-- [ RunTime:0.000470s ]

[ 2019-09-06T17:33:04+08:00 ] 61.151.178.180 /Mch/Index/index
INFO: [ app_init ] --START--
INFO: Run Behavior\BuildLiteBehavior [ RunTime:0.000010s ]
INFO: [ app_init ] --END-- [ RunTime:0.000219s ]
INFO: [ app_begin ] --START--
INFO: Run Behavior\ReadHtmlCacheBehavior [ RunTime:0.000268s ]
INFO: [ app_begin ] --END-- [ RunTime:0.000297s ]
INFO: [ view_parse ] --START--
INFO: [ template_filter ] --START--
INFO: Run Behavior\ContentReplaceBehavior [ RunTime:0.000067s ]
INFO: [ template_filter ] --END-- [ RunTime:0.000111s ]
NOTIC: [2] Missing argument 1 for sys_ad_data(), called in /home/wwwroot/pay/domain/hzf.xiaohouzhi.com/web/App/Runtime/Cache/Mch/50282cd29d7a240fd1eb23cf8e6a6848.php on line 193 and defined /home/wwwroot/pay/domain/hzf.xiaohouzhi.com/web/App/Common/Common/function.php 第 913 行.
INFO: Run Behavior\ParseTemplateBehavior [ RunTime:0.007089s ]
INFO: [ view_parse ] --END-- [ RunTime:0.007135s ]
INFO: [ view_filter ] --START--
INFO: Run Behavior\WriteHtmlCacheBehavior [ RunTime:0.000089s ]
INFO: Run Behavior\TokenBuildBehavior [ RunTime:0.000195s ]
INFO: [ view_filter ] --END-- [ RunTime:0.000320s ]
INFO: [ app_end ] --START--
INFO: Run Behavior\ShowPageTraceBehavior [ RunTime:0.000271s ]
INFO: [ app_end ] --END-- [ RunTime:0.000309s ]

[ 2019-09-06T17:33:07+08:00 ] 61.151.178.180 /Mch/Index/order
INFO: [ app_init ] --START--
INFO: Run Behavior\BuildLiteBehavior [ RunTime:0.000010s ]
INFO: [ app_init ] --END-- [ RunTime:0.000210s ]
INFO: [ app_begin ] --START--
INFO: Run Behavior\ReadHtmlCacheBehavior [ RunTime:0.000245s ]
INFO: [ app_begin ] --END-- [ RunTime:0.000273s ]
INFO: [ view_parse ] --START--
INFO: [ template_filter ] --START--
INFO: Run Behavior\ContentReplaceBehavior [ RunTime:0.000073s ]
INFO: [ template_filter ] --END-- [ RunTime:0.000129s ]
INFO: Run Behavior\ParseTemplateBehavior [ RunTime:0.005265s ]
INFO: [ view_parse ] --END-- [ RunTime:0.005306s ]
INFO: [ view_filter ] --START--
INFO: Run Behavior\WriteHtmlCacheBehavior [ RunTime:0.000127s ]
INFO: Run Behavior\TokenBuildBehavior [ RunTime:0.000285s ]
INFO: [ view_filter ] --END-- [ RunTime:0.000463s ]
INFO: [ app_end ] --START--
INFO: Run Behavior\ShowPageTraceBehavior [ RunTime:0.000475s ]
INFO: [ app_end ] --END-- [ RunTime:0.000514s ]

[ 2019-09-06T17:33:08+08:00 ] 120.204.17.46 /Mch/Index/order_data_json?pages=1
INFO: [ app_init ] --START--
INFO: Run Behavior\BuildLiteBehavior [ RunTime:0.000010s ]
INFO: [ app_init ] --END-- [ RunTime:0.000203s ]
INFO: [ app_begin ] --START--
INFO: Run Behavior\ReadHtmlCacheBehavior [ RunTime:0.000251s ]
INFO: [ app_begin ] --END-- [ RunTime:0.000278s ]
NOTIC: [8] Undefined index: stime /home/wwwroot/pay/domain/hzf.xiaohouzhi.com/web/App/Mch/Controller/IndexController.class.php 第 1075 行.
NOTIC: [8] Undefined index: etime /home/wwwroot/pay/domain/hzf.xiaohouzhi.com/web/App/Mch/Controller/IndexController.class.php 第 1076 行.
NOTIC: [8] Undefined index: pay_type /home/wwwroot/pay/domain/hzf.xiaohouzhi.com/web/App/Mch/Controller/IndexController.class.php 第 1078 行.
NOTIC: [8] Undefined index: out_trade_no /home/wwwroot/pay/domain/hzf.xiaohouzhi.com/web/App/Mch/Controller/IndexController.class.php 第 1079 行.
NOTIC: [8] Undefined index: store_id /home/wwwroot/pay/domain/hzf.xiaohouzhi.com/web/App/Mch/Controller/IndexController.class.php 第 1081 行.

[ 2019-09-06T17:33:09+08:00 ] 61.151.178.180 /Mch/Index/my
INFO: [ app_init ] --START--
INFO: Run Behavior\BuildLiteBehavior [ RunTime:0.000012s ]
INFO: [ app_init ] --END-- [ RunTime:0.000254s ]
INFO: [ app_begin ] --START--
INFO: Run Behavior\ReadHtmlCacheBehavior [ RunTime:0.000362s ]
INFO: [ app_begin ] --END-- [ RunTime:0.000417s ]
INFO: [ view_parse ] --START--
INFO: [ template_filter ] --START--
INFO: Run Behavior\ContentReplaceBehavior [ RunTime:0.000078s ]
INFO: [ template_filter ] --END-- [ RunTime:0.000115s ]
INFO: Run Behavior\ParseTemplateBehavior [ RunTime:0.005839s ]
INFO: [ view_parse ] --END-- [ RunTime:0.005878s ]
INFO: [ view_filter ] --START--
INFO: Run Behavior\WriteHtmlCacheBehavior [ RunTime:0.000083s ]
INFO: Run Behavior\TokenBuildBehavior [ RunTime:0.000187s ]
INFO: [ view_filter ] --END-- [ RunTime:0.000320s ]
INFO: [ app_end ] --START--
INFO: Run Behavior\ShowPageTraceBehavior [ RunTime:0.000298s ]
INFO: [ app_end ] --END-- [ RunTime:0.000333s ]

[ 2019-09-06T17:33:12+08:00 ] 120.204.17.46 /Mch/Index/mch_rate_list
INFO: [ app_init ] --START--
INFO: Run Behavior\BuildLiteBehavior [ RunTime:0.000011s ]
INFO: [ app_init ] --END-- [ RunTime:0.000243s ]
INFO: [ app_begin ] --START--
INFO: Run Behavior\ReadHtmlCacheBehavior [ RunTime:0.000351s ]
INFO: [ app_begin ] --END-- [ RunTime:0.000382s ]
NOTIC: [2] Missing argument 1 for domain_id(), called in /home/wwwroot/pay/domain/hzf.xiaohouzhi.com/web/App/Mch/Controller/IndexController.class.php on line 139 and defined /home/wwwroot/pay/domain/hzf.xiaohouzhi.com/web/App/Common/Common/function.php 第 3529 行.
NOTIC: [8] Undefined variable: type /home/wwwroot/pay/domain/hzf.xiaohouzhi.com/web/App/Common/Common/function.php 第 3531 行.
INFO: [ view_parse ] --START--
INFO: [ template_filter ] --START--
INFO: Run Behavior\ContentReplaceBehavior [ RunTime:0.000055s ]
INFO: [ template_filter ] --END-- [ RunTime:0.000094s ]
NOTIC: [8] Undefined index: card /home/wwwroot/pay/domain/hzf.xiaohouzhi.com/web/App/Runtime/Cache/Mch/defad47680af3bd21b303a710c0480a9.php 第 42 行.
INFO: Run Behavior\ParseTemplateBehavior [ RunTime:0.005903s ]
INFO: [ view_parse ] --END-- [ RunTime:0.005940s ]
INFO: [ view_filter ] --START--
INFO: Run Behavior\WriteHtmlCacheBehavior [ RunTime:0.000085s ]
INFO: Run Behavior\TokenBuildBehavior [ RunTime:0.000180s ]
INFO: [ view_filter ] --END-- [ RunTime:0.000315s ]
INFO: [ app_end ] --START--
INFO: Run Behavior\ShowPageTraceBehavior [ RunTime:0.000292s ]
INFO: [ app_end ] --END-- [ RunTime:0.000328s ]

[ 2019-09-06T17:33:14+08:00 ] 61.151.178.180 /Mch/Index/index
INFO: [ app_init ] --START--
INFO: Run Behavior\BuildLiteBehavior [ RunTime:0.000013s ]
INFO: [ app_init ] --END-- [ RunTime:0.000315s ]
INFO: [ app_begin ] --START--
INFO: Run Behavior\ReadHtmlCacheBehavior [ RunTime:0.000400s ]
INFO: [ app_begin ] --END-- [ RunTime:0.000442s ]
INFO: [ view_parse ] --START--
INFO: [ template_filter ] --START--
INFO: Run Behavior\ContentReplaceBehavior [ RunTime:0.000105s ]
INFO: [ template_filter ] --END-- [ RunTime:0.000142s ]
NOTIC: [2] Missing argument 1 for sys_ad_data(), called in /home/wwwroot/pay/domain/hzf.xiaohouzhi.com/web/App/Runtime/Cache/Mch/50282cd29d7a240fd1eb23cf8e6a6848.php on line 193 and defined /home/wwwroot/pay/domain/hzf.xiaohouzhi.com/web/App/Common/Common/function.php 第 913 行.
INFO: Run Behavior\ParseTemplateBehavior [ RunTime:0.007067s ]
INFO: [ view_parse ] --END-- [ RunTime:0.007105s ]
INFO: [ view_filter ] --START--
INFO: Run Behavior\WriteHtmlCacheBehavior [ RunTime:0.000107s ]
INFO: Run Behavior\TokenBuildBehavior [ RunTime:0.000187s ]
INFO: [ view_filter ] --END-- [ RunTime:0.000336s ]
INFO: [ app_end ] --START--
INFO: Run Behavior\ShowPageTraceBehavior [ RunTime:0.000317s ]
INFO: [ app_end ] --END-- [ RunTime:0.000351s ]

[ 2019-09-06T17:33:15+08:00 ] 120.204.17.46 /Mch/Index/my
INFO: [ app_init ] --START--
INFO: Run Behavior\BuildLiteBehavior [ RunTime:0.000010s ]
INFO: [ app_init ] --END-- [ RunTime:0.000198s ]
INFO: [ app_begin ] --START--
INFO: Run Behavior\ReadHtmlCacheBehavior [ RunTime:0.000247s ]
INFO: [ app_begin ] --END-- [ RunTime:0.000287s ]
INFO: [ view_parse ] --START--
INFO: [ template_filter ] --START--
INFO: Run Behavior\ContentReplaceBehavior [ RunTime:0.000061s ]
INFO: [ template_filter ] --END-- [ RunTime:0.000096s ]
INFO: Run Behavior\ParseTemplateBehavior [ RunTime:0.006734s ]
INFO: [ view_parse ] --END-- [ RunTime:0.006779s ]
INFO: [ view_filter ] --START--
INFO: Run Behavior\WriteHtmlCacheBehavior [ RunTime:0.000129s ]
INFO: Run Behavior\TokenBuildBehavior [ RunTime:0.000256s ]
INFO: [ view_filter ] --END-- [ RunTime:0.000460s ]
INFO: [ app_end ] --START--
INFO: Run Behavior\ShowPageTraceBehavior [ RunTime:0.000394s ]
INFO: [ app_end ] --END-- [ RunTime:0.000434s ]

[ 2019-09-06T17:33:17+08:00 ] 120.204.17.46 /Mch/Index/index
INFO: [ app_init ] --START--
INFO: Run Behavior\BuildLiteBehavior [ RunTime:0.000013s ]
INFO: [ app_init ] --END-- [ RunTime:0.000305s ]
INFO: [ app_begin ] --START--
INFO: Run Behavior\ReadHtmlCacheBehavior [ RunTime:0.000380s ]
INFO: [ app_begin ] --END-- [ RunTime:0.000422s ]
INFO: [ view_parse ] --START--
INFO: [ template_filter ] --START--
INFO: Run Behavior\ContentReplaceBehavior [ RunTime:0.000071s ]
INFO: [ template_filter ] --END-- [ RunTime:0.000118s ]
NOTIC: [2] Missing argument 1 for sys_ad_data(), called in /home/wwwroot/pay/domain/hzf.xiaohouzhi.com/web/App/Runtime/Cache/Mch/50282cd29d7a240fd1eb23cf8e6a6848.php on line 193 and defined /home/wwwroot/pay/domain/hzf.xiaohouzhi.com/web/App/Common/Common/function.php 第 913 行.
INFO: Run Behavior\ParseTemplateBehavior [ RunTime:0.008230s ]
INFO: [ view_parse ] --END-- [ RunTime:0.008271s ]
INFO: [ view_filter ] --START--
INFO: Run Behavior\WriteHtmlCacheBehavior [ RunTime:0.000157s ]
INFO: Run Behavior\TokenBuildBehavior [ RunTime:0.000278s ]
INFO: [ view_filter ] --END-- [ RunTime:0.000482s ]
INFO: [ app_end ] --START--
INFO: Run Behavior\ShowPageTraceBehavior [ RunTime:0.000327s ]
INFO: [ app_end ] --END-- [ RunTime:0.000359s ]

[ 2019-09-06T17:40:33+08:00 ] 61.151.207.141 /Mch/Index/mch_rate_list
INFO: [ app_init ] --START--
INFO: Run Behavior\BuildLiteBehavior [ RunTime:0.000012s ]
INFO: [ app_init ] --END-- [ RunTime:0.000237s ]
INFO: [ app_begin ] --START--
INFO: Run Behavior\ReadHtmlCacheBehavior [ RunTime:0.000269s ]
INFO: [ app_begin ] --END-- [ RunTime:0.000302s ]
NOTIC: [8] Undefined index: mch /home/wwwroot/pay/domain/hzf.xiaohouzhi.com/web/App/Mch/Controller/InitBaseController.class.php 第 10 行.

[ 2019-09-06T21:57:50+08:00 ] 61.151.178.180 /Mch/Index/index
INFO: [ app_init ] --START--
INFO: Run Behavior\BuildLiteBehavior [ RunTime:0.000011s ]
INFO: [ app_init ] --END-- [ RunTime:0.000256s ]
INFO: [ app_begin ] --START--
INFO: Run Behavior\ReadHtmlCacheBehavior [ RunTime:0.000263s ]
INFO: [ app_begin ] --END-- [ RunTime:0.000296s ]
NOTIC: [8] Undefined index: mch /home/wwwroot/pay/domain/hzf.xiaohouzhi.com/web/App/Mch/Controller/InitBaseController.class.php 第 10 行.

[ 2019-09-06T21:57:51+08:00 ] 120.204.17.46 /Mch/Login/index
INFO: [ app_init ] --START--
INFO: Run Behavior\BuildLiteBehavior [ RunTime:0.000010s ]
INFO: [ app_init ] --END-- [ RunTime:0.000217s ]
INFO: [ app_begin ] --START--
INFO: Run Behavior\ReadHtmlCacheBehavior [ RunTime:0.000293s ]
INFO: [ app_begin ] --END-- [ RunTime:0.000327s ]

[ 2019-09-06T21:57:52+08:00 ] 61.151.178.180 /Mch/Login/index?code=011xBr6h1OJbds0ljN6h1XLk6h1xBr6U&state=zzXunLongSoftMch
INFO: [ app_init ] --START--
INFO: Run Behavior\BuildLiteBehavior [ RunTime:0.000009s ]
INFO: [ app_init ] --END-- [ RunTime:0.000199s ]
INFO: [ app_begin ] --START--
INFO: Run Behavior\ReadHtmlCacheBehavior [ RunTime:0.000283s ]
INFO: [ app_begin ] --END-- [ RunTime:0.000312s ]
INFO: [ view_parse ] --START--
INFO: [ template_filter ] --START--
INFO: Run Behavior\ContentReplaceBehavior [ RunTime:0.000047s ]
INFO: [ template_filter ] --END-- [ RunTime:0.000084s ]
NOTIC: [8] Undefined index: quick_data /home/wwwroot/pay/domain/hzf.xiaohouzhi.com/web/App/Runtime/Cache/Mch/c4300082b05c4dd1186db72e5ce3f3d5.php 第 63 行.
INFO: Run Behavior\ParseTemplateBehavior [ RunTime:0.005443s ]
INFO: [ view_parse ] --END-- [ RunTime:0.005501s ]
INFO: [ view_filter ] --START--
INFO: Run Behavior\WriteHtmlCacheBehavior [ RunTime:0.000110s ]
INFO: Run Behavior\TokenBuildBehavior [ RunTime:0.000231s ]
INFO: [ view_filter ] --END-- [ RunTime:0.000382s ]
INFO: [ app_end ] --START--
INFO: Run Behavior\ShowPageTraceBehavior [ RunTime:0.000285s ]
INFO: [ app_end ] --END-- [ RunTime:0.000312s ]

[ 2019-09-06T21:58:08+08:00 ] 58.247.212.139 /Mch/Login/index
INFO: [ app_init ] --START--
INFO: Run Behavior\BuildLiteBehavior [ RunTime:0.000013s ]
INFO: [ app_init ] --END-- [ RunTime:0.000255s ]
INFO: [ app_begin ] --START--
INFO: Run Behavior\ReadHtmlCacheBehavior [ RunTime:0.000311s ]
INFO: [ app_begin ] --END-- [ RunTime:0.000355s ]

[ 2019-09-06T21:58:18+08:00 ] 120.204.17.46 /Mch/Login/index
INFO: [ app_init ] --START--
INFO: Run Behavior\BuildLiteBehavior [ RunTime:0.000014s ]
INFO: [ app_init ] --END-- [ RunTime:0.000267s ]
INFO: [ app_begin ] --START--
INFO: Run Behavior\ReadHtmlCacheBehavior [ RunTime:0.000332s ]
INFO: [ app_begin ] --END-- [ RunTime:0.000376s ]

[ 2019-09-06T21:58:20+08:00 ] 120.204.17.46 /Mch/Index/index
INFO: [ app_init ] --START--
INFO: Run Behavior\BuildLiteBehavior [ RunTime:0.000014s ]
INFO: [ app_init ] --END-- [ RunTime:0.000301s ]
INFO: [ app_begin ] --START--
INFO: Run Behavior\ReadHtmlCacheBehavior [ RunTime:0.000269s ]
INFO: [ app_begin ] --END-- [ RunTime:0.000301s ]
INFO: [ view_parse ] --START--
INFO: [ template_filter ] --START--
INFO: Run Behavior\ContentReplaceBehavior [ RunTime:0.000072s ]
INFO: [ template_filter ] --END-- [ RunTime:0.000128s ]
NOTIC: [2] Missing argument 1 for sys_ad_data(), called in /home/wwwroot/pay/domain/hzf.xiaohouzhi.com/web/App/Runtime/Cache/Mch/50282cd29d7a240fd1eb23cf8e6a6848.php on line 193 and defined /home/wwwroot/pay/domain/hzf.xiaohouzhi.com/web/App/Common/Common/function.php 第 913 行.
INFO: Run Behavior\ParseTemplateBehavior [ RunTime:0.007679s ]
INFO: [ view_parse ] --END-- [ RunTime:0.007717s ]
INFO: [ view_filter ] --START--
INFO: Run Behavior\WriteHtmlCacheBehavior [ RunTime:0.000117s ]
INFO: Run Behavior\TokenBuildBehavior [ RunTime:0.000293s ]
INFO: [ view_filter ] --END-- [ RunTime:0.000448s ]
INFO: [ app_end ] --START--
INFO: Run Behavior\ShowPageTraceBehavior [ RunTime:0.000303s ]
INFO: [ app_end ] --END-- [ RunTime:0.000336s ]

[ 2019-09-06T21:58:24+08:00 ] 58.247.212.139 /Mch/Index/pay_scan_data/type/1
INFO: [ app_init ] --START--
INFO: Run Behavior\BuildLiteBehavior [ RunTime:0.000014s ]
INFO: [ app_init ] --END-- [ RunTime:0.000309s ]
INFO: [ app_begin ] --START--
INFO: Run Behavior\ReadHtmlCacheBehavior [ RunTime:0.000394s ]
INFO: [ app_begin ] --END-- [ RunTime:0.000435s ]

[ 2019-09-06T21:58:25+08:00 ] 61.151.178.180 /Mch/Index/pay_scan/mch_data/exyuJnpmZaCfIu6_IcjcQlyMjkiLCJzaWQiOiI0MDg3IiwidHlwZSI6IjEifQO0O0OO0O0O
INFO: [ app_init ] --START--
INFO: Run Behavior\BuildLiteBehavior [ RunTime:0.000010s ]
INFO: [ app_init ] --END-- [ RunTime:0.000207s ]
INFO: [ app_begin ] --START--
INFO: Run Behavior\ReadHtmlCacheBehavior [ RunTime:0.000252s ]
INFO: [ app_begin ] --END-- [ RunTime:0.000280s ]
NOTIC: [8] Undefined variable: timestamp /home/wwwroot/pay/domain/hzf.xiaohouzhi.com/web/App/Mch/Controller/IndexController.class.php 第 123 行.
NOTIC: [8] Undefined variable: noncestr /home/wwwroot/pay/domain/hzf.xiaohouzhi.com/web/App/Mch/Controller/IndexController.class.php 第 123 行.
NOTIC: [8] Undefined variable: appid /home/wwwroot/pay/domain/hzf.xiaohouzhi.com/web/App/Mch/Controller/IndexController.class.php 第 123 行.
INFO: [ view_parse ] --START--
INFO: [ template_filter ] --START--
INFO: Run Behavior\ContentReplaceBehavior [ RunTime:0.000039s ]
INFO: [ template_filter ] --END-- [ RunTime:0.000078s ]
INFO: Run Behavior\ParseTemplateBehavior [ RunTime:0.005533s ]
INFO: [ view_parse ] --END-- [ RunTime:0.005579s ]
INFO: [ view_filter ] --START--
INFO: Run Behavior\WriteHtmlCacheBehavior [ RunTime:0.000113s ]
INFO: Run Behavior\TokenBuildBehavior [ RunTime:0.000216s ]
INFO: [ view_filter ] --END-- [ RunTime:0.000371s ]
INFO: [ app_end ] --START--
INFO: Run Behavior\ShowPageTraceBehavior [ RunTime:0.000279s ]
INFO: [ app_end ] --END-- [ RunTime:0.000308s ]

[ 2019-09-06T21:58:49+08:00 ] 58.247.212.139 /Mch/Index/pay_scan_data/type/1
INFO: [ app_init ] --START--
INFO: Run Behavior\BuildLiteBehavior [ RunTime:0.000015s ]
INFO: [ app_init ] --END-- [ RunTime:0.000344s ]
INFO: [ app_begin ] --START--
INFO: Run Behavior\ReadHtmlCacheBehavior [ RunTime:0.000391s ]
INFO: [ app_begin ] --END-- [ RunTime:0.000436s ]

[ 2019-09-06T21:58:49+08:00 ] 120.204.17.46 /Mch/Index/pay_scan/mch_data/exyuJnpmZaCfIu6_IcjcQlyMjkiLCJzaWQiOiI0MDg3IiwidHlwZSI6IjEifQO0O0OO0O0O
INFO: [ app_init ] --START--
INFO: Run Behavior\BuildLiteBehavior [ RunTime:0.000010s ]
INFO: [ app_init ] --END-- [ RunTime:0.000220s ]
INFO: [ app_begin ] --START--
INFO: Run Behavior\ReadHtmlCacheBehavior [ RunTime:0.000284s ]
INFO: [ app_begin ] --END-- [ RunTime:0.000319s ]
NOTIC: [8] Undefined variable: timestamp /home/wwwroot/pay/domain/hzf.xiaohouzhi.com/web/App/Mch/Controller/IndexController.class.php 第 123 行.
NOTIC: [8] Undefined variable: noncestr /home/wwwroot/pay/domain/hzf.xiaohouzhi.com/web/App/Mch/Controller/IndexController.class.php 第 123 行.
NOTIC: [8] Undefined variable: appid /home/wwwroot/pay/domain/hzf.xiaohouzhi.com/web/App/Mch/Controller/IndexController.class.php 第 123 行.
INFO: [ view_parse ] --START--
INFO: [ template_filter ] --START--
INFO: Run Behavior\ContentReplaceBehavior [ RunTime:0.000051s ]
INFO: [ template_filter ] --END-- [ RunTime:0.000111s ]
INFO: Run Behavior\ParseTemplateBehavior [ RunTime:0.006337s ]
INFO: [ view_parse ] --END-- [ RunTime:0.006387s ]
INFO: [ view_filter ] --START--
INFO: Run Behavior\WriteHtmlCacheBehavior [ RunTime:0.000135s ]
INFO: Run Behavior\TokenBuildBehavior [ RunTime:0.000195s ]
INFO: [ view_filter ] --END-- [ RunTime:0.000377s ]
INFO: [ app_end ] --START--
INFO: Run Behavior\ShowPageTraceBehavior [ RunTime:0.000317s ]
INFO: [ app_end ] --END-- [ RunTime:0.000345s ]

[ 2019-09-06T21:58:58+08:00 ] 61.129.6.159 /Mch/Login/index
INFO: [ app_init ] --START--
INFO: Run Behavior\BuildLiteBehavior [ RunTime:0.000010s ]
INFO: [ app_init ] --END-- [ RunTime:0.000208s ]
INFO: [ app_begin ] --START--
INFO: Run Behavior\ReadHtmlCacheBehavior [ RunTime:0.000329s ]
INFO: [ app_begin ] --END-- [ RunTime:0.000365s ]

[ 2019-09-06T21:59:11+08:00 ] 120.204.17.46 /Mch/Index/pay_scan_data/type/1
INFO: [ app_init ] --START--
INFO: Run Behavior\BuildLiteBehavior [ RunTime:0.000011s ]
INFO: [ app_init ] --END-- [ RunTime:0.000242s ]
INFO: [ app_begin ] --START--
INFO: Run Behavior\ReadHtmlCacheBehavior [ RunTime:0.000258s ]
INFO: [ app_begin ] --END-- [ RunTime:0.000291s ]

[ 2019-09-06T21:59:11+08:00 ] 58.247.212.139 /Mch/Index/pay_scan/mch_data/exyuJnpmZaCfIu6_IcjcQlyMjkiLCJzaWQiOiI0MDg3IiwidHlwZSI6IjEifQO0O0OO0O0O
INFO: [ app_init ] --START--
INFO: Run Behavior\BuildLiteBehavior [ RunTime:0.000011s ]
INFO: [ app_init ] --END-- [ RunTime:0.000282s ]
INFO: [ app_begin ] --START--
INFO: Run Behavior\ReadHtmlCacheBehavior [ RunTime:0.000294s ]
INFO: [ app_begin ] --END-- [ RunTime:0.000330s ]
NOTIC: [8] Undefined variable: timestamp /home/wwwroot/pay/domain/hzf.xiaohouzhi.com/web/App/Mch/Controller/IndexController.class.php 第 123 行.
NOTIC: [8] Undefined variable: noncestr /home/wwwroot/pay/domain/hzf.xiaohouzhi.com/web/App/Mch/Controller/IndexController.class.php 第 123 行.
NOTIC: [8] Undefined variable: appid /home/wwwroot/pay/domain/hzf.xiaohouzhi.com/web/App/Mch/Controller/IndexController.class.php 第 123 行.
INFO: [ view_parse ] --START--
INFO: [ template_filter ] --START--
INFO: Run Behavior\ContentReplaceBehavior [ RunTime:0.000042s ]
INFO: [ template_filter ] --END-- [ RunTime:0.000082s ]
INFO: Run Behavior\ParseTemplateBehavior [ RunTime:0.005460s ]
INFO: [ view_parse ] --END-- [ RunTime:0.005505s ]
INFO: [ view_filter ] --START--
INFO: Run Behavior\WriteHtmlCacheBehavior [ RunTime:0.000117s ]
INFO: Run Behavior\TokenBuildBehavior [ RunTime:0.000215s ]
INFO: [ view_filter ] --END-- [ RunTime:0.000377s ]
INFO: [ app_end ] --START--
INFO: Run Behavior\ShowPageTraceBehavior [ RunTime:0.000420s ]
INFO: [ app_end ] --END-- [ RunTime:0.000459s ]

[ 2019-09-06T21:59:31+08:00 ] 101.227.139.173 /Mch/Index/pay_scan_data/type/1
INFO: [ app_init ] --START--
INFO: Run Behavior\BuildLiteBehavior [ RunTime:0.000014s ]
INFO: [ app_init ] --END-- [ RunTime:0.000334s ]
INFO: [ app_begin ] --START--
INFO: Run Behavior\ReadHtmlCacheBehavior [ RunTime:0.000288s ]
INFO: [ app_begin ] --END-- [ RunTime:0.000328s ]
NOTIC: [8] Undefined index: mch /home/wwwroot/pay/domain/hzf.xiaohouzhi.com/web/App/Mch/Controller/InitBaseController.class.php 第 10 行.

[ 2019-09-06T21:59:35+08:00 ] 58.247.212.139 /Mch/Index/pay_scan/mch_data/exyuJnpmZaCfIu6_IcjcQlyMjkiLCJzaWQiOiI0MDg3IiwidHlwZSI6IjEifQO0O0OO0O0O
INFO: [ app_init ] --START--
INFO: Run Behavior\BuildLiteBehavior [ RunTime:0.000016s ]
INFO: [ app_init ] --END-- [ RunTime:0.000281s ]
INFO: [ app_begin ] --START--
INFO: Run Behavior\ReadHtmlCacheBehavior [ RunTime:0.000347s ]
INFO: [ app_begin ] --END-- [ RunTime:0.000390s ]
NOTIC: [8] Undefined variable: timestamp /home/wwwroot/pay/domain/hzf.xiaohouzhi.com/web/App/Mch/Controller/IndexController.class.php 第 123 行.
NOTIC: [8] Undefined variable: noncestr /home/wwwroot/pay/domain/hzf.xiaohouzhi.com/web/App/Mch/Controller/IndexController.class.php 第 123 行.
NOTIC: [8] Undefined variable: appid /home/wwwroot/pay/domain/hzf.xiaohouzhi.com/web/App/Mch/Controller/IndexController.class.php 第 123 行.
INFO: [ view_parse ] --START--
INFO: [ template_filter ] --START--
INFO: Run Behavior\ContentReplaceBehavior [ RunTime:0.000042s ]
INFO: [ template_filter ] --END-- [ RunTime:0.000082s ]
INFO: Run Behavior\ParseTemplateBehavior [ RunTime:0.005292s ]
INFO: [ view_parse ] --END-- [ RunTime:0.005328s ]
INFO: [ view_filter ] --START--
INFO: Run Behavior\WriteHtmlCacheBehavior [ RunTime:0.000139s ]
INFO: Run Behavior\TokenBuildBehavior [ RunTime:0.000204s ]
INFO: [ view_filter ] --END-- [ RunTime:0.000384s ]
INFO: [ app_end ] --START--
INFO: Run Behavior\ShowPageTraceBehavior [ RunTime:0.000288s ]
INFO: [ app_end ] --END-- [ RunTime:0.000319s ]

[ 2019-09-06T22:00:39+08:00 ] 61.151.178.175 /Mch/Index/pay_scan/mch_data/exyuJnpmZaCfIu6_IcjcQlyMjkiLCJzaWQiOiI0MDg3IiwidHlwZSI6IjEifQO0O0OO0O0O
INFO: [ app_init ] --START--
INFO: Run Behavior\BuildLiteBehavior [ RunTime:0.000015s ]
INFO: [ app_init ] --END-- [ RunTime:0.000312s ]
INFO: [ app_begin ] --START--
INFO: Run Behavior\ReadHtmlCacheBehavior [ RunTime:0.000413s ]
INFO: [ app_begin ] --END-- [ RunTime:0.000461s ]
NOTIC: [8] Undefined index: mch /home/wwwroot/pay/domain/hzf.xiaohouzhi.com/web/App/Mch/Controller/InitBaseController.class.php 第 10 行.

[ 2019-09-06T22:00:53+08:00 ] 58.247.212.139 /Mch/Index/pay_scan/mch_data/exyuJnpmZaCfIu6_IcjcQlyMjkiLCJzaWQiOiI0MDg3IiwidHlwZSI6IjEifQO0O0OO0O0O
INFO: [ app_init ] --START--
INFO: Run Behavior\BuildLiteBehavior [ RunTime:0.000015s ]
INFO: [ app_init ] --END-- [ RunTime:0.000269s ]
INFO: [ app_begin ] --START--
INFO: Run Behavior\ReadHtmlCacheBehavior [ RunTime:0.000392s ]
INFO: [ app_begin ] --END-- [ RunTime:0.000427s ]
NOTIC: [8] Undefined variable: timestamp /home/wwwroot/pay/domain/hzf.xiaohouzhi.com/web/App/Mch/Controller/IndexController.class.php 第 123 行.
NOTIC: [8] Undefined variable: noncestr /home/wwwroot/pay/domain/hzf.xiaohouzhi.com/web/App/Mch/Controller/IndexController.class.php 第 123 行.
NOTIC: [8] Undefined variable: appid /home/wwwroot/pay/domain/hzf.xiaohouzhi.com/web/App/Mch/Controller/IndexController.class.php 第 123 行.
INFO: [ view_parse ] --START--
INFO: [ template_filter ] --START--
INFO: Run Behavior\ContentReplaceBehavior [ RunTime:0.000051s ]
INFO: [ template_filter ] --END-- [ RunTime:0.000091s ]
INFO: Run Behavior\ParseTemplateBehavior [ RunTime:0.005344s ]
INFO: [ view_parse ] --END-- [ RunTime:0.005379s ]
INFO: [ view_filter ] --START--
INFO: Run Behavior\WriteHtmlCacheBehavior [ RunTime:0.000125s ]
INFO: Run Behavior\TokenBuildBehavior [ RunTime:0.000242s ]
INFO: [ view_filter ] --END-- [ RunTime:0.000411s ]
INFO: [ app_end ] --START--
INFO: Run Behavior\ShowPageTraceBehavior [ RunTime:0.000338s ]
INFO: [ app_end ] --END-- [ RunTime:0.000374s ]

[ 2019-09-06T22:02:39+08:00 ] 61.151.178.180 /Mch/Login/index
INFO: [ app_init ] --START--
INFO: Run Behavior\BuildLiteBehavior [ RunTime:0.000010s ]
INFO: [ app_init ] --END-- [ RunTime:0.000234s ]
INFO: [ app_begin ] --START--
INFO: Run Behavior\ReadHtmlCacheBehavior [ RunTime:0.000278s ]
INFO: [ app_begin ] --END-- [ RunTime:0.000312s ]

[ 2019-09-06T22:02:40+08:00 ] 58.247.212.139 /Mch/Login/index?code=081xI6Mg1AjYkr0ysXPg1E38Mg1xI6MN&state=zzXunLongSoftMch
INFO: [ app_init ] --START--
INFO: Run Behavior\BuildLiteBehavior [ RunTime:0.000010s ]
INFO: [ app_init ] --END-- [ RunTime:0.000206s ]
INFO: [ app_begin ] --START--
INFO: Run Behavior\ReadHtmlCacheBehavior [ RunTime:0.000264s ]
INFO: [ app_begin ] --END-- [ RunTime:0.000302s ]

[ 2019-09-06T22:02:40+08:00 ] 58.247.212.139 /Mch/Index/index
INFO: [ app_init ] --START--
INFO: Run Behavior\BuildLiteBehavior [ RunTime:0.000010s ]
INFO: [ app_init ] --END-- [ RunTime:0.000232s ]
INFO: [ app_begin ] --START--
INFO: Run Behavior\ReadHtmlCacheBehavior [ RunTime:0.000247s ]
INFO: [ app_begin ] --END-- [ RunTime:0.000275s ]
INFO: [ view_parse ] --START--
INFO: [ template_filter ] --START--
INFO: Run Behavior\ContentReplaceBehavior [ RunTime:0.000070s ]
INFO: [ template_filter ] --END-- [ RunTime:0.000107s ]
NOTIC: [2] Missing argument 1 for sys_ad_data(), called in /home/wwwroot/pay/domain/hzf.xiaohouzhi.com/web/App/Runtime/Cache/Mch/50282cd29d7a240fd1eb23cf8e6a6848.php on line 193 and defined /home/wwwroot/pay/domain/hzf.xiaohouzhi.com/web/App/Common/Common/function.php 第 913 行.
INFO: Run Behavior\ParseTemplateBehavior [ RunTime:0.007591s ]
INFO: [ view_parse ] --END-- [ RunTime:0.007636s ]
INFO: [ view_filter ] --START--
INFO: Run Behavior\WriteHtmlCacheBehavior [ RunTime:0.000112s ]
INFO: Run Behavior\TokenBuildBehavior [ RunTime:0.000261s ]
INFO: [ view_filter ] --END-- [ RunTime:0.000422s ]
INFO: [ app_end ] --START--
INFO: Run Behavior\ShowPageTraceBehavior [ RunTime:0.000283s ]
INFO: [ app_end ] --END-- [ RunTime:0.000311s ]

[ 2019-09-06T22:02:44+08:00 ] 58.247.212.139 /Mch/Index/order
INFO: [ app_init ] --START--
INFO: Run Behavior\BuildLiteBehavior [ RunTime:0.000010s ]
INFO: [ app_init ] --END-- [ RunTime:0.000204s ]
INFO: [ app_begin ] --START--
INFO: Run Behavior\ReadHtmlCacheBehavior [ RunTime:0.000249s ]
INFO: [ app_begin ] --END-- [ RunTime:0.000278s ]
INFO: [ view_parse ] --START--
INFO: [ template_filter ] --START--
INFO: Run Behavior\ContentReplaceBehavior [ RunTime:0.000059s ]
INFO: [ template_filter ] --END-- [ RunTime:0.000102s ]
INFO: Run Behavior\ParseTemplateBehavior [ RunTime:0.005427s ]
INFO: [ view_parse ] --END-- [ RunTime:0.005466s ]
INFO: [ view_filter ] --START--
INFO: Run Behavior\WriteHtmlCacheBehavior [ RunTime:0.000096s ]
INFO: Run Behavior\TokenBuildBehavior [ RunTime:0.000222s ]
INFO: [ view_filter ] --END-- [ RunTime:0.000358s ]
INFO: [ app_end ] --START--
INFO: Run Behavior\ShowPageTraceBehavior [ RunTime:0.000287s ]
INFO: [ app_end ] --END-- [ RunTime:0.000313s ]

[ 2019-09-06T22:02:45+08:00 ] 58.247.212.139 /Mch/Index/order_data_json?pages=1
INFO: [ app_init ] --START--
INFO: Run Behavior\BuildLiteBehavior [ RunTime:0.000014s ]
INFO: [ app_init ] --END-- [ RunTime:0.000214s ]
INFO: [ app_begin ] --START--
INFO: Run Behavior\ReadHtmlCacheBehavior [ RunTime:0.000292s ]
INFO: [ app_begin ] --END-- [ RunTime:0.000331s ]
NOTIC: [8] Undefined index: stime /home/wwwroot/pay/domain/hzf.xiaohouzhi.com/web/App/Mch/Controller/IndexController.class.php 第 1075 行.
NOTIC: [8] Undefined index: etime /home/wwwroot/pay/domain/hzf.xiaohouzhi.com/web/App/Mch/Controller/IndexController.class.php 第 1076 行.
NOTIC: [8] Undefined index: pay_type /home/wwwroot/pay/domain/hzf.xiaohouzhi.com/web/App/Mch/Controller/IndexController.class.php 第 1078 行.
NOTIC: [8] Undefined index: out_trade_no /home/wwwroot/pay/domain/hzf.xiaohouzhi.com/web/App/Mch/Controller/IndexController.class.php 第 1079 行.
NOTIC: [8] Undefined index: store_id /home/wwwroot/pay/domain/hzf.xiaohouzhi.com/web/App/Mch/Controller/IndexController.class.php 第 1081 行.

[ 2019-09-06T22:02:47+08:00 ] 58.247.212.139 /Mch/Index/trade_data/order_id/190906253857894825845
INFO: [ app_init ] --START--
INFO: Run Behavior\BuildLiteBehavior [ RunTime:0.000012s ]
INFO: [ app_init ] --END-- [ RunTime:0.000212s ]
INFO: [ app_begin ] --START--
INFO: Run Behavior\ReadHtmlCacheBehavior [ RunTime:0.000281s ]
INFO: [ app_begin ] --END-- [ RunTime:0.000309s ]
INFO: [ view_parse ] --START--
INFO: [ template_filter ] --START--
INFO: Run Behavior\ContentReplaceBehavior [ RunTime:0.000045s ]
INFO: [ template_filter ] --END-- [ RunTime:0.000097s ]
NOTIC: [2] Missing argument 2 for pays_type(), called in /home/wwwroot/pay/domain/hzf.xiaohouzhi.com/web/App/Runtime/Cache/Mch/782a7e862a0f6b4c87baf5ce6253bbc4.php on line 36 and defined /home/wwwroot/pay/domain/hzf.xiaohouzhi.com/web/App/Common/Common/function.php 第 1721 行.
NOTIC: [8] Undefined variable: type /home/wwwroot/pay/domain/hzf.xiaohouzhi.com/web/App/Common/Common/function.php 第 1723 行.
INFO: Run Behavior\ParseTemplateBehavior [ RunTime:0.006558s ]
INFO: [ view_parse ] --END-- [ RunTime:0.006609s ]
INFO: [ view_filter ] --START--
INFO: Run Behavior\WriteHtmlCacheBehavior [ RunTime:0.000114s ]
INFO: Run Behavior\TokenBuildBehavior [ RunTime:0.000189s ]
INFO: [ view_filter ] --END-- [ RunTime:0.000342s ]
INFO: [ app_end ] --START--
INFO: Run Behavior\ShowPageTraceBehavior [ RunTime:0.000328s ]
INFO: [ app_end ] --END-- [ RunTime:0.000373s ]

[ 2019-09-06T22:02:50+08:00 ] 61.151.178.180 /Mch/Index/index
INFO: [ app_init ] --START--
INFO: Run Behavior\BuildLiteBehavior [ RunTime:0.000008s ]
INFO: [ app_init ] --END-- [ RunTime:0.000202s ]
INFO: [ app_begin ] --START--
INFO: Run Behavior\ReadHtmlCacheBehavior [ RunTime:0.000244s ]
INFO: [ app_begin ] --END-- [ RunTime:0.000273s ]
INFO: [ view_parse ] --START--
INFO: [ template_filter ] --START--
INFO: Run Behavior\ContentReplaceBehavior [ RunTime:0.000069s ]
INFO: [ template_filter ] --END-- [ RunTime:0.000102s ]
NOTIC: [2] Missing argument 1 for sys_ad_data(), called in /home/wwwroot/pay/domain/hzf.xiaohouzhi.com/web/App/Runtime/Cache/Mch/50282cd29d7a240fd1eb23cf8e6a6848.php on line 193 and defined /home/wwwroot/pay/domain/hzf.xiaohouzhi.com/web/App/Common/Common/function.php 第 913 行.
INFO: Run Behavior\ParseTemplateBehavior [ RunTime:0.007329s ]
INFO: [ view_parse ] --END-- [ RunTime:0.007363s ]
INFO: [ view_filter ] --START--
INFO: Run Behavior\WriteHtmlCacheBehavior [ RunTime:0.000102s ]
INFO: Run Behavior\TokenBuildBehavior [ RunTime:0.000209s ]
INFO: [ view_filter ] --END-- [ RunTime:0.000349s ]
INFO: [ app_end ] --START--
INFO: Run Behavior\ShowPageTraceBehavior [ RunTime:0.000363s ]
INFO: [ app_end ] --END-- [ RunTime:0.000397s ]

[ 2019-09-06T22:02:52+08:00 ] 58.247.212.139 /Mch/Index/store_data
INFO: [ app_init ] --START--
INFO: Run Behavior\BuildLiteBehavior [ RunTime:0.000026s ]
INFO: [ app_init ] --END-- [ RunTime:0.000340s ]
INFO: [ app_begin ] --START--
INFO: Run Behavior\ReadHtmlCacheBehavior [ RunTime:0.000427s ]
INFO: [ app_begin ] --END-- [ RunTime:0.000467s ]
INFO: [ view_parse ] --START--
INFO: [ template_filter ] --START--
INFO: Run Behavior\ContentReplaceBehavior [ RunTime:0.000055s ]
INFO: [ template_filter ] --END-- [ RunTime:0.000102s ]
INFO: Run Behavior\ParseTemplateBehavior [ RunTime:0.012055s ]
INFO: [ view_parse ] --END-- [ RunTime:0.012107s ]
INFO: [ view_filter ] --START--
INFO: Run Behavior\WriteHtmlCacheBehavior [ RunTime:0.000147s ]
INFO: Run Behavior\TokenBuildBehavior [ RunTime:0.000190s ]
INFO: [ view_filter ] --END-- [ RunTime:0.000383s ]
INFO: [ app_end ] --START--
INFO: Run Behavior\ShowPageTraceBehavior [ RunTime:0.000272s ]
INFO: [ app_end ] --END-- [ RunTime:0.000300s ]

[ 2019-09-06T22:02:58+08:00 ] 61.151.178.180 /Mch/Index/store_user/id/4087/store_id/4229
INFO: [ app_init ] --START--
INFO: Run Behavior\BuildLiteBehavior [ RunTime:0.000011s ]
INFO: [ app_init ] --END-- [ RunTime:0.000217s ]
INFO: [ app_begin ] --START--
INFO: Run Behavior\ReadHtmlCacheBehavior [ RunTime:0.000350s ]
INFO: [ app_begin ] --END-- [ RunTime:0.000385s ]
INFO: [ view_parse ] --START--
INFO: [ template_filter ] --START--
INFO: Run Behavior\ContentReplaceBehavior [ RunTime:0.000043s ]
INFO: [ template_filter ] --END-- [ RunTime:0.000077s ]
INFO: Run Behavior\ParseTemplateBehavior [ RunTime:0.005086s ]
INFO: [ view_parse ] --END-- [ RunTime:0.005126s ]
INFO: [ view_filter ] --START--
INFO: Run Behavior\WriteHtmlCacheBehavior [ RunTime:0.000084s ]
INFO: Run Behavior\TokenBuildBehavior [ RunTime:0.000178s ]
INFO: [ view_filter ] --END-- [ RunTime:0.000297s ]
INFO: [ app_end ] --START--
INFO: Run Behavior\ShowPageTraceBehavior [ RunTime:0.000290s ]
INFO: [ app_end ] --END-- [ RunTime:0.000319s ]

[ 2019-09-06T22:03:03+08:00 ] 58.247.212.139 /Mch/Index/my
INFO: [ app_init ] --START--
INFO: Run Behavior\BuildLiteBehavior [ RunTime:0.000009s ]
INFO: [ app_init ] --END-- [ RunTime:0.000190s ]
INFO: [ app_begin ] --START--
INFO: Run Behavior\ReadHtmlCacheBehavior [ RunTime:0.000303s ]
INFO: [ app_begin ] --END-- [ RunTime:0.000337s ]
INFO: [ view_parse ] --START--
INFO: [ template_filter ] --START--
INFO: Run Behavior\ContentReplaceBehavior [ RunTime:0.000075s ]
INFO: [ template_filter ] --END-- [ RunTime:0.000116s ]
INFO: Run Behavior\ParseTemplateBehavior [ RunTime:0.005784s ]
INFO: [ view_parse ] --END-- [ RunTime:0.005820s ]
INFO: [ view_filter ] --START--
INFO: Run Behavior\WriteHtmlCacheBehavior [ RunTime:0.000084s ]
INFO: Run Behavior\TokenBuildBehavior [ RunTime:0.000182s ]
INFO: [ view_filter ] --END-- [ RunTime:0.000329s ]
INFO: [ app_end ] --START--
INFO: Run Behavior\ShowPageTraceBehavior [ RunTime:0.000282s ]
INFO: [ app_end ] --END-- [ RunTime:0.000309s ]

[ 2019-09-06T22:03:47+08:00 ] 61.129.6.227 /Mch/Index/index
INFO: [ app_init ] --START--
INFO: Run Behavior\BuildLiteBehavior [ RunTime:0.000015s ]
INFO: [ app_init ] --END-- [ RunTime:0.000257s ]
INFO: [ app_begin ] --START--
INFO: Run Behavior\ReadHtmlCacheBehavior [ RunTime:0.000270s ]
INFO: [ app_begin ] --END-- [ RunTime:0.000310s ]
NOTIC: [8] Undefined index: mch /home/wwwroot/pay/domain/hzf.xiaohouzhi.com/web/App/Mch/Controller/InitBaseController.class.php 第 10 行.

[ 2019-09-06T22:03:55+08:00 ] 101.91.60.11 /Mch/Index/trade_data/order_id/190906253857894825845
INFO: [ app_init ] --START--
INFO: Run Behavior\BuildLiteBehavior [ RunTime:0.000009s ]
INFO: [ app_init ] --END-- [ RunTime:0.000210s ]
INFO: [ app_begin ] --START--
INFO: Run Behavior\ReadHtmlCacheBehavior [ RunTime:0.000270s ]
INFO: [ app_begin ] --END-- [ RunTime:0.000303s ]
NOTIC: [8] Undefined index: mch /home/wwwroot/pay/domain/hzf.xiaohouzhi.com/web/App/Mch/Controller/InitBaseController.class.php 第 10 行.

[ 2019-09-06T22:03:59+08:00 ] 61.129.6.251 /Mch/Index/store_user/id/4087/store_id/4229
INFO: [ app_init ] --START--
INFO: Run Behavior\BuildLiteBehavior [ RunTime:0.000011s ]
INFO: [ app_init ] --END-- [ RunTime:0.000233s ]
INFO: [ app_begin ] --START--
INFO: Run Behavior\ReadHtmlCacheBehavior [ RunTime:0.000399s ]
INFO: [ app_begin ] --END-- [ RunTime:0.000441s ]
NOTIC: [8] Undefined index: mch /home/wwwroot/pay/domain/hzf.xiaohouzhi.com/web/App/Mch/Controller/InitBaseController.class.php 第 10 行.

[ 2019-09-06T22:04:00+08:00 ] 61.129.6.251 /Mch/Index/store_data
INFO: [ app_init ] --START--
INFO: Run Behavior\BuildLiteBehavior [ RunTime:0.000012s ]
INFO: [ app_init ] --END-- [ RunTime:0.000229s ]
INFO: [ app_begin ] --START--
INFO: Run Behavior\ReadHtmlCacheBehavior [ RunTime:0.000267s ]
INFO: [ app_begin ] --END-- [ RunTime:0.000302s ]
NOTIC: [8] Undefined index: mch /home/wwwroot/pay/domain/hzf.xiaohouzhi.com/web/App/Mch/Controller/InitBaseController.class.php 第 10 行.

[ 2019-09-06T22:04:19+08:00 ] 58.247.212.139 /Mch/Index/mch_data
INFO: [ app_init ] --START--
INFO: Run Behavior\BuildLiteBehavior [ RunTime:0.000015s ]
INFO: [ app_init ] --END-- [ RunTime:0.000273s ]
INFO: [ app_begin ] --START--
INFO: Run Behavior\ReadHtmlCacheBehavior [ RunTime:0.000262s ]
INFO: [ app_begin ] --END-- [ RunTime:0.000295s ]
INFO: [ view_parse ] --START--
INFO: [ template_filter ] --START--
INFO: Run Behavior\ContentReplaceBehavior [ RunTime:0.000061s ]
INFO: [ template_filter ] --END-- [ RunTime:0.000098s ]
INFO: Run Behavior\ParseTemplateBehavior [ RunTime:0.014809s ]
INFO: [ view_parse ] --END-- [ RunTime:0.014882s ]
INFO: [ view_filter ] --START--
INFO: Run Behavior\WriteHtmlCacheBehavior [ RunTime:0.000155s ]
INFO: Run Behavior\TokenBuildBehavior [ RunTime:0.000226s ]
INFO: [ view_filter ] --END-- [ RunTime:0.000423s ]
INFO: [ app_end ] --START--
INFO: Run Behavior\ShowPageTraceBehavior [ RunTime:0.000308s ]
INFO: [ app_end ] --END-- [ RunTime:0.000342s ]

[ 2019-09-06T22:04:28+08:00 ] 58.247.212.139 /Mch/Index/index
INFO: [ app_init ] --START--
INFO: Run Behavior\BuildLiteBehavior [ RunTime:0.000010s ]
INFO: [ app_init ] --END-- [ RunTime:0.000203s ]
INFO: [ app_begin ] --START--
INFO: Run Behavior\ReadHtmlCacheBehavior [ RunTime:0.000266s ]
INFO: [ app_begin ] --END-- [ RunTime:0.000299s ]
INFO: [ view_parse ] --START--
INFO: [ template_filter ] --START--
INFO: Run Behavior\ContentReplaceBehavior [ RunTime:0.000073s ]
INFO: [ template_filter ] --END-- [ RunTime:0.000112s ]
NOTIC: [2] Missing argument 1 for sys_ad_data(), called in /home/wwwroot/pay/domain/hzf.xiaohouzhi.com/web/App/Runtime/Cache/Mch/50282cd29d7a240fd1eb23cf8e6a6848.php on line 193 and defined /home/wwwroot/pay/domain/hzf.xiaohouzhi.com/web/App/Common/Common/function.php 第 913 行.
INFO: Run Behavior\ParseTemplateBehavior [ RunTime:0.007990s ]
INFO: [ view_parse ] --END-- [ RunTime:0.008026s ]
INFO: [ view_filter ] --START--
INFO: Run Behavior\WriteHtmlCacheBehavior [ RunTime:0.000110s ]
INFO: Run Behavior\TokenBuildBehavior [ RunTime:0.000200s ]
INFO: [ view_filter ] --END-- [ RunTime:0.000346s ]
INFO: [ app_end ] --START--
INFO: Run Behavior\ShowPageTraceBehavior [ RunTime:0.000335s ]
INFO: [ app_end ] --END-- [ RunTime:0.000383s ]

[ 2019-09-06T22:04:31+08:00 ] 61.151.178.180 /Mch/Index/pay_scan_data/type/1
INFO: [ app_init ] --START--
INFO: Run Behavior\BuildLiteBehavior [ RunTime:0.000010s ]
INFO: [ app_init ] --END-- [ RunTime:0.000195s ]
INFO: [ app_begin ] --START--
INFO: Run Behavior\ReadHtmlCacheBehavior [ RunTime:0.000287s ]
INFO: [ app_begin ] --END-- [ RunTime:0.000322s ]

[ 2019-09-06T22:04:31+08:00 ] 58.247.212.139 /Mch/Index/pay_scan/mch_data/exyuJnpmZaCfIu6_IcjcQlyMjkiLCJzaWQiOiI0MDg3IiwidHlwZSI6IjEifQO0O0OO0O0O
INFO: [ app_init ] --START--
INFO: Run Behavior\BuildLiteBehavior [ RunTime:0.000010s ]
INFO: [ app_init ] --END-- [ RunTime:0.000200s ]
INFO: [ app_begin ] --START--
INFO: Run Behavior\ReadHtmlCacheBehavior [ RunTime:0.000267s ]
INFO: [ app_begin ] --END-- [ RunTime:0.000296s ]
NOTIC: [8] Undefined variable: timestamp /home/wwwroot/pay/domain/hzf.xiaohouzhi.com/web/App/Mch/Controller/IndexController.class.php 第 123 行.
NOTIC: [8] Undefined variable: noncestr /home/wwwroot/pay/domain/hzf.xiaohouzhi.com/web/App/Mch/Controller/IndexController.class.php 第 123 行.
NOTIC: [8] Undefined variable: appid /home/wwwroot/pay/domain/hzf.xiaohouzhi.com/web/App/Mch/Controller/IndexController.class.php 第 123 行.
INFO: [ view_parse ] --START--
INFO: [ template_filter ] --START--
INFO: Run Behavior\ContentReplaceBehavior [ RunTime:0.000036s ]
INFO: [ template_filter ] --END-- [ RunTime:0.000068s ]
INFO: Run Behavior\ParseTemplateBehavior [ RunTime:0.004665s ]
INFO: [ view_parse ] --END-- [ RunTime:0.004697s ]
INFO: [ view_filter ] --START--
INFO: Run Behavior\WriteHtmlCacheBehavior [ RunTime:0.000112s ]
INFO: Run Behavior\TokenBuildBehavior [ RunTime:0.000181s ]
INFO: [ view_filter ] --END-- [ RunTime:0.000347s ]
INFO: [ app_end ] --START--
INFO: Run Behavior\ShowPageTraceBehavior [ RunTime:0.000269s ]
INFO: [ app_end ] --END-- [ RunTime:0.000296s ]

[ 2019-09-06T22:05:34+08:00 ] 180.97.118.223 /Mch/Index/mch_data
INFO: [ app_init ] --START--
INFO: Run Behavior\BuildLiteBehavior [ RunTime:0.000012s ]
INFO: [ app_init ] --END-- [ RunTime:0.000256s ]
INFO: [ app_begin ] --START--
INFO: Run Behavior\ReadHtmlCacheBehavior [ RunTime:0.000257s ]
INFO: [ app_begin ] --END-- [ RunTime:0.000289s ]
NOTIC: [8] Undefined index: mch /home/wwwroot/pay/domain/hzf.xiaohouzhi.com/web/App/Mch/Controller/InitBaseController.class.php 第 10 行.

