[ 2019-10-12T09:00:35+08:00 ] 59.36.132.240 /Mch/Agent/index
INFO: [ app_init ] --START--
INFO: Run Behavior\BuildLiteBehavior [ RunTime:0.000019s ]
INFO: [ app_init ] --END-- [ RunTime:0.000424s ]
INFO: [ app_begin ] --START--
INFO: Run Behavior\ReadHtmlCacheBehavior [ RunTime:0.000424s ]
INFO: [ app_begin ] --END-- [ RunTime:0.000475s ]
NOTIC: [8] Undefined index: mch /home/wwwroot/pay/domain/hzf.xiaohouzhi.com/web/App/Mch/Controller/AgentInitBaseController.class.php 第 10 行.
NOTIC: [8] Undefined index: ag /home/wwwroot/pay/domain/hzf.xiaohouzhi.com/web/App/Mch/Controller/AgentInitBaseController.class.php 第 19 行.
INFO: [ view_parse ] --START--
INFO: [ template_filter ] --START--
INFO: Run Behavior\ContentReplaceBehavior [ RunTime:0.000072s ]
INFO: [ template_filter ] --END-- [ RunTime:0.000126s ]
INFO: Run Behavior\ParseTemplateBehavior [ RunTime:0.005220s ]
INFO: [ view_parse ] --END-- [ RunTime:0.005276s ]
INFO: [ view_filter ] --START--
INFO: Run Behavior\WriteHtmlCacheBehavior [ RunTime:0.000104s ]
INFO: Run Behavior\TokenBuildBehavior [ RunTime:0.000225s ]
INFO: [ view_filter ] --END-- [ RunTime:0.000381s ]

[ 2019-10-12T09:00:35+08:00 ] 59.36.132.240 /Mch/Agent/index
INFO: [ app_init ] --START--
INFO: Run Behavior\BuildLiteBehavior [ RunTime:0.000012s ]
INFO: [ app_init ] --END-- [ RunTime:0.000234s ]
INFO: [ app_begin ] --START--
INFO: Run Behavior\ReadHtmlCacheBehavior [ RunTime:0.000278s ]
INFO: [ app_begin ] --END-- [ RunTime:0.000314s ]
NOTIC: [8] Undefined index: mch /home/wwwroot/pay/domain/hzf.xiaohouzhi.com/web/App/Mch/Controller/AgentInitBaseController.class.php 第 10 行.
NOTIC: [8] Undefined index: ag /home/wwwroot/pay/domain/hzf.xiaohouzhi.com/web/App/Mch/Controller/AgentInitBaseController.class.php 第 19 行.
INFO: [ view_parse ] --START--
INFO: [ template_filter ] --START--
INFO: Run Behavior\ContentReplaceBehavior [ RunTime:0.000054s ]
INFO: [ template_filter ] --END-- [ RunTime:0.000100s ]
INFO: Run Behavior\ParseTemplateBehavior [ RunTime:0.005292s ]
INFO: [ view_parse ] --END-- [ RunTime:0.005335s ]
INFO: [ view_filter ] --START--
INFO: Run Behavior\WriteHtmlCacheBehavior [ RunTime:0.000120s ]
INFO: Run Behavior\TokenBuildBehavior [ RunTime:0.000206s ]
INFO: [ view_filter ] --END-- [ RunTime:0.000393s ]

[ 2019-10-12T09:00:36+08:00 ] 59.36.132.240 /Mch/Agent/index
INFO: [ app_init ] --START--
INFO: Run Behavior\BuildLiteBehavior [ RunTime:0.000016s ]
INFO: [ app_init ] --END-- [ RunTime:0.000315s ]
INFO: [ app_begin ] --START--
INFO: Run Behavior\ReadHtmlCacheBehavior [ RunTime:0.000424s ]
INFO: [ app_begin ] --END-- [ RunTime:0.000466s ]
NOTIC: [8] Undefined index: mch /home/wwwroot/pay/domain/hzf.xiaohouzhi.com/web/App/Mch/Controller/AgentInitBaseController.class.php 第 10 行.
NOTIC: [8] Undefined index: ag /home/wwwroot/pay/domain/hzf.xiaohouzhi.com/web/App/Mch/Controller/AgentInitBaseController.class.php 第 19 行.
INFO: [ view_parse ] --START--
INFO: [ template_filter ] --START--
INFO: Run Behavior\ContentReplaceBehavior [ RunTime:0.000049s ]
INFO: [ template_filter ] --END-- [ RunTime:0.000098s ]
INFO: Run Behavior\ParseTemplateBehavior [ RunTime:0.005171s ]
INFO: [ view_parse ] --END-- [ RunTime:0.005211s ]
INFO: [ view_filter ] --START--
INFO: Run Behavior\WriteHtmlCacheBehavior [ RunTime:0.000104s ]
INFO: Run Behavior\TokenBuildBehavior [ RunTime:0.000249s ]
INFO: [ view_filter ] --END-- [ RunTime:0.000435s ]

[ 2019-10-12T09:00:36+08:00 ] 58.247.212.239 /Mch/Agent/index
INFO: [ app_init ] --START--
INFO: Run Behavior\BuildLiteBehavior [ RunTime:0.000011s ]
INFO: [ app_init ] --END-- [ RunTime:0.000254s ]
INFO: [ app_begin ] --START--
INFO: Run Behavior\ReadHtmlCacheBehavior [ RunTime:0.000286s ]
INFO: [ app_begin ] --END-- [ RunTime:0.000316s ]
NOTIC: [8] Undefined index: mch /home/wwwroot/pay/domain/hzf.xiaohouzhi.com/web/App/Mch/Controller/AgentInitBaseController.class.php 第 10 行.
NOTIC: [8] Undefined index: ag /home/wwwroot/pay/domain/hzf.xiaohouzhi.com/web/App/Mch/Controller/AgentInitBaseController.class.php 第 19 行.
INFO: [ view_parse ] --START--
INFO: [ template_filter ] --START--
INFO: Run Behavior\ContentReplaceBehavior [ RunTime:0.000046s ]
INFO: [ template_filter ] --END-- [ RunTime:0.000083s ]
INFO: Run Behavior\ParseTemplateBehavior [ RunTime:0.005221s ]
INFO: [ view_parse ] --END-- [ RunTime:0.005262s ]
INFO: [ view_filter ] --START--
INFO: Run Behavior\WriteHtmlCacheBehavior [ RunTime:0.000089s ]
INFO: Run Behavior\TokenBuildBehavior [ RunTime:0.000197s ]
INFO: [ view_filter ] --END-- [ RunTime:0.000324s ]

[ 2019-10-12T09:07:45+08:00 ] 182.254.52.17 /Mch/Agent/index
INFO: [ app_init ] --START--
INFO: Run Behavior\BuildLiteBehavior [ RunTime:0.000015s ]
INFO: [ app_init ] --END-- [ RunTime:0.000288s ]
INFO: [ app_begin ] --START--
INFO: Run Behavior\ReadHtmlCacheBehavior [ RunTime:0.000308s ]
INFO: [ app_begin ] --END-- [ RunTime:0.000365s ]
NOTIC: [8] Undefined index: mch /home/wwwroot/pay/domain/hzf.xiaohouzhi.com/web/App/Mch/Controller/AgentInitBaseController.class.php 第 10 行.
NOTIC: [8] Undefined index: ag /home/wwwroot/pay/domain/hzf.xiaohouzhi.com/web/App/Mch/Controller/AgentInitBaseController.class.php 第 19 行.
INFO: [ view_parse ] --START--
INFO: [ template_filter ] --START--
INFO: Run Behavior\ContentReplaceBehavior [ RunTime:0.000078s ]
INFO: [ template_filter ] --END-- [ RunTime:0.000117s ]
INFO: Run Behavior\ParseTemplateBehavior [ RunTime:0.005197s ]
INFO: [ view_parse ] --END-- [ RunTime:0.005259s ]
INFO: [ view_filter ] --START--
INFO: Run Behavior\WriteHtmlCacheBehavior [ RunTime:0.000102s ]
INFO: Run Behavior\TokenBuildBehavior [ RunTime:0.000226s ]
INFO: [ view_filter ] --END-- [ RunTime:0.000369s ]

[ 2019-10-12T09:07:45+08:00 ] 59.36.132.240 /Mch/Agent/index
INFO: [ app_init ] --START--
INFO: Run Behavior\BuildLiteBehavior [ RunTime:0.000023s ]
INFO: [ app_init ] --END-- [ RunTime:0.000243s ]
INFO: [ app_begin ] --START--
INFO: Run Behavior\ReadHtmlCacheBehavior [ RunTime:0.000289s ]
INFO: [ app_begin ] --END-- [ RunTime:0.000338s ]
NOTIC: [8] Undefined index: mch /home/wwwroot/pay/domain/hzf.xiaohouzhi.com/web/App/Mch/Controller/AgentInitBaseController.class.php 第 10 行.
NOTIC: [8] Undefined index: ag /home/wwwroot/pay/domain/hzf.xiaohouzhi.com/web/App/Mch/Controller/AgentInitBaseController.class.php 第 19 行.
INFO: [ view_parse ] --START--
INFO: [ template_filter ] --START--
INFO: Run Behavior\ContentReplaceBehavior [ RunTime:0.000047s ]
INFO: [ template_filter ] --END-- [ RunTime:0.000089s ]
INFO: Run Behavior\ParseTemplateBehavior [ RunTime:0.005316s ]
INFO: [ view_parse ] --END-- [ RunTime:0.005351s ]
INFO: [ view_filter ] --START--
INFO: Run Behavior\WriteHtmlCacheBehavior [ RunTime:0.000108s ]
INFO: Run Behavior\TokenBuildBehavior [ RunTime:0.000235s ]
INFO: [ view_filter ] --END-- [ RunTime:0.000385s ]

[ 2019-10-12T09:07:45+08:00 ] 59.36.132.240 /Mch/Agent/index
INFO: [ app_init ] --START--
INFO: Run Behavior\BuildLiteBehavior [ RunTime:0.000015s ]
INFO: [ app_init ] --END-- [ RunTime:0.000264s ]
INFO: [ app_begin ] --START--
INFO: Run Behavior\ReadHtmlCacheBehavior [ RunTime:0.000294s ]
INFO: [ app_begin ] --END-- [ RunTime:0.000329s ]
NOTIC: [8] Undefined index: mch /home/wwwroot/pay/domain/hzf.xiaohouzhi.com/web/App/Mch/Controller/AgentInitBaseController.class.php 第 10 行.
NOTIC: [8] Undefined index: ag /home/wwwroot/pay/domain/hzf.xiaohouzhi.com/web/App/Mch/Controller/AgentInitBaseController.class.php 第 19 行.
INFO: [ view_parse ] --START--
INFO: [ template_filter ] --START--
INFO: Run Behavior\ContentReplaceBehavior [ RunTime:0.000067s ]
INFO: [ template_filter ] --END-- [ RunTime:0.000114s ]
INFO: Run Behavior\ParseTemplateBehavior [ RunTime:0.005556s ]
INFO: [ view_parse ] --END-- [ RunTime:0.005613s ]
INFO: [ view_filter ] --START--
INFO: Run Behavior\WriteHtmlCacheBehavior [ RunTime:0.000125s ]
INFO: Run Behavior\TokenBuildBehavior [ RunTime:0.000243s ]
INFO: [ view_filter ] --END-- [ RunTime:0.000414s ]

[ 2019-10-12T09:07:46+08:00 ] 182.254.52.17 /Mch/Agent/index
INFO: [ app_init ] --START--
INFO: Run Behavior\BuildLiteBehavior [ RunTime:0.000015s ]
INFO: [ app_init ] --END-- [ RunTime:0.000356s ]
INFO: [ app_begin ] --START--
INFO: Run Behavior\ReadHtmlCacheBehavior [ RunTime:0.000354s ]
INFO: [ app_begin ] --END-- [ RunTime:0.000397s ]
NOTIC: [8] Undefined index: mch /home/wwwroot/pay/domain/hzf.xiaohouzhi.com/web/App/Mch/Controller/AgentInitBaseController.class.php 第 10 行.
NOTIC: [8] Undefined index: ag /home/wwwroot/pay/domain/hzf.xiaohouzhi.com/web/App/Mch/Controller/AgentInitBaseController.class.php 第 19 行.
INFO: [ view_parse ] --START--
INFO: [ template_filter ] --START--
INFO: Run Behavior\ContentReplaceBehavior [ RunTime:0.000045s ]
INFO: [ template_filter ] --END-- [ RunTime:0.000089s ]
INFO: Run Behavior\ParseTemplateBehavior [ RunTime:0.004970s ]
INFO: [ view_parse ] --END-- [ RunTime:0.005011s ]
INFO: [ view_filter ] --START--
INFO: Run Behavior\WriteHtmlCacheBehavior [ RunTime:0.000107s ]
INFO: Run Behavior\TokenBuildBehavior [ RunTime:0.000240s ]
INFO: [ view_filter ] --END-- [ RunTime:0.000390s ]

[ 2019-10-12T09:07:46+08:00 ] 59.36.132.240 /Mch/Agent/index
INFO: [ app_init ] --START--
INFO: Run Behavior\BuildLiteBehavior [ RunTime:0.000013s ]
INFO: [ app_init ] --END-- [ RunTime:0.000242s ]
INFO: [ app_begin ] --START--
INFO: Run Behavior\ReadHtmlCacheBehavior [ RunTime:0.000309s ]
INFO: [ app_begin ] --END-- [ RunTime:0.000357s ]
NOTIC: [8] Undefined index: mch /home/wwwroot/pay/domain/hzf.xiaohouzhi.com/web/App/Mch/Controller/AgentInitBaseController.class.php 第 10 行.
NOTIC: [8] Undefined index: ag /home/wwwroot/pay/domain/hzf.xiaohouzhi.com/web/App/Mch/Controller/AgentInitBaseController.class.php 第 19 行.
INFO: [ view_parse ] --START--
INFO: [ template_filter ] --START--
INFO: Run Behavior\ContentReplaceBehavior [ RunTime:0.000070s ]
INFO: [ template_filter ] --END-- [ RunTime:0.000127s ]
INFO: Run Behavior\ParseTemplateBehavior [ RunTime:0.005810s ]
INFO: [ view_parse ] --END-- [ RunTime:0.005856s ]
INFO: [ view_filter ] --START--
INFO: Run Behavior\WriteHtmlCacheBehavior [ RunTime:0.000133s ]
INFO: Run Behavior\TokenBuildBehavior [ RunTime:0.000290s ]
INFO: [ view_filter ] --END-- [ RunTime:0.000481s ]

[ 2019-10-12T10:13:28+08:00 ] 112.10.184.243 /Mch/Login/agent
INFO: [ app_init ] --START--
INFO: Run Behavior\BuildLiteBehavior [ RunTime:0.000013s ]
INFO: [ app_init ] --END-- [ RunTime:0.000263s ]
INFO: [ app_begin ] --START--
INFO: Run Behavior\ReadHtmlCacheBehavior [ RunTime:0.000288s ]
INFO: [ app_begin ] --END-- [ RunTime:0.000323s ]
INFO: [ view_parse ] --START--
INFO: [ template_filter ] --START--
INFO: Run Behavior\ContentReplaceBehavior [ RunTime:0.000095s ]
INFO: [ template_filter ] --END-- [ RunTime:0.000199s ]
INFO: Run Behavior\ParseTemplateBehavior [ RunTime:0.011066s ]
INFO: [ view_parse ] --END-- [ RunTime:0.011194s ]
INFO: [ view_filter ] --START--
INFO: Run Behavior\WriteHtmlCacheBehavior [ RunTime:0.000237s ]
INFO: Run Behavior\TokenBuildBehavior [ RunTime:0.000271s ]
INFO: [ view_filter ] --END-- [ RunTime:0.000569s ]
INFO: [ app_end ] --START--
INFO: Run Behavior\ShowPageTraceBehavior [ RunTime:0.000405s ]
INFO: [ app_end ] --END-- [ RunTime:0.000445s ]

[ 2019-10-12T10:14:20+08:00 ] 123.151.148.55 /Mch/Login/agent
INFO: [ app_init ] --START--
INFO: Run Behavior\BuildLiteBehavior [ RunTime:0.000013s ]
INFO: [ app_init ] --END-- [ RunTime:0.000258s ]
INFO: [ app_begin ] --START--
INFO: Run Behavior\ReadHtmlCacheBehavior [ RunTime:0.000327s ]
INFO: [ app_begin ] --END-- [ RunTime:0.000387s ]
INFO: [ view_parse ] --START--
INFO: [ template_filter ] --START--
INFO: Run Behavior\ContentReplaceBehavior [ RunTime:0.000062s ]
INFO: [ template_filter ] --END-- [ RunTime:0.000124s ]
INFO: Run Behavior\ParseTemplateBehavior [ RunTime:0.007803s ]
INFO: [ view_parse ] --END-- [ RunTime:0.007852s ]
INFO: [ view_filter ] --START--
INFO: Run Behavior\WriteHtmlCacheBehavior [ RunTime:0.000136s ]
INFO: Run Behavior\TokenBuildBehavior [ RunTime:0.000299s ]
INFO: [ view_filter ] --END-- [ RunTime:0.000488s ]
INFO: [ app_end ] --START--
INFO: Run Behavior\ShowPageTraceBehavior [ RunTime:0.000351s ]
INFO: [ app_end ] --END-- [ RunTime:0.000393s ]

[ 2019-10-12T10:14:32+08:00 ] 123.151.148.54 /Mch/Login/agent
INFO: [ app_init ] --START--
INFO: Run Behavior\BuildLiteBehavior [ RunTime:0.000013s ]
INFO: [ app_init ] --END-- [ RunTime:0.000252s ]
INFO: [ app_begin ] --START--
INFO: Run Behavior\ReadHtmlCacheBehavior [ RunTime:0.000284s ]
INFO: [ app_begin ] --END-- [ RunTime:0.000319s ]

[ 2019-10-12T10:14:35+08:00 ] 123.151.148.55 /Mch/Agent/index
INFO: [ app_init ] --START--
INFO: Run Behavior\BuildLiteBehavior [ RunTime:0.000015s ]
INFO: [ app_init ] --END-- [ RunTime:0.000250s ]
INFO: [ app_begin ] --START--
INFO: Run Behavior\ReadHtmlCacheBehavior [ RunTime:0.000295s ]
INFO: [ app_begin ] --END-- [ RunTime:0.000331s ]
NOTIC: [8] Undefined index: mch /home/wwwroot/pay/domain/hzf.xiaohouzhi.com/web/App/Mch/Controller/AgentInitBaseController.class.php 第 10 行.
INFO: [ view_parse ] --START--
INFO: [ template_filter ] --START--
INFO: Run Behavior\ContentReplaceBehavior [ RunTime:0.000063s ]
INFO: [ template_filter ] --END-- [ RunTime:0.000103s ]
NOTIC: [2] Missing argument 1 for sys_ad_data(), called in /home/wwwroot/pay/domain/hzf.xiaohouzhi.com/web/App/Runtime/Cache/Mch/ece089a455312c056ae5b8ff2e0ddd64.php on line 125 and defined /home/wwwroot/pay/domain/hzf.xiaohouzhi.com/web/App/Common/Common/function.php 第 981 行.
INFO: Run Behavior\ParseTemplateBehavior [ RunTime:0.009524s ]
INFO: [ view_parse ] --END-- [ RunTime:0.009578s ]
INFO: [ view_filter ] --START--
INFO: Run Behavior\WriteHtmlCacheBehavior [ RunTime:0.000129s ]
INFO: Run Behavior\TokenBuildBehavior [ RunTime:0.000246s ]
INFO: [ view_filter ] --END-- [ RunTime:0.000416s ]
INFO: [ app_end ] --START--
INFO: Run Behavior\ShowPageTraceBehavior [ RunTime:0.000331s ]
INFO: [ app_end ] --END-- [ RunTime:0.000364s ]

[ 2019-10-12T10:14:41+08:00 ] 123.151.148.55 /Mch/Agent/qrcode
INFO: [ app_init ] --START--
INFO: Run Behavior\BuildLiteBehavior [ RunTime:0.000010s ]
INFO: [ app_init ] --END-- [ RunTime:0.000221s ]
INFO: [ app_begin ] --START--
INFO: Run Behavior\ReadHtmlCacheBehavior [ RunTime:0.000272s ]
INFO: [ app_begin ] --END-- [ RunTime:0.000308s ]
NOTIC: [8] Undefined index: mch /home/wwwroot/pay/domain/hzf.xiaohouzhi.com/web/App/Mch/Controller/AgentInitBaseController.class.php 第 10 行.
INFO: [ view_parse ] --START--
INFO: [ template_filter ] --START--
INFO: Run Behavior\ContentReplaceBehavior [ RunTime:0.000072s ]
INFO: [ template_filter ] --END-- [ RunTime:0.000126s ]
INFO: Run Behavior\ParseTemplateBehavior [ RunTime:0.006165s ]
INFO: [ view_parse ] --END-- [ RunTime:0.006218s ]
INFO: [ view_filter ] --START--
INFO: Run Behavior\WriteHtmlCacheBehavior [ RunTime:0.000106s ]
INFO: Run Behavior\TokenBuildBehavior [ RunTime:0.000218s ]
INFO: [ view_filter ] --END-- [ RunTime:0.000370s ]
INFO: [ app_end ] --START--
INFO: Run Behavior\ShowPageTraceBehavior [ RunTime:0.000356s ]
INFO: [ app_end ] --END-- [ RunTime:0.000385s ]

[ 2019-10-12T10:14:41+08:00 ] 123.151.148.55 /Mch/Agent/qrcode_data_json/Debug/1?pages=1
INFO: [ app_init ] --START--
INFO: Run Behavior\BuildLiteBehavior [ RunTime:0.000011s ]
INFO: [ app_init ] --END-- [ RunTime:0.000219s ]
INFO: [ app_begin ] --START--
INFO: Run Behavior\ReadHtmlCacheBehavior [ RunTime:0.000275s ]
INFO: [ app_begin ] --END-- [ RunTime:0.000307s ]
NOTIC: [8] Undefined index: mch /home/wwwroot/pay/domain/hzf.xiaohouzhi.com/web/App/Mch/Controller/AgentInitBaseController.class.php 第 10 行.
NOTIC: [8] Undefined index: page_data /home/wwwroot/pay/domain/hzf.xiaohouzhi.com/web/App/Mch/Controller/AgentController.class.php 第 662 行.

[ 2019-10-12T10:14:43+08:00 ] 123.151.148.55 /Mch/Agent/index
INFO: [ app_init ] --START--
INFO: Run Behavior\BuildLiteBehavior [ RunTime:0.000010s ]
INFO: [ app_init ] --END-- [ RunTime:0.000225s ]
INFO: [ app_begin ] --START--
INFO: Run Behavior\ReadHtmlCacheBehavior [ RunTime:0.000288s ]
INFO: [ app_begin ] --END-- [ RunTime:0.000326s ]
NOTIC: [8] Undefined index: mch /home/wwwroot/pay/domain/hzf.xiaohouzhi.com/web/App/Mch/Controller/AgentInitBaseController.class.php 第 10 行.
INFO: [ view_parse ] --START--
INFO: [ template_filter ] --START--
INFO: Run Behavior\ContentReplaceBehavior [ RunTime:0.000058s ]
INFO: [ template_filter ] --END-- [ RunTime:0.000097s ]
NOTIC: [2] Missing argument 1 for sys_ad_data(), called in /home/wwwroot/pay/domain/hzf.xiaohouzhi.com/web/App/Runtime/Cache/Mch/ece089a455312c056ae5b8ff2e0ddd64.php on line 125 and defined /home/wwwroot/pay/domain/hzf.xiaohouzhi.com/web/App/Common/Common/function.php 第 981 行.
INFO: Run Behavior\ParseTemplateBehavior [ RunTime:0.010072s ]
INFO: [ view_parse ] --END-- [ RunTime:0.010131s ]
INFO: [ view_filter ] --START--
INFO: Run Behavior\WriteHtmlCacheBehavior [ RunTime:0.000146s ]
INFO: Run Behavior\TokenBuildBehavior [ RunTime:0.000289s ]
INFO: [ view_filter ] --END-- [ RunTime:0.000479s ]
INFO: [ app_end ] --START--
INFO: Run Behavior\ShowPageTraceBehavior [ RunTime:0.000365s ]
INFO: [ app_end ] --END-- [ RunTime:0.000396s ]

[ 2019-10-12T11:08:53+08:00 ] 59.36.132.240 /Mch/Login/agent
INFO: [ app_init ] --START--
INFO: Run Behavior\BuildLiteBehavior [ RunTime:0.000015s ]
INFO: [ app_init ] --END-- [ RunTime:0.000267s ]
INFO: [ app_begin ] --START--
INFO: Run Behavior\ReadHtmlCacheBehavior [ RunTime:0.000302s ]
INFO: [ app_begin ] --END-- [ RunTime:0.000337s ]
INFO: [ view_parse ] --START--
INFO: [ template_filter ] --START--
INFO: Run Behavior\ContentReplaceBehavior [ RunTime:0.000065s ]
INFO: [ template_filter ] --END-- [ RunTime:0.000125s ]
INFO: Run Behavior\ParseTemplateBehavior [ RunTime:0.006266s ]
INFO: [ view_parse ] --END-- [ RunTime:0.006324s ]
INFO: [ view_filter ] --START--
INFO: Run Behavior\WriteHtmlCacheBehavior [ RunTime:0.000123s ]
INFO: Run Behavior\TokenBuildBehavior [ RunTime:0.000270s ]
INFO: [ view_filter ] --END-- [ RunTime:0.000448s ]
INFO: [ app_end ] --START--
INFO: Run Behavior\ShowPageTraceBehavior [ RunTime:0.000365s ]
INFO: [ app_end ] --END-- [ RunTime:0.000410s ]

[ 2019-10-12T11:18:21+08:00 ] 59.36.132.240 /Mch/Login/agent
INFO: [ app_init ] --START--
INFO: Run Behavior\BuildLiteBehavior [ RunTime:0.000015s ]
INFO: [ app_init ] --END-- [ RunTime:0.000274s ]
INFO: [ app_begin ] --START--
INFO: Run Behavior\ReadHtmlCacheBehavior [ RunTime:0.000298s ]
INFO: [ app_begin ] --END-- [ RunTime:0.000333s ]
INFO: [ view_parse ] --START--
INFO: [ template_filter ] --START--
INFO: Run Behavior\ContentReplaceBehavior [ RunTime:0.000118s ]
INFO: [ template_filter ] --END-- [ RunTime:0.000227s ]
INFO: Run Behavior\ParseTemplateBehavior [ RunTime:0.009369s ]
INFO: [ view_parse ] --END-- [ RunTime:0.009430s ]
INFO: [ view_filter ] --START--
INFO: Run Behavior\WriteHtmlCacheBehavior [ RunTime:0.000121s ]
INFO: Run Behavior\TokenBuildBehavior [ RunTime:0.000232s ]
INFO: [ view_filter ] --END-- [ RunTime:0.000400s ]
INFO: [ app_end ] --START--
INFO: Run Behavior\ShowPageTraceBehavior [ RunTime:0.000331s ]
INFO: [ app_end ] --END-- [ RunTime:0.000368s ]

[ 2019-10-12T11:18:21+08:00 ] 59.36.132.240 /Mch/Login/agent
INFO: [ app_init ] --START--
INFO: Run Behavior\BuildLiteBehavior [ RunTime:0.000011s ]
INFO: [ app_init ] --END-- [ RunTime:0.000240s ]
INFO: [ app_begin ] --START--
INFO: Run Behavior\ReadHtmlCacheBehavior [ RunTime:0.000275s ]
INFO: [ app_begin ] --END-- [ RunTime:0.000310s ]
INFO: [ view_parse ] --START--
INFO: [ template_filter ] --START--
INFO: Run Behavior\ContentReplaceBehavior [ RunTime:0.000058s ]
INFO: [ template_filter ] --END-- [ RunTime:0.000122s ]
INFO: Run Behavior\ParseTemplateBehavior [ RunTime:0.008478s ]
INFO: [ view_parse ] --END-- [ RunTime:0.008542s ]
INFO: [ view_filter ] --START--
INFO: Run Behavior\WriteHtmlCacheBehavior [ RunTime:0.000153s ]
INFO: Run Behavior\TokenBuildBehavior [ RunTime:0.000383s ]
INFO: [ view_filter ] --END-- [ RunTime:0.000603s ]
INFO: [ app_end ] --START--
INFO: Run Behavior\ShowPageTraceBehavior [ RunTime:0.000439s ]
INFO: [ app_end ] --END-- [ RunTime:0.000488s ]

[ 2019-10-12T16:30:38+08:00 ] 122.235.227.250 /Mch/Login/agent
INFO: [ app_init ] --START--
INFO: Run Behavior\BuildLiteBehavior [ RunTime:0.000013s ]
INFO: [ app_init ] --END-- [ RunTime:0.000259s ]
INFO: [ app_begin ] --START--
INFO: Run Behavior\ReadHtmlCacheBehavior [ RunTime:0.000293s ]
INFO: [ app_begin ] --END-- [ RunTime:0.000329s ]
INFO: [ view_parse ] --START--
INFO: [ template_filter ] --START--
INFO: Run Behavior\ContentReplaceBehavior [ RunTime:0.000061s ]
INFO: [ template_filter ] --END-- [ RunTime:0.000119s ]
INFO: Run Behavior\ParseTemplateBehavior [ RunTime:0.007065s ]
INFO: [ view_parse ] --END-- [ RunTime:0.007125s ]
INFO: [ view_filter ] --START--
INFO: Run Behavior\WriteHtmlCacheBehavior [ RunTime:0.000147s ]
INFO: Run Behavior\TokenBuildBehavior [ RunTime:0.000341s ]
INFO: [ view_filter ] --END-- [ RunTime:0.000546s ]
INFO: [ app_end ] --START--
INFO: Run Behavior\ShowPageTraceBehavior [ RunTime:0.000377s ]
INFO: [ app_end ] --END-- [ RunTime:0.000408s ]

[ 2019-10-12T16:30:49+08:00 ] 122.235.227.250 /Mch/Login/agent
INFO: [ app_init ] --START--
INFO: Run Behavior\BuildLiteBehavior [ RunTime:0.000012s ]
INFO: [ app_init ] --END-- [ RunTime:0.000243s ]
INFO: [ app_begin ] --START--
INFO: Run Behavior\ReadHtmlCacheBehavior [ RunTime:0.000276s ]
INFO: [ app_begin ] --END-- [ RunTime:0.000310s ]

[ 2019-10-12T16:30:51+08:00 ] 122.235.227.250 /Mch/Agent/index
INFO: [ app_init ] --START--
INFO: Run Behavior\BuildLiteBehavior [ RunTime:0.000016s ]
INFO: [ app_init ] --END-- [ RunTime:0.000350s ]
INFO: [ app_begin ] --START--
INFO: Run Behavior\ReadHtmlCacheBehavior [ RunTime:0.000449s ]
INFO: [ app_begin ] --END-- [ RunTime:0.000519s ]
NOTIC: [8] Undefined index: mch /home/wwwroot/pay/domain/hzf.xiaohouzhi.com/web/App/Mch/Controller/AgentInitBaseController.class.php 第 10 行.
INFO: [ view_parse ] --START--
INFO: [ template_filter ] --START--
INFO: Run Behavior\ContentReplaceBehavior [ RunTime:0.000076s ]
INFO: [ template_filter ] --END-- [ RunTime:0.000122s ]
NOTIC: [2] Missing argument 1 for sys_ad_data(), called in /home/wwwroot/pay/domain/hzf.xiaohouzhi.com/web/App/Runtime/Cache/Mch/ece089a455312c056ae5b8ff2e0ddd64.php on line 125 and defined /home/wwwroot/pay/domain/hzf.xiaohouzhi.com/web/App/Common/Common/function.php 第 981 行.
INFO: Run Behavior\ParseTemplateBehavior [ RunTime:0.011506s ]
INFO: [ view_parse ] --END-- [ RunTime:0.011585s ]
INFO: [ view_filter ] --START--
INFO: Run Behavior\WriteHtmlCacheBehavior [ RunTime:0.000227s ]
INFO: Run Behavior\TokenBuildBehavior [ RunTime:0.000342s ]
INFO: [ view_filter ] --END-- [ RunTime:0.000635s ]
INFO: [ app_end ] --START--
INFO: Run Behavior\ShowPageTraceBehavior [ RunTime:0.000496s ]
INFO: [ app_end ] --END-- [ RunTime:0.000544s ]

[ 2019-10-12T16:30:53+08:00 ] 122.235.227.250 /Mch/Agent/mch_data
INFO: [ app_init ] --START--
INFO: Run Behavior\BuildLiteBehavior [ RunTime:0.000011s ]
INFO: [ app_init ] --END-- [ RunTime:0.000257s ]
INFO: [ app_begin ] --START--
INFO: Run Behavior\ReadHtmlCacheBehavior [ RunTime:0.000310s ]
INFO: [ app_begin ] --END-- [ RunTime:0.000344s ]
NOTIC: [8] Undefined index: mch /home/wwwroot/pay/domain/hzf.xiaohouzhi.com/web/App/Mch/Controller/AgentInitBaseController.class.php 第 10 行.
INFO: [ view_parse ] --START--
INFO: [ template_filter ] --START--
INFO: Run Behavior\ContentReplaceBehavior [ RunTime:0.000053s ]
INFO: [ template_filter ] --END-- [ RunTime:0.000099s ]
INFO: Run Behavior\ParseTemplateBehavior [ RunTime:0.004849s ]
INFO: [ view_parse ] --END-- [ RunTime:0.004879s ]
INFO: [ view_filter ] --START--
INFO: Run Behavior\WriteHtmlCacheBehavior [ RunTime:0.000096s ]
INFO: Run Behavior\TokenBuildBehavior [ RunTime:0.000215s ]
INFO: [ view_filter ] --END-- [ RunTime:0.000359s ]
INFO: [ app_end ] --START--
INFO: Run Behavior\ShowPageTraceBehavior [ RunTime:0.000289s ]
INFO: [ app_end ] --END-- [ RunTime:0.000317s ]

[ 2019-10-12T16:30:53+08:00 ] 122.235.227.250 /Mch/Agent/mch_data_json/Debug/1?pages=1
INFO: [ app_init ] --START--
INFO: Run Behavior\BuildLiteBehavior [ RunTime:0.000012s ]
INFO: [ app_init ] --END-- [ RunTime:0.000243s ]
INFO: [ app_begin ] --START--
INFO: Run Behavior\ReadHtmlCacheBehavior [ RunTime:0.000298s ]
INFO: [ app_begin ] --END-- [ RunTime:0.000328s ]
NOTIC: [8] Undefined index: mch /home/wwwroot/pay/domain/hzf.xiaohouzhi.com/web/App/Mch/Controller/AgentInitBaseController.class.php 第 10 行.
NOTIC: [8] Undefined index: page_data /home/wwwroot/pay/domain/hzf.xiaohouzhi.com/web/App/Mch/Controller/AgentController.class.php 第 585 行.
NOTIC: [8] Undefined index: search_val /home/wwwroot/pay/domain/hzf.xiaohouzhi.com/web/App/Mch/Controller/AgentController.class.php 第 586 行.
NOTIC: [8] Undefined index: agent_id /home/wwwroot/pay/domain/hzf.xiaohouzhi.com/web/App/Mch/Controller/AgentController.class.php 第 590 行.
NOTIC: [8] Undefined index: stime /home/wwwroot/pay/domain/hzf.xiaohouzhi.com/web/App/Mch/Controller/AgentController.class.php 第 592 行.
NOTIC: [8] Undefined index: etime /home/wwwroot/pay/domain/hzf.xiaohouzhi.com/web/App/Mch/Controller/AgentController.class.php 第 593 行.

[ 2019-10-12T17:34:05+08:00 ] 115.205.128.250 /Mch/Login/agent?scene=126&clicktime=1570872844
INFO: [ app_init ] --START--
INFO: Run Behavior\BuildLiteBehavior [ RunTime:0.000013s ]
INFO: [ app_init ] --END-- [ RunTime:0.000263s ]
INFO: [ app_begin ] --START--
INFO: Run Behavior\ReadHtmlCacheBehavior [ RunTime:0.000288s ]
INFO: [ app_begin ] --END-- [ RunTime:0.000330s ]
INFO: [ view_parse ] --START--
INFO: [ template_filter ] --START--
INFO: Run Behavior\ContentReplaceBehavior [ RunTime:0.000056s ]
INFO: [ template_filter ] --END-- [ RunTime:0.000102s ]
INFO: Run Behavior\ParseTemplateBehavior [ RunTime:0.006542s ]
INFO: [ view_parse ] --END-- [ RunTime:0.006602s ]
INFO: [ view_filter ] --START--
INFO: Run Behavior\WriteHtmlCacheBehavior [ RunTime:0.000118s ]
INFO: Run Behavior\TokenBuildBehavior [ RunTime:0.000262s ]
INFO: [ view_filter ] --END-- [ RunTime:0.000422s ]
INFO: [ app_end ] --START--
INFO: Run Behavior\ShowPageTraceBehavior [ RunTime:0.000308s ]
INFO: [ app_end ] --END-- [ RunTime:0.000338s ]

[ 2019-10-12T17:34:10+08:00 ] 115.205.128.250 /Mch/Login/index?scene=126&clicktime=1570872850
INFO: [ app_init ] --START--
INFO: Run Behavior\BuildLiteBehavior [ RunTime:0.000011s ]
INFO: [ app_init ] --END-- [ RunTime:0.000232s ]
INFO: [ app_begin ] --START--
INFO: Run Behavior\ReadHtmlCacheBehavior [ RunTime:0.000289s ]
INFO: [ app_begin ] --END-- [ RunTime:0.000324s ]

[ 2019-10-12T17:34:11+08:00 ] 115.205.128.250 /Mch/Login/index?scene=126&clicktime=1570872850&code=001LOTtE0pOI5j2TEZvE0SyYtE0LOTtv&state=zzXunLongSoftMch
INFO: [ app_init ] --START--
INFO: Run Behavior\BuildLiteBehavior [ RunTime:0.000012s ]
INFO: [ app_init ] --END-- [ RunTime:0.000230s ]
INFO: [ app_begin ] --START--
INFO: Run Behavior\ReadHtmlCacheBehavior [ RunTime:0.000305s ]
INFO: [ app_begin ] --END-- [ RunTime:0.000346s ]
INFO: [ view_parse ] --START--
INFO: [ template_filter ] --START--
INFO: Run Behavior\ContentReplaceBehavior [ RunTime:0.000058s ]
INFO: [ template_filter ] --END-- [ RunTime:0.000112s ]
NOTIC: [8] Undefined index: quick_data /home/wwwroot/pay/domain/hzf.xiaohouzhi.com/web/App/Runtime/Cache/Mch/c4300082b05c4dd1186db72e5ce3f3d5.php 第 63 行.
INFO: Run Behavior\ParseTemplateBehavior [ RunTime:0.009656s ]
INFO: [ view_parse ] --END-- [ RunTime:0.009707s ]
INFO: [ view_filter ] --START--
INFO: Run Behavior\WriteHtmlCacheBehavior [ RunTime:0.000183s ]
INFO: Run Behavior\TokenBuildBehavior [ RunTime:0.000298s ]
INFO: [ view_filter ] --END-- [ RunTime:0.000564s ]
INFO: [ app_end ] --START--
INFO: Run Behavior\ShowPageTraceBehavior [ RunTime:0.000331s ]
INFO: [ app_end ] --END-- [ RunTime:0.000368s ]

[ 2019-10-12T18:34:46+08:00 ] 124.160.215.103 /Mch/Login/agent
INFO: [ app_init ] --START--
INFO: Run Behavior\BuildLiteBehavior [ RunTime:0.000018s ]
INFO: [ app_init ] --END-- [ RunTime:0.000268s ]
INFO: [ app_begin ] --START--
INFO: Run Behavior\ReadHtmlCacheBehavior [ RunTime:0.000309s ]
INFO: [ app_begin ] --END-- [ RunTime:0.000351s ]
INFO: [ view_parse ] --START--
INFO: [ template_filter ] --START--
INFO: Run Behavior\ContentReplaceBehavior [ RunTime:0.000052s ]
INFO: [ template_filter ] --END-- [ RunTime:0.000095s ]
INFO: Run Behavior\ParseTemplateBehavior [ RunTime:0.005941s ]
INFO: [ view_parse ] --END-- [ RunTime:0.005997s ]
INFO: [ view_filter ] --START--
INFO: Run Behavior\WriteHtmlCacheBehavior [ RunTime:0.000130s ]
INFO: Run Behavior\TokenBuildBehavior [ RunTime:0.000237s ]
INFO: [ view_filter ] --END-- [ RunTime:0.000410s ]
INFO: [ app_end ] --START--
INFO: Run Behavior\ShowPageTraceBehavior [ RunTime:0.000383s ]
INFO: [ app_end ] --END-- [ RunTime:0.000415s ]

[ 2019-10-12T18:34:58+08:00 ] 124.160.215.103 /Mch/Login/agent
INFO: [ app_init ] --START--
INFO: Run Behavior\BuildLiteBehavior [ RunTime:0.000017s ]
INFO: [ app_init ] --END-- [ RunTime:0.000357s ]
INFO: [ app_begin ] --START--
INFO: Run Behavior\ReadHtmlCacheBehavior [ RunTime:0.000286s ]
INFO: [ app_begin ] --END-- [ RunTime:0.000328s ]

[ 2019-10-12T18:35:00+08:00 ] 124.160.215.103 /Mch/Agent/index
INFO: [ app_init ] --START--
INFO: Run Behavior\BuildLiteBehavior [ RunTime:0.000011s ]
INFO: [ app_init ] --END-- [ RunTime:0.000239s ]
INFO: [ app_begin ] --START--
INFO: Run Behavior\ReadHtmlCacheBehavior [ RunTime:0.000343s ]
INFO: [ app_begin ] --END-- [ RunTime:0.000388s ]
NOTIC: [8] Undefined index: mch /home/wwwroot/pay/domain/hzf.xiaohouzhi.com/web/App/Mch/Controller/AgentInitBaseController.class.php 第 10 行.
INFO: [ view_parse ] --START--
INFO: [ template_filter ] --START--
INFO: Run Behavior\ContentReplaceBehavior [ RunTime:0.000064s ]
INFO: [ template_filter ] --END-- [ RunTime:0.000108s ]
NOTIC: [2] Missing argument 1 for sys_ad_data(), called in /home/wwwroot/pay/domain/hzf.xiaohouzhi.com/web/App/Runtime/Cache/Mch/ece089a455312c056ae5b8ff2e0ddd64.php on line 125 and defined /home/wwwroot/pay/domain/hzf.xiaohouzhi.com/web/App/Common/Common/function.php 第 981 行.
INFO: Run Behavior\ParseTemplateBehavior [ RunTime:0.010431s ]
INFO: [ view_parse ] --END-- [ RunTime:0.010490s ]
INFO: [ view_filter ] --START--
INFO: Run Behavior\WriteHtmlCacheBehavior [ RunTime:0.000153s ]
INFO: Run Behavior\TokenBuildBehavior [ RunTime:0.000260s ]
INFO: [ view_filter ] --END-- [ RunTime:0.000460s ]
INFO: [ app_end ] --START--
INFO: Run Behavior\ShowPageTraceBehavior [ RunTime:0.000331s ]
INFO: [ app_end ] --END-- [ RunTime:0.000360s ]

[ 2019-10-12T20:01:51+08:00 ] 115.196.24.98 /Mch/Login/agent
INFO: [ app_init ] --START--
INFO: Run Behavior\BuildLiteBehavior [ RunTime:0.000014s ]
INFO: [ app_init ] --END-- [ RunTime:0.000373s ]
INFO: [ app_begin ] --START--
INFO: Run Behavior\ReadHtmlCacheBehavior [ RunTime:0.000319s ]
INFO: [ app_begin ] --END-- [ RunTime:0.000355s ]
INFO: [ view_parse ] --START--
INFO: [ template_filter ] --START--
INFO: Run Behavior\ContentReplaceBehavior [ RunTime:0.000069s ]
INFO: [ template_filter ] --END-- [ RunTime:0.000111s ]
INFO: Run Behavior\ParseTemplateBehavior [ RunTime:0.005903s ]
INFO: [ view_parse ] --END-- [ RunTime:0.006011s ]
INFO: [ view_filter ] --START--
INFO: Run Behavior\WriteHtmlCacheBehavior [ RunTime:0.000120s ]
INFO: Run Behavior\TokenBuildBehavior [ RunTime:0.000224s ]
INFO: [ view_filter ] --END-- [ RunTime:0.000391s ]
INFO: [ app_end ] --START--
INFO: Run Behavior\ShowPageTraceBehavior [ RunTime:0.000323s ]
INFO: [ app_end ] --END-- [ RunTime:0.000352s ]

[ 2019-10-12T20:02:12+08:00 ] 115.196.24.98 /Mch/Login/agent
INFO: [ app_init ] --START--
INFO: Run Behavior\BuildLiteBehavior [ RunTime:0.000013s ]
INFO: [ app_init ] --END-- [ RunTime:0.000278s ]
INFO: [ app_begin ] --START--
INFO: Run Behavior\ReadHtmlCacheBehavior [ RunTime:0.000305s ]
INFO: [ app_begin ] --END-- [ RunTime:0.000345s ]

[ 2019-10-12T20:02:14+08:00 ] 115.196.24.98 /Mch/Agent/index
INFO: [ app_init ] --START--
INFO: Run Behavior\BuildLiteBehavior [ RunTime:0.000012s ]
INFO: [ app_init ] --END-- [ RunTime:0.000250s ]
INFO: [ app_begin ] --START--
INFO: Run Behavior\ReadHtmlCacheBehavior [ RunTime:0.000354s ]
INFO: [ app_begin ] --END-- [ RunTime:0.000400s ]
NOTIC: [8] Undefined index: mch /home/wwwroot/pay/domain/hzf.xiaohouzhi.com/web/App/Mch/Controller/AgentInitBaseController.class.php 第 10 行.
INFO: [ view_parse ] --START--
INFO: [ template_filter ] --START--
INFO: Run Behavior\ContentReplaceBehavior [ RunTime:0.000065s ]
INFO: [ template_filter ] --END-- [ RunTime:0.000108s ]
NOTIC: [2] Missing argument 1 for sys_ad_data(), called in /home/wwwroot/pay/domain/hzf.xiaohouzhi.com/web/App/Runtime/Cache/Mch/ece089a455312c056ae5b8ff2e0ddd64.php on line 125 and defined /home/wwwroot/pay/domain/hzf.xiaohouzhi.com/web/App/Common/Common/function.php 第 981 行.
INFO: Run Behavior\ParseTemplateBehavior [ RunTime:0.010008s ]
INFO: [ view_parse ] --END-- [ RunTime:0.010058s ]
INFO: [ view_filter ] --START--
INFO: Run Behavior\WriteHtmlCacheBehavior [ RunTime:0.000125s ]
INFO: Run Behavior\TokenBuildBehavior [ RunTime:0.000272s ]
INFO: [ view_filter ] --END-- [ RunTime:0.000438s ]
INFO: [ app_end ] --START--
INFO: Run Behavior\ShowPageTraceBehavior [ RunTime:0.000340s ]
INFO: [ app_end ] --END-- [ RunTime:0.000375s ]

[ 2019-10-12T20:02:17+08:00 ] 115.196.24.98 /Mch/Agent/mch_data
INFO: [ app_init ] --START--
INFO: Run Behavior\BuildLiteBehavior [ RunTime:0.000013s ]
INFO: [ app_init ] --END-- [ RunTime:0.000255s ]
INFO: [ app_begin ] --START--
INFO: Run Behavior\ReadHtmlCacheBehavior [ RunTime:0.000390s ]
INFO: [ app_begin ] --END-- [ RunTime:0.000421s ]
NOTIC: [8] Undefined index: mch /home/wwwroot/pay/domain/hzf.xiaohouzhi.com/web/App/Mch/Controller/AgentInitBaseController.class.php 第 10 行.
INFO: [ view_parse ] --START--
INFO: [ template_filter ] --START--
INFO: Run Behavior\ContentReplaceBehavior [ RunTime:0.000058s ]
INFO: [ template_filter ] --END-- [ RunTime:0.000102s ]
INFO: Run Behavior\ParseTemplateBehavior [ RunTime:0.005346s ]
INFO: [ view_parse ] --END-- [ RunTime:0.005383s ]
INFO: [ view_filter ] --START--
INFO: Run Behavior\WriteHtmlCacheBehavior [ RunTime:0.000144s ]
INFO: Run Behavior\TokenBuildBehavior [ RunTime:0.000325s ]
INFO: [ view_filter ] --END-- [ RunTime:0.000530s ]
INFO: [ app_end ] --START--
INFO: Run Behavior\ShowPageTraceBehavior [ RunTime:0.000487s ]
INFO: [ app_end ] --END-- [ RunTime:0.000528s ]

[ 2019-10-12T20:02:17+08:00 ] 115.196.24.98 /Mch/Agent/mch_data_json/Debug/1?pages=1
INFO: [ app_init ] --START--
INFO: Run Behavior\BuildLiteBehavior [ RunTime:0.000012s ]
INFO: [ app_init ] --END-- [ RunTime:0.000220s ]
INFO: [ app_begin ] --START--
INFO: Run Behavior\ReadHtmlCacheBehavior [ RunTime:0.000351s ]
INFO: [ app_begin ] --END-- [ RunTime:0.000385s ]
NOTIC: [8] Undefined index: mch /home/wwwroot/pay/domain/hzf.xiaohouzhi.com/web/App/Mch/Controller/AgentInitBaseController.class.php 第 10 行.
NOTIC: [8] Undefined index: page_data /home/wwwroot/pay/domain/hzf.xiaohouzhi.com/web/App/Mch/Controller/AgentController.class.php 第 585 行.
NOTIC: [8] Undefined index: search_val /home/wwwroot/pay/domain/hzf.xiaohouzhi.com/web/App/Mch/Controller/AgentController.class.php 第 586 行.
NOTIC: [8] Undefined index: agent_id /home/wwwroot/pay/domain/hzf.xiaohouzhi.com/web/App/Mch/Controller/AgentController.class.php 第 590 行.
NOTIC: [8] Undefined index: stime /home/wwwroot/pay/domain/hzf.xiaohouzhi.com/web/App/Mch/Controller/AgentController.class.php 第 592 行.
NOTIC: [8] Undefined index: etime /home/wwwroot/pay/domain/hzf.xiaohouzhi.com/web/App/Mch/Controller/AgentController.class.php 第 593 行.

[ 2019-10-12T20:02:20+08:00 ] 115.196.24.98 /Mch/Agent/index
INFO: [ app_init ] --START--
INFO: Run Behavior\BuildLiteBehavior [ RunTime:0.000011s ]
INFO: [ app_init ] --END-- [ RunTime:0.000213s ]
INFO: [ app_begin ] --START--
INFO: Run Behavior\ReadHtmlCacheBehavior [ RunTime:0.000282s ]
INFO: [ app_begin ] --END-- [ RunTime:0.000312s ]
NOTIC: [8] Undefined index: mch /home/wwwroot/pay/domain/hzf.xiaohouzhi.com/web/App/Mch/Controller/AgentInitBaseController.class.php 第 10 行.
INFO: [ view_parse ] --START--
INFO: [ template_filter ] --START--
INFO: Run Behavior\ContentReplaceBehavior [ RunTime:0.000086s ]
INFO: [ template_filter ] --END-- [ RunTime:0.000143s ]
NOTIC: [2] Missing argument 1 for sys_ad_data(), called in /home/wwwroot/pay/domain/hzf.xiaohouzhi.com/web/App/Runtime/Cache/Mch/ece089a455312c056ae5b8ff2e0ddd64.php on line 125 and defined /home/wwwroot/pay/domain/hzf.xiaohouzhi.com/web/App/Common/Common/function.php 第 981 行.
INFO: Run Behavior\ParseTemplateBehavior [ RunTime:0.010411s ]
INFO: [ view_parse ] --END-- [ RunTime:0.010454s ]
INFO: [ view_filter ] --START--
INFO: Run Behavior\WriteHtmlCacheBehavior [ RunTime:0.000177s ]
INFO: Run Behavior\TokenBuildBehavior [ RunTime:0.000240s ]
INFO: [ view_filter ] --END-- [ RunTime:0.000470s ]
INFO: [ app_end ] --START--
INFO: Run Behavior\ShowPageTraceBehavior [ RunTime:0.000318s ]
INFO: [ app_end ] --END-- [ RunTime:0.000347s ]

[ 2019-10-12T20:03:14+08:00 ] 101.91.60.11 /Mch/Agent/index
INFO: [ app_init ] --START--
INFO: Run Behavior\BuildLiteBehavior [ RunTime:0.000016s ]
INFO: [ app_init ] --END-- [ RunTime:0.000270s ]
INFO: [ app_begin ] --START--
INFO: Run Behavior\ReadHtmlCacheBehavior [ RunTime:0.000328s ]
INFO: [ app_begin ] --END-- [ RunTime:0.000369s ]
NOTIC: [8] Undefined index: mch /home/wwwroot/pay/domain/hzf.xiaohouzhi.com/web/App/Mch/Controller/AgentInitBaseController.class.php 第 10 行.
NOTIC: [8] Undefined index: ag /home/wwwroot/pay/domain/hzf.xiaohouzhi.com/web/App/Mch/Controller/AgentInitBaseController.class.php 第 19 行.
INFO: [ view_parse ] --START--
INFO: [ template_filter ] --START--
INFO: Run Behavior\ContentReplaceBehavior [ RunTime:0.000059s ]
INFO: [ template_filter ] --END-- [ RunTime:0.000101s ]
INFO: Run Behavior\ParseTemplateBehavior [ RunTime:0.005309s ]
INFO: [ view_parse ] --END-- [ RunTime:0.005372s ]
INFO: [ view_filter ] --START--
INFO: Run Behavior\WriteHtmlCacheBehavior [ RunTime:0.000114s ]
INFO: Run Behavior\TokenBuildBehavior [ RunTime:0.000223s ]
INFO: [ view_filter ] --END-- [ RunTime:0.000378s ]

[ 2019-10-12T23:12:15+08:00 ] 59.36.119.226 /Mch/Login/agent?scene%3D126%26clicktime%3D1570872844
INFO: [ app_init ] --START--
INFO: Run Behavior\BuildLiteBehavior [ RunTime:0.000014s ]
INFO: [ app_init ] --END-- [ RunTime:0.000267s ]
INFO: [ app_begin ] --START--
INFO: Run Behavior\ReadHtmlCacheBehavior [ RunTime:0.000294s ]
INFO: [ app_begin ] --END-- [ RunTime:0.000330s ]
INFO: [ view_parse ] --START--
INFO: [ template_filter ] --START--
INFO: Run Behavior\ContentReplaceBehavior [ RunTime:0.000064s ]
INFO: [ template_filter ] --END-- [ RunTime:0.000108s ]
INFO: Run Behavior\ParseTemplateBehavior [ RunTime:0.006172s ]
INFO: [ view_parse ] --END-- [ RunTime:0.006223s ]
INFO: [ view_filter ] --START--
INFO: Run Behavior\WriteHtmlCacheBehavior [ RunTime:0.000141s ]
INFO: Run Behavior\TokenBuildBehavior [ RunTime:0.000216s ]
INFO: [ view_filter ] --END-- [ RunTime:0.000402s ]
INFO: [ app_end ] --START--
INFO: Run Behavior\ShowPageTraceBehavior [ RunTime:0.000343s ]
INFO: [ app_end ] --END-- [ RunTime:0.000377s ]

