2019-11-30 09:42:14 server info :
2019-11-30 09:42:14 get info :{"s":"\/Agent"}
2019-11-30 09:42:14 post info :[]
2019-11-30 09:42:15 server info :
2019-11-30 09:42:15 get info :{"s":"\/business\/Login\/load_verify"}
2019-11-30 09:42:15 post info :[]
2019-11-30 09:42:47 server info :
2019-11-30 09:42:47 get info :{"s":"\/Admins"}
2019-11-30 09:42:47 post info :[]
2019-11-30 09:42:47 server info :
2019-11-30 09:42:47 get info :{"s":"\/console\/Index\/index"}
2019-11-30 09:42:47 post info :[]
2019-11-30 09:42:47 server info :
2019-11-30 09:42:47 get info :{"s":"\/Ext","g":"css"}
2019-11-30 09:42:47 post info :[]
2019-11-30 09:42:47 server info :
2019-11-30 09:42:47 get info :{"s":"\/Ext","g":"default_js"}
2019-11-30 09:42:47 post info :[]
2019-11-30 09:42:49 server info :
2019-11-30 09:42:49 get info :{"s":"\/business\/Login\/load_verify"}
2019-11-30 09:42:49 post info :[]
2019-11-30 09:43:36 server info :
2019-11-30 09:43:36 get info :{"s":"\/console\/Orders\/index"}
2019-11-30 09:43:36 post info :[]
2019-11-30 09:43:36 server info :
2019-11-30 09:43:36 get info :{"s":"\/Ext","g":"css"}
2019-11-30 09:43:36 post info :[]
2019-11-30 09:43:36 server info :
2019-11-30 09:43:36 get info :{"s":"\/Ext","g":"default_js"}
2019-11-30 09:43:36 post info :[]
2019-11-30 09:43:42 server info :
2019-11-30 09:43:42 get info :{"s":"\/console\/Orders\/index"}
2019-11-30 09:43:42 post info :{"trade_no":"","aid":"","mid":"","store_id":"","s_time":"2019-10-31","e_time":"2019-12-1","type":"","alleys":"","__TokenHash__":"025d4c3f111bf27b44372d7a2a218012_998b4af40ee9635527d3ab10c3b21d58"}
2019-11-30 09:43:54 server info :
2019-11-30 09:43:54 get info :{"s":"\/console\/Orders\/index"}
2019-11-30 09:43:54 post info :[]
2019-11-30 09:44:07 server info :
2019-11-30 09:44:07 get info :{"s":"\/console\/Orders\/statistics"}
2019-11-30 09:44:07 post info :[]
2019-11-30 09:44:07 server info :
2019-11-30 09:44:07 get info :{"s":"\/Ext","g":"css"}
2019-11-30 09:44:07 post info :[]
2019-11-30 09:44:08 server info :
2019-11-30 09:44:08 get info :{"s":"\/Ext","g":"default_js"}
2019-11-30 09:44:08 post info :[]
2019-11-30 09:44:13 server info :
2019-11-30 09:44:13 get info :{"s":"\/console\/Merchant\/Auth_Fee"}
2019-11-30 09:44:13 post info :[]
2019-11-30 09:44:14 server info :
2019-11-30 09:44:14 get info :{"s":"\/Ext","g":"default_js"}
2019-11-30 09:44:14 post info :[]
2019-11-30 09:44:14 server info :
2019-11-30 09:44:14 get info :{"s":"\/Ext","g":"css"}
2019-11-30 09:44:14 post info :[]
2019-11-30 09:44:16 server info :
2019-11-30 09:44:16 get info :{"s":"\/console\/Merchant\/alter_log"}
2019-11-30 09:44:16 post info :[]
2019-11-30 09:44:16 server info :
2019-11-30 09:44:16 get info :{"s":"\/Ext","g":"default_js"}
2019-11-30 09:44:16 post info :[]
2019-11-30 09:44:16 server info :
2019-11-30 09:44:16 get info :{"s":"\/Ext","g":"css"}
2019-11-30 09:44:16 post info :[]
2019-11-30 09:44:18 server info :
2019-11-30 09:44:18 get info :{"s":"\/console\/Merchant\/card_validate_log"}
2019-11-30 09:44:18 post info :[]
2019-11-30 09:44:18 server info :
2019-11-30 09:44:18 get info :{"s":"\/Ext","g":"css"}
2019-11-30 09:44:18 post info :[]
2019-11-30 09:44:18 server info :
2019-11-30 09:44:18 get info :{"s":"\/Ext","g":"default_js"}
2019-11-30 09:44:18 post info :[]
2019-11-30 09:44:19 server info :
2019-11-30 09:44:19 get info :{"s":"\/console\/Merchant\/index"}
2019-11-30 09:44:19 post info :[]
2019-11-30 09:44:20 server info :
2019-11-30 09:44:20 get info :{"s":"\/Ext","g":"default_js"}
2019-11-30 09:44:20 post info :[]
2019-11-30 09:44:20 server info :
2019-11-30 09:44:20 get info :{"s":"\/Ext","g":"css"}
2019-11-30 09:44:20 post info :[]
2019-11-30 09:44:31 server info :
2019-11-30 09:44:31 get info :{"s":"\/console\/Agent\/lists"}
2019-11-30 09:44:31 post info :[]
2019-11-30 09:44:31 server info :
2019-11-30 09:44:31 get info :{"s":"\/Ext","g":"css"}
2019-11-30 09:44:31 post info :[]
2019-11-30 09:44:31 server info :
2019-11-30 09:44:31 get info :{"s":"\/Ext","g":"default_js"}
2019-11-30 09:44:31 post info :[]
2019-11-30 09:45:43 server info :
2019-11-30 09:45:43 get info :{"s":"\/console\/Agent\/lists"}
2019-11-30 09:45:43 post info :[]
2019-11-30 09:45:43 server info :
2019-11-30 09:45:43 get info :{"s":"\/Ext","g":"css"}
2019-11-30 09:45:43 post info :[]
2019-11-30 09:45:43 server info :
2019-11-30 09:45:43 get info :{"s":"\/Ext","g":"default_js"}
2019-11-30 09:45:43 post info :[]
2019-11-30 09:45:52 server info :
2019-11-30 09:45:52 get info :{"s":"\/console\/Agent\/lists"}
2019-11-30 09:45:52 post info :[]
2019-11-30 09:45:53 server info :
2019-11-30 09:45:53 get info :{"s":"\/Ext","g":"css"}
2019-11-30 09:45:53 post info :[]
2019-11-30 09:45:53 server info :
2019-11-30 09:45:53 get info :{"s":"\/Ext","g":"default_js"}
2019-11-30 09:45:53 post info :[]
2019-11-30 11:54:58 server info :
2019-11-30 11:54:58 get info :{"s":"\/console\/Index\/index"}
2019-11-30 11:54:58 post info :[]
2019-11-30 11:54:59 server info :
2019-11-30 11:54:59 get info :{"s":"\/Ext","g":"css"}
2019-11-30 11:54:59 post info :[]
2019-11-30 11:54:59 server info :
2019-11-30 11:54:59 get info :{"s":"\/Ext","g":"default_js"}
2019-11-30 11:54:59 post info :[]
