[ 2019-09-13T01:17:44+08:00 ] 101.68.68.234 /Plugs/Upload/index/Mod/Admin
INFO: [ app_init ] --START--
INFO: Run Behavior\BuildLiteBehavior [ RunTime:0.000029s ]
INFO: [ app_init ] --END-- [ RunTime:0.000464s ]
INFO: [ app_begin ] --START--
INFO: Run Behavior\ReadHtmlCacheBehavior [ RunTime:0.000492s ]
INFO: [ app_begin ] --END-- [ RunTime:0.000552s ]
INFO: [ view_parse ] --START--
INFO: [ template_filter ] --START--
INFO: Run Behavior\ContentReplaceBehavior [ RunTime:0.000079s ]
INFO: [ template_filter ] --END-- [ RunTime:0.000142s ]
NOTIC: [8] Undefined index: width /home/wwwroot/pay/domain/hzf.xiaohouzhi.com/web/App/Runtime/Cache/Plugs/65ee80ac8c16545a77780774b55a2b41.php 第 40 行.
NOTIC: [8] Undefined index: height /home/wwwroot/pay/domain/hzf.xiaohouzhi.com/web/App/Runtime/Cache/Plugs/65ee80ac8c16545a77780774b55a2b41.php 第 41 行.
INFO: Run Behavior\ParseTemplateBehavior [ RunTime:0.007232s ]
INFO: [ view_parse ] --END-- [ RunTime:0.007274s ]
INFO: [ view_filter ] --START--
INFO: Run Behavior\WriteHtmlCacheBehavior [ RunTime:0.000142s ]
INFO: Run Behavior\TokenBuildBehavior [ RunTime:0.000297s ]
INFO: [ view_filter ] --END-- [ RunTime:0.000488s ]
INFO: [ app_end ] --START--
INFO: Run Behavior\ShowPageTraceBehavior [ RunTime:0.000488s ]
INFO: [ app_end ] --END-- [ RunTime:0.000533s ]

[ 2019-09-13T01:17:59+08:00 ] 101.68.68.234 /Plugs/Upload/index/Mod/Admin
INFO: [ app_init ] --START--
INFO: Run Behavior\BuildLiteBehavior [ RunTime:0.000016s ]
INFO: [ app_init ] --END-- [ RunTime:0.000333s ]
INFO: [ app_begin ] --START--
INFO: Run Behavior\ReadHtmlCacheBehavior [ RunTime:0.000375s ]
INFO: [ app_begin ] --END-- [ RunTime:0.000441s ]
NOTIC: [8] Undefined variable: outputstr /home/wwwroot/pay/domain/hzf.xiaohouzhi.com/web/App/Common/Common/function.php 第 2098 行.
NOTIC: [2] call_user_func() expects parameter 1 to be a valid callback, no array or string given /home/wwwroot/pay/domain/hzf.xiaohouzhi.com/web/ThinkPHP/Library/Think/Upload.class.php 第 170 行.

[ 2019-09-13T01:17:59+08:00 ] 101.68.68.234 /Plugs/Upload/index/status/1/url/L1VwbG9hZC9hdHRhY2htZW50LzIwMTktMDktMTMvOUE3NVQ3NkZJSUg2R0RQNjhQWDUuanBn
INFO: [ app_init ] --START--
INFO: Run Behavior\BuildLiteBehavior [ RunTime:0.000018s ]
INFO: [ app_init ] --END-- [ RunTime:0.000369s ]
INFO: [ app_begin ] --START--
INFO: Run Behavior\ReadHtmlCacheBehavior [ RunTime:0.000532s ]
INFO: [ app_begin ] --END-- [ RunTime:0.000588s ]
INFO: [ view_parse ] --START--
INFO: [ template_filter ] --START--
INFO: Run Behavior\ContentReplaceBehavior [ RunTime:0.000075s ]
INFO: [ template_filter ] --END-- [ RunTime:0.000175s ]
INFO: Run Behavior\ParseTemplateBehavior [ RunTime:0.010071s ]
INFO: [ view_parse ] --END-- [ RunTime:0.010144s ]
INFO: [ view_filter ] --START--
INFO: Run Behavior\WriteHtmlCacheBehavior [ RunTime:0.000167s ]
INFO: Run Behavior\TokenBuildBehavior [ RunTime:0.000264s ]
INFO: [ view_filter ] --END-- [ RunTime:0.000571s ]
INFO: [ app_end ] --START--
INFO: Run Behavior\ShowPageTraceBehavior [ RunTime:0.000450s ]
INFO: [ app_end ] --END-- [ RunTime:0.000485s ]

[ 2019-09-13T01:18:02+08:00 ] 101.68.68.234 /Plugs/Upload/index/Mod/Admin
INFO: [ app_init ] --START--
INFO: Run Behavior\BuildLiteBehavior [ RunTime:0.000020s ]
INFO: [ app_init ] --END-- [ RunTime:0.000461s ]
INFO: [ app_begin ] --START--
INFO: Run Behavior\ReadHtmlCacheBehavior [ RunTime:0.000623s ]
INFO: [ app_begin ] --END-- [ RunTime:0.000677s ]
INFO: [ view_parse ] --START--
INFO: [ template_filter ] --START--
INFO: Run Behavior\ContentReplaceBehavior [ RunTime:0.000083s ]
INFO: [ template_filter ] --END-- [ RunTime:0.000168s ]
NOTIC: [8] Undefined index: width /home/wwwroot/pay/domain/hzf.xiaohouzhi.com/web/App/Runtime/Cache/Plugs/65ee80ac8c16545a77780774b55a2b41.php 第 40 行.
NOTIC: [8] Undefined index: height /home/wwwroot/pay/domain/hzf.xiaohouzhi.com/web/App/Runtime/Cache/Plugs/65ee80ac8c16545a77780774b55a2b41.php 第 41 行.
INFO: Run Behavior\ParseTemplateBehavior [ RunTime:0.011901s ]
INFO: [ view_parse ] --END-- [ RunTime:0.011986s ]
INFO: [ view_filter ] --START--
INFO: Run Behavior\WriteHtmlCacheBehavior [ RunTime:0.000253s ]
INFO: Run Behavior\TokenBuildBehavior [ RunTime:0.000415s ]
INFO: [ view_filter ] --END-- [ RunTime:0.000730s ]
INFO: [ app_end ] --START--
INFO: Run Behavior\ShowPageTraceBehavior [ RunTime:0.000600s ]
INFO: [ app_end ] --END-- [ RunTime:0.000646s ]

[ 2019-09-13T01:18:08+08:00 ] 101.68.68.234 /Plugs/Upload/index/Mod/Admin
INFO: [ app_init ] --START--
INFO: Run Behavior\BuildLiteBehavior [ RunTime:0.000018s ]
INFO: [ app_init ] --END-- [ RunTime:0.000327s ]
INFO: [ app_begin ] --START--
INFO: Run Behavior\ReadHtmlCacheBehavior [ RunTime:0.000317s ]
INFO: [ app_begin ] --END-- [ RunTime:0.000352s ]
NOTIC: [8] Undefined variable: outputstr /home/wwwroot/pay/domain/hzf.xiaohouzhi.com/web/App/Common/Common/function.php 第 2098 行.
NOTIC: [2] call_user_func() expects parameter 1 to be a valid callback, no array or string given /home/wwwroot/pay/domain/hzf.xiaohouzhi.com/web/ThinkPHP/Library/Think/Upload.class.php 第 170 行.

[ 2019-09-13T01:18:08+08:00 ] 101.68.68.234 /Plugs/Upload/index/status/1/url/L1VwbG9hZC9hdHRhY2htZW50LzIwMTktMDktMTMvOFE2QkFGSE5CVFMySFZVQlBEUUguanBn
INFO: [ app_init ] --START--
INFO: Run Behavior\BuildLiteBehavior [ RunTime:0.000021s ]
INFO: [ app_init ] --END-- [ RunTime:0.000355s ]
INFO: [ app_begin ] --START--
INFO: Run Behavior\ReadHtmlCacheBehavior [ RunTime:0.000447s ]
INFO: [ app_begin ] --END-- [ RunTime:0.000495s ]
INFO: [ view_parse ] --START--
INFO: [ template_filter ] --START--
INFO: Run Behavior\ContentReplaceBehavior [ RunTime:0.000072s ]
INFO: [ template_filter ] --END-- [ RunTime:0.000139s ]
INFO: Run Behavior\ParseTemplateBehavior [ RunTime:0.007734s ]
INFO: [ view_parse ] --END-- [ RunTime:0.007799s ]
INFO: [ view_filter ] --START--
INFO: Run Behavior\WriteHtmlCacheBehavior [ RunTime:0.000137s ]
INFO: Run Behavior\TokenBuildBehavior [ RunTime:0.000275s ]
INFO: [ view_filter ] --END-- [ RunTime:0.000467s ]
INFO: [ app_end ] --START--
INFO: Run Behavior\ShowPageTraceBehavior [ RunTime:0.000465s ]
INFO: [ app_end ] --END-- [ RunTime:0.000504s ]

[ 2019-09-13T01:27:53+08:00 ] 101.68.68.234 /Plugs/Upload/index/Mod/Admin
INFO: [ app_init ] --START--
INFO: Run Behavior\BuildLiteBehavior [ RunTime:0.000016s ]
INFO: [ app_init ] --END-- [ RunTime:0.000350s ]
INFO: [ app_begin ] --START--
INFO: Run Behavior\ReadHtmlCacheBehavior [ RunTime:0.000372s ]
INFO: [ app_begin ] --END-- [ RunTime:0.000428s ]
INFO: [ view_parse ] --START--
INFO: [ template_filter ] --START--
INFO: Run Behavior\ContentReplaceBehavior [ RunTime:0.000079s ]
INFO: [ template_filter ] --END-- [ RunTime:0.000132s ]
NOTIC: [8] Undefined index: width /home/wwwroot/pay/domain/hzf.xiaohouzhi.com/web/App/Runtime/Cache/Plugs/65ee80ac8c16545a77780774b55a2b41.php 第 40 行.
NOTIC: [8] Undefined index: height /home/wwwroot/pay/domain/hzf.xiaohouzhi.com/web/App/Runtime/Cache/Plugs/65ee80ac8c16545a77780774b55a2b41.php 第 41 行.
INFO: Run Behavior\ParseTemplateBehavior [ RunTime:0.006815s ]
INFO: [ view_parse ] --END-- [ RunTime:0.006858s ]
INFO: [ view_filter ] --START--
INFO: Run Behavior\WriteHtmlCacheBehavior [ RunTime:0.000105s ]
INFO: Run Behavior\TokenBuildBehavior [ RunTime:0.000270s ]
INFO: [ view_filter ] --END-- [ RunTime:0.000425s ]
INFO: [ app_end ] --START--
INFO: Run Behavior\ShowPageTraceBehavior [ RunTime:0.000421s ]
INFO: [ app_end ] --END-- [ RunTime:0.000471s ]

[ 2019-09-13T01:28:00+08:00 ] 101.68.68.234 /Plugs/Upload/index/Mod/Admin
INFO: [ app_init ] --START--
INFO: Run Behavior\BuildLiteBehavior [ RunTime:0.000019s ]
INFO: [ app_init ] --END-- [ RunTime:0.000273s ]
INFO: [ app_begin ] --START--
INFO: Run Behavior\ReadHtmlCacheBehavior [ RunTime:0.000304s ]
INFO: [ app_begin ] --END-- [ RunTime:0.000344s ]
NOTIC: [8] Undefined variable: outputstr /home/wwwroot/pay/domain/hzf.xiaohouzhi.com/web/App/Common/Common/function.php 第 2098 行.
NOTIC: [2] call_user_func() expects parameter 1 to be a valid callback, no array or string given /home/wwwroot/pay/domain/hzf.xiaohouzhi.com/web/ThinkPHP/Library/Think/Upload.class.php 第 170 行.

[ 2019-09-13T01:28:00+08:00 ] 101.68.68.234 /Plugs/Upload/index/status/1/url/L1VwbG9hZC9hdHRhY2htZW50LzIwMTktMDktMTMvWDFRSjA3RVRUU1FHRUNSQU45VFQuanBn
INFO: [ app_init ] --START--
INFO: Run Behavior\BuildLiteBehavior [ RunTime:0.000014s ]
INFO: [ app_init ] --END-- [ RunTime:0.000247s ]
INFO: [ app_begin ] --START--
INFO: Run Behavior\ReadHtmlCacheBehavior [ RunTime:0.000333s ]
INFO: [ app_begin ] --END-- [ RunTime:0.000379s ]
INFO: [ view_parse ] --START--
INFO: [ template_filter ] --START--
INFO: Run Behavior\ContentReplaceBehavior [ RunTime:0.000060s ]
INFO: [ template_filter ] --END-- [ RunTime:0.000127s ]
INFO: Run Behavior\ParseTemplateBehavior [ RunTime:0.005083s ]
INFO: [ view_parse ] --END-- [ RunTime:0.005118s ]
INFO: [ view_filter ] --START--
INFO: Run Behavior\WriteHtmlCacheBehavior [ RunTime:0.000108s ]
INFO: Run Behavior\TokenBuildBehavior [ RunTime:0.000203s ]
INFO: [ view_filter ] --END-- [ RunTime:0.000363s ]
INFO: [ app_end ] --START--
INFO: Run Behavior\ShowPageTraceBehavior [ RunTime:0.000325s ]
INFO: [ app_end ] --END-- [ RunTime:0.000351s ]

[ 2019-09-13T01:28:02+08:00 ] 101.68.68.234 /Plugs/Upload/index/Mod/Admin
INFO: [ app_init ] --START--
INFO: Run Behavior\BuildLiteBehavior [ RunTime:0.000023s ]
INFO: [ app_init ] --END-- [ RunTime:0.000391s ]
INFO: [ app_begin ] --START--
INFO: Run Behavior\ReadHtmlCacheBehavior [ RunTime:0.000765s ]
INFO: [ app_begin ] --END-- [ RunTime:0.000823s ]
INFO: [ view_parse ] --START--
INFO: [ template_filter ] --START--
INFO: Run Behavior\ContentReplaceBehavior [ RunTime:0.000087s ]
INFO: [ template_filter ] --END-- [ RunTime:0.000177s ]
NOTIC: [8] Undefined index: width /home/wwwroot/pay/domain/hzf.xiaohouzhi.com/web/App/Runtime/Cache/Plugs/65ee80ac8c16545a77780774b55a2b41.php 第 40 行.
NOTIC: [8] Undefined index: height /home/wwwroot/pay/domain/hzf.xiaohouzhi.com/web/App/Runtime/Cache/Plugs/65ee80ac8c16545a77780774b55a2b41.php 第 41 行.
INFO: Run Behavior\ParseTemplateBehavior [ RunTime:0.009621s ]
INFO: [ view_parse ] --END-- [ RunTime:0.009679s ]
INFO: [ view_filter ] --START--
INFO: Run Behavior\WriteHtmlCacheBehavior [ RunTime:0.000163s ]
INFO: Run Behavior\TokenBuildBehavior [ RunTime:0.000351s ]
INFO: [ view_filter ] --END-- [ RunTime:0.000584s ]
INFO: [ app_end ] --START--
INFO: Run Behavior\ShowPageTraceBehavior [ RunTime:0.000726s ]
INFO: [ app_end ] --END-- [ RunTime:0.000771s ]

[ 2019-09-13T01:28:09+08:00 ] 101.68.68.234 /Plugs/Upload/index/Mod/Admin
INFO: [ app_init ] --START--
INFO: Run Behavior\BuildLiteBehavior [ RunTime:0.000019s ]
INFO: [ app_init ] --END-- [ RunTime:0.000397s ]
INFO: [ app_begin ] --START--
INFO: Run Behavior\ReadHtmlCacheBehavior [ RunTime:0.000419s ]
INFO: [ app_begin ] --END-- [ RunTime:0.000479s ]
NOTIC: [8] Undefined variable: outputstr /home/wwwroot/pay/domain/hzf.xiaohouzhi.com/web/App/Common/Common/function.php 第 2098 行.
NOTIC: [2] call_user_func() expects parameter 1 to be a valid callback, no array or string given /home/wwwroot/pay/domain/hzf.xiaohouzhi.com/web/ThinkPHP/Library/Think/Upload.class.php 第 170 行.

[ 2019-09-13T01:28:09+08:00 ] 101.68.68.234 /Plugs/Upload/index/status/1/url/L1VwbG9hZC9hdHRhY2htZW50LzIwMTktMDktMTMvVVRVM0JNMzFEOVE5QjI2R1FNNzYuanBn
INFO: [ app_init ] --START--
INFO: Run Behavior\BuildLiteBehavior [ RunTime:0.000015s ]
INFO: [ app_init ] --END-- [ RunTime:0.000245s ]
INFO: [ app_begin ] --START--
INFO: Run Behavior\ReadHtmlCacheBehavior [ RunTime:0.000314s ]
INFO: [ app_begin ] --END-- [ RunTime:0.000354s ]
INFO: [ view_parse ] --START--
INFO: [ template_filter ] --START--
INFO: Run Behavior\ContentReplaceBehavior [ RunTime:0.000079s ]
INFO: [ template_filter ] --END-- [ RunTime:0.000152s ]
INFO: Run Behavior\ParseTemplateBehavior [ RunTime:0.007280s ]
INFO: [ view_parse ] --END-- [ RunTime:0.007332s ]
INFO: [ view_filter ] --START--
INFO: Run Behavior\WriteHtmlCacheBehavior [ RunTime:0.000147s ]
INFO: Run Behavior\TokenBuildBehavior [ RunTime:0.000277s ]
INFO: [ view_filter ] --END-- [ RunTime:0.000476s ]
INFO: [ app_end ] --START--
INFO: Run Behavior\ShowPageTraceBehavior [ RunTime:0.000414s ]
INFO: [ app_end ] --END-- [ RunTime:0.000458s ]

[ 2019-09-13T02:48:37+08:00 ] 180.163.220.67 /plugs/upload/index/mod/admin
INFO: [ app_init ] --START--
INFO: Run Behavior\BuildLiteBehavior [ RunTime:0.000017s ]
INFO: [ app_init ] --END-- [ RunTime:0.000322s ]
INFO: [ app_begin ] --START--
INFO: Run Behavior\ReadHtmlCacheBehavior [ RunTime:0.000388s ]
INFO: [ app_begin ] --END-- [ RunTime:0.000433s ]
INFO: [ view_parse ] --START--
INFO: [ template_filter ] --START--
INFO: Run Behavior\ContentReplaceBehavior [ RunTime:0.000074s ]
INFO: [ template_filter ] --END-- [ RunTime:0.000152s ]
INFO: Run Behavior\ParseTemplateBehavior [ RunTime:0.005903s ]
INFO: [ view_parse ] --END-- [ RunTime:0.005945s ]
INFO: [ view_filter ] --START--
INFO: Run Behavior\WriteHtmlCacheBehavior [ RunTime:0.000102s ]
INFO: Run Behavior\TokenBuildBehavior [ RunTime:0.000286s ]
INFO: [ view_filter ] --END-- [ RunTime:0.000449s ]

[ 2019-09-13T02:48:45+08:00 ] 42.236.10.78 /plugs/upload/index/mod/admin
INFO: [ app_init ] --START--
INFO: Run Behavior\BuildLiteBehavior [ RunTime:0.000019s ]
INFO: [ app_init ] --END-- [ RunTime:0.000341s ]
INFO: [ app_begin ] --START--
INFO: Run Behavior\ReadHtmlCacheBehavior [ RunTime:0.000435s ]
INFO: [ app_begin ] --END-- [ RunTime:0.000511s ]
INFO: [ view_parse ] --START--
INFO: [ template_filter ] --START--
INFO: Run Behavior\ContentReplaceBehavior [ RunTime:0.000054s ]
INFO: [ template_filter ] --END-- [ RunTime:0.000107s ]
INFO: Run Behavior\ParseTemplateBehavior [ RunTime:0.005029s ]
INFO: [ view_parse ] --END-- [ RunTime:0.005074s ]
INFO: [ view_filter ] --START--
INFO: Run Behavior\WriteHtmlCacheBehavior [ RunTime:0.000115s ]
INFO: Run Behavior\TokenBuildBehavior [ RunTime:0.000226s ]
INFO: [ view_filter ] --END-- [ RunTime:0.000383s ]

