[ 2019-09-13T01:03:11+08:00 ] 101.68.68.234 /Pays/Mch/QrData/url/axHuRn0mcaDfouv_Lc2chl6Zi54aWFvaG91emhpLmNvbS9hbGlPYXV0aFVybD9pZD00MDkw
INFO: [ app_init ] --START--
INFO: Run Behavior\BuildLiteBehavior [ RunTime:0.000013s ]
INFO: [ app_init ] --END-- [ RunTime:0.000278s ]
INFO: [ app_begin ] --START--
INFO: Run Behavior\ReadHtmlCacheBehavior [ RunTime:0.000325s ]
INFO: [ app_begin ] --END-- [ RunTime:0.000363s ]
INFO: [ app_end ] --START--
INFO: Run Behavior\ShowPageTraceBehavior [ RunTime:0.000547s ]
INFO: [ app_end ] --END-- [ RunTime:0.000617s ]

[ 2019-09-13T10:29:02+08:00 ] 112.23.54.172 /api/login
INFO: [ app_init ] --START--
INFO: Run Behavior\BuildLiteBehavior [ RunTime:0.000022s ]
INFO: [ app_init ] --END-- [ RunTime:0.000350s ]
INFO: [ app_begin ] --START--
INFO: Run Behavior\ReadHtmlCacheBehavior [ RunTime:0.000415s ]
INFO: [ app_begin ] --END-- [ RunTime:0.000471s ]

[ 2019-09-13T10:29:10+08:00 ] 112.23.54.172 /api/face
INFO: [ app_init ] --START--
INFO: Run Behavior\BuildLiteBehavior [ RunTime:0.000020s ]
INFO: [ app_init ] --END-- [ RunTime:0.000345s ]
INFO: [ app_begin ] --START--
INFO: Run Behavior\ReadHtmlCacheBehavior [ RunTime:0.000456s ]
INFO: [ app_begin ] --END-- [ RunTime:0.000537s ]
NOTIC: [8] Undefined index: test /home/wwwroot/pay/domain/hzf.xiaohouzhi.com/web/App/Pays/Controller/FaceApiController.class.php 第 40 行.

[ 2019-09-13T10:29:14+08:00 ] 112.23.54.172 /api/face
INFO: [ app_init ] --START--
INFO: Run Behavior\BuildLiteBehavior [ RunTime:0.000022s ]
INFO: [ app_init ] --END-- [ RunTime:0.000268s ]
INFO: [ app_begin ] --START--
INFO: Run Behavior\ReadHtmlCacheBehavior [ RunTime:0.000356s ]
INFO: [ app_begin ] --END-- [ RunTime:0.000401s ]
NOTIC: [8] Undefined index: test /home/wwwroot/pay/domain/hzf.xiaohouzhi.com/web/App/Pays/Controller/FaceApiController.class.php 第 40 行.

[ 2019-09-13T10:29:32+08:00 ] 112.23.54.172 /api/face
INFO: [ app_init ] --START--
INFO: Run Behavior\BuildLiteBehavior [ RunTime:0.000017s ]
INFO: [ app_init ] --END-- [ RunTime:0.000306s ]
INFO: [ app_begin ] --START--
INFO: Run Behavior\ReadHtmlCacheBehavior [ RunTime:0.000310s ]
INFO: [ app_begin ] --END-- [ RunTime:0.000353s ]
NOTIC: [8] Undefined index: test /home/wwwroot/pay/domain/hzf.xiaohouzhi.com/web/App/Pays/Controller/FaceApiController.class.php 第 40 行.

[ 2019-09-13T10:29:45+08:00 ] 112.23.54.172 /api/face
INFO: [ app_init ] --START--
INFO: Run Behavior\BuildLiteBehavior [ RunTime:0.000014s ]
INFO: [ app_init ] --END-- [ RunTime:0.000240s ]
INFO: [ app_begin ] --START--
INFO: Run Behavior\ReadHtmlCacheBehavior [ RunTime:0.000432s ]
INFO: [ app_begin ] --END-- [ RunTime:0.000489s ]
NOTIC: [8] Undefined index: test /home/wwwroot/pay/domain/hzf.xiaohouzhi.com/web/App/Pays/Controller/FaceApiController.class.php 第 40 行.
NOTIC: [8] Array to string conversion /home/wwwroot/pay/domain/hzf.xiaohouzhi.com/web/App/Pays/Controller/FaceApiController.class.php 第 88 行.

[ 2019-09-13T10:30:05+08:00 ] 112.23.54.172 /api/face
INFO: [ app_init ] --START--
INFO: Run Behavior\BuildLiteBehavior [ RunTime:0.000014s ]
INFO: [ app_init ] --END-- [ RunTime:0.000272s ]
INFO: [ app_begin ] --START--
INFO: Run Behavior\ReadHtmlCacheBehavior [ RunTime:0.000332s ]
INFO: [ app_begin ] --END-- [ RunTime:0.000382s ]
NOTIC: [8] Undefined index: test /home/wwwroot/pay/domain/hzf.xiaohouzhi.com/web/App/Pays/Controller/FaceApiController.class.php 第 40 行.
NOTIC: [8] Array to string conversion /home/wwwroot/pay/domain/hzf.xiaohouzhi.com/web/App/Pays/Controller/FaceApiController.class.php 第 88 行.

[ 2019-09-13T10:30:14+08:00 ] 112.23.54.172 /api/face
INFO: [ app_init ] --START--
INFO: Run Behavior\BuildLiteBehavior [ RunTime:0.000013s ]
INFO: [ app_init ] --END-- [ RunTime:0.000234s ]
INFO: [ app_begin ] --START--
INFO: Run Behavior\ReadHtmlCacheBehavior [ RunTime:0.000298s ]
INFO: [ app_begin ] --END-- [ RunTime:0.000337s ]
NOTIC: [8] Undefined index: test /home/wwwroot/pay/domain/hzf.xiaohouzhi.com/web/App/Pays/Controller/FaceApiController.class.php 第 40 行.
NOTIC: [8] Array to string conversion /home/wwwroot/pay/domain/hzf.xiaohouzhi.com/web/App/Pays/Controller/FaceApiController.class.php 第 88 行.

[ 2019-09-13T10:30:32+08:00 ] 112.23.54.172 /api/face
INFO: [ app_init ] --START--
INFO: Run Behavior\BuildLiteBehavior [ RunTime:0.000021s ]
INFO: [ app_init ] --END-- [ RunTime:0.000369s ]
INFO: [ app_begin ] --START--
INFO: Run Behavior\ReadHtmlCacheBehavior [ RunTime:0.000313s ]
INFO: [ app_begin ] --END-- [ RunTime:0.000356s ]
NOTIC: [8] Undefined index: test /home/wwwroot/pay/domain/hzf.xiaohouzhi.com/web/App/Pays/Controller/FaceApiController.class.php 第 40 行.
NOTIC: [8] Array to string conversion /home/wwwroot/pay/domain/hzf.xiaohouzhi.com/web/App/Pays/Controller/FaceApiController.class.php 第 88 行.

[ 2019-09-13T10:30:43+08:00 ] 112.23.54.172 /api/face
INFO: [ app_init ] --START--
INFO: Run Behavior\BuildLiteBehavior [ RunTime:0.000018s ]
INFO: [ app_init ] --END-- [ RunTime:0.000336s ]
INFO: [ app_begin ] --START--
INFO: Run Behavior\ReadHtmlCacheBehavior [ RunTime:0.000409s ]
INFO: [ app_begin ] --END-- [ RunTime:0.000463s ]
NOTIC: [8] Undefined index: test /home/wwwroot/pay/domain/hzf.xiaohouzhi.com/web/App/Pays/Controller/FaceApiController.class.php 第 40 行.
NOTIC: [8] Array to string conversion /home/wwwroot/pay/domain/hzf.xiaohouzhi.com/web/App/Pays/Controller/FaceApiController.class.php 第 88 行.

[ 2019-09-13T10:30:59+08:00 ] 112.23.54.172 /api/face
INFO: [ app_init ] --START--
INFO: Run Behavior\BuildLiteBehavior [ RunTime:0.000028s ]
INFO: [ app_init ] --END-- [ RunTime:0.000452s ]
INFO: [ app_begin ] --START--
INFO: Run Behavior\ReadHtmlCacheBehavior [ RunTime:0.000458s ]
INFO: [ app_begin ] --END-- [ RunTime:0.000527s ]
NOTIC: [8] Undefined index: test /home/wwwroot/pay/domain/hzf.xiaohouzhi.com/web/App/Pays/Controller/FaceApiController.class.php 第 40 行.
NOTIC: [8] Array to string conversion /home/wwwroot/pay/domain/hzf.xiaohouzhi.com/web/App/Pays/Controller/FaceApiController.class.php 第 88 行.

[ 2019-09-13T10:31:11+08:00 ] 112.23.54.172 /api/face
INFO: [ app_init ] --START--
INFO: Run Behavior\BuildLiteBehavior [ RunTime:0.000025s ]
INFO: [ app_init ] --END-- [ RunTime:0.000308s ]
INFO: [ app_begin ] --START--
INFO: Run Behavior\ReadHtmlCacheBehavior [ RunTime:0.000376s ]
INFO: [ app_begin ] --END-- [ RunTime:0.000422s ]
NOTIC: [8] Undefined index: test /home/wwwroot/pay/domain/hzf.xiaohouzhi.com/web/App/Pays/Controller/FaceApiController.class.php 第 40 行.
NOTIC: [8] Array to string conversion /home/wwwroot/pay/domain/hzf.xiaohouzhi.com/web/App/Pays/Controller/FaceApiController.class.php 第 88 行.

[ 2019-09-13T10:31:18+08:00 ] 112.23.54.172 /api/face
INFO: [ app_init ] --START--
INFO: Run Behavior\BuildLiteBehavior [ RunTime:0.000015s ]
INFO: [ app_init ] --END-- [ RunTime:0.000281s ]
INFO: [ app_begin ] --START--
INFO: Run Behavior\ReadHtmlCacheBehavior [ RunTime:0.000301s ]
INFO: [ app_begin ] --END-- [ RunTime:0.000342s ]
NOTIC: [8] Undefined index: test /home/wwwroot/pay/domain/hzf.xiaohouzhi.com/web/App/Pays/Controller/FaceApiController.class.php 第 40 行.
NOTIC: [8] Array to string conversion /home/wwwroot/pay/domain/hzf.xiaohouzhi.com/web/App/Pays/Controller/FaceApiController.class.php 第 88 行.

[ 2019-09-13T10:31:31+08:00 ] 112.23.54.172 /api/face
INFO: [ app_init ] --START--
INFO: Run Behavior\BuildLiteBehavior [ RunTime:0.000026s ]
INFO: [ app_init ] --END-- [ RunTime:0.000399s ]
INFO: [ app_begin ] --START--
INFO: Run Behavior\ReadHtmlCacheBehavior [ RunTime:0.000421s ]
INFO: [ app_begin ] --END-- [ RunTime:0.000478s ]
NOTIC: [8] Undefined index: test /home/wwwroot/pay/domain/hzf.xiaohouzhi.com/web/App/Pays/Controller/FaceApiController.class.php 第 40 行.
NOTIC: [8] Array to string conversion /home/wwwroot/pay/domain/hzf.xiaohouzhi.com/web/App/Pays/Controller/FaceApiController.class.php 第 88 行.

[ 2019-09-13T15:14:18+08:00 ] 60.186.61.223 /EQ/P62667626
INFO: [ app_init ] --START--
INFO: Run Behavior\BuildLiteBehavior [ RunTime:0.000018s ]
INFO: [ app_init ] --END-- [ RunTime:0.000330s ]
INFO: [ app_begin ] --START--
INFO: Run Behavior\ReadHtmlCacheBehavior [ RunTime:0.000410s ]
INFO: [ app_begin ] --END-- [ RunTime:0.000453s ]

[ 2019-09-13T15:14:18+08:00 ] 60.186.61.223 /EQM/P62667626
INFO: [ app_init ] --START--
INFO: Run Behavior\BuildLiteBehavior [ RunTime:0.000014s ]
INFO: [ app_init ] --END-- [ RunTime:0.000279s ]
INFO: [ app_begin ] --START--
INFO: Run Behavior\ReadHtmlCacheBehavior [ RunTime:0.000279s ]
INFO: [ app_begin ] --END-- [ RunTime:0.000309s ]

[ 2019-09-13T15:14:20+08:00 ] 60.186.61.223 /EQM/P62667626?code=0214G2MD09vwzj2k9qND09F6MD04G2Mk&state=Pays
INFO: [ app_init ] --START--
INFO: Run Behavior\BuildLiteBehavior [ RunTime:0.000020s ]
INFO: [ app_init ] --END-- [ RunTime:0.000271s ]
INFO: [ app_begin ] --START--
INFO: Run Behavior\ReadHtmlCacheBehavior [ RunTime:0.000313s ]
INFO: [ app_begin ] --END-- [ RunTime:0.000345s ]

[ 2019-09-13T15:14:20+08:00 ] 60.186.61.223 /Pays/MchReg/index
INFO: [ app_init ] --START--
INFO: Run Behavior\BuildLiteBehavior [ RunTime:0.000022s ]
INFO: [ app_init ] --END-- [ RunTime:0.000372s ]
INFO: [ app_begin ] --START--
INFO: Run Behavior\ReadHtmlCacheBehavior [ RunTime:0.000444s ]
INFO: [ app_begin ] --END-- [ RunTime:0.000492s ]
NOTIC: [8] Undefined variable: timestamp /home/wwwroot/pay/domain/hzf.xiaohouzhi.com/web/App/Pays/Controller/MchRegController.class.php 第 1022 行.
NOTIC: [8] Undefined variable: noncestr /home/wwwroot/pay/domain/hzf.xiaohouzhi.com/web/App/Pays/Controller/MchRegController.class.php 第 1022 行.
NOTIC: [8] Undefined variable: appid /home/wwwroot/pay/domain/hzf.xiaohouzhi.com/web/App/Pays/Controller/MchRegController.class.php 第 1022 行.
INFO: [ view_parse ] --START--
INFO: [ template_filter ] --START--
INFO: Run Behavior\ContentReplaceBehavior [ RunTime:0.000061s ]
INFO: [ template_filter ] --END-- [ RunTime:0.000131s ]
INFO: Run Behavior\ParseTemplateBehavior [ RunTime:0.007900s ]
INFO: [ view_parse ] --END-- [ RunTime:0.007992s ]
INFO: [ view_filter ] --START--
INFO: Run Behavior\WriteHtmlCacheBehavior [ RunTime:0.000124s ]
INFO: Run Behavior\TokenBuildBehavior [ RunTime:0.000342s ]
INFO: [ view_filter ] --END-- [ RunTime:0.000520s ]
INFO: [ app_end ] --START--
INFO: Run Behavior\ShowPageTraceBehavior [ RunTime:0.000602s ]
INFO: [ app_end ] --END-- [ RunTime:0.000655s ]

[ 2019-09-13T15:14:26+08:00 ] 60.186.61.223 /Pays/MchReg/MchPar
INFO: [ app_init ] --START--
INFO: Run Behavior\BuildLiteBehavior [ RunTime:0.000018s ]
INFO: [ app_init ] --END-- [ RunTime:0.000272s ]
INFO: [ app_begin ] --START--
INFO: Run Behavior\ReadHtmlCacheBehavior [ RunTime:0.000286s ]
INFO: [ app_begin ] --END-- [ RunTime:0.000316s ]
NOTIC: [8] Undefined variable: timestamp /home/wwwroot/pay/domain/hzf.xiaohouzhi.com/web/App/Pays/Controller/MchRegController.class.php 第 1022 行.
NOTIC: [8] Undefined variable: noncestr /home/wwwroot/pay/domain/hzf.xiaohouzhi.com/web/App/Pays/Controller/MchRegController.class.php 第 1022 行.
NOTIC: [8] Undefined variable: appid /home/wwwroot/pay/domain/hzf.xiaohouzhi.com/web/App/Pays/Controller/MchRegController.class.php 第 1022 行.
INFO: [ view_parse ] --START--
INFO: [ template_filter ] --START--
INFO: Run Behavior\ContentReplaceBehavior [ RunTime:0.000284s ]
INFO: [ template_filter ] --END-- [ RunTime:0.000353s ]
NOTIC: [8] Undefined index: vs /home/wwwroot/pay/domain/hzf.xiaohouzhi.com/web/App/Runtime/Cache/Pays/ef3089ab9054d530f3f1e8e4d259d35c.php 第 22 行.
NOTIC: [8] Undefined index: vs /home/wwwroot/pay/domain/hzf.xiaohouzhi.com/web/App/Runtime/Cache/Pays/ef3089ab9054d530f3f1e8e4d259d35c.php 第 40 行.
INFO: Run Behavior\ParseTemplateBehavior [ RunTime:0.014689s ]
INFO: [ view_parse ] --END-- [ RunTime:0.014727s ]
INFO: [ view_filter ] --START--
INFO: Run Behavior\WriteHtmlCacheBehavior [ RunTime:0.000144s ]
INFO: Run Behavior\TokenBuildBehavior [ RunTime:0.000437s ]
INFO: [ view_filter ] --END-- [ RunTime:0.000630s ]
INFO: [ app_end ] --START--
INFO: Run Behavior\ShowPageTraceBehavior [ RunTime:0.000905s ]
INFO: [ app_end ] --END-- [ RunTime:0.000944s ]

[ 2019-09-13T15:14:28+08:00 ] 60.186.61.223 /Pays/MchReg/index
INFO: [ app_init ] --START--
INFO: Run Behavior\BuildLiteBehavior [ RunTime:0.000018s ]
INFO: [ app_init ] --END-- [ RunTime:0.000361s ]
INFO: [ app_begin ] --START--
INFO: Run Behavior\ReadHtmlCacheBehavior [ RunTime:0.000408s ]
INFO: [ app_begin ] --END-- [ RunTime:0.000474s ]
NOTIC: [8] Undefined variable: timestamp /home/wwwroot/pay/domain/hzf.xiaohouzhi.com/web/App/Pays/Controller/MchRegController.class.php 第 1022 行.
NOTIC: [8] Undefined variable: noncestr /home/wwwroot/pay/domain/hzf.xiaohouzhi.com/web/App/Pays/Controller/MchRegController.class.php 第 1022 行.
NOTIC: [8] Undefined variable: appid /home/wwwroot/pay/domain/hzf.xiaohouzhi.com/web/App/Pays/Controller/MchRegController.class.php 第 1022 行.
INFO: [ view_parse ] --START--
INFO: [ template_filter ] --START--
INFO: Run Behavior\ContentReplaceBehavior [ RunTime:0.000074s ]
INFO: [ template_filter ] --END-- [ RunTime:0.000127s ]
INFO: Run Behavior\ParseTemplateBehavior [ RunTime:0.005699s ]
INFO: [ view_parse ] --END-- [ RunTime:0.005739s ]
INFO: [ view_filter ] --START--
INFO: Run Behavior\WriteHtmlCacheBehavior [ RunTime:0.000116s ]
INFO: Run Behavior\TokenBuildBehavior [ RunTime:0.000228s ]
INFO: [ view_filter ] --END-- [ RunTime:0.000388s ]
INFO: [ app_end ] --START--
INFO: Run Behavior\ShowPageTraceBehavior [ RunTime:0.000328s ]
INFO: [ app_end ] --END-- [ RunTime:0.000362s ]

[ 2019-09-13T15:15:18+08:00 ] 101.91.60.11 /EQM/P62667626
INFO: [ app_init ] --START--
INFO: Run Behavior\BuildLiteBehavior [ RunTime:0.000021s ]
INFO: [ app_init ] --END-- [ RunTime:0.000321s ]
INFO: [ app_begin ] --START--
INFO: Run Behavior\ReadHtmlCacheBehavior [ RunTime:0.000345s ]
INFO: [ app_begin ] --END-- [ RunTime:0.000376s ]

[ 2019-09-13T15:15:18+08:00 ] 61.151.207.141 /EQ/P62667626
INFO: [ app_init ] --START--
INFO: Run Behavior\BuildLiteBehavior [ RunTime:0.000015s ]
INFO: [ app_init ] --END-- [ RunTime:0.000290s ]
INFO: [ app_begin ] --START--
INFO: Run Behavior\ReadHtmlCacheBehavior [ RunTime:0.000289s ]
INFO: [ app_begin ] --END-- [ RunTime:0.000334s ]

[ 2019-09-13T15:15:19+08:00 ] 61.151.207.141 /EQM/P62667626
INFO: [ app_init ] --START--
INFO: Run Behavior\BuildLiteBehavior [ RunTime:0.000024s ]
INFO: [ app_init ] --END-- [ RunTime:0.000328s ]
INFO: [ app_begin ] --START--
INFO: Run Behavior\ReadHtmlCacheBehavior [ RunTime:0.000497s ]
INFO: [ app_begin ] --END-- [ RunTime:0.000540s ]

[ 2019-09-13T15:15:23+08:00 ] 101.89.29.86 /Pays/MchReg/index
INFO: [ app_init ] --START--
INFO: Run Behavior\BuildLiteBehavior [ RunTime:0.000013s ]
INFO: [ app_init ] --END-- [ RunTime:0.000232s ]
INFO: [ app_begin ] --START--
INFO: Run Behavior\ReadHtmlCacheBehavior [ RunTime:0.000282s ]
INFO: [ app_begin ] --END-- [ RunTime:0.000328s ]
NOTIC: [8] Undefined index: Reg /home/wwwroot/pay/domain/hzf.xiaohouzhi.com/web/App/Pays/Controller/MchRegController.class.php 第 12 行.
NOTIC: [8] Undefined variable: timestamp /home/wwwroot/pay/domain/hzf.xiaohouzhi.com/web/App/Pays/Controller/MchRegController.class.php 第 1022 行.
NOTIC: [8] Undefined variable: noncestr /home/wwwroot/pay/domain/hzf.xiaohouzhi.com/web/App/Pays/Controller/MchRegController.class.php 第 1022 行.
NOTIC: [8] Undefined variable: appid /home/wwwroot/pay/domain/hzf.xiaohouzhi.com/web/App/Pays/Controller/MchRegController.class.php 第 1022 行.
INFO: [ view_parse ] --START--
INFO: [ template_filter ] --START--
INFO: Run Behavior\ContentReplaceBehavior [ RunTime:0.000055s ]
INFO: [ template_filter ] --END-- [ RunTime:0.000103s ]
NOTIC: [8] Undefined index: Reg /home/wwwroot/pay/domain/hzf.xiaohouzhi.com/web/App/Runtime/Cache/Pays/6469566351bfff45a88d8950c1d68dd5.php 第 32 行.
NOTIC: [8] Undefined index: Reg /home/wwwroot/pay/domain/hzf.xiaohouzhi.com/web/App/Runtime/Cache/Pays/6469566351bfff45a88d8950c1d68dd5.php 第 35 行.
NOTIC: [8] Undefined index: Reg /home/wwwroot/pay/domain/hzf.xiaohouzhi.com/web/App/Runtime/Cache/Pays/6469566351bfff45a88d8950c1d68dd5.php 第 43 行.
NOTIC: [8] Undefined index: Reg /home/wwwroot/pay/domain/hzf.xiaohouzhi.com/web/App/Runtime/Cache/Pays/6469566351bfff45a88d8950c1d68dd5.php 第 43 行.
NOTIC: [8] Undefined index: Reg /home/wwwroot/pay/domain/hzf.xiaohouzhi.com/web/App/Runtime/Cache/Pays/6469566351bfff45a88d8950c1d68dd5.php 第 43 行.
INFO: Run Behavior\ParseTemplateBehavior [ RunTime:0.005951s ]
INFO: [ view_parse ] --END-- [ RunTime:0.005994s ]
INFO: [ view_filter ] --START--
INFO: Run Behavior\WriteHtmlCacheBehavior [ RunTime:0.000113s ]
INFO: Run Behavior\TokenBuildBehavior [ RunTime:0.000233s ]
INFO: [ view_filter ] --END-- [ RunTime:0.000387s ]
INFO: [ app_end ] --START--
INFO: Run Behavior\ShowPageTraceBehavior [ RunTime:0.000440s ]
INFO: [ app_end ] --END-- [ RunTime:0.000475s ]

[ 2019-09-13T15:15:26+08:00 ] 101.89.29.97 /Pays/MchReg/MchPar
INFO: [ app_init ] --START--
INFO: Run Behavior\BuildLiteBehavior [ RunTime:0.000015s ]
INFO: [ app_init ] --END-- [ RunTime:0.000276s ]
INFO: [ app_begin ] --START--
INFO: Run Behavior\ReadHtmlCacheBehavior [ RunTime:0.000365s ]
INFO: [ app_begin ] --END-- [ RunTime:0.000398s ]
NOTIC: [8] Undefined index: Reg /home/wwwroot/pay/domain/hzf.xiaohouzhi.com/web/App/Pays/Controller/MchRegController.class.php 第 12 行.
NOTIC: [8] Undefined variable: timestamp /home/wwwroot/pay/domain/hzf.xiaohouzhi.com/web/App/Pays/Controller/MchRegController.class.php 第 1022 行.
NOTIC: [8] Undefined variable: noncestr /home/wwwroot/pay/domain/hzf.xiaohouzhi.com/web/App/Pays/Controller/MchRegController.class.php 第 1022 行.
NOTIC: [8] Undefined variable: appid /home/wwwroot/pay/domain/hzf.xiaohouzhi.com/web/App/Pays/Controller/MchRegController.class.php 第 1022 行.
INFO: [ view_parse ] --START--
INFO: [ template_filter ] --START--
INFO: Run Behavior\ContentReplaceBehavior [ RunTime:0.000179s ]
INFO: [ template_filter ] --END-- [ RunTime:0.000254s ]
NOTIC: [8] Undefined index: vs /home/wwwroot/pay/domain/hzf.xiaohouzhi.com/web/App/Runtime/Cache/Pays/ef3089ab9054d530f3f1e8e4d259d35c.php 第 22 行.
NOTIC: [8] Undefined index: vs /home/wwwroot/pay/domain/hzf.xiaohouzhi.com/web/App/Runtime/Cache/Pays/ef3089ab9054d530f3f1e8e4d259d35c.php 第 40 行.
NOTIC: [8] Undefined index: Reg /home/wwwroot/pay/domain/hzf.xiaohouzhi.com/web/App/Runtime/Cache/Pays/ef3089ab9054d530f3f1e8e4d259d35c.php 第 43 行.
NOTIC: [8] Undefined index: Reg /home/wwwroot/pay/domain/hzf.xiaohouzhi.com/web/App/Runtime/Cache/Pays/ef3089ab9054d530f3f1e8e4d259d35c.php 第 46 行.
NOTIC: [8] Undefined index: Reg /home/wwwroot/pay/domain/hzf.xiaohouzhi.com/web/App/Runtime/Cache/Pays/ef3089ab9054d530f3f1e8e4d259d35c.php 第 47 行.
NOTIC: [8] Undefined index: Reg /home/wwwroot/pay/domain/hzf.xiaohouzhi.com/web/App/Runtime/Cache/Pays/ef3089ab9054d530f3f1e8e4d259d35c.php 第 48 行.
NOTIC: [8] Undefined index: Reg /home/wwwroot/pay/domain/hzf.xiaohouzhi.com/web/App/Runtime/Cache/Pays/ef3089ab9054d530f3f1e8e4d259d35c.php 第 49 行.
NOTIC: [8] Undefined index: Reg /home/wwwroot/pay/domain/hzf.xiaohouzhi.com/web/App/Runtime/Cache/Pays/ef3089ab9054d530f3f1e8e4d259d35c.php 第 468 行.
INFO: Run Behavior\ParseTemplateBehavior [ RunTime:0.014477s ]
INFO: [ view_parse ] --END-- [ RunTime:0.014516s ]
INFO: [ view_filter ] --START--
INFO: Run Behavior\WriteHtmlCacheBehavior [ RunTime:0.000142s ]
INFO: Run Behavior\TokenBuildBehavior [ RunTime:0.000503s ]
INFO: [ view_filter ] --END-- [ RunTime:0.000696s ]
INFO: [ app_end ] --START--
INFO: Run Behavior\ShowPageTraceBehavior [ RunTime:0.000359s ]
INFO: [ app_end ] --END-- [ RunTime:0.000392s ]

