[ 2019-09-12T01:15:07+08:00 ] 212.64.82.146 /api/login
INFO: [ app_init ] --START--
INFO: Run Behavior\BuildLiteBehavior [ RunTime:0.000012s ]
INFO: [ app_init ] --END-- [ RunTime:0.000269s ]
INFO: [ app_begin ] --START--
INFO: Run Behavior\ReadHtmlCacheBehavior [ RunTime:0.000266s ]
INFO: [ app_begin ] --END-- [ RunTime:0.000301s ]

[ 2019-09-12T01:15:08+08:00 ] 212.64.82.146 /api/face
INFO: [ app_init ] --START--
INFO: Run Behavior\BuildLiteBehavior [ RunTime:0.000013s ]
INFO: [ app_init ] --END-- [ RunTime:0.000310s ]
INFO: [ app_begin ] --START--
INFO: Run Behavior\ReadHtmlCacheBehavior [ RunTime:0.000407s ]
INFO: [ app_begin ] --END-- [ RunTime:0.000463s ]
NOTIC: [8] Undefined index: store_id /home/wwwroot/pay/domain/hzf.xiaohouzhi.com/web/App/Pays/Controller/FaceApiController.class.php 第 27 行.
NOTIC: [8] Undefined index: test /home/wwwroot/pay/domain/hzf.xiaohouzhi.com/web/App/Pays/Controller/FaceApiController.class.php 第 40 行.
NOTIC: [8] Undefined index: store_id /home/wwwroot/pay/domain/hzf.xiaohouzhi.com/web/App/Pays/Controller/FaceMchController.class.php 第 57 行.

[ 2019-09-12T01:15:08+08:00 ] 212.64.82.146 /api/face
INFO: [ app_init ] --START--
INFO: Run Behavior\BuildLiteBehavior [ RunTime:0.000010s ]
INFO: [ app_init ] --END-- [ RunTime:0.000216s ]
INFO: [ app_begin ] --START--
INFO: Run Behavior\ReadHtmlCacheBehavior [ RunTime:0.000253s ]
INFO: [ app_begin ] --END-- [ RunTime:0.000283s ]
NOTIC: [8] Undefined index: store_id /home/wwwroot/pay/domain/hzf.xiaohouzhi.com/web/App/Pays/Controller/FaceApiController.class.php 第 27 行.
NOTIC: [8] Undefined index: test /home/wwwroot/pay/domain/hzf.xiaohouzhi.com/web/App/Pays/Controller/FaceApiController.class.php 第 40 行.
NOTIC: [8] Undefined index: store_id /home/wwwroot/pay/domain/hzf.xiaohouzhi.com/web/App/Pays/Controller/FaceMchController.class.php 第 122 行.
NOTIC: [8] Undefined index: service /home/wwwroot/pay/domain/hzf.xiaohouzhi.com/web/App/Pays/Controller/FaceMchController.class.php 第 150 行.
NOTIC: [8] Undefined index: service /home/wwwroot/pay/domain/hzf.xiaohouzhi.com/web/App/Pays/Controller/FaceMchController.class.php 第 151 行.

[ 2019-09-12T01:15:13+08:00 ] 212.64.82.146 /api/face
INFO: [ app_init ] --START--
INFO: Run Behavior\BuildLiteBehavior [ RunTime:0.000014s ]
INFO: [ app_init ] --END-- [ RunTime:0.000256s ]
INFO: [ app_begin ] --START--
INFO: Run Behavior\ReadHtmlCacheBehavior [ RunTime:0.000247s ]
INFO: [ app_begin ] --END-- [ RunTime:0.000277s ]
NOTIC: [8] Undefined index: store_id /home/wwwroot/pay/domain/hzf.xiaohouzhi.com/web/App/Pays/Controller/FaceApiController.class.php 第 27 行.
NOTIC: [8] Undefined index: test /home/wwwroot/pay/domain/hzf.xiaohouzhi.com/web/App/Pays/Controller/FaceApiController.class.php 第 40 行.
NOTIC: [8] Undefined index: store_id /home/wwwroot/pay/domain/hzf.xiaohouzhi.com/web/App/Pays/Controller/FaceMchController.class.php 第 57 行.

[ 2019-09-12T01:15:13+08:00 ] 212.64.82.146 /api/face
INFO: [ app_init ] --START--
INFO: Run Behavior\BuildLiteBehavior [ RunTime:0.000010s ]
INFO: [ app_init ] --END-- [ RunTime:0.000198s ]
INFO: [ app_begin ] --START--
INFO: Run Behavior\ReadHtmlCacheBehavior [ RunTime:0.000265s ]
INFO: [ app_begin ] --END-- [ RunTime:0.000295s ]
NOTIC: [8] Undefined index: store_id /home/wwwroot/pay/domain/hzf.xiaohouzhi.com/web/App/Pays/Controller/FaceApiController.class.php 第 27 行.
NOTIC: [8] Undefined index: test /home/wwwroot/pay/domain/hzf.xiaohouzhi.com/web/App/Pays/Controller/FaceApiController.class.php 第 40 行.
NOTIC: [8] Undefined index: store_id /home/wwwroot/pay/domain/hzf.xiaohouzhi.com/web/App/Pays/Controller/FaceMchController.class.php 第 122 行.
NOTIC: [8] Undefined index: service /home/wwwroot/pay/domain/hzf.xiaohouzhi.com/web/App/Pays/Controller/FaceMchController.class.php 第 150 行.
NOTIC: [8] Undefined index: service /home/wwwroot/pay/domain/hzf.xiaohouzhi.com/web/App/Pays/Controller/FaceMchController.class.php 第 151 行.

[ 2019-09-12T06:55:42+08:00 ] 112.23.54.130 /api/face
INFO: [ app_init ] --START--
INFO: Run Behavior\BuildLiteBehavior [ RunTime:0.000019s ]
INFO: [ app_init ] --END-- [ RunTime:0.000363s ]
INFO: [ app_begin ] --START--
INFO: Run Behavior\ReadHtmlCacheBehavior [ RunTime:0.000278s ]
INFO: [ app_begin ] --END-- [ RunTime:0.000313s ]
NOTIC: [8] Undefined index: test /home/wwwroot/pay/domain/hzf.xiaohouzhi.com/web/App/Pays/Controller/FaceApiController.class.php 第 40 行.

[ 2019-09-12T06:55:42+08:00 ] 112.23.54.130 /api/face
INFO: [ app_init ] --START--
INFO: Run Behavior\BuildLiteBehavior [ RunTime:0.000011s ]
INFO: [ app_init ] --END-- [ RunTime:0.000206s ]
INFO: [ app_begin ] --START--
INFO: Run Behavior\ReadHtmlCacheBehavior [ RunTime:0.000257s ]
INFO: [ app_begin ] --END-- [ RunTime:0.000291s ]
NOTIC: [8] Undefined index: test /home/wwwroot/pay/domain/hzf.xiaohouzhi.com/web/App/Pays/Controller/FaceApiController.class.php 第 40 行.

[ 2019-09-12T06:55:43+08:00 ] 112.23.54.130 /api/face
INFO: [ app_init ] --START--
INFO: Run Behavior\BuildLiteBehavior [ RunTime:0.000011s ]
INFO: [ app_init ] --END-- [ RunTime:0.000368s ]
INFO: [ app_begin ] --START--
INFO: Run Behavior\ReadHtmlCacheBehavior [ RunTime:0.000373s ]
INFO: [ app_begin ] --END-- [ RunTime:0.000452s ]
NOTIC: [8] Undefined index: test /home/wwwroot/pay/domain/hzf.xiaohouzhi.com/web/App/Pays/Controller/FaceApiController.class.php 第 40 行.

[ 2019-09-12T06:55:43+08:00 ] 112.23.54.130 /api/face
INFO: [ app_init ] --START--
INFO: Run Behavior\BuildLiteBehavior [ RunTime:0.000031s ]
INFO: [ app_init ] --END-- [ RunTime:0.000338s ]
INFO: [ app_begin ] --START--
INFO: Run Behavior\ReadHtmlCacheBehavior [ RunTime:0.000459s ]
INFO: [ app_begin ] --END-- [ RunTime:0.000510s ]
NOTIC: [8] Undefined index: test /home/wwwroot/pay/domain/hzf.xiaohouzhi.com/web/App/Pays/Controller/FaceApiController.class.php 第 40 行.

[ 2019-09-12T06:55:44+08:00 ] 112.23.54.130 /api/face
INFO: [ app_init ] --START--
INFO: Run Behavior\BuildLiteBehavior [ RunTime:0.000010s ]
INFO: [ app_init ] --END-- [ RunTime:0.000224s ]
INFO: [ app_begin ] --START--
INFO: Run Behavior\ReadHtmlCacheBehavior [ RunTime:0.000273s ]
INFO: [ app_begin ] --END-- [ RunTime:0.000308s ]
NOTIC: [8] Undefined index: test /home/wwwroot/pay/domain/hzf.xiaohouzhi.com/web/App/Pays/Controller/FaceApiController.class.php 第 40 行.

[ 2019-09-12T06:55:44+08:00 ] 112.23.54.130 /api/face
INFO: [ app_init ] --START--
INFO: Run Behavior\BuildLiteBehavior [ RunTime:0.000013s ]
INFO: [ app_init ] --END-- [ RunTime:0.000299s ]
INFO: [ app_begin ] --START--
INFO: Run Behavior\ReadHtmlCacheBehavior [ RunTime:0.000370s ]
INFO: [ app_begin ] --END-- [ RunTime:0.000418s ]
NOTIC: [8] Undefined index: test /home/wwwroot/pay/domain/hzf.xiaohouzhi.com/web/App/Pays/Controller/FaceApiController.class.php 第 40 行.

[ 2019-09-12T06:55:44+08:00 ] 112.23.54.130 /api/face
INFO: [ app_init ] --START--
INFO: Run Behavior\BuildLiteBehavior [ RunTime:0.000016s ]
INFO: [ app_init ] --END-- [ RunTime:0.000343s ]
INFO: [ app_begin ] --START--
INFO: Run Behavior\ReadHtmlCacheBehavior [ RunTime:0.000390s ]
INFO: [ app_begin ] --END-- [ RunTime:0.000439s ]
NOTIC: [8] Undefined index: test /home/wwwroot/pay/domain/hzf.xiaohouzhi.com/web/App/Pays/Controller/FaceApiController.class.php 第 40 行.

[ 2019-09-12T06:55:44+08:00 ] 112.23.54.130 /api/face
INFO: [ app_init ] --START--
INFO: Run Behavior\BuildLiteBehavior [ RunTime:0.000016s ]
INFO: [ app_init ] --END-- [ RunTime:0.000320s ]
INFO: [ app_begin ] --START--
INFO: Run Behavior\ReadHtmlCacheBehavior [ RunTime:0.000390s ]
INFO: [ app_begin ] --END-- [ RunTime:0.000445s ]
NOTIC: [8] Undefined index: test /home/wwwroot/pay/domain/hzf.xiaohouzhi.com/web/App/Pays/Controller/FaceApiController.class.php 第 40 行.

[ 2019-09-12T06:55:44+08:00 ] 112.23.54.130 /api/face
INFO: [ app_init ] --START--
INFO: Run Behavior\BuildLiteBehavior [ RunTime:0.000009s ]
INFO: [ app_init ] --END-- [ RunTime:0.000199s ]
INFO: [ app_begin ] --START--
INFO: Run Behavior\ReadHtmlCacheBehavior [ RunTime:0.000279s ]
INFO: [ app_begin ] --END-- [ RunTime:0.000314s ]
NOTIC: [8] Undefined index: test /home/wwwroot/pay/domain/hzf.xiaohouzhi.com/web/App/Pays/Controller/FaceApiController.class.php 第 40 行.

[ 2019-09-12T06:55:44+08:00 ] 112.23.54.130 /api/face
INFO: [ app_init ] --START--
INFO: Run Behavior\BuildLiteBehavior [ RunTime:0.000011s ]
INFO: [ app_init ] --END-- [ RunTime:0.000207s ]
INFO: [ app_begin ] --START--
INFO: Run Behavior\ReadHtmlCacheBehavior [ RunTime:0.000280s ]
INFO: [ app_begin ] --END-- [ RunTime:0.000315s ]
NOTIC: [8] Undefined index: test /home/wwwroot/pay/domain/hzf.xiaohouzhi.com/web/App/Pays/Controller/FaceApiController.class.php 第 40 行.

[ 2019-09-12T06:55:44+08:00 ] 112.23.54.130 /api/face
INFO: [ app_init ] --START--
INFO: Run Behavior\BuildLiteBehavior [ RunTime:0.000014s ]
INFO: [ app_init ] --END-- [ RunTime:0.000295s ]
INFO: [ app_begin ] --START--
INFO: Run Behavior\ReadHtmlCacheBehavior [ RunTime:0.000373s ]
INFO: [ app_begin ] --END-- [ RunTime:0.000422s ]
NOTIC: [8] Undefined index: test /home/wwwroot/pay/domain/hzf.xiaohouzhi.com/web/App/Pays/Controller/FaceApiController.class.php 第 40 行.

[ 2019-09-12T06:55:44+08:00 ] 112.23.54.130 /api/face
INFO: [ app_init ] --START--
INFO: Run Behavior\BuildLiteBehavior [ RunTime:0.000012s ]
INFO: [ app_init ] --END-- [ RunTime:0.000274s ]
INFO: [ app_begin ] --START--
INFO: Run Behavior\ReadHtmlCacheBehavior [ RunTime:0.000361s ]
INFO: [ app_begin ] --END-- [ RunTime:0.000411s ]
NOTIC: [8] Undefined index: test /home/wwwroot/pay/domain/hzf.xiaohouzhi.com/web/App/Pays/Controller/FaceApiController.class.php 第 40 行.

[ 2019-09-12T06:55:54+08:00 ] 112.23.54.130 /api/face
INFO: [ app_init ] --START--
INFO: Run Behavior\BuildLiteBehavior [ RunTime:0.000010s ]
INFO: [ app_init ] --END-- [ RunTime:0.000203s ]
INFO: [ app_begin ] --START--
INFO: Run Behavior\ReadHtmlCacheBehavior [ RunTime:0.000271s ]
INFO: [ app_begin ] --END-- [ RunTime:0.000307s ]
NOTIC: [8] Undefined index: test /home/wwwroot/pay/domain/hzf.xiaohouzhi.com/web/App/Pays/Controller/FaceApiController.class.php 第 40 行.

[ 2019-09-12T06:55:54+08:00 ] 112.23.54.130 /api/face
INFO: [ app_init ] --START--
INFO: Run Behavior\BuildLiteBehavior [ RunTime:0.000014s ]
INFO: [ app_init ] --END-- [ RunTime:0.000322s ]
INFO: [ app_begin ] --START--
INFO: Run Behavior\ReadHtmlCacheBehavior [ RunTime:0.000380s ]
INFO: [ app_begin ] --END-- [ RunTime:0.000429s ]
NOTIC: [8] Undefined index: test /home/wwwroot/pay/domain/hzf.xiaohouzhi.com/web/App/Pays/Controller/FaceApiController.class.php 第 40 行.

[ 2019-09-12T06:55:54+08:00 ] 112.23.54.130 /api/face
INFO: [ app_init ] --START--
INFO: Run Behavior\BuildLiteBehavior [ RunTime:0.000014s ]
INFO: [ app_init ] --END-- [ RunTime:0.000283s ]
INFO: [ app_begin ] --START--
INFO: Run Behavior\ReadHtmlCacheBehavior [ RunTime:0.000370s ]
INFO: [ app_begin ] --END-- [ RunTime:0.000425s ]
NOTIC: [8] Undefined index: test /home/wwwroot/pay/domain/hzf.xiaohouzhi.com/web/App/Pays/Controller/FaceApiController.class.php 第 40 行.

[ 2019-09-12T06:55:54+08:00 ] 112.23.54.130 /api/face
INFO: [ app_init ] --START--
INFO: Run Behavior\BuildLiteBehavior [ RunTime:0.000013s ]
INFO: [ app_init ] --END-- [ RunTime:0.000291s ]
INFO: [ app_begin ] --START--
INFO: Run Behavior\ReadHtmlCacheBehavior [ RunTime:0.000371s ]
INFO: [ app_begin ] --END-- [ RunTime:0.000421s ]
NOTIC: [8] Undefined index: test /home/wwwroot/pay/domain/hzf.xiaohouzhi.com/web/App/Pays/Controller/FaceApiController.class.php 第 40 行.

[ 2019-09-12T06:55:54+08:00 ] 112.23.54.130 /api/face
INFO: [ app_init ] --START--
INFO: Run Behavior\BuildLiteBehavior [ RunTime:0.000015s ]
INFO: [ app_init ] --END-- [ RunTime:0.000307s ]
INFO: [ app_begin ] --START--
INFO: Run Behavior\ReadHtmlCacheBehavior [ RunTime:0.000385s ]
INFO: [ app_begin ] --END-- [ RunTime:0.000434s ]
NOTIC: [8] Undefined index: test /home/wwwroot/pay/domain/hzf.xiaohouzhi.com/web/App/Pays/Controller/FaceApiController.class.php 第 40 行.

[ 2019-09-12T06:55:54+08:00 ] 112.23.54.130 /api/face
INFO: [ app_init ] --START--
INFO: Run Behavior\BuildLiteBehavior [ RunTime:0.000013s ]
INFO: [ app_init ] --END-- [ RunTime:0.000291s ]
INFO: [ app_begin ] --START--
INFO: Run Behavior\ReadHtmlCacheBehavior [ RunTime:0.000379s ]
INFO: [ app_begin ] --END-- [ RunTime:0.000429s ]
NOTIC: [8] Undefined index: test /home/wwwroot/pay/domain/hzf.xiaohouzhi.com/web/App/Pays/Controller/FaceApiController.class.php 第 40 行.

[ 2019-09-12T06:55:54+08:00 ] 112.23.54.130 /api/face
INFO: [ app_init ] --START--
INFO: Run Behavior\BuildLiteBehavior [ RunTime:0.000012s ]
INFO: [ app_init ] --END-- [ RunTime:0.000307s ]
INFO: [ app_begin ] --START--
INFO: Run Behavior\ReadHtmlCacheBehavior [ RunTime:0.000375s ]
INFO: [ app_begin ] --END-- [ RunTime:0.000439s ]
NOTIC: [8] Undefined index: test /home/wwwroot/pay/domain/hzf.xiaohouzhi.com/web/App/Pays/Controller/FaceApiController.class.php 第 40 行.

[ 2019-09-12T06:55:54+08:00 ] 112.23.54.130 /api/face
INFO: [ app_init ] --START--
INFO: Run Behavior\BuildLiteBehavior [ RunTime:0.000013s ]
INFO: [ app_init ] --END-- [ RunTime:0.000310s ]
INFO: [ app_begin ] --START--
INFO: Run Behavior\ReadHtmlCacheBehavior [ RunTime:0.000447s ]
INFO: [ app_begin ] --END-- [ RunTime:0.000500s ]
NOTIC: [8] Undefined index: test /home/wwwroot/pay/domain/hzf.xiaohouzhi.com/web/App/Pays/Controller/FaceApiController.class.php 第 40 行.

[ 2019-09-12T06:55:54+08:00 ] 112.23.54.130 /api/face
INFO: [ app_init ] --START--
INFO: Run Behavior\BuildLiteBehavior [ RunTime:0.000012s ]
INFO: [ app_init ] --END-- [ RunTime:0.000292s ]
INFO: [ app_begin ] --START--
INFO: Run Behavior\ReadHtmlCacheBehavior [ RunTime:0.000379s ]
INFO: [ app_begin ] --END-- [ RunTime:0.000430s ]
NOTIC: [8] Undefined index: test /home/wwwroot/pay/domain/hzf.xiaohouzhi.com/web/App/Pays/Controller/FaceApiController.class.php 第 40 行.

[ 2019-09-12T06:55:54+08:00 ] 112.23.54.130 /api/face
INFO: [ app_init ] --START--
INFO: Run Behavior\BuildLiteBehavior [ RunTime:0.000013s ]
INFO: [ app_init ] --END-- [ RunTime:0.000250s ]
INFO: [ app_begin ] --START--
INFO: Run Behavior\ReadHtmlCacheBehavior [ RunTime:0.000255s ]
INFO: [ app_begin ] --END-- [ RunTime:0.000291s ]
NOTIC: [8] Undefined index: test /home/wwwroot/pay/domain/hzf.xiaohouzhi.com/web/App/Pays/Controller/FaceApiController.class.php 第 40 行.

[ 2019-09-12T10:40:20+08:00 ] 112.23.54.130 /api/face
INFO: [ app_init ] --START--
INFO: Run Behavior\BuildLiteBehavior [ RunTime:0.000014s ]
INFO: [ app_init ] --END-- [ RunTime:0.000287s ]
INFO: [ app_begin ] --START--
INFO: Run Behavior\ReadHtmlCacheBehavior [ RunTime:0.000279s ]
INFO: [ app_begin ] --END-- [ RunTime:0.000315s ]
NOTIC: [8] Undefined index: test /home/wwwroot/pay/domain/hzf.xiaohouzhi.com/web/App/Pays/Controller/FaceApiController.class.php 第 40 行.

[ 2019-09-12T10:54:44+08:00 ] 36.23.75.27 /EQ/P37206599
INFO: [ app_init ] --START--
INFO: Run Behavior\BuildLiteBehavior [ RunTime:0.000013s ]
INFO: [ app_init ] --END-- [ RunTime:0.000242s ]
INFO: [ app_begin ] --START--
INFO: Run Behavior\ReadHtmlCacheBehavior [ RunTime:0.000284s ]
INFO: [ app_begin ] --END-- [ RunTime:0.000319s ]

[ 2019-09-12T10:54:44+08:00 ] 36.23.75.27 /EQM/P37206599
INFO: [ app_init ] --START--
INFO: Run Behavior\BuildLiteBehavior [ RunTime:0.000009s ]
INFO: [ app_init ] --END-- [ RunTime:0.000209s ]
INFO: [ app_begin ] --START--
INFO: Run Behavior\ReadHtmlCacheBehavior [ RunTime:0.000263s ]
INFO: [ app_begin ] --END-- [ RunTime:0.000296s ]

[ 2019-09-12T10:54:46+08:00 ] 36.23.75.27 /EQM/P37206599?code=08157WlE0TiI8k2m52lE0EVVlE057WlA&state=Pays
INFO: [ app_init ] --START--
INFO: Run Behavior\BuildLiteBehavior [ RunTime:0.000017s ]
INFO: [ app_init ] --END-- [ RunTime:0.000377s ]
INFO: [ app_begin ] --START--
INFO: Run Behavior\ReadHtmlCacheBehavior [ RunTime:0.000417s ]
INFO: [ app_begin ] --END-- [ RunTime:0.000460s ]

[ 2019-09-12T10:54:46+08:00 ] 36.23.75.27 /Pays/MchReg/WxNo
INFO: [ app_init ] --START--
INFO: Run Behavior\BuildLiteBehavior [ RunTime:0.000011s ]
INFO: [ app_init ] --END-- [ RunTime:0.000244s ]
INFO: [ app_begin ] --START--
INFO: Run Behavior\ReadHtmlCacheBehavior [ RunTime:0.000249s ]
INFO: [ app_begin ] --END-- [ RunTime:0.000278s ]
NOTIC: [8] Undefined index: Reg /home/wwwroot/pay/domain/hzf.xiaohouzhi.com/web/App/Pays/Controller/MchRegController.class.php 第 12 行.
NOTIC: [8] Undefined variable: timestamp /home/wwwroot/pay/domain/hzf.xiaohouzhi.com/web/App/Pays/Controller/MchRegController.class.php 第 1022 行.
NOTIC: [8] Undefined variable: noncestr /home/wwwroot/pay/domain/hzf.xiaohouzhi.com/web/App/Pays/Controller/MchRegController.class.php 第 1022 行.
NOTIC: [8] Undefined variable: appid /home/wwwroot/pay/domain/hzf.xiaohouzhi.com/web/App/Pays/Controller/MchRegController.class.php 第 1022 行.
INFO: [ view_parse ] --START--
INFO: [ template_filter ] --START--
INFO: Run Behavior\ContentReplaceBehavior [ RunTime:0.000043s ]
INFO: [ template_filter ] --END-- [ RunTime:0.000085s ]
INFO: Run Behavior\ParseTemplateBehavior [ RunTime:0.005051s ]
INFO: [ view_parse ] --END-- [ RunTime:0.005102s ]
INFO: [ view_filter ] --START--
INFO: Run Behavior\WriteHtmlCacheBehavior [ RunTime:0.000127s ]
INFO: Run Behavior\TokenBuildBehavior [ RunTime:0.000193s ]
INFO: [ view_filter ] --END-- [ RunTime:0.000362s ]
INFO: [ app_end ] --START--
INFO: Run Behavior\ShowPageTraceBehavior [ RunTime:0.000358s ]
INFO: [ app_end ] --END-- [ RunTime:0.000387s ]

[ 2019-09-12T10:55:48+08:00 ] 61.151.178.197 /EQ/P37206599
INFO: [ app_init ] --START--
INFO: Run Behavior\BuildLiteBehavior [ RunTime:0.000012s ]
INFO: [ app_init ] --END-- [ RunTime:0.000271s ]
INFO: [ app_begin ] --START--
INFO: Run Behavior\ReadHtmlCacheBehavior [ RunTime:0.000370s ]
INFO: [ app_begin ] --END-- [ RunTime:0.000411s ]

[ 2019-09-12T10:55:51+08:00 ] 61.151.178.175 /Pays/MchReg/WxNo
INFO: [ app_init ] --START--
INFO: Run Behavior\BuildLiteBehavior [ RunTime:0.000015s ]
INFO: [ app_init ] --END-- [ RunTime:0.000359s ]
INFO: [ app_begin ] --START--
INFO: Run Behavior\ReadHtmlCacheBehavior [ RunTime:0.000444s ]
INFO: [ app_begin ] --END-- [ RunTime:0.000497s ]
NOTIC: [8] Undefined index: Reg /home/wwwroot/pay/domain/hzf.xiaohouzhi.com/web/App/Pays/Controller/MchRegController.class.php 第 12 行.
NOTIC: [8] Undefined variable: timestamp /home/wwwroot/pay/domain/hzf.xiaohouzhi.com/web/App/Pays/Controller/MchRegController.class.php 第 1022 行.
NOTIC: [8] Undefined variable: noncestr /home/wwwroot/pay/domain/hzf.xiaohouzhi.com/web/App/Pays/Controller/MchRegController.class.php 第 1022 行.
NOTIC: [8] Undefined variable: appid /home/wwwroot/pay/domain/hzf.xiaohouzhi.com/web/App/Pays/Controller/MchRegController.class.php 第 1022 行.
INFO: [ view_parse ] --START--
INFO: [ template_filter ] --START--
INFO: Run Behavior\ContentReplaceBehavior [ RunTime:0.000055s ]
INFO: [ template_filter ] --END-- [ RunTime:0.000104s ]
INFO: Run Behavior\ParseTemplateBehavior [ RunTime:0.005395s ]
INFO: [ view_parse ] --END-- [ RunTime:0.005435s ]
INFO: [ view_filter ] --START--
INFO: Run Behavior\WriteHtmlCacheBehavior [ RunTime:0.000110s ]
INFO: Run Behavior\TokenBuildBehavior [ RunTime:0.000194s ]
INFO: [ view_filter ] --END-- [ RunTime:0.000344s ]
INFO: [ app_end ] --START--
INFO: Run Behavior\ShowPageTraceBehavior [ RunTime:0.000288s ]
INFO: [ app_end ] --END-- [ RunTime:0.000316s ]

[ 2019-09-12T10:55:53+08:00 ] 61.151.178.197 /EQM/P37206599
INFO: [ app_init ] --START--
INFO: Run Behavior\BuildLiteBehavior [ RunTime:0.000015s ]
INFO: [ app_init ] --END-- [ RunTime:0.000226s ]
INFO: [ app_begin ] --START--
INFO: Run Behavior\ReadHtmlCacheBehavior [ RunTime:0.000289s ]
INFO: [ app_begin ] --END-- [ RunTime:0.000319s ]

[ 2019-09-12T10:55:53+08:00 ] 101.89.29.94 /EQM/P37206599
INFO: [ app_init ] --START--
INFO: Run Behavior\BuildLiteBehavior [ RunTime:0.000009s ]
INFO: [ app_init ] --END-- [ RunTime:0.000217s ]
INFO: [ app_begin ] --START--
INFO: Run Behavior\ReadHtmlCacheBehavior [ RunTime:0.000260s ]
INFO: [ app_begin ] --END-- [ RunTime:0.000288s ]

[ 2019-09-12T11:20:05+08:00 ] 101.68.68.234 /api/login
INFO: [ app_init ] --START--
INFO: Run Behavior\BuildLiteBehavior [ RunTime:0.000011s ]
INFO: [ app_init ] --END-- [ RunTime:0.000219s ]
INFO: [ app_begin ] --START--
INFO: Run Behavior\ReadHtmlCacheBehavior [ RunTime:0.000347s ]
INFO: [ app_begin ] --END-- [ RunTime:0.000390s ]

[ 2019-09-12T11:20:09+08:00 ] 101.68.68.234 /api/face
INFO: [ app_init ] --START--
INFO: Run Behavior\BuildLiteBehavior [ RunTime:0.000010s ]
INFO: [ app_init ] --END-- [ RunTime:0.000218s ]
INFO: [ app_begin ] --START--
INFO: Run Behavior\ReadHtmlCacheBehavior [ RunTime:0.000273s ]
INFO: [ app_begin ] --END-- [ RunTime:0.000309s ]
NOTIC: [8] Undefined index: test /home/wwwroot/pay/domain/hzf.xiaohouzhi.com/web/App/Pays/Controller/FaceApiController.class.php 第 40 行.

[ 2019-09-12T11:20:19+08:00 ] 101.68.68.234 /api/face
INFO: [ app_init ] --START--
INFO: Run Behavior\BuildLiteBehavior [ RunTime:0.000010s ]
INFO: [ app_init ] --END-- [ RunTime:0.000242s ]
INFO: [ app_begin ] --START--
INFO: Run Behavior\ReadHtmlCacheBehavior [ RunTime:0.000267s ]
INFO: [ app_begin ] --END-- [ RunTime:0.000303s ]
NOTIC: [8] Undefined index: test /home/wwwroot/pay/domain/hzf.xiaohouzhi.com/web/App/Pays/Controller/FaceApiController.class.php 第 40 行.
NOTIC: [8] Array to string conversion /home/wwwroot/pay/domain/hzf.xiaohouzhi.com/web/App/Pays/Controller/FaceApiController.class.php 第 88 行.

[ 2019-09-12T11:20:29+08:00 ] 101.68.68.234 /api/face
INFO: [ app_init ] --START--
INFO: Run Behavior\BuildLiteBehavior [ RunTime:0.000014s ]
INFO: [ app_init ] --END-- [ RunTime:0.000298s ]
INFO: [ app_begin ] --START--
INFO: Run Behavior\ReadHtmlCacheBehavior [ RunTime:0.000375s ]
INFO: [ app_begin ] --END-- [ RunTime:0.000422s ]
NOTIC: [8] Undefined index: test /home/wwwroot/pay/domain/hzf.xiaohouzhi.com/web/App/Pays/Controller/FaceApiController.class.php 第 40 行.
NOTIC: [8] Array to string conversion /home/wwwroot/pay/domain/hzf.xiaohouzhi.com/web/App/Pays/Controller/FaceApiController.class.php 第 88 行.

[ 2019-09-12T11:20:56+08:00 ] 101.68.68.234 /api/face
INFO: [ app_init ] --START--
INFO: Run Behavior\BuildLiteBehavior [ RunTime:0.000015s ]
INFO: [ app_init ] --END-- [ RunTime:0.000258s ]
INFO: [ app_begin ] --START--
INFO: Run Behavior\ReadHtmlCacheBehavior [ RunTime:0.000314s ]
INFO: [ app_begin ] --END-- [ RunTime:0.000351s ]
NOTIC: [8] Undefined index: test /home/wwwroot/pay/domain/hzf.xiaohouzhi.com/web/App/Pays/Controller/FaceApiController.class.php 第 40 行.
NOTIC: [8] Array to string conversion /home/wwwroot/pay/domain/hzf.xiaohouzhi.com/web/App/Pays/Controller/FaceApiController.class.php 第 88 行.

[ 2019-09-12T11:21:11+08:00 ] 101.68.68.234 /api/face
INFO: [ app_init ] --START--
INFO: Run Behavior\BuildLiteBehavior [ RunTime:0.000020s ]
INFO: [ app_init ] --END-- [ RunTime:0.000347s ]
INFO: [ app_begin ] --START--
INFO: Run Behavior\ReadHtmlCacheBehavior [ RunTime:0.000392s ]
INFO: [ app_begin ] --END-- [ RunTime:0.000439s ]
NOTIC: [8] Undefined index: test /home/wwwroot/pay/domain/hzf.xiaohouzhi.com/web/App/Pays/Controller/FaceApiController.class.php 第 40 行.
NOTIC: [8] Array to string conversion /home/wwwroot/pay/domain/hzf.xiaohouzhi.com/web/App/Pays/Controller/FaceApiController.class.php 第 88 行.

[ 2019-09-12T11:21:57+08:00 ] 101.68.68.234 /api/face
INFO: [ app_init ] --START--
INFO: Run Behavior\BuildLiteBehavior [ RunTime:0.000013s ]
INFO: [ app_init ] --END-- [ RunTime:0.000239s ]
INFO: [ app_begin ] --START--
INFO: Run Behavior\ReadHtmlCacheBehavior [ RunTime:0.000261s ]
INFO: [ app_begin ] --END-- [ RunTime:0.000298s ]
NOTIC: [8] Undefined index: test /home/wwwroot/pay/domain/hzf.xiaohouzhi.com/web/App/Pays/Controller/FaceApiController.class.php 第 40 行.
NOTIC: [8] Array to string conversion /home/wwwroot/pay/domain/hzf.xiaohouzhi.com/web/App/Pays/Controller/FaceApiController.class.php 第 88 行.

[ 2019-09-12T11:22:36+08:00 ] 101.68.68.234 /api/face
INFO: [ app_init ] --START--
INFO: Run Behavior\BuildLiteBehavior [ RunTime:0.000014s ]
INFO: [ app_init ] --END-- [ RunTime:0.000248s ]
INFO: [ app_begin ] --START--
INFO: Run Behavior\ReadHtmlCacheBehavior [ RunTime:0.000300s ]
INFO: [ app_begin ] --END-- [ RunTime:0.000342s ]
NOTIC: [8] Undefined index: test /home/wwwroot/pay/domain/hzf.xiaohouzhi.com/web/App/Pays/Controller/FaceApiController.class.php 第 40 行.
NOTIC: [8] Undefined index: HTTP_X_REAL_IP /home/wwwroot/pay/domain/hzf.xiaohouzhi.com/web/App/Common/Common/function.php 第 3505 行.
NOTIC: [8] Undefined index: data /home/wwwroot/pay/domain/hzf.xiaohouzhi.com/web/App/Pays/Controller/FaceApiController.class.php 第 66 行.

[ 2019-09-12T11:23:38+08:00 ] 101.68.68.234 /api/face
INFO: [ app_init ] --START--
INFO: Run Behavior\BuildLiteBehavior [ RunTime:0.000013s ]
INFO: [ app_init ] --END-- [ RunTime:0.000237s ]
INFO: [ app_begin ] --START--
INFO: Run Behavior\ReadHtmlCacheBehavior [ RunTime:0.000266s ]
INFO: [ app_begin ] --END-- [ RunTime:0.000300s ]
NOTIC: [8] Undefined index: test /home/wwwroot/pay/domain/hzf.xiaohouzhi.com/web/App/Pays/Controller/FaceApiController.class.php 第 40 行.
NOTIC: [8] Array to string conversion /home/wwwroot/pay/domain/hzf.xiaohouzhi.com/web/App/Pays/Controller/FaceApiController.class.php 第 88 行.

[ 2019-09-12T11:24:53+08:00 ] 101.68.68.234 /api/face
INFO: [ app_init ] --START--
INFO: Run Behavior\BuildLiteBehavior [ RunTime:0.000014s ]
INFO: [ app_init ] --END-- [ RunTime:0.000248s ]
INFO: [ app_begin ] --START--
INFO: Run Behavior\ReadHtmlCacheBehavior [ RunTime:0.000280s ]
INFO: [ app_begin ] --END-- [ RunTime:0.000315s ]
NOTIC: [8] Undefined index: test /home/wwwroot/pay/domain/hzf.xiaohouzhi.com/web/App/Pays/Controller/FaceApiController.class.php 第 40 行.
NOTIC: [8] Array to string conversion /home/wwwroot/pay/domain/hzf.xiaohouzhi.com/web/App/Pays/Controller/FaceApiController.class.php 第 88 行.

[ 2019-09-12T12:08:42+08:00 ] 101.68.68.234 /Pays/Mch/QrData/url/axHuRn0mcaDfouv_Lc2chl6Zi54aWFvaG91emhpLmNvbS9hbGlPYXV0aFVybD9pZD00MDkw
INFO: [ app_init ] --START--
INFO: Run Behavior\BuildLiteBehavior [ RunTime:0.000010s ]
INFO: [ app_init ] --END-- [ RunTime:0.000213s ]
INFO: [ app_begin ] --START--
INFO: Run Behavior\ReadHtmlCacheBehavior [ RunTime:0.000267s ]
INFO: [ app_begin ] --END-- [ RunTime:0.000297s ]
INFO: [ app_end ] --START--
INFO: Run Behavior\ShowPageTraceBehavior [ RunTime:0.000366s ]
INFO: [ app_end ] --END-- [ RunTime:0.000416s ]

[ 2019-09-12T12:48:40+08:00 ] 112.10.87.236 /EQ/P68905201
INFO: [ app_init ] --START--
INFO: Run Behavior\BuildLiteBehavior [ RunTime:0.000010s ]
INFO: [ app_init ] --END-- [ RunTime:0.000211s ]
INFO: [ app_begin ] --START--
INFO: Run Behavior\ReadHtmlCacheBehavior [ RunTime:0.000271s ]
INFO: [ app_begin ] --END-- [ RunTime:0.000306s ]

[ 2019-09-12T12:48:40+08:00 ] 112.10.87.236 /EQM/P68905201
INFO: [ app_init ] --START--
INFO: Run Behavior\BuildLiteBehavior [ RunTime:0.000009s ]
INFO: [ app_init ] --END-- [ RunTime:0.000209s ]
INFO: [ app_begin ] --START--
INFO: Run Behavior\ReadHtmlCacheBehavior [ RunTime:0.000269s ]
INFO: [ app_begin ] --END-- [ RunTime:0.000303s ]

[ 2019-09-12T12:48:46+08:00 ] 112.10.87.236 /EQM/P68905201?code=071s0x2f2O5UkI0NNf3f2lrd2f2s0x26&state=Pays
INFO: [ app_init ] --START--
INFO: Run Behavior\BuildLiteBehavior [ RunTime:0.000016s ]
INFO: [ app_init ] --END-- [ RunTime:0.000437s ]
INFO: [ app_begin ] --START--
INFO: Run Behavior\ReadHtmlCacheBehavior [ RunTime:0.000568s ]
INFO: [ app_begin ] --END-- [ RunTime:0.000611s ]

[ 2019-09-12T12:48:46+08:00 ] 112.10.87.236 /Pays/MchReg/WxNo
INFO: [ app_init ] --START--
INFO: Run Behavior\BuildLiteBehavior [ RunTime:0.000009s ]
INFO: [ app_init ] --END-- [ RunTime:0.000209s ]
INFO: [ app_begin ] --START--
INFO: Run Behavior\ReadHtmlCacheBehavior [ RunTime:0.000247s ]
INFO: [ app_begin ] --END-- [ RunTime:0.000276s ]
NOTIC: [8] Undefined index: Reg /home/wwwroot/pay/domain/hzf.xiaohouzhi.com/web/App/Pays/Controller/MchRegController.class.php 第 12 行.
NOTIC: [8] Undefined variable: timestamp /home/wwwroot/pay/domain/hzf.xiaohouzhi.com/web/App/Pays/Controller/MchRegController.class.php 第 1022 行.
NOTIC: [8] Undefined variable: noncestr /home/wwwroot/pay/domain/hzf.xiaohouzhi.com/web/App/Pays/Controller/MchRegController.class.php 第 1022 行.
NOTIC: [8] Undefined variable: appid /home/wwwroot/pay/domain/hzf.xiaohouzhi.com/web/App/Pays/Controller/MchRegController.class.php 第 1022 行.
INFO: [ view_parse ] --START--
INFO: [ template_filter ] --START--
INFO: Run Behavior\ContentReplaceBehavior [ RunTime:0.000038s ]
INFO: [ template_filter ] --END-- [ RunTime:0.000076s ]
INFO: Run Behavior\ParseTemplateBehavior [ RunTime:0.004757s ]
INFO: [ view_parse ] --END-- [ RunTime:0.004809s ]
INFO: [ view_filter ] --START--
INFO: Run Behavior\WriteHtmlCacheBehavior [ RunTime:0.000160s ]
INFO: Run Behavior\TokenBuildBehavior [ RunTime:0.000295s ]
INFO: [ view_filter ] --END-- [ RunTime:0.000512s ]
INFO: [ app_end ] --START--
INFO: Run Behavior\ShowPageTraceBehavior [ RunTime:0.000312s ]
INFO: [ app_end ] --END-- [ RunTime:0.000341s ]

[ 2019-09-12T14:56:30+08:00 ] 112.23.54.130 /api/face
INFO: [ app_init ] --START--
INFO: Run Behavior\BuildLiteBehavior [ RunTime:0.000014s ]
INFO: [ app_init ] --END-- [ RunTime:0.000239s ]
INFO: [ app_begin ] --START--
INFO: Run Behavior\ReadHtmlCacheBehavior [ RunTime:0.000263s ]
INFO: [ app_begin ] --END-- [ RunTime:0.000297s ]
NOTIC: [8] Undefined index: test /home/wwwroot/pay/domain/hzf.xiaohouzhi.com/web/App/Pays/Controller/FaceApiController.class.php 第 40 行.
NOTIC: [8] Array to string conversion /home/wwwroot/pay/domain/hzf.xiaohouzhi.com/web/App/Pays/Controller/FaceApiController.class.php 第 88 行.

[ 2019-09-12T14:56:53+08:00 ] 112.23.54.130 /api/face
INFO: [ app_init ] --START--
INFO: Run Behavior\BuildLiteBehavior [ RunTime:0.000023s ]
INFO: [ app_init ] --END-- [ RunTime:0.000316s ]
INFO: [ app_begin ] --START--
INFO: Run Behavior\ReadHtmlCacheBehavior [ RunTime:0.000296s ]
INFO: [ app_begin ] --END-- [ RunTime:0.000333s ]
NOTIC: [8] Undefined index: test /home/wwwroot/pay/domain/hzf.xiaohouzhi.com/web/App/Pays/Controller/FaceApiController.class.php 第 40 行.
NOTIC: [8] Undefined index: HTTP_X_REAL_IP /home/wwwroot/pay/domain/hzf.xiaohouzhi.com/web/App/Common/Common/function.php 第 3505 行.
NOTIC: [8] Undefined index: data /home/wwwroot/pay/domain/hzf.xiaohouzhi.com/web/App/Pays/Controller/FaceApiController.class.php 第 66 行.

[ 2019-09-12T14:58:47+08:00 ] 112.23.54.130 /api/face
INFO: [ app_init ] --START--
INFO: Run Behavior\BuildLiteBehavior [ RunTime:0.000013s ]
INFO: [ app_init ] --END-- [ RunTime:0.000251s ]
INFO: [ app_begin ] --START--
INFO: Run Behavior\ReadHtmlCacheBehavior [ RunTime:0.000352s ]
INFO: [ app_begin ] --END-- [ RunTime:0.000397s ]
NOTIC: [8] Undefined index: test /home/wwwroot/pay/domain/hzf.xiaohouzhi.com/web/App/Pays/Controller/FaceApiController.class.php 第 40 行.
NOTIC: [8] Array to string conversion /home/wwwroot/pay/domain/hzf.xiaohouzhi.com/web/App/Pays/Controller/FaceApiController.class.php 第 88 行.

[ 2019-09-12T14:59:20+08:00 ] 112.23.54.130 /api/face
INFO: [ app_init ] --START--
INFO: Run Behavior\BuildLiteBehavior [ RunTime:0.000022s ]
INFO: [ app_init ] --END-- [ RunTime:0.000356s ]
INFO: [ app_begin ] --START--
INFO: Run Behavior\ReadHtmlCacheBehavior [ RunTime:0.000389s ]
INFO: [ app_begin ] --END-- [ RunTime:0.000438s ]
NOTIC: [8] Undefined index: test /home/wwwroot/pay/domain/hzf.xiaohouzhi.com/web/App/Pays/Controller/FaceApiController.class.php 第 40 行.
NOTIC: [8] Undefined index: HTTP_X_REAL_IP /home/wwwroot/pay/domain/hzf.xiaohouzhi.com/web/App/Common/Common/function.php 第 3505 行.
NOTIC: [8] Undefined index: data /home/wwwroot/pay/domain/hzf.xiaohouzhi.com/web/App/Pays/Controller/FaceApiController.class.php 第 66 行.

[ 2019-09-12T15:00:21+08:00 ] 112.23.54.130 /api/face
INFO: [ app_init ] --START--
INFO: Run Behavior\BuildLiteBehavior [ RunTime:0.000013s ]
INFO: [ app_init ] --END-- [ RunTime:0.000231s ]
INFO: [ app_begin ] --START--
INFO: Run Behavior\ReadHtmlCacheBehavior [ RunTime:0.000264s ]
INFO: [ app_begin ] --END-- [ RunTime:0.000300s ]
NOTIC: [8] Undefined index: test /home/wwwroot/pay/domain/hzf.xiaohouzhi.com/web/App/Pays/Controller/FaceApiController.class.php 第 40 行.
NOTIC: [8] Array to string conversion /home/wwwroot/pay/domain/hzf.xiaohouzhi.com/web/App/Pays/Controller/FaceApiController.class.php 第 88 行.

[ 2019-09-12T15:02:21+08:00 ] 112.23.54.130 /api/face
INFO: [ app_init ] --START--
INFO: Run Behavior\BuildLiteBehavior [ RunTime:0.000012s ]
INFO: [ app_init ] --END-- [ RunTime:0.000242s ]
INFO: [ app_begin ] --START--
INFO: Run Behavior\ReadHtmlCacheBehavior [ RunTime:0.000294s ]
INFO: [ app_begin ] --END-- [ RunTime:0.000330s ]
NOTIC: [8] Undefined index: test /home/wwwroot/pay/domain/hzf.xiaohouzhi.com/web/App/Pays/Controller/FaceApiController.class.php 第 40 行.
NOTIC: [8] Undefined index: HTTP_X_REAL_IP /home/wwwroot/pay/domain/hzf.xiaohouzhi.com/web/App/Common/Common/function.php 第 3505 行.
NOTIC: [8] Undefined index: data /home/wwwroot/pay/domain/hzf.xiaohouzhi.com/web/App/Pays/Controller/FaceApiController.class.php 第 66 行.

[ 2019-09-12T15:03:23+08:00 ] 112.23.54.130 /api/face
INFO: [ app_init ] --START--
INFO: Run Behavior\BuildLiteBehavior [ RunTime:0.000013s ]
INFO: [ app_init ] --END-- [ RunTime:0.000240s ]
INFO: [ app_begin ] --START--
INFO: Run Behavior\ReadHtmlCacheBehavior [ RunTime:0.000290s ]
INFO: [ app_begin ] --END-- [ RunTime:0.000325s ]
NOTIC: [8] Undefined index: test /home/wwwroot/pay/domain/hzf.xiaohouzhi.com/web/App/Pays/Controller/FaceApiController.class.php 第 40 行.
NOTIC: [8] Array to string conversion /home/wwwroot/pay/domain/hzf.xiaohouzhi.com/web/App/Pays/Controller/FaceApiController.class.php 第 88 行.

[ 2019-09-12T15:06:21+08:00 ] 112.23.54.130 /api/face
INFO: [ app_init ] --START--
INFO: Run Behavior\BuildLiteBehavior [ RunTime:0.000014s ]
INFO: [ app_init ] --END-- [ RunTime:0.000245s ]
INFO: [ app_begin ] --START--
INFO: Run Behavior\ReadHtmlCacheBehavior [ RunTime:0.000262s ]
INFO: [ app_begin ] --END-- [ RunTime:0.000297s ]
NOTIC: [8] Undefined index: test /home/wwwroot/pay/domain/hzf.xiaohouzhi.com/web/App/Pays/Controller/FaceApiController.class.php 第 40 行.
NOTIC: [8] Array to string conversion /home/wwwroot/pay/domain/hzf.xiaohouzhi.com/web/App/Pays/Controller/FaceApiController.class.php 第 88 行.

[ 2019-09-12T15:14:43+08:00 ] 112.23.54.130 /api/face
INFO: [ app_init ] --START--
INFO: Run Behavior\BuildLiteBehavior [ RunTime:0.000015s ]
INFO: [ app_init ] --END-- [ RunTime:0.000322s ]
INFO: [ app_begin ] --START--
INFO: Run Behavior\ReadHtmlCacheBehavior [ RunTime:0.000272s ]
INFO: [ app_begin ] --END-- [ RunTime:0.000308s ]
NOTIC: [8] Undefined index: test /home/wwwroot/pay/domain/hzf.xiaohouzhi.com/web/App/Pays/Controller/FaceApiController.class.php 第 40 行.
NOTIC: [8] Array to string conversion /home/wwwroot/pay/domain/hzf.xiaohouzhi.com/web/App/Pays/Controller/FaceApiController.class.php 第 88 行.

[ 2019-09-12T15:15:00+08:00 ] 112.23.54.130 /api/face
INFO: [ app_init ] --START--
INFO: Run Behavior\BuildLiteBehavior [ RunTime:0.000017s ]
INFO: [ app_init ] --END-- [ RunTime:0.000260s ]
INFO: [ app_begin ] --START--
INFO: Run Behavior\ReadHtmlCacheBehavior [ RunTime:0.000283s ]
INFO: [ app_begin ] --END-- [ RunTime:0.000319s ]
NOTIC: [8] Undefined index: test /home/wwwroot/pay/domain/hzf.xiaohouzhi.com/web/App/Pays/Controller/FaceApiController.class.php 第 40 行.
NOTIC: [8] Array to string conversion /home/wwwroot/pay/domain/hzf.xiaohouzhi.com/web/App/Pays/Controller/FaceApiController.class.php 第 88 行.

[ 2019-09-12T15:15:08+08:00 ] 112.23.54.130 /api/face
INFO: [ app_init ] --START--
INFO: Run Behavior\BuildLiteBehavior [ RunTime:0.000010s ]
INFO: [ app_init ] --END-- [ RunTime:0.000209s ]
INFO: [ app_begin ] --START--
INFO: Run Behavior\ReadHtmlCacheBehavior [ RunTime:0.000258s ]
INFO: [ app_begin ] --END-- [ RunTime:0.000293s ]
NOTIC: [8] Undefined index: test /home/wwwroot/pay/domain/hzf.xiaohouzhi.com/web/App/Pays/Controller/FaceApiController.class.php 第 40 行.

[ 2019-09-12T15:15:08+08:00 ] 112.23.54.130 /api/face
INFO: [ app_init ] --START--
INFO: Run Behavior\BuildLiteBehavior [ RunTime:0.000011s ]
INFO: [ app_init ] --END-- [ RunTime:0.000240s ]
INFO: [ app_begin ] --START--
INFO: Run Behavior\ReadHtmlCacheBehavior [ RunTime:0.000280s ]
INFO: [ app_begin ] --END-- [ RunTime:0.000317s ]
NOTIC: [8] Undefined index: test /home/wwwroot/pay/domain/hzf.xiaohouzhi.com/web/App/Pays/Controller/FaceApiController.class.php 第 40 行.

[ 2019-09-12T15:16:04+08:00 ] 112.23.54.130 /api/face
INFO: [ app_init ] --START--
INFO: Run Behavior\BuildLiteBehavior [ RunTime:0.000013s ]
INFO: [ app_init ] --END-- [ RunTime:0.000262s ]
INFO: [ app_begin ] --START--
INFO: Run Behavior\ReadHtmlCacheBehavior [ RunTime:0.000265s ]
INFO: [ app_begin ] --END-- [ RunTime:0.000300s ]
NOTIC: [8] Undefined index: test /home/wwwroot/pay/domain/hzf.xiaohouzhi.com/web/App/Pays/Controller/FaceApiController.class.php 第 40 行.

[ 2019-09-12T15:16:05+08:00 ] 112.23.54.130 /api/face
INFO: [ app_init ] --START--
INFO: Run Behavior\BuildLiteBehavior [ RunTime:0.000009s ]
INFO: [ app_init ] --END-- [ RunTime:0.000211s ]
INFO: [ app_begin ] --START--
INFO: Run Behavior\ReadHtmlCacheBehavior [ RunTime:0.000260s ]
INFO: [ app_begin ] --END-- [ RunTime:0.000295s ]
NOTIC: [8] Undefined index: test /home/wwwroot/pay/domain/hzf.xiaohouzhi.com/web/App/Pays/Controller/FaceApiController.class.php 第 40 行.

[ 2019-09-12T15:16:31+08:00 ] 112.23.54.130 /api/face
INFO: [ app_init ] --START--
INFO: Run Behavior\BuildLiteBehavior [ RunTime:0.000014s ]
INFO: [ app_init ] --END-- [ RunTime:0.000250s ]
INFO: [ app_begin ] --START--
INFO: Run Behavior\ReadHtmlCacheBehavior [ RunTime:0.000258s ]
INFO: [ app_begin ] --END-- [ RunTime:0.000293s ]
NOTIC: [8] Undefined index: test /home/wwwroot/pay/domain/hzf.xiaohouzhi.com/web/App/Pays/Controller/FaceApiController.class.php 第 40 行.
NOTIC: [8] Array to string conversion /home/wwwroot/pay/domain/hzf.xiaohouzhi.com/web/App/Pays/Controller/FaceApiController.class.php 第 88 行.

[ 2019-09-12T15:17:31+08:00 ] 112.23.54.130 /api/face
INFO: [ app_init ] --START--
INFO: Run Behavior\BuildLiteBehavior [ RunTime:0.000015s ]
INFO: [ app_init ] --END-- [ RunTime:0.000248s ]
INFO: [ app_begin ] --START--
INFO: Run Behavior\ReadHtmlCacheBehavior [ RunTime:0.000257s ]
INFO: [ app_begin ] --END-- [ RunTime:0.000291s ]
NOTIC: [8] Undefined index: test /home/wwwroot/pay/domain/hzf.xiaohouzhi.com/web/App/Pays/Controller/FaceApiController.class.php 第 40 行.
NOTIC: [8] Undefined index: HTTP_X_REAL_IP /home/wwwroot/pay/domain/hzf.xiaohouzhi.com/web/App/Common/Common/function.php 第 3505 行.
NOTIC: [8] Undefined index: data /home/wwwroot/pay/domain/hzf.xiaohouzhi.com/web/App/Pays/Controller/FaceApiController.class.php 第 66 行.

[ 2019-09-12T15:18:32+08:00 ] 112.23.54.130 /api/face
INFO: [ app_init ] --START--
INFO: Run Behavior\BuildLiteBehavior [ RunTime:0.000019s ]
INFO: [ app_init ] --END-- [ RunTime:0.000349s ]
INFO: [ app_begin ] --START--
INFO: Run Behavior\ReadHtmlCacheBehavior [ RunTime:0.000281s ]
INFO: [ app_begin ] --END-- [ RunTime:0.000317s ]
NOTIC: [8] Undefined index: test /home/wwwroot/pay/domain/hzf.xiaohouzhi.com/web/App/Pays/Controller/FaceApiController.class.php 第 40 行.
NOTIC: [8] Array to string conversion /home/wwwroot/pay/domain/hzf.xiaohouzhi.com/web/App/Pays/Controller/FaceApiController.class.php 第 88 行.

[ 2019-09-12T16:24:51+08:00 ] 101.68.68.234 /aliOauthUrl?id=4090
INFO: [ app_init ] --START--
INFO: Run Behavior\BuildLiteBehavior [ RunTime:0.000013s ]
INFO: [ app_init ] --END-- [ RunTime:0.000239s ]
INFO: [ app_begin ] --START--
INFO: Run Behavior\ReadHtmlCacheBehavior [ RunTime:0.000278s ]
INFO: [ app_begin ] --END-- [ RunTime:0.000317s ]

[ 2019-09-12T16:25:26+08:00 ] 110.75.242.208 /aliOauthUrl?id=4090
INFO: [ app_init ] --START--
INFO: Run Behavior\BuildLiteBehavior [ RunTime:0.000013s ]
INFO: [ app_init ] --END-- [ RunTime:0.000246s ]
INFO: [ app_begin ] --START--
INFO: Run Behavior\ReadHtmlCacheBehavior [ RunTime:0.000287s ]
INFO: [ app_begin ] --END-- [ RunTime:0.000322s ]

[ 2019-09-12T16:25:53+08:00 ] 101.91.60.110 /aliOauthUrl?id=4090
INFO: [ app_init ] --START--
INFO: Run Behavior\BuildLiteBehavior [ RunTime:0.000012s ]
INFO: [ app_init ] --END-- [ RunTime:0.000270s ]
INFO: [ app_begin ] --START--
INFO: Run Behavior\ReadHtmlCacheBehavior [ RunTime:0.000284s ]
INFO: [ app_begin ] --END-- [ RunTime:0.000317s ]

[ 2019-09-12T16:26:20+08:00 ] 110.75.242.124 /aliOauth?mchId=4090&app_id=2019072165934202&source=alipay_app_auth&app_auth_code=4a033d005bb849f89fe0c6ddd1848X32
INFO: [ app_init ] --START--
INFO: Run Behavior\BuildLiteBehavior [ RunTime:0.000012s ]
INFO: [ app_init ] --END-- [ RunTime:0.000244s ]
INFO: [ app_begin ] --START--
INFO: Run Behavior\ReadHtmlCacheBehavior [ RunTime:0.000435s ]
INFO: [ app_begin ] --END-- [ RunTime:0.000499s ]
NOTIC: [8] Undefined index: HTTP_REFERER /home/wwwroot/pay/domain/hzf.xiaohouzhi.com/web/ThinkPHP/Library/Think/Controller.class.php 第 283 行.
INFO: [ view_parse ] --START--
INFO: [ template_filter ] --START--
INFO: Run Behavior\ContentReplaceBehavior [ RunTime:0.000047s ]
INFO: [ template_filter ] --END-- [ RunTime:0.000087s ]
INFO: Run Behavior\ParseTemplateBehavior [ RunTime:0.005340s ]
INFO: [ view_parse ] --END-- [ RunTime:0.005370s ]
INFO: [ view_filter ] --START--
INFO: Run Behavior\WriteHtmlCacheBehavior [ RunTime:0.000087s ]
INFO: Run Behavior\TokenBuildBehavior [ RunTime:0.000177s ]
INFO: [ view_filter ] --END-- [ RunTime:0.000299s ]
INFO: [ app_end ] --START--
INFO: Run Behavior\ShowPageTraceBehavior [ RunTime:0.000277s ]
INFO: [ app_end ] --END-- [ RunTime:0.000306s ]

[ 2019-09-12T16:27:09+08:00 ] 110.52.235.108 /aliOauthUrl?id=4090
INFO: [ app_init ] --START--
INFO: Run Behavior\BuildLiteBehavior [ RunTime:0.000017s ]
INFO: [ app_init ] --END-- [ RunTime:0.000243s ]
INFO: [ app_begin ] --START--
INFO: Run Behavior\ReadHtmlCacheBehavior [ RunTime:0.000271s ]
INFO: [ app_begin ] --END-- [ RunTime:0.000305s ]

[ 2019-09-12T16:27:31+08:00 ] 110.75.242.67 /aliOauthUrl?id=4090
INFO: [ app_init ] --START--
INFO: Run Behavior\BuildLiteBehavior [ RunTime:0.000016s ]
INFO: [ app_init ] --END-- [ RunTime:0.000379s ]
INFO: [ app_begin ] --START--
INFO: Run Behavior\ReadHtmlCacheBehavior [ RunTime:0.000457s ]
INFO: [ app_begin ] --END-- [ RunTime:0.000506s ]

[ 2019-09-12T16:27:36+08:00 ] 110.75.242.227 /aliOauth?mchId=4090&app_id=2019072165934202&source=alipay_app_auth&app_auth_code=67a2b5a173604ced91bc99d4d3676X95
INFO: [ app_init ] --START--
INFO: Run Behavior\BuildLiteBehavior [ RunTime:0.000009s ]
INFO: [ app_init ] --END-- [ RunTime:0.000207s ]
INFO: [ app_begin ] --START--
INFO: Run Behavior\ReadHtmlCacheBehavior [ RunTime:0.000279s ]
INFO: [ app_begin ] --END-- [ RunTime:0.000315s ]
NOTIC: [8] Undefined index: HTTP_REFERER /home/wwwroot/pay/domain/hzf.xiaohouzhi.com/web/ThinkPHP/Library/Think/Controller.class.php 第 283 行.
INFO: [ view_parse ] --START--
INFO: [ template_filter ] --START--
INFO: Run Behavior\ContentReplaceBehavior [ RunTime:0.000044s ]
INFO: [ template_filter ] --END-- [ RunTime:0.000088s ]
INFO: Run Behavior\ParseTemplateBehavior [ RunTime:0.005769s ]
INFO: [ view_parse ] --END-- [ RunTime:0.005806s ]
INFO: [ view_filter ] --START--
INFO: Run Behavior\WriteHtmlCacheBehavior [ RunTime:0.000089s ]
INFO: Run Behavior\TokenBuildBehavior [ RunTime:0.000203s ]
INFO: [ view_filter ] --END-- [ RunTime:0.000333s ]
INFO: [ app_end ] --START--
INFO: Run Behavior\ShowPageTraceBehavior [ RunTime:0.000282s ]
INFO: [ app_end ] --END-- [ RunTime:0.000309s ]

[ 2019-09-12T16:28:05+08:00 ] 101.68.68.234 /Pays/Mch/QrData/url/axHuRn0mcaDfouv_Lc2chl6Zi54aWFvaG91emhpLmNvbS9hbGlPYXV0aFVybD9pZD00MDkw
INFO: [ app_init ] --START--
INFO: Run Behavior\BuildLiteBehavior [ RunTime:0.000008s ]
INFO: [ app_init ] --END-- [ RunTime:0.000197s ]
INFO: [ app_begin ] --START--
INFO: Run Behavior\ReadHtmlCacheBehavior [ RunTime:0.000249s ]
INFO: [ app_begin ] --END-- [ RunTime:0.000278s ]
INFO: [ app_end ] --START--
INFO: Run Behavior\ShowPageTraceBehavior [ RunTime:0.000377s ]
INFO: [ app_end ] --END-- [ RunTime:0.000434s ]

[ 2019-09-12T16:40:09+08:00 ] 101.68.68.234 /Pays/Mch/QrData/url/axHuRn0mcaDfouv_Lc2chl6Zi54aWFvaG91emhpLmNvbS9hbGlPYXV0aFVybD9pZD00MDkw
INFO: [ app_init ] --START--
INFO: Run Behavior\BuildLiteBehavior [ RunTime:0.000010s ]
INFO: [ app_init ] --END-- [ RunTime:0.000228s ]
INFO: [ app_begin ] --START--
INFO: Run Behavior\ReadHtmlCacheBehavior [ RunTime:0.000283s ]
INFO: [ app_begin ] --END-- [ RunTime:0.000317s ]
INFO: [ app_end ] --START--
INFO: Run Behavior\ShowPageTraceBehavior [ RunTime:0.000350s ]
INFO: [ app_end ] --END-- [ RunTime:0.000398s ]

[ 2019-09-12T16:41:11+08:00 ] 101.68.68.234 /Pays/Mch/QrData/url/axHuRn0mcaDfouv_Lc2chl6Zi54aWFvaG91emhpLmNvbS9hbGlPYXV0aFVybD9pZD00MDkw
INFO: [ app_init ] --START--
INFO: Run Behavior\BuildLiteBehavior [ RunTime:0.000013s ]
INFO: [ app_init ] --END-- [ RunTime:0.000302s ]
INFO: [ app_begin ] --START--
INFO: Run Behavior\ReadHtmlCacheBehavior [ RunTime:0.000391s ]
INFO: [ app_begin ] --END-- [ RunTime:0.000432s ]
INFO: [ app_end ] --START--
INFO: Run Behavior\ShowPageTraceBehavior [ RunTime:0.000380s ]
INFO: [ app_end ] --END-- [ RunTime:0.000430s ]

[ 2019-09-12T18:08:32+08:00 ] 106.11.222.198 /aliOauthUrl?id=4090
INFO: [ app_init ] --START--
INFO: Run Behavior\BuildLiteBehavior [ RunTime:0.000021s ]
INFO: [ app_init ] --END-- [ RunTime:0.000335s ]
INFO: [ app_begin ] --START--
INFO: Run Behavior\ReadHtmlCacheBehavior [ RunTime:0.000358s ]
INFO: [ app_begin ] --END-- [ RunTime:0.000409s ]

[ 2019-09-12T18:35:39+08:00 ] 101.68.68.234 /Pays/Mch/QrData/url/axHuRn0mcaDfouv_Lc2chl6Zi54aWFvaG91emhpLmNvbS9hbGlPYXV0aFVybD9pZD00MDkw
INFO: [ app_init ] --START--
INFO: Run Behavior\BuildLiteBehavior [ RunTime:0.000014s ]
INFO: [ app_init ] --END-- [ RunTime:0.000229s ]
INFO: [ app_begin ] --START--
INFO: Run Behavior\ReadHtmlCacheBehavior [ RunTime:0.000300s ]
INFO: [ app_begin ] --END-- [ RunTime:0.000332s ]
INFO: [ app_end ] --START--
INFO: Run Behavior\ShowPageTraceBehavior [ RunTime:0.000542s ]
INFO: [ app_end ] --END-- [ RunTime:0.000622s ]

[ 2019-09-12T18:36:55+08:00 ] 101.68.68.234 /Pays/Mch/QrData/url/axHuRn0mcaDfouv_Lc2chl6Zi54aWFvaG91emhpLmNvbS9hbGlPYXV0aFVybD9pZD00MDkw
INFO: [ app_init ] --START--
INFO: Run Behavior\BuildLiteBehavior [ RunTime:0.000015s ]
INFO: [ app_init ] --END-- [ RunTime:0.000305s ]
INFO: [ app_begin ] --START--
INFO: Run Behavior\ReadHtmlCacheBehavior [ RunTime:0.000467s ]
INFO: [ app_begin ] --END-- [ RunTime:0.000523s ]
INFO: [ app_end ] --START--
INFO: Run Behavior\ShowPageTraceBehavior [ RunTime:0.000711s ]
INFO: [ app_end ] --END-- [ RunTime:0.000817s ]

[ 2019-09-12T18:37:05+08:00 ] 101.68.68.234 /Pays/Mch/QrData/url/axHuRn0mcaDfouv_Lc2chl6Zi54aWFvaG91emhpLmNvbS9hbGlPYXV0aFVybD9pZD00MDkw
INFO: [ app_init ] --START--
INFO: Run Behavior\BuildLiteBehavior [ RunTime:0.000013s ]
INFO: [ app_init ] --END-- [ RunTime:0.000266s ]
INFO: [ app_begin ] --START--
INFO: Run Behavior\ReadHtmlCacheBehavior [ RunTime:0.000333s ]
INFO: [ app_begin ] --END-- [ RunTime:0.000371s ]
INFO: [ app_end ] --START--
INFO: Run Behavior\ShowPageTraceBehavior [ RunTime:0.000687s ]
INFO: [ app_end ] --END-- [ RunTime:0.000768s ]

[ 2019-09-12T18:37:14+08:00 ] 101.68.68.234 /Pays/Mch/QrData/url/axHuRn0mcaDfouv_Lc2chl6Zi54aWFvaG91emhpLmNvbS9hbGlPYXV0aFVybD9pZD00MDkw
INFO: [ app_init ] --START--
INFO: Run Behavior\BuildLiteBehavior [ RunTime:0.000014s ]
INFO: [ app_init ] --END-- [ RunTime:0.000242s ]
INFO: [ app_begin ] --START--
INFO: Run Behavior\ReadHtmlCacheBehavior [ RunTime:0.000329s ]
INFO: [ app_begin ] --END-- [ RunTime:0.000367s ]
INFO: [ app_end ] --START--
INFO: Run Behavior\ShowPageTraceBehavior [ RunTime:0.000524s ]
INFO: [ app_end ] --END-- [ RunTime:0.000594s ]

[ 2019-09-12T18:37:24+08:00 ] 101.68.68.234 /Pays/Mch/QrData/url/axHuRn0mcaDfouv_Lc2chl6Zi54aWFvaG91emhpLmNvbS9hbGlPYXV0aFVybD9pZD00MDkw
INFO: [ app_init ] --START--
INFO: Run Behavior\BuildLiteBehavior [ RunTime:0.000014s ]
INFO: [ app_init ] --END-- [ RunTime:0.000250s ]
INFO: [ app_begin ] --START--
INFO: Run Behavior\ReadHtmlCacheBehavior [ RunTime:0.000313s ]
INFO: [ app_begin ] --END-- [ RunTime:0.000356s ]
INFO: [ app_end ] --START--
INFO: Run Behavior\ShowPageTraceBehavior [ RunTime:0.000529s ]
INFO: [ app_end ] --END-- [ RunTime:0.000605s ]

[ 2019-09-12T18:37:55+08:00 ] 101.68.68.234 /api/face
INFO: [ app_init ] --START--
INFO: Run Behavior\BuildLiteBehavior [ RunTime:0.000019s ]
INFO: [ app_init ] --END-- [ RunTime:0.000280s ]
INFO: [ app_begin ] --START--
INFO: Run Behavior\ReadHtmlCacheBehavior [ RunTime:0.000322s ]
INFO: [ app_begin ] --END-- [ RunTime:0.000360s ]
NOTIC: [8] Undefined index: test /home/wwwroot/pay/domain/hzf.xiaohouzhi.com/web/App/Pays/Controller/FaceApiController.class.php 第 40 行.
NOTIC: [8] Array to string conversion /home/wwwroot/pay/domain/hzf.xiaohouzhi.com/web/App/Pays/Controller/FaceApiController.class.php 第 88 行.

[ 2019-09-12T18:38:48+08:00 ] 101.68.68.234 /api/login
INFO: [ app_init ] --START--
INFO: Run Behavior\BuildLiteBehavior [ RunTime:0.000017s ]
INFO: [ app_init ] --END-- [ RunTime:0.000298s ]
INFO: [ app_begin ] --START--
INFO: Run Behavior\ReadHtmlCacheBehavior [ RunTime:0.000333s ]
INFO: [ app_begin ] --END-- [ RunTime:0.000375s ]
NOTIC: [2] Missing argument 2 for RandStr(), called in /home/wwwroot/pay/domain/hzf.xiaohouzhi.com/web/App/Pays/Controller/FaceUserController.class.php on line 307 and defined /home/wwwroot/pay/domain/hzf.xiaohouzhi.com/web/App/Common/Common/function.php 第 2092 行.
NOTIC: [8] Undefined variable: type /home/wwwroot/pay/domain/hzf.xiaohouzhi.com/web/App/Common/Common/function.php 第 2094 行.
NOTIC: [8] Undefined variable: outputstr /home/wwwroot/pay/domain/hzf.xiaohouzhi.com/web/App/Common/Common/function.php 第 2098 行.

[ 2019-09-12T18:38:50+08:00 ] 101.68.68.234 /api/face
INFO: [ app_init ] --START--
INFO: Run Behavior\BuildLiteBehavior [ RunTime:0.000019s ]
INFO: [ app_init ] --END-- [ RunTime:0.000356s ]
INFO: [ app_begin ] --START--
INFO: Run Behavior\ReadHtmlCacheBehavior [ RunTime:0.000438s ]
INFO: [ app_begin ] --END-- [ RunTime:0.000491s ]
NOTIC: [8] Undefined index: test /home/wwwroot/pay/domain/hzf.xiaohouzhi.com/web/App/Pays/Controller/FaceApiController.class.php 第 40 行.

[ 2019-09-12T18:38:53+08:00 ] 101.68.68.234 /api/face
INFO: [ app_init ] --START--
INFO: Run Behavior\BuildLiteBehavior [ RunTime:0.000097s ]
INFO: [ app_init ] --END-- [ RunTime:0.000440s ]
INFO: [ app_begin ] --START--
INFO: Run Behavior\ReadHtmlCacheBehavior [ RunTime:0.000402s ]
INFO: [ app_begin ] --END-- [ RunTime:0.000457s ]
NOTIC: [8] Undefined index: test /home/wwwroot/pay/domain/hzf.xiaohouzhi.com/web/App/Pays/Controller/FaceApiController.class.php 第 40 行.
NOTIC: [8] Array to string conversion /home/wwwroot/pay/domain/hzf.xiaohouzhi.com/web/App/Pays/Controller/FaceApiController.class.php 第 88 行.

[ 2019-09-12T18:39:11+08:00 ] 101.68.68.234 /api/login
INFO: [ app_init ] --START--
INFO: Run Behavior\BuildLiteBehavior [ RunTime:0.000018s ]
INFO: [ app_init ] --END-- [ RunTime:0.000350s ]
INFO: [ app_begin ] --START--
INFO: Run Behavior\ReadHtmlCacheBehavior [ RunTime:0.000330s ]
INFO: [ app_begin ] --END-- [ RunTime:0.000376s ]

[ 2019-09-12T18:39:13+08:00 ] 101.68.68.234 /api/face
INFO: [ app_init ] --START--
INFO: Run Behavior\BuildLiteBehavior [ RunTime:0.000013s ]
INFO: [ app_init ] --END-- [ RunTime:0.000241s ]
INFO: [ app_begin ] --START--
INFO: Run Behavior\ReadHtmlCacheBehavior [ RunTime:0.000304s ]
INFO: [ app_begin ] --END-- [ RunTime:0.000343s ]
NOTIC: [8] Undefined index: test /home/wwwroot/pay/domain/hzf.xiaohouzhi.com/web/App/Pays/Controller/FaceApiController.class.php 第 40 行.

[ 2019-09-12T18:39:18+08:00 ] 101.68.68.234 /api/face
INFO: [ app_init ] --START--
INFO: Run Behavior\BuildLiteBehavior [ RunTime:0.000014s ]
INFO: [ app_init ] --END-- [ RunTime:0.000284s ]
INFO: [ app_begin ] --START--
INFO: Run Behavior\ReadHtmlCacheBehavior [ RunTime:0.000302s ]
INFO: [ app_begin ] --END-- [ RunTime:0.000336s ]
NOTIC: [8] Undefined index: test /home/wwwroot/pay/domain/hzf.xiaohouzhi.com/web/App/Pays/Controller/FaceApiController.class.php 第 40 行.
NOTIC: [8] Array to string conversion /home/wwwroot/pay/domain/hzf.xiaohouzhi.com/web/App/Pays/Controller/FaceApiController.class.php 第 88 行.

[ 2019-09-12T18:39:32+08:00 ] 101.68.68.234 /api/face
INFO: [ app_init ] --START--
INFO: Run Behavior\BuildLiteBehavior [ RunTime:0.000024s ]
INFO: [ app_init ] --END-- [ RunTime:0.000346s ]
INFO: [ app_begin ] --START--
INFO: Run Behavior\ReadHtmlCacheBehavior [ RunTime:0.000320s ]
INFO: [ app_begin ] --END-- [ RunTime:0.000360s ]
NOTIC: [8] Undefined index: test /home/wwwroot/pay/domain/hzf.xiaohouzhi.com/web/App/Pays/Controller/FaceApiController.class.php 第 40 行.
NOTIC: [8] Undefined index: HTTP_X_REAL_IP /home/wwwroot/pay/domain/hzf.xiaohouzhi.com/web/App/Common/Common/function.php 第 3505 行.
NOTIC: [8] Undefined index: data /home/wwwroot/pay/domain/hzf.xiaohouzhi.com/web/App/Pays/Controller/FaceApiController.class.php 第 66 行.

[ 2019-09-12T18:40:52+08:00 ] 101.68.68.234 /api/face
INFO: [ app_init ] --START--
INFO: Run Behavior\BuildLiteBehavior [ RunTime:0.000019s ]
INFO: [ app_init ] --END-- [ RunTime:0.000371s ]
INFO: [ app_begin ] --START--
INFO: Run Behavior\ReadHtmlCacheBehavior [ RunTime:0.000323s ]
INFO: [ app_begin ] --END-- [ RunTime:0.000364s ]
NOTIC: [8] Undefined index: test /home/wwwroot/pay/domain/hzf.xiaohouzhi.com/web/App/Pays/Controller/FaceApiController.class.php 第 40 行.
NOTIC: [8] Array to string conversion /home/wwwroot/pay/domain/hzf.xiaohouzhi.com/web/App/Pays/Controller/FaceApiController.class.php 第 88 行.

