[ 2019-09-15T20:18:10+08:00 ] 101.68.68.234 /api/login
INFO: [ app_init ] --START--
INFO: Run Behavior\BuildLiteBehavior [ RunTime:0.000022s ]
INFO: [ app_init ] --END-- [ RunTime:0.000385s ]
INFO: [ app_begin ] --START--
INFO: Run Behavior\ReadHtmlCacheBehavior [ RunTime:0.000401s ]
INFO: [ app_begin ] --END-- [ RunTime:0.000450s ]

[ 2019-09-15T20:20:31+08:00 ] 101.68.68.234 /api/face
INFO: [ app_init ] --START--
INFO: Run Behavior\BuildLiteBehavior [ RunTime:0.000022s ]
INFO: [ app_init ] --END-- [ RunTime:0.000406s ]
INFO: [ app_begin ] --START--
INFO: Run Behavior\ReadHtmlCacheBehavior [ RunTime:0.000483s ]
INFO: [ app_begin ] --END-- [ RunTime:0.000534s ]
NOTIC: [8] Undefined index: test /home/wwwroot/pay/domain/hzf.xiaohouzhi.com/web/App/Pays/Controller/FaceApiController.class.php 第 40 行.

[ 2019-09-15T20:20:44+08:00 ] 101.68.68.234 /api/face
INFO: [ app_init ] --START--
INFO: Run Behavior\BuildLiteBehavior [ RunTime:0.000018s ]
INFO: [ app_init ] --END-- [ RunTime:0.000315s ]
INFO: [ app_begin ] --START--
INFO: Run Behavior\ReadHtmlCacheBehavior [ RunTime:0.000306s ]
INFO: [ app_begin ] --END-- [ RunTime:0.000346s ]
NOTIC: [8] Undefined index: test /home/wwwroot/pay/domain/hzf.xiaohouzhi.com/web/App/Pays/Controller/FaceApiController.class.php 第 40 行.

[ 2019-09-15T22:56:56+08:00 ] 101.68.68.234 /api/face
INFO: [ app_init ] --START--
INFO: Run Behavior\BuildLiteBehavior [ RunTime:0.000029s ]
INFO: [ app_init ] --END-- [ RunTime:0.000279s ]
INFO: [ app_begin ] --START--
INFO: Run Behavior\ReadHtmlCacheBehavior [ RunTime:0.000294s ]
INFO: [ app_begin ] --END-- [ RunTime:0.000331s ]
NOTIC: [8] Undefined index: test /home/wwwroot/pay/domain/hzf.xiaohouzhi.com/web/App/Pays/Controller/FaceApiController.class.php 第 40 行.
NOTIC: [8] Undefined index: HTTP_X_REAL_IP /home/wwwroot/pay/domain/hzf.xiaohouzhi.com/web/App/Common/Common/function.php 第 3505 行.
NOTIC: [2] simplexml_load_string(): Entity: line 1: parser error : Start tag expected, '<' not found /home/wwwroot/pay/domain/hzf.xiaohouzhi.com/web/App/Pays/Controller/NotifyController.class.php 第 1074 行.
NOTIC: [2] simplexml_load_string(): {"appid":"0076757895","method":"auto_pay","data":{"store_id":4232,"total":10,"au /home/wwwroot/pay/domain/hzf.xiaohouzhi.com/web/App/Pays/Controller/NotifyController.class.php 第 1074 行.
NOTIC: [2] simplexml_load_string(): ^ /home/wwwroot/pay/domain/hzf.xiaohouzhi.com/web/App/Pays/Controller/NotifyController.class.php 第 1074 行.
NOTIC: [8] Undefined index: r1_merchantNo /home/wwwroot/pay/domain/hzf.xiaohouzhi.com/web/App/Pays/Controller/NotifyController.class.php 第 16 行.

[ 2019-09-15T22:56:56+08:00 ] 110.75.248.145 /Pays/FaceAuto/aliNotify
INFO: [ app_init ] --START--
INFO: Run Behavior\BuildLiteBehavior [ RunTime:0.000013s ]
INFO: [ app_init ] --END-- [ RunTime:0.000284s ]
INFO: [ app_begin ] --START--
INFO: Run Behavior\ReadHtmlCacheBehavior [ RunTime:0.000315s ]
INFO: [ app_begin ] --END-- [ RunTime:0.000355s ]
NOTIC: [8] Undefined index: HTTP_RAW_POST_DATA /home/wwwroot/pay/domain/hzf.xiaohouzhi.com/web/App/Pays/Controller/NotifyController.class.php 第 14 行.
NOTIC: [8] Undefined index: r1_merchantNo /home/wwwroot/pay/domain/hzf.xiaohouzhi.com/web/App/Pays/Controller/NotifyController.class.php 第 16 行.

[ 2019-09-15T22:57:46+08:00 ] 101.68.68.234 /api/face
INFO: [ app_init ] --START--
INFO: Run Behavior\BuildLiteBehavior [ RunTime:0.000022s ]
INFO: [ app_init ] --END-- [ RunTime:0.000472s ]
INFO: [ app_begin ] --START--
INFO: Run Behavior\ReadHtmlCacheBehavior [ RunTime:0.000405s ]
INFO: [ app_begin ] --END-- [ RunTime:0.000455s ]
NOTIC: [8] Undefined index: test /home/wwwroot/pay/domain/hzf.xiaohouzhi.com/web/App/Pays/Controller/FaceApiController.class.php 第 40 行.
NOTIC: [8] Undefined offset: 1 /home/wwwroot/pay/domain/hzf.xiaohouzhi.com/web/App/Pays/Controller/FaceAutoController.class.php 第 57 行.
NOTIC: [8] Undefined index: HTTP_X_REAL_IP /home/wwwroot/pay/domain/hzf.xiaohouzhi.com/web/App/Common/Common/function.php 第 3505 行.

[ 2019-09-15T22:57:52+08:00 ] 101.68.68.234 /api/loginqueryOrderPos
INFO: [ app_init ] --START--
INFO: Run Behavior\BuildLiteBehavior [ RunTime:0.000019s ]
INFO: [ app_init ] --END-- [ RunTime:0.000347s ]
INFO: [ app_begin ] --START--
INFO: Run Behavior\ReadHtmlCacheBehavior [ RunTime:0.000427s ]
INFO: [ app_begin ] --END-- [ RunTime:0.000469s ]
NOTIC: [2] simplexml_load_string(): Entity: line 1: parser error : Start tag expected, '<' not found /home/wwwroot/pay/domain/hzf.xiaohouzhi.com/web/App/Pays/Controller/NotifyController.class.php 第 1074 行.
NOTIC: [2] simplexml_load_string(): {"loginName":null,"orderNo":"190915340178266571032","randomNum":"5740","key":"5d /home/wwwroot/pay/domain/hzf.xiaohouzhi.com/web/App/Pays/Controller/NotifyController.class.php 第 1074 行.
NOTIC: [2] simplexml_load_string(): ^ /home/wwwroot/pay/domain/hzf.xiaohouzhi.com/web/App/Pays/Controller/NotifyController.class.php 第 1074 行.
NOTIC: [8] Undefined index: r1_merchantNo /home/wwwroot/pay/domain/hzf.xiaohouzhi.com/web/App/Pays/Controller/NotifyController.class.php 第 16 行.
ERR: 非法操作:loginqueryOrderPos
NOTIC: [8] Undefined index: Debug /home/wwwroot/pay/domain/hzf.xiaohouzhi.com/web/ThinkPHP/Tpl/think_exception.tpl 第 8 行.

[ 2019-09-15T22:57:56+08:00 ] 101.68.68.234 /api/loginqueryOrderPos
INFO: [ app_init ] --START--
INFO: Run Behavior\BuildLiteBehavior [ RunTime:0.000013s ]
INFO: [ app_init ] --END-- [ RunTime:0.000224s ]
INFO: [ app_begin ] --START--
INFO: Run Behavior\ReadHtmlCacheBehavior [ RunTime:0.000270s ]
INFO: [ app_begin ] --END-- [ RunTime:0.000303s ]
NOTIC: [2] simplexml_load_string(): Entity: line 1: parser error : Start tag expected, '<' not found /home/wwwroot/pay/domain/hzf.xiaohouzhi.com/web/App/Pays/Controller/NotifyController.class.php 第 1074 行.
NOTIC: [2] simplexml_load_string(): {"loginName":null,"orderNo":"190915340178266571032","randomNum":"5740","key":"5d /home/wwwroot/pay/domain/hzf.xiaohouzhi.com/web/App/Pays/Controller/NotifyController.class.php 第 1074 行.
NOTIC: [2] simplexml_load_string(): ^ /home/wwwroot/pay/domain/hzf.xiaohouzhi.com/web/App/Pays/Controller/NotifyController.class.php 第 1074 行.
NOTIC: [8] Undefined index: r1_merchantNo /home/wwwroot/pay/domain/hzf.xiaohouzhi.com/web/App/Pays/Controller/NotifyController.class.php 第 16 行.
ERR: 非法操作:loginqueryOrderPos
NOTIC: [8] Undefined index: Debug /home/wwwroot/pay/domain/hzf.xiaohouzhi.com/web/ThinkPHP/Tpl/think_exception.tpl 第 8 行.

[ 2019-09-15T22:58:00+08:00 ] 101.68.68.234 /api/loginqueryOrderPos
INFO: [ app_init ] --START--
INFO: Run Behavior\BuildLiteBehavior [ RunTime:0.000019s ]
INFO: [ app_init ] --END-- [ RunTime:0.000325s ]
INFO: [ app_begin ] --START--
INFO: Run Behavior\ReadHtmlCacheBehavior [ RunTime:0.000426s ]
INFO: [ app_begin ] --END-- [ RunTime:0.000470s ]
NOTIC: [2] simplexml_load_string(): Entity: line 1: parser error : Start tag expected, '<' not found /home/wwwroot/pay/domain/hzf.xiaohouzhi.com/web/App/Pays/Controller/NotifyController.class.php 第 1074 行.
NOTIC: [2] simplexml_load_string(): {"loginName":null,"orderNo":"190915340178266571032","randomNum":"5740","key":"5d /home/wwwroot/pay/domain/hzf.xiaohouzhi.com/web/App/Pays/Controller/NotifyController.class.php 第 1074 行.
NOTIC: [2] simplexml_load_string(): ^ /home/wwwroot/pay/domain/hzf.xiaohouzhi.com/web/App/Pays/Controller/NotifyController.class.php 第 1074 行.
NOTIC: [8] Undefined index: r1_merchantNo /home/wwwroot/pay/domain/hzf.xiaohouzhi.com/web/App/Pays/Controller/NotifyController.class.php 第 16 行.
ERR: 非法操作:loginqueryOrderPos
NOTIC: [8] Undefined index: Debug /home/wwwroot/pay/domain/hzf.xiaohouzhi.com/web/ThinkPHP/Tpl/think_exception.tpl 第 8 行.

[ 2019-09-15T22:58:04+08:00 ] 101.68.68.234 /api/loginqueryOrderPos
INFO: [ app_init ] --START--
INFO: Run Behavior\BuildLiteBehavior [ RunTime:0.000015s ]
INFO: [ app_init ] --END-- [ RunTime:0.000331s ]
INFO: [ app_begin ] --START--
INFO: Run Behavior\ReadHtmlCacheBehavior [ RunTime:0.000386s ]
INFO: [ app_begin ] --END-- [ RunTime:0.000433s ]
NOTIC: [2] simplexml_load_string(): Entity: line 1: parser error : Start tag expected, '<' not found /home/wwwroot/pay/domain/hzf.xiaohouzhi.com/web/App/Pays/Controller/NotifyController.class.php 第 1074 行.
NOTIC: [2] simplexml_load_string(): {"loginName":null,"orderNo":"190915340178266571032","randomNum":"5740","key":"5d /home/wwwroot/pay/domain/hzf.xiaohouzhi.com/web/App/Pays/Controller/NotifyController.class.php 第 1074 行.
NOTIC: [2] simplexml_load_string(): ^ /home/wwwroot/pay/domain/hzf.xiaohouzhi.com/web/App/Pays/Controller/NotifyController.class.php 第 1074 行.
NOTIC: [8] Undefined index: r1_merchantNo /home/wwwroot/pay/domain/hzf.xiaohouzhi.com/web/App/Pays/Controller/NotifyController.class.php 第 16 行.
ERR: 非法操作:loginqueryOrderPos
NOTIC: [8] Undefined index: Debug /home/wwwroot/pay/domain/hzf.xiaohouzhi.com/web/ThinkPHP/Tpl/think_exception.tpl 第 8 行.

[ 2019-09-15T22:58:08+08:00 ] 101.68.68.234 /api/loginqueryOrderPos
INFO: [ app_init ] --START--
INFO: Run Behavior\BuildLiteBehavior [ RunTime:0.000013s ]
INFO: [ app_init ] --END-- [ RunTime:0.000238s ]
INFO: [ app_begin ] --START--
INFO: Run Behavior\ReadHtmlCacheBehavior [ RunTime:0.000404s ]
INFO: [ app_begin ] --END-- [ RunTime:0.000453s ]
NOTIC: [2] simplexml_load_string(): Entity: line 1: parser error : Start tag expected, '<' not found /home/wwwroot/pay/domain/hzf.xiaohouzhi.com/web/App/Pays/Controller/NotifyController.class.php 第 1074 行.
NOTIC: [2] simplexml_load_string(): {"loginName":null,"orderNo":"190915340178266571032","randomNum":"5740","key":"5d /home/wwwroot/pay/domain/hzf.xiaohouzhi.com/web/App/Pays/Controller/NotifyController.class.php 第 1074 行.
NOTIC: [2] simplexml_load_string(): ^ /home/wwwroot/pay/domain/hzf.xiaohouzhi.com/web/App/Pays/Controller/NotifyController.class.php 第 1074 行.
NOTIC: [8] Undefined index: r1_merchantNo /home/wwwroot/pay/domain/hzf.xiaohouzhi.com/web/App/Pays/Controller/NotifyController.class.php 第 16 行.
ERR: 非法操作:loginqueryOrderPos
NOTIC: [8] Undefined index: Debug /home/wwwroot/pay/domain/hzf.xiaohouzhi.com/web/ThinkPHP/Tpl/think_exception.tpl 第 8 行.

[ 2019-09-15T22:58:12+08:00 ] 101.68.68.234 /api/loginqueryOrderPos
INFO: [ app_init ] --START--
INFO: Run Behavior\BuildLiteBehavior [ RunTime:0.000017s ]
INFO: [ app_init ] --END-- [ RunTime:0.000314s ]
INFO: [ app_begin ] --START--
INFO: Run Behavior\ReadHtmlCacheBehavior [ RunTime:0.000291s ]
INFO: [ app_begin ] --END-- [ RunTime:0.000325s ]
NOTIC: [2] simplexml_load_string(): Entity: line 1: parser error : Start tag expected, '<' not found /home/wwwroot/pay/domain/hzf.xiaohouzhi.com/web/App/Pays/Controller/NotifyController.class.php 第 1074 行.
NOTIC: [2] simplexml_load_string(): {"loginName":null,"orderNo":"190915340178266571032","randomNum":"5740","key":"5d /home/wwwroot/pay/domain/hzf.xiaohouzhi.com/web/App/Pays/Controller/NotifyController.class.php 第 1074 行.
NOTIC: [2] simplexml_load_string(): ^ /home/wwwroot/pay/domain/hzf.xiaohouzhi.com/web/App/Pays/Controller/NotifyController.class.php 第 1074 行.
NOTIC: [8] Undefined index: r1_merchantNo /home/wwwroot/pay/domain/hzf.xiaohouzhi.com/web/App/Pays/Controller/NotifyController.class.php 第 16 行.
ERR: 非法操作:loginqueryOrderPos
NOTIC: [8] Undefined index: Debug /home/wwwroot/pay/domain/hzf.xiaohouzhi.com/web/ThinkPHP/Tpl/think_exception.tpl 第 8 行.

[ 2019-09-15T22:58:16+08:00 ] 101.68.68.234 /api/loginqueryOrderPos
INFO: [ app_init ] --START--
INFO: Run Behavior\BuildLiteBehavior [ RunTime:0.000017s ]
INFO: [ app_init ] --END-- [ RunTime:0.000299s ]
INFO: [ app_begin ] --START--
INFO: Run Behavior\ReadHtmlCacheBehavior [ RunTime:0.000323s ]
INFO: [ app_begin ] --END-- [ RunTime:0.000357s ]
NOTIC: [2] simplexml_load_string(): Entity: line 1: parser error : Start tag expected, '<' not found /home/wwwroot/pay/domain/hzf.xiaohouzhi.com/web/App/Pays/Controller/NotifyController.class.php 第 1074 行.
NOTIC: [2] simplexml_load_string(): {"loginName":null,"orderNo":"190915340178266571032","randomNum":"5740","key":"5d /home/wwwroot/pay/domain/hzf.xiaohouzhi.com/web/App/Pays/Controller/NotifyController.class.php 第 1074 行.
NOTIC: [2] simplexml_load_string(): ^ /home/wwwroot/pay/domain/hzf.xiaohouzhi.com/web/App/Pays/Controller/NotifyController.class.php 第 1074 行.
NOTIC: [8] Undefined index: r1_merchantNo /home/wwwroot/pay/domain/hzf.xiaohouzhi.com/web/App/Pays/Controller/NotifyController.class.php 第 16 行.
ERR: 非法操作:loginqueryOrderPos
NOTIC: [8] Undefined index: Debug /home/wwwroot/pay/domain/hzf.xiaohouzhi.com/web/ThinkPHP/Tpl/think_exception.tpl 第 8 行.

[ 2019-09-15T22:58:20+08:00 ] 101.68.68.234 /api/loginqueryOrderPos
INFO: [ app_init ] --START--
INFO: Run Behavior\BuildLiteBehavior [ RunTime:0.000020s ]
INFO: [ app_init ] --END-- [ RunTime:0.000356s ]
INFO: [ app_begin ] --START--
INFO: Run Behavior\ReadHtmlCacheBehavior [ RunTime:0.000570s ]
INFO: [ app_begin ] --END-- [ RunTime:0.000619s ]
NOTIC: [2] simplexml_load_string(): Entity: line 1: parser error : Start tag expected, '<' not found /home/wwwroot/pay/domain/hzf.xiaohouzhi.com/web/App/Pays/Controller/NotifyController.class.php 第 1074 行.
NOTIC: [2] simplexml_load_string(): {"loginName":null,"orderNo":"190915340178266571032","randomNum":"5740","key":"5d /home/wwwroot/pay/domain/hzf.xiaohouzhi.com/web/App/Pays/Controller/NotifyController.class.php 第 1074 行.
NOTIC: [2] simplexml_load_string(): ^ /home/wwwroot/pay/domain/hzf.xiaohouzhi.com/web/App/Pays/Controller/NotifyController.class.php 第 1074 行.
NOTIC: [8] Undefined index: r1_merchantNo /home/wwwroot/pay/domain/hzf.xiaohouzhi.com/web/App/Pays/Controller/NotifyController.class.php 第 16 行.
ERR: 非法操作:loginqueryOrderPos
NOTIC: [8] Undefined index: Debug /home/wwwroot/pay/domain/hzf.xiaohouzhi.com/web/ThinkPHP/Tpl/think_exception.tpl 第 8 行.

[ 2019-09-15T22:58:24+08:00 ] 101.68.68.234 /api/loginqueryOrderPos
INFO: [ app_init ] --START--
INFO: Run Behavior\BuildLiteBehavior [ RunTime:0.000018s ]
INFO: [ app_init ] --END-- [ RunTime:0.000389s ]
INFO: [ app_begin ] --START--
INFO: Run Behavior\ReadHtmlCacheBehavior [ RunTime:0.000310s ]
INFO: [ app_begin ] --END-- [ RunTime:0.000349s ]
NOTIC: [2] simplexml_load_string(): Entity: line 1: parser error : Start tag expected, '<' not found /home/wwwroot/pay/domain/hzf.xiaohouzhi.com/web/App/Pays/Controller/NotifyController.class.php 第 1074 行.
NOTIC: [2] simplexml_load_string(): {"loginName":null,"orderNo":"190915340178266571032","randomNum":"5740","key":"5d /home/wwwroot/pay/domain/hzf.xiaohouzhi.com/web/App/Pays/Controller/NotifyController.class.php 第 1074 行.
NOTIC: [2] simplexml_load_string(): ^ /home/wwwroot/pay/domain/hzf.xiaohouzhi.com/web/App/Pays/Controller/NotifyController.class.php 第 1074 行.
NOTIC: [8] Undefined index: r1_merchantNo /home/wwwroot/pay/domain/hzf.xiaohouzhi.com/web/App/Pays/Controller/NotifyController.class.php 第 16 行.
ERR: 非法操作:loginqueryOrderPos
NOTIC: [8] Undefined index: Debug /home/wwwroot/pay/domain/hzf.xiaohouzhi.com/web/ThinkPHP/Tpl/think_exception.tpl 第 8 行.

[ 2019-09-15T22:58:28+08:00 ] 101.68.68.234 /api/loginqueryOrderPos
INFO: [ app_init ] --START--
INFO: Run Behavior\BuildLiteBehavior [ RunTime:0.000012s ]
INFO: [ app_init ] --END-- [ RunTime:0.000227s ]
INFO: [ app_begin ] --START--
INFO: Run Behavior\ReadHtmlCacheBehavior [ RunTime:0.000293s ]
INFO: [ app_begin ] --END-- [ RunTime:0.000325s ]
NOTIC: [2] simplexml_load_string(): Entity: line 1: parser error : Start tag expected, '<' not found /home/wwwroot/pay/domain/hzf.xiaohouzhi.com/web/App/Pays/Controller/NotifyController.class.php 第 1074 行.
NOTIC: [2] simplexml_load_string(): {"loginName":null,"orderNo":"190915340178266571032","randomNum":"5740","key":"5d /home/wwwroot/pay/domain/hzf.xiaohouzhi.com/web/App/Pays/Controller/NotifyController.class.php 第 1074 行.
NOTIC: [2] simplexml_load_string(): ^ /home/wwwroot/pay/domain/hzf.xiaohouzhi.com/web/App/Pays/Controller/NotifyController.class.php 第 1074 行.
NOTIC: [8] Undefined index: r1_merchantNo /home/wwwroot/pay/domain/hzf.xiaohouzhi.com/web/App/Pays/Controller/NotifyController.class.php 第 16 行.
ERR: 非法操作:loginqueryOrderPos
NOTIC: [8] Undefined index: Debug /home/wwwroot/pay/domain/hzf.xiaohouzhi.com/web/ThinkPHP/Tpl/think_exception.tpl 第 8 行.

[ 2019-09-15T22:58:32+08:00 ] 101.68.68.234 /api/loginqueryOrderPos
INFO: [ app_init ] --START--
INFO: Run Behavior\BuildLiteBehavior [ RunTime:0.000019s ]
INFO: [ app_init ] --END-- [ RunTime:0.000321s ]
INFO: [ app_begin ] --START--
INFO: Run Behavior\ReadHtmlCacheBehavior [ RunTime:0.000453s ]
INFO: [ app_begin ] --END-- [ RunTime:0.000498s ]
NOTIC: [2] simplexml_load_string(): Entity: line 1: parser error : Start tag expected, '<' not found /home/wwwroot/pay/domain/hzf.xiaohouzhi.com/web/App/Pays/Controller/NotifyController.class.php 第 1074 行.
NOTIC: [2] simplexml_load_string(): {"loginName":null,"orderNo":"190915340178266571032","randomNum":"5740","key":"5d /home/wwwroot/pay/domain/hzf.xiaohouzhi.com/web/App/Pays/Controller/NotifyController.class.php 第 1074 行.
NOTIC: [2] simplexml_load_string(): ^ /home/wwwroot/pay/domain/hzf.xiaohouzhi.com/web/App/Pays/Controller/NotifyController.class.php 第 1074 行.
NOTIC: [8] Undefined index: r1_merchantNo /home/wwwroot/pay/domain/hzf.xiaohouzhi.com/web/App/Pays/Controller/NotifyController.class.php 第 16 行.
ERR: 非法操作:loginqueryOrderPos
NOTIC: [8] Undefined index: Debug /home/wwwroot/pay/domain/hzf.xiaohouzhi.com/web/ThinkPHP/Tpl/think_exception.tpl 第 8 行.

[ 2019-09-15T22:58:36+08:00 ] 101.68.68.234 /api/loginqueryOrderPos
INFO: [ app_init ] --START--
INFO: Run Behavior\BuildLiteBehavior [ RunTime:0.000012s ]
INFO: [ app_init ] --END-- [ RunTime:0.000226s ]
INFO: [ app_begin ] --START--
INFO: Run Behavior\ReadHtmlCacheBehavior [ RunTime:0.000276s ]
INFO: [ app_begin ] --END-- [ RunTime:0.000306s ]
NOTIC: [2] simplexml_load_string(): Entity: line 1: parser error : Start tag expected, '<' not found /home/wwwroot/pay/domain/hzf.xiaohouzhi.com/web/App/Pays/Controller/NotifyController.class.php 第 1074 行.
NOTIC: [2] simplexml_load_string(): {"loginName":null,"orderNo":"190915340178266571032","randomNum":"5740","key":"5d /home/wwwroot/pay/domain/hzf.xiaohouzhi.com/web/App/Pays/Controller/NotifyController.class.php 第 1074 行.
NOTIC: [2] simplexml_load_string(): ^ /home/wwwroot/pay/domain/hzf.xiaohouzhi.com/web/App/Pays/Controller/NotifyController.class.php 第 1074 行.
NOTIC: [8] Undefined index: r1_merchantNo /home/wwwroot/pay/domain/hzf.xiaohouzhi.com/web/App/Pays/Controller/NotifyController.class.php 第 16 行.
ERR: 非法操作:loginqueryOrderPos
NOTIC: [8] Undefined index: Debug /home/wwwroot/pay/domain/hzf.xiaohouzhi.com/web/ThinkPHP/Tpl/think_exception.tpl 第 8 行.

[ 2019-09-15T22:58:40+08:00 ] 101.68.68.234 /api/loginqueryOrderPos
INFO: [ app_init ] --START--
INFO: Run Behavior\BuildLiteBehavior [ RunTime:0.000013s ]
INFO: [ app_init ] --END-- [ RunTime:0.000241s ]
INFO: [ app_begin ] --START--
INFO: Run Behavior\ReadHtmlCacheBehavior [ RunTime:0.000363s ]
INFO: [ app_begin ] --END-- [ RunTime:0.000404s ]
NOTIC: [2] simplexml_load_string(): Entity: line 1: parser error : Start tag expected, '<' not found /home/wwwroot/pay/domain/hzf.xiaohouzhi.com/web/App/Pays/Controller/NotifyController.class.php 第 1074 行.
NOTIC: [2] simplexml_load_string(): {"loginName":null,"orderNo":"190915340178266571032","randomNum":"5740","key":"5d /home/wwwroot/pay/domain/hzf.xiaohouzhi.com/web/App/Pays/Controller/NotifyController.class.php 第 1074 行.
NOTIC: [2] simplexml_load_string(): ^ /home/wwwroot/pay/domain/hzf.xiaohouzhi.com/web/App/Pays/Controller/NotifyController.class.php 第 1074 行.
NOTIC: [8] Undefined index: r1_merchantNo /home/wwwroot/pay/domain/hzf.xiaohouzhi.com/web/App/Pays/Controller/NotifyController.class.php 第 16 行.
ERR: 非法操作:loginqueryOrderPos
NOTIC: [8] Undefined index: Debug /home/wwwroot/pay/domain/hzf.xiaohouzhi.com/web/ThinkPHP/Tpl/think_exception.tpl 第 8 行.

[ 2019-09-15T22:58:44+08:00 ] 101.68.68.234 /api/loginqueryOrderPos
INFO: [ app_init ] --START--
INFO: Run Behavior\BuildLiteBehavior [ RunTime:0.000013s ]
INFO: [ app_init ] --END-- [ RunTime:0.000256s ]
INFO: [ app_begin ] --START--
INFO: Run Behavior\ReadHtmlCacheBehavior [ RunTime:0.000288s ]
INFO: [ app_begin ] --END-- [ RunTime:0.000327s ]
NOTIC: [2] simplexml_load_string(): Entity: line 1: parser error : Start tag expected, '<' not found /home/wwwroot/pay/domain/hzf.xiaohouzhi.com/web/App/Pays/Controller/NotifyController.class.php 第 1074 行.
NOTIC: [2] simplexml_load_string(): {"loginName":null,"orderNo":"190915340178266571032","randomNum":"5740","key":"5d /home/wwwroot/pay/domain/hzf.xiaohouzhi.com/web/App/Pays/Controller/NotifyController.class.php 第 1074 行.
NOTIC: [2] simplexml_load_string(): ^ /home/wwwroot/pay/domain/hzf.xiaohouzhi.com/web/App/Pays/Controller/NotifyController.class.php 第 1074 行.
NOTIC: [8] Undefined index: r1_merchantNo /home/wwwroot/pay/domain/hzf.xiaohouzhi.com/web/App/Pays/Controller/NotifyController.class.php 第 16 行.
ERR: 非法操作:loginqueryOrderPos
NOTIC: [8] Undefined index: Debug /home/wwwroot/pay/domain/hzf.xiaohouzhi.com/web/ThinkPHP/Tpl/think_exception.tpl 第 8 行.

[ 2019-09-15T22:58:48+08:00 ] 101.68.68.234 /api/loginqueryOrderPos
INFO: [ app_init ] --START--
INFO: Run Behavior\BuildLiteBehavior [ RunTime:0.000014s ]
INFO: [ app_init ] --END-- [ RunTime:0.000274s ]
INFO: [ app_begin ] --START--
INFO: Run Behavior\ReadHtmlCacheBehavior [ RunTime:0.000350s ]
INFO: [ app_begin ] --END-- [ RunTime:0.000385s ]
NOTIC: [2] simplexml_load_string(): Entity: line 1: parser error : Start tag expected, '<' not found /home/wwwroot/pay/domain/hzf.xiaohouzhi.com/web/App/Pays/Controller/NotifyController.class.php 第 1074 行.
NOTIC: [2] simplexml_load_string(): {"loginName":null,"orderNo":"190915340178266571032","randomNum":"5740","key":"5d /home/wwwroot/pay/domain/hzf.xiaohouzhi.com/web/App/Pays/Controller/NotifyController.class.php 第 1074 行.
NOTIC: [2] simplexml_load_string(): ^ /home/wwwroot/pay/domain/hzf.xiaohouzhi.com/web/App/Pays/Controller/NotifyController.class.php 第 1074 行.
NOTIC: [8] Undefined index: r1_merchantNo /home/wwwroot/pay/domain/hzf.xiaohouzhi.com/web/App/Pays/Controller/NotifyController.class.php 第 16 行.
ERR: 非法操作:loginqueryOrderPos
NOTIC: [8] Undefined index: Debug /home/wwwroot/pay/domain/hzf.xiaohouzhi.com/web/ThinkPHP/Tpl/think_exception.tpl 第 8 行.

[ 2019-09-15T22:59:29+08:00 ] 101.68.68.234 /api/face
INFO: [ app_init ] --START--
INFO: Run Behavior\BuildLiteBehavior [ RunTime:0.000024s ]
INFO: [ app_init ] --END-- [ RunTime:0.000388s ]
INFO: [ app_begin ] --START--
INFO: Run Behavior\ReadHtmlCacheBehavior [ RunTime:0.000463s ]
INFO: [ app_begin ] --END-- [ RunTime:0.000517s ]
NOTIC: [8] Undefined index: test /home/wwwroot/pay/domain/hzf.xiaohouzhi.com/web/App/Pays/Controller/FaceApiController.class.php 第 40 行.

[ 2019-09-15T22:59:29+08:00 ] 101.68.68.234 /api/face
INFO: [ app_init ] --START--
INFO: Run Behavior\BuildLiteBehavior [ RunTime:0.000019s ]
INFO: [ app_init ] --END-- [ RunTime:0.000371s ]
INFO: [ app_begin ] --START--
INFO: Run Behavior\ReadHtmlCacheBehavior [ RunTime:0.000480s ]
INFO: [ app_begin ] --END-- [ RunTime:0.000620s ]
NOTIC: [8] Undefined index: test /home/wwwroot/pay/domain/hzf.xiaohouzhi.com/web/App/Pays/Controller/FaceApiController.class.php 第 40 行.

[ 2019-09-15T22:59:30+08:00 ] 101.68.68.234 /api/face
INFO: [ app_init ] --START--
INFO: Run Behavior\BuildLiteBehavior [ RunTime:0.000012s ]
INFO: [ app_init ] --END-- [ RunTime:0.000288s ]
INFO: [ app_begin ] --START--
INFO: Run Behavior\ReadHtmlCacheBehavior [ RunTime:0.000346s ]
INFO: [ app_begin ] --END-- [ RunTime:0.000388s ]
NOTIC: [8] Undefined index: test /home/wwwroot/pay/domain/hzf.xiaohouzhi.com/web/App/Pays/Controller/FaceApiController.class.php 第 40 行.

[ 2019-09-15T22:59:35+08:00 ] 101.68.68.234 /api/face
INFO: [ app_init ] --START--
INFO: Run Behavior\BuildLiteBehavior [ RunTime:0.000018s ]
INFO: [ app_init ] --END-- [ RunTime:0.000283s ]
INFO: [ app_begin ] --START--
INFO: Run Behavior\ReadHtmlCacheBehavior [ RunTime:0.000298s ]
INFO: [ app_begin ] --END-- [ RunTime:0.000334s ]
NOTIC: [8] Undefined index: test /home/wwwroot/pay/domain/hzf.xiaohouzhi.com/web/App/Pays/Controller/FaceApiController.class.php 第 40 行.

[ 2019-09-15T22:59:36+08:00 ] 101.68.68.234 /api/face
INFO: [ app_init ] --START--
INFO: Run Behavior\BuildLiteBehavior [ RunTime:0.000013s ]
INFO: [ app_init ] --END-- [ RunTime:0.000239s ]
INFO: [ app_begin ] --START--
INFO: Run Behavior\ReadHtmlCacheBehavior [ RunTime:0.000342s ]
INFO: [ app_begin ] --END-- [ RunTime:0.000385s ]
NOTIC: [8] Undefined index: test /home/wwwroot/pay/domain/hzf.xiaohouzhi.com/web/App/Pays/Controller/FaceApiController.class.php 第 40 行.

[ 2019-09-15T22:59:47+08:00 ] 101.68.68.234 /api/face
INFO: [ app_init ] --START--
INFO: Run Behavior\BuildLiteBehavior [ RunTime:0.000017s ]
INFO: [ app_init ] --END-- [ RunTime:0.000351s ]
INFO: [ app_begin ] --START--
INFO: Run Behavior\ReadHtmlCacheBehavior [ RunTime:0.000476s ]
INFO: [ app_begin ] --END-- [ RunTime:0.000537s ]
NOTIC: [8] Undefined index: test /home/wwwroot/pay/domain/hzf.xiaohouzhi.com/web/App/Pays/Controller/FaceApiController.class.php 第 40 行.
NOTIC: [8] Array to string conversion /home/wwwroot/pay/domain/hzf.xiaohouzhi.com/web/App/Pays/Controller/FaceApiController.class.php 第 88 行.

[ 2019-09-15T22:59:51+08:00 ] 101.68.68.234 /api/face
INFO: [ app_init ] --START--
INFO: Run Behavior\BuildLiteBehavior [ RunTime:0.000013s ]
INFO: [ app_init ] --END-- [ RunTime:0.000249s ]
INFO: [ app_begin ] --START--
INFO: Run Behavior\ReadHtmlCacheBehavior [ RunTime:0.000326s ]
INFO: [ app_begin ] --END-- [ RunTime:0.000376s ]
NOTIC: [8] Undefined index: test /home/wwwroot/pay/domain/hzf.xiaohouzhi.com/web/App/Pays/Controller/FaceApiController.class.php 第 40 行.
NOTIC: [8] Array to string conversion /home/wwwroot/pay/domain/hzf.xiaohouzhi.com/web/App/Pays/Controller/FaceApiController.class.php 第 88 行.

[ 2019-09-15T22:59:55+08:00 ] 101.68.68.234 /api/face
INFO: [ app_init ] --START--
INFO: Run Behavior\BuildLiteBehavior [ RunTime:0.000011s ]
INFO: [ app_init ] --END-- [ RunTime:0.000238s ]
INFO: [ app_begin ] --START--
INFO: Run Behavior\ReadHtmlCacheBehavior [ RunTime:0.000270s ]
INFO: [ app_begin ] --END-- [ RunTime:0.000318s ]
NOTIC: [8] Undefined index: test /home/wwwroot/pay/domain/hzf.xiaohouzhi.com/web/App/Pays/Controller/FaceApiController.class.php 第 40 行.
NOTIC: [8] Array to string conversion /home/wwwroot/pay/domain/hzf.xiaohouzhi.com/web/App/Pays/Controller/FaceApiController.class.php 第 88 行.

[ 2019-09-15T23:00:09+08:00 ] 101.68.68.234 /api/face
INFO: [ app_init ] --START--
INFO: Run Behavior\BuildLiteBehavior [ RunTime:0.000017s ]
INFO: [ app_init ] --END-- [ RunTime:0.000404s ]
INFO: [ app_begin ] --START--
INFO: Run Behavior\ReadHtmlCacheBehavior [ RunTime:0.000402s ]
INFO: [ app_begin ] --END-- [ RunTime:0.000452s ]
NOTIC: [8] Undefined index: test /home/wwwroot/pay/domain/hzf.xiaohouzhi.com/web/App/Pays/Controller/FaceApiController.class.php 第 40 行.

[ 2019-09-15T23:00:52+08:00 ] 101.68.68.234 /api/face
INFO: [ app_init ] --START--
INFO: Run Behavior\BuildLiteBehavior [ RunTime:0.000015s ]
INFO: [ app_init ] --END-- [ RunTime:0.000275s ]
INFO: [ app_begin ] --START--
INFO: Run Behavior\ReadHtmlCacheBehavior [ RunTime:0.000292s ]
INFO: [ app_begin ] --END-- [ RunTime:0.000334s ]
NOTIC: [8] Undefined index: test /home/wwwroot/pay/domain/hzf.xiaohouzhi.com/web/App/Pays/Controller/FaceApiController.class.php 第 40 行.

[ 2019-09-15T23:01:00+08:00 ] 101.68.68.234 /api/face
INFO: [ app_init ] --START--
INFO: Run Behavior\BuildLiteBehavior [ RunTime:0.000018s ]
INFO: [ app_init ] --END-- [ RunTime:0.000362s ]
INFO: [ app_begin ] --START--
INFO: Run Behavior\ReadHtmlCacheBehavior [ RunTime:0.000408s ]
INFO: [ app_begin ] --END-- [ RunTime:0.000496s ]
NOTIC: [8] Undefined index: test /home/wwwroot/pay/domain/hzf.xiaohouzhi.com/web/App/Pays/Controller/FaceApiController.class.php 第 40 行.

[ 2019-09-15T23:01:02+08:00 ] 101.68.68.234 /api/face
INFO: [ app_init ] --START--
INFO: Run Behavior\BuildLiteBehavior [ RunTime:0.000020s ]
INFO: [ app_init ] --END-- [ RunTime:0.000411s ]
INFO: [ app_begin ] --START--
INFO: Run Behavior\ReadHtmlCacheBehavior [ RunTime:0.000542s ]
INFO: [ app_begin ] --END-- [ RunTime:0.000615s ]
NOTIC: [8] Undefined index: test /home/wwwroot/pay/domain/hzf.xiaohouzhi.com/web/App/Pays/Controller/FaceApiController.class.php 第 40 行.

[ 2019-09-15T23:01:03+08:00 ] 101.68.68.234 /api/face
INFO: [ app_init ] --START--
INFO: Run Behavior\BuildLiteBehavior [ RunTime:0.000018s ]
INFO: [ app_init ] --END-- [ RunTime:0.000373s ]
INFO: [ app_begin ] --START--
INFO: Run Behavior\ReadHtmlCacheBehavior [ RunTime:0.000472s ]
INFO: [ app_begin ] --END-- [ RunTime:0.000528s ]
NOTIC: [8] Undefined index: test /home/wwwroot/pay/domain/hzf.xiaohouzhi.com/web/App/Pays/Controller/FaceApiController.class.php 第 40 行.

[ 2019-09-15T23:01:03+08:00 ] 101.68.68.234 /api/face
INFO: [ app_init ] --START--
INFO: Run Behavior\BuildLiteBehavior [ RunTime:0.000014s ]
INFO: [ app_init ] --END-- [ RunTime:0.000239s ]
INFO: [ app_begin ] --START--
INFO: Run Behavior\ReadHtmlCacheBehavior [ RunTime:0.000317s ]
INFO: [ app_begin ] --END-- [ RunTime:0.000357s ]
NOTIC: [8] Undefined index: test /home/wwwroot/pay/domain/hzf.xiaohouzhi.com/web/App/Pays/Controller/FaceApiController.class.php 第 40 行.

[ 2019-09-15T23:01:03+08:00 ] 101.68.68.234 /api/face
INFO: [ app_init ] --START--
INFO: Run Behavior\BuildLiteBehavior [ RunTime:0.000017s ]
INFO: [ app_init ] --END-- [ RunTime:0.000343s ]
INFO: [ app_begin ] --START--
INFO: Run Behavior\ReadHtmlCacheBehavior [ RunTime:0.000435s ]
INFO: [ app_begin ] --END-- [ RunTime:0.000485s ]
NOTIC: [8] Undefined index: test /home/wwwroot/pay/domain/hzf.xiaohouzhi.com/web/App/Pays/Controller/FaceApiController.class.php 第 40 行.

[ 2019-09-15T23:01:03+08:00 ] 101.68.68.234 /api/face
INFO: [ app_init ] --START--
INFO: Run Behavior\BuildLiteBehavior [ RunTime:0.000015s ]
INFO: [ app_init ] --END-- [ RunTime:0.000245s ]
INFO: [ app_begin ] --START--
INFO: Run Behavior\ReadHtmlCacheBehavior [ RunTime:0.000515s ]
INFO: [ app_begin ] --END-- [ RunTime:0.000560s ]
NOTIC: [8] Undefined index: test /home/wwwroot/pay/domain/hzf.xiaohouzhi.com/web/App/Pays/Controller/FaceApiController.class.php 第 40 行.

[ 2019-09-15T23:01:03+08:00 ] 101.68.68.234 /api/face
INFO: [ app_init ] --START--
INFO: Run Behavior\BuildLiteBehavior [ RunTime:0.000022s ]
INFO: [ app_init ] --END-- [ RunTime:0.000367s ]
INFO: [ app_begin ] --START--
INFO: Run Behavior\ReadHtmlCacheBehavior [ RunTime:0.000426s ]
INFO: [ app_begin ] --END-- [ RunTime:0.000478s ]
NOTIC: [8] Undefined index: test /home/wwwroot/pay/domain/hzf.xiaohouzhi.com/web/App/Pays/Controller/FaceApiController.class.php 第 40 行.

[ 2019-09-15T23:01:03+08:00 ] 101.68.68.234 /api/face
INFO: [ app_init ] --START--
INFO: Run Behavior\BuildLiteBehavior [ RunTime:0.000012s ]
INFO: [ app_init ] --END-- [ RunTime:0.000251s ]
INFO: [ app_begin ] --START--
INFO: Run Behavior\ReadHtmlCacheBehavior [ RunTime:0.000313s ]
INFO: [ app_begin ] --END-- [ RunTime:0.000363s ]
NOTIC: [8] Undefined index: test /home/wwwroot/pay/domain/hzf.xiaohouzhi.com/web/App/Pays/Controller/FaceApiController.class.php 第 40 行.

[ 2019-09-15T23:01:03+08:00 ] 101.68.68.234 /api/face
INFO: [ app_init ] --START--
INFO: Run Behavior\BuildLiteBehavior [ RunTime:0.000020s ]
INFO: [ app_init ] --END-- [ RunTime:0.000368s ]
INFO: [ app_begin ] --START--
INFO: Run Behavior\ReadHtmlCacheBehavior [ RunTime:0.000411s ]
INFO: [ app_begin ] --END-- [ RunTime:0.000463s ]
NOTIC: [8] Undefined index: test /home/wwwroot/pay/domain/hzf.xiaohouzhi.com/web/App/Pays/Controller/FaceApiController.class.php 第 40 行.

[ 2019-09-15T23:01:03+08:00 ] 101.68.68.234 /api/face
INFO: [ app_init ] --START--
INFO: Run Behavior\BuildLiteBehavior [ RunTime:0.000013s ]
INFO: [ app_init ] --END-- [ RunTime:0.000239s ]
INFO: [ app_begin ] --START--
INFO: Run Behavior\ReadHtmlCacheBehavior [ RunTime:0.000306s ]
INFO: [ app_begin ] --END-- [ RunTime:0.000345s ]
NOTIC: [8] Undefined index: test /home/wwwroot/pay/domain/hzf.xiaohouzhi.com/web/App/Pays/Controller/FaceApiController.class.php 第 40 行.

[ 2019-09-15T23:01:03+08:00 ] 101.68.68.234 /api/face
INFO: [ app_init ] --START--
INFO: Run Behavior\BuildLiteBehavior [ RunTime:0.000013s ]
INFO: [ app_init ] --END-- [ RunTime:0.000232s ]
INFO: [ app_begin ] --START--
INFO: Run Behavior\ReadHtmlCacheBehavior [ RunTime:0.000294s ]
INFO: [ app_begin ] --END-- [ RunTime:0.000331s ]
NOTIC: [8] Undefined index: test /home/wwwroot/pay/domain/hzf.xiaohouzhi.com/web/App/Pays/Controller/FaceApiController.class.php 第 40 行.

[ 2019-09-15T23:01:03+08:00 ] 101.68.68.234 /api/face
INFO: [ app_init ] --START--
INFO: Run Behavior\BuildLiteBehavior [ RunTime:0.000010s ]
INFO: [ app_init ] --END-- [ RunTime:0.000221s ]
INFO: [ app_begin ] --START--
INFO: Run Behavior\ReadHtmlCacheBehavior [ RunTime:0.000286s ]
INFO: [ app_begin ] --END-- [ RunTime:0.000324s ]
NOTIC: [8] Undefined index: test /home/wwwroot/pay/domain/hzf.xiaohouzhi.com/web/App/Pays/Controller/FaceApiController.class.php 第 40 行.

[ 2019-09-15T23:02:48+08:00 ] 101.68.68.234 /api/face
INFO: [ app_init ] --START--
INFO: Run Behavior\BuildLiteBehavior [ RunTime:0.000017s ]
INFO: [ app_init ] --END-- [ RunTime:0.000284s ]
INFO: [ app_begin ] --START--
INFO: Run Behavior\ReadHtmlCacheBehavior [ RunTime:0.000340s ]
INFO: [ app_begin ] --END-- [ RunTime:0.000378s ]
NOTIC: [8] Undefined index: test /home/wwwroot/pay/domain/hzf.xiaohouzhi.com/web/App/Pays/Controller/FaceApiController.class.php 第 40 行.

[ 2019-09-15T23:02:48+08:00 ] 101.68.68.234 /api/face
INFO: [ app_init ] --START--
INFO: Run Behavior\BuildLiteBehavior [ RunTime:0.000012s ]
INFO: [ app_init ] --END-- [ RunTime:0.000242s ]
INFO: [ app_begin ] --START--
INFO: Run Behavior\ReadHtmlCacheBehavior [ RunTime:0.000478s ]
INFO: [ app_begin ] --END-- [ RunTime:0.000570s ]
NOTIC: [8] Undefined index: test /home/wwwroot/pay/domain/hzf.xiaohouzhi.com/web/App/Pays/Controller/FaceApiController.class.php 第 40 行.

[ 2019-09-15T23:02:48+08:00 ] 101.68.68.234 /api/face
INFO: [ app_init ] --START--
INFO: Run Behavior\BuildLiteBehavior [ RunTime:0.000018s ]
INFO: [ app_init ] --END-- [ RunTime:0.000365s ]
INFO: [ app_begin ] --START--
INFO: Run Behavior\ReadHtmlCacheBehavior [ RunTime:0.000485s ]
INFO: [ app_begin ] --END-- [ RunTime:0.000544s ]
NOTIC: [8] Undefined index: test /home/wwwroot/pay/domain/hzf.xiaohouzhi.com/web/App/Pays/Controller/FaceApiController.class.php 第 40 行.

[ 2019-09-15T23:02:48+08:00 ] 101.68.68.234 /api/face
INFO: [ app_init ] --START--
INFO: Run Behavior\BuildLiteBehavior [ RunTime:0.000014s ]
INFO: [ app_init ] --END-- [ RunTime:0.000280s ]
INFO: [ app_begin ] --START--
INFO: Run Behavior\ReadHtmlCacheBehavior [ RunTime:0.000344s ]
INFO: [ app_begin ] --END-- [ RunTime:0.000392s ]
NOTIC: [8] Undefined index: test /home/wwwroot/pay/domain/hzf.xiaohouzhi.com/web/App/Pays/Controller/FaceApiController.class.php 第 40 行.

[ 2019-09-15T23:02:48+08:00 ] 101.68.68.234 /api/face
INFO: [ app_init ] --START--
INFO: Run Behavior\BuildLiteBehavior [ RunTime:0.000021s ]
INFO: [ app_init ] --END-- [ RunTime:0.000296s ]
INFO: [ app_begin ] --START--
INFO: Run Behavior\ReadHtmlCacheBehavior [ RunTime:0.000349s ]
INFO: [ app_begin ] --END-- [ RunTime:0.000393s ]
NOTIC: [8] Undefined index: test /home/wwwroot/pay/domain/hzf.xiaohouzhi.com/web/App/Pays/Controller/FaceApiController.class.php 第 40 行.

[ 2019-09-15T23:02:48+08:00 ] 101.68.68.234 /api/face
INFO: [ app_init ] --START--
INFO: Run Behavior\BuildLiteBehavior [ RunTime:0.000016s ]
INFO: [ app_init ] --END-- [ RunTime:0.000310s ]
INFO: [ app_begin ] --START--
INFO: Run Behavior\ReadHtmlCacheBehavior [ RunTime:0.000333s ]
INFO: [ app_begin ] --END-- [ RunTime:0.000388s ]
NOTIC: [8] Undefined index: test /home/wwwroot/pay/domain/hzf.xiaohouzhi.com/web/App/Pays/Controller/FaceApiController.class.php 第 40 行.

[ 2019-09-15T23:02:48+08:00 ] 101.68.68.234 /api/face
INFO: [ app_init ] --START--
INFO: Run Behavior\BuildLiteBehavior [ RunTime:0.000011s ]
INFO: [ app_init ] --END-- [ RunTime:0.000250s ]
INFO: [ app_begin ] --START--
INFO: Run Behavior\ReadHtmlCacheBehavior [ RunTime:0.000303s ]
INFO: [ app_begin ] --END-- [ RunTime:0.000340s ]
NOTIC: [8] Undefined index: test /home/wwwroot/pay/domain/hzf.xiaohouzhi.com/web/App/Pays/Controller/FaceApiController.class.php 第 40 行.

[ 2019-09-15T23:02:48+08:00 ] 101.68.68.234 /api/face
INFO: [ app_init ] --START--
INFO: Run Behavior\BuildLiteBehavior [ RunTime:0.000011s ]
INFO: [ app_init ] --END-- [ RunTime:0.000234s ]
INFO: [ app_begin ] --START--
INFO: Run Behavior\ReadHtmlCacheBehavior [ RunTime:0.000349s ]
INFO: [ app_begin ] --END-- [ RunTime:0.000447s ]
NOTIC: [8] Undefined index: test /home/wwwroot/pay/domain/hzf.xiaohouzhi.com/web/App/Pays/Controller/FaceApiController.class.php 第 40 行.

[ 2019-09-15T23:02:48+08:00 ] 101.68.68.234 /api/face
INFO: [ app_init ] --START--
INFO: Run Behavior\BuildLiteBehavior [ RunTime:0.000012s ]
INFO: [ app_init ] --END-- [ RunTime:0.000235s ]
INFO: [ app_begin ] --START--
INFO: Run Behavior\ReadHtmlCacheBehavior [ RunTime:0.000325s ]
INFO: [ app_begin ] --END-- [ RunTime:0.000369s ]
NOTIC: [8] Undefined index: test /home/wwwroot/pay/domain/hzf.xiaohouzhi.com/web/App/Pays/Controller/FaceApiController.class.php 第 40 行.

[ 2019-09-15T23:02:48+08:00 ] 101.68.68.234 /api/face
INFO: [ app_init ] --START--
INFO: Run Behavior\BuildLiteBehavior [ RunTime:0.000018s ]
INFO: [ app_init ] --END-- [ RunTime:0.000235s ]
INFO: [ app_begin ] --START--
INFO: Run Behavior\ReadHtmlCacheBehavior [ RunTime:0.000281s ]
INFO: [ app_begin ] --END-- [ RunTime:0.000317s ]
NOTIC: [8] Undefined index: test /home/wwwroot/pay/domain/hzf.xiaohouzhi.com/web/App/Pays/Controller/FaceApiController.class.php 第 40 行.

[ 2019-09-15T23:02:48+08:00 ] 101.68.68.234 /api/face
INFO: [ app_init ] --START--
INFO: Run Behavior\BuildLiteBehavior [ RunTime:0.000013s ]
INFO: [ app_init ] --END-- [ RunTime:0.000246s ]
INFO: [ app_begin ] --START--
INFO: Run Behavior\ReadHtmlCacheBehavior [ RunTime:0.000288s ]
INFO: [ app_begin ] --END-- [ RunTime:0.000326s ]
NOTIC: [8] Undefined index: test /home/wwwroot/pay/domain/hzf.xiaohouzhi.com/web/App/Pays/Controller/FaceApiController.class.php 第 40 行.

[ 2019-09-15T23:02:48+08:00 ] 101.68.68.234 /api/face
INFO: [ app_init ] --START--
INFO: Run Behavior\BuildLiteBehavior [ RunTime:0.000012s ]
INFO: [ app_init ] --END-- [ RunTime:0.000238s ]
INFO: [ app_begin ] --START--
INFO: Run Behavior\ReadHtmlCacheBehavior [ RunTime:0.000282s ]
INFO: [ app_begin ] --END-- [ RunTime:0.000318s ]
NOTIC: [8] Undefined index: test /home/wwwroot/pay/domain/hzf.xiaohouzhi.com/web/App/Pays/Controller/FaceApiController.class.php 第 40 行.

[ 2019-09-15T23:02:48+08:00 ] 101.68.68.234 /api/face
INFO: [ app_init ] --START--
INFO: Run Behavior\BuildLiteBehavior [ RunTime:0.000012s ]
INFO: [ app_init ] --END-- [ RunTime:0.000239s ]
INFO: [ app_begin ] --START--
INFO: Run Behavior\ReadHtmlCacheBehavior [ RunTime:0.000304s ]
INFO: [ app_begin ] --END-- [ RunTime:0.000341s ]
NOTIC: [8] Undefined index: test /home/wwwroot/pay/domain/hzf.xiaohouzhi.com/web/App/Pays/Controller/FaceApiController.class.php 第 40 行.

[ 2019-09-15T23:02:48+08:00 ] 101.68.68.234 /api/face
INFO: [ app_init ] --START--
INFO: Run Behavior\BuildLiteBehavior [ RunTime:0.000011s ]
INFO: [ app_init ] --END-- [ RunTime:0.000260s ]
INFO: [ app_begin ] --START--
INFO: Run Behavior\ReadHtmlCacheBehavior [ RunTime:0.000301s ]
INFO: [ app_begin ] --END-- [ RunTime:0.000341s ]
NOTIC: [8] Undefined index: test /home/wwwroot/pay/domain/hzf.xiaohouzhi.com/web/App/Pays/Controller/FaceApiController.class.php 第 40 行.

[ 2019-09-15T23:02:48+08:00 ] 101.68.68.234 /api/face
INFO: [ app_init ] --START--
INFO: Run Behavior\BuildLiteBehavior [ RunTime:0.000014s ]
INFO: [ app_init ] --END-- [ RunTime:0.000267s ]
INFO: [ app_begin ] --START--
INFO: Run Behavior\ReadHtmlCacheBehavior [ RunTime:0.000292s ]
INFO: [ app_begin ] --END-- [ RunTime:0.000329s ]
NOTIC: [8] Undefined index: test /home/wwwroot/pay/domain/hzf.xiaohouzhi.com/web/App/Pays/Controller/FaceApiController.class.php 第 40 行.

[ 2019-09-15T23:02:48+08:00 ] 101.68.68.234 /api/face
INFO: [ app_init ] --START--
INFO: Run Behavior\BuildLiteBehavior [ RunTime:0.000013s ]
INFO: [ app_init ] --END-- [ RunTime:0.000242s ]
INFO: [ app_begin ] --START--
INFO: Run Behavior\ReadHtmlCacheBehavior [ RunTime:0.000316s ]
INFO: [ app_begin ] --END-- [ RunTime:0.000354s ]
NOTIC: [8] Undefined index: test /home/wwwroot/pay/domain/hzf.xiaohouzhi.com/web/App/Pays/Controller/FaceApiController.class.php 第 40 行.

[ 2019-09-15T23:02:48+08:00 ] 101.68.68.234 /api/face
INFO: [ app_init ] --START--
INFO: Run Behavior\BuildLiteBehavior [ RunTime:0.000013s ]
INFO: [ app_init ] --END-- [ RunTime:0.000286s ]
INFO: [ app_begin ] --START--
INFO: Run Behavior\ReadHtmlCacheBehavior [ RunTime:0.000390s ]
INFO: [ app_begin ] --END-- [ RunTime:0.000439s ]
NOTIC: [8] Undefined index: test /home/wwwroot/pay/domain/hzf.xiaohouzhi.com/web/App/Pays/Controller/FaceApiController.class.php 第 40 行.

[ 2019-09-15T23:02:48+08:00 ] 101.68.68.234 /api/face
INFO: [ app_init ] --START--
INFO: Run Behavior\BuildLiteBehavior [ RunTime:0.000017s ]
INFO: [ app_init ] --END-- [ RunTime:0.000310s ]
INFO: [ app_begin ] --START--
INFO: Run Behavior\ReadHtmlCacheBehavior [ RunTime:0.000321s ]
INFO: [ app_begin ] --END-- [ RunTime:0.000361s ]
NOTIC: [8] Undefined index: test /home/wwwroot/pay/domain/hzf.xiaohouzhi.com/web/App/Pays/Controller/FaceApiController.class.php 第 40 行.

[ 2019-09-15T23:02:48+08:00 ] 101.68.68.234 /api/face
INFO: [ app_init ] --START--
INFO: Run Behavior\BuildLiteBehavior [ RunTime:0.000017s ]
INFO: [ app_init ] --END-- [ RunTime:0.000305s ]
INFO: [ app_begin ] --START--
INFO: Run Behavior\ReadHtmlCacheBehavior [ RunTime:0.000388s ]
INFO: [ app_begin ] --END-- [ RunTime:0.000446s ]
NOTIC: [8] Undefined index: test /home/wwwroot/pay/domain/hzf.xiaohouzhi.com/web/App/Pays/Controller/FaceApiController.class.php 第 40 行.

[ 2019-09-15T23:02:48+08:00 ] 101.68.68.234 /api/face
INFO: [ app_init ] --START--
INFO: Run Behavior\BuildLiteBehavior [ RunTime:0.000013s ]
INFO: [ app_init ] --END-- [ RunTime:0.000251s ]
INFO: [ app_begin ] --START--
INFO: Run Behavior\ReadHtmlCacheBehavior [ RunTime:0.000313s ]
INFO: [ app_begin ] --END-- [ RunTime:0.000361s ]
NOTIC: [8] Undefined index: test /home/wwwroot/pay/domain/hzf.xiaohouzhi.com/web/App/Pays/Controller/FaceApiController.class.php 第 40 行.

[ 2019-09-15T23:02:50+08:00 ] 101.68.68.234 /api/face
INFO: [ app_init ] --START--
INFO: Run Behavior\BuildLiteBehavior [ RunTime:0.000017s ]
INFO: [ app_init ] --END-- [ RunTime:0.000341s ]
INFO: [ app_begin ] --START--
INFO: Run Behavior\ReadHtmlCacheBehavior [ RunTime:0.000407s ]
INFO: [ app_begin ] --END-- [ RunTime:0.000463s ]
NOTIC: [8] Undefined index: test /home/wwwroot/pay/domain/hzf.xiaohouzhi.com/web/App/Pays/Controller/FaceApiController.class.php 第 40 行.

[ 2019-09-15T23:02:54+08:00 ] 101.68.68.234 /api/face
INFO: [ app_init ] --START--
INFO: Run Behavior\BuildLiteBehavior [ RunTime:0.000013s ]
INFO: [ app_init ] --END-- [ RunTime:0.000261s ]
INFO: [ app_begin ] --START--
INFO: Run Behavior\ReadHtmlCacheBehavior [ RunTime:0.000382s ]
INFO: [ app_begin ] --END-- [ RunTime:0.000432s ]
NOTIC: [8] Undefined index: test /home/wwwroot/pay/domain/hzf.xiaohouzhi.com/web/App/Pays/Controller/FaceApiController.class.php 第 40 行.

[ 2019-09-15T23:03:05+08:00 ] 101.68.68.234 /api/face
INFO: [ app_init ] --START--
INFO: Run Behavior\BuildLiteBehavior [ RunTime:0.000018s ]
INFO: [ app_init ] --END-- [ RunTime:0.000327s ]
INFO: [ app_begin ] --START--
INFO: Run Behavior\ReadHtmlCacheBehavior [ RunTime:0.000400s ]
INFO: [ app_begin ] --END-- [ RunTime:0.000449s ]
NOTIC: [8] Undefined index: test /home/wwwroot/pay/domain/hzf.xiaohouzhi.com/web/App/Pays/Controller/FaceApiController.class.php 第 40 行.

[ 2019-09-15T23:03:06+08:00 ] 101.68.68.234 /api/face
INFO: [ app_init ] --START--
INFO: Run Behavior\BuildLiteBehavior [ RunTime:0.000018s ]
INFO: [ app_init ] --END-- [ RunTime:0.000317s ]
INFO: [ app_begin ] --START--
INFO: Run Behavior\ReadHtmlCacheBehavior [ RunTime:0.000422s ]
INFO: [ app_begin ] --END-- [ RunTime:0.000475s ]
NOTIC: [8] Undefined index: test /home/wwwroot/pay/domain/hzf.xiaohouzhi.com/web/App/Pays/Controller/FaceApiController.class.php 第 40 行.

[ 2019-09-15T23:03:06+08:00 ] 101.68.68.234 /api/face
INFO: [ app_init ] --START--
INFO: Run Behavior\BuildLiteBehavior [ RunTime:0.000016s ]
INFO: [ app_init ] --END-- [ RunTime:0.000327s ]
INFO: [ app_begin ] --START--
INFO: Run Behavior\ReadHtmlCacheBehavior [ RunTime:0.000392s ]
INFO: [ app_begin ] --END-- [ RunTime:0.000441s ]
NOTIC: [8] Undefined index: test /home/wwwroot/pay/domain/hzf.xiaohouzhi.com/web/App/Pays/Controller/FaceApiController.class.php 第 40 行.

[ 2019-09-15T23:03:06+08:00 ] 101.68.68.234 /api/face
INFO: [ app_init ] --START--
INFO: Run Behavior\BuildLiteBehavior [ RunTime:0.000016s ]
INFO: [ app_init ] --END-- [ RunTime:0.000304s ]
INFO: [ app_begin ] --START--
INFO: Run Behavior\ReadHtmlCacheBehavior [ RunTime:0.000397s ]
INFO: [ app_begin ] --END-- [ RunTime:0.000439s ]
NOTIC: [8] Undefined index: test /home/wwwroot/pay/domain/hzf.xiaohouzhi.com/web/App/Pays/Controller/FaceApiController.class.php 第 40 行.

[ 2019-09-15T23:03:07+08:00 ] 101.68.68.234 /api/face
INFO: [ app_init ] --START--
INFO: Run Behavior\BuildLiteBehavior [ RunTime:0.000017s ]
INFO: [ app_init ] --END-- [ RunTime:0.000309s ]
INFO: [ app_begin ] --START--
INFO: Run Behavior\ReadHtmlCacheBehavior [ RunTime:0.000396s ]
INFO: [ app_begin ] --END-- [ RunTime:0.000445s ]
NOTIC: [8] Undefined index: test /home/wwwroot/pay/domain/hzf.xiaohouzhi.com/web/App/Pays/Controller/FaceApiController.class.php 第 40 行.

[ 2019-09-15T23:03:07+08:00 ] 101.68.68.234 /api/face
INFO: [ app_init ] --START--
INFO: Run Behavior\BuildLiteBehavior [ RunTime:0.000020s ]
INFO: [ app_init ] --END-- [ RunTime:0.000346s ]
INFO: [ app_begin ] --START--
INFO: Run Behavior\ReadHtmlCacheBehavior [ RunTime:0.000434s ]
INFO: [ app_begin ] --END-- [ RunTime:0.000483s ]
NOTIC: [8] Undefined index: test /home/wwwroot/pay/domain/hzf.xiaohouzhi.com/web/App/Pays/Controller/FaceApiController.class.php 第 40 行.

[ 2019-09-15T23:03:08+08:00 ] 101.68.68.234 /api/face
INFO: [ app_init ] --START--
INFO: Run Behavior\BuildLiteBehavior [ RunTime:0.000014s ]
INFO: [ app_init ] --END-- [ RunTime:0.000278s ]
INFO: [ app_begin ] --START--
INFO: Run Behavior\ReadHtmlCacheBehavior [ RunTime:0.000296s ]
INFO: [ app_begin ] --END-- [ RunTime:0.000338s ]
NOTIC: [8] Undefined index: test /home/wwwroot/pay/domain/hzf.xiaohouzhi.com/web/App/Pays/Controller/FaceApiController.class.php 第 40 行.

[ 2019-09-15T23:03:09+08:00 ] 101.68.68.234 /api/face
INFO: [ app_init ] --START--
INFO: Run Behavior\BuildLiteBehavior [ RunTime:0.000019s ]
INFO: [ app_init ] --END-- [ RunTime:0.000351s ]
INFO: [ app_begin ] --START--
INFO: Run Behavior\ReadHtmlCacheBehavior [ RunTime:0.000296s ]
INFO: [ app_begin ] --END-- [ RunTime:0.000337s ]
NOTIC: [8] Undefined index: test /home/wwwroot/pay/domain/hzf.xiaohouzhi.com/web/App/Pays/Controller/FaceApiController.class.php 第 40 行.

[ 2019-09-15T23:03:09+08:00 ] 101.68.68.234 /api/face
INFO: [ app_init ] --START--
INFO: Run Behavior\BuildLiteBehavior [ RunTime:0.000019s ]
INFO: [ app_init ] --END-- [ RunTime:0.000252s ]
INFO: [ app_begin ] --START--
INFO: Run Behavior\ReadHtmlCacheBehavior [ RunTime:0.000326s ]
INFO: [ app_begin ] --END-- [ RunTime:0.000359s ]
NOTIC: [8] Undefined index: test /home/wwwroot/pay/domain/hzf.xiaohouzhi.com/web/App/Pays/Controller/FaceApiController.class.php 第 40 行.

[ 2019-09-15T23:03:10+08:00 ] 101.68.68.234 /api/face
INFO: [ app_init ] --START--
INFO: Run Behavior\BuildLiteBehavior [ RunTime:0.000014s ]
INFO: [ app_init ] --END-- [ RunTime:0.000266s ]
INFO: [ app_begin ] --START--
INFO: Run Behavior\ReadHtmlCacheBehavior [ RunTime:0.000328s ]
INFO: [ app_begin ] --END-- [ RunTime:0.000370s ]
NOTIC: [8] Undefined index: test /home/wwwroot/pay/domain/hzf.xiaohouzhi.com/web/App/Pays/Controller/FaceApiController.class.php 第 40 行.

[ 2019-09-15T23:03:10+08:00 ] 101.68.68.234 /api/face
INFO: [ app_init ] --START--
INFO: Run Behavior\BuildLiteBehavior [ RunTime:0.000015s ]
INFO: [ app_init ] --END-- [ RunTime:0.000259s ]
INFO: [ app_begin ] --START--
INFO: Run Behavior\ReadHtmlCacheBehavior [ RunTime:0.000316s ]
INFO: [ app_begin ] --END-- [ RunTime:0.000350s ]
NOTIC: [8] Undefined index: test /home/wwwroot/pay/domain/hzf.xiaohouzhi.com/web/App/Pays/Controller/FaceApiController.class.php 第 40 行.

[ 2019-09-15T23:03:11+08:00 ] 101.68.68.234 /api/face
INFO: [ app_init ] --START--
INFO: Run Behavior\BuildLiteBehavior [ RunTime:0.000019s ]
INFO: [ app_init ] --END-- [ RunTime:0.000319s ]
INFO: [ app_begin ] --START--
INFO: Run Behavior\ReadHtmlCacheBehavior [ RunTime:0.000389s ]
INFO: [ app_begin ] --END-- [ RunTime:0.000434s ]
NOTIC: [8] Undefined index: test /home/wwwroot/pay/domain/hzf.xiaohouzhi.com/web/App/Pays/Controller/FaceApiController.class.php 第 40 行.

[ 2019-09-15T23:03:12+08:00 ] 101.68.68.234 /api/face
INFO: [ app_init ] --START--
INFO: Run Behavior\BuildLiteBehavior [ RunTime:0.000014s ]
INFO: [ app_init ] --END-- [ RunTime:0.000274s ]
INFO: [ app_begin ] --START--
INFO: Run Behavior\ReadHtmlCacheBehavior [ RunTime:0.000357s ]
INFO: [ app_begin ] --END-- [ RunTime:0.000395s ]
NOTIC: [8] Undefined index: test /home/wwwroot/pay/domain/hzf.xiaohouzhi.com/web/App/Pays/Controller/FaceApiController.class.php 第 40 行.

[ 2019-09-15T23:03:17+08:00 ] 101.68.68.234 /api/face
INFO: [ app_init ] --START--
INFO: Run Behavior\BuildLiteBehavior [ RunTime:0.000012s ]
INFO: [ app_init ] --END-- [ RunTime:0.000219s ]
INFO: [ app_begin ] --START--
INFO: Run Behavior\ReadHtmlCacheBehavior [ RunTime:0.000270s ]
INFO: [ app_begin ] --END-- [ RunTime:0.000301s ]
NOTIC: [8] Undefined index: test /home/wwwroot/pay/domain/hzf.xiaohouzhi.com/web/App/Pays/Controller/FaceApiController.class.php 第 40 行.

[ 2019-09-15T23:03:18+08:00 ] 101.68.68.234 /api/face
INFO: [ app_init ] --START--
INFO: Run Behavior\BuildLiteBehavior [ RunTime:0.000013s ]
INFO: [ app_init ] --END-- [ RunTime:0.000318s ]
INFO: [ app_begin ] --START--
INFO: Run Behavior\ReadHtmlCacheBehavior [ RunTime:0.000323s ]
INFO: [ app_begin ] --END-- [ RunTime:0.000361s ]
NOTIC: [8] Undefined index: test /home/wwwroot/pay/domain/hzf.xiaohouzhi.com/web/App/Pays/Controller/FaceApiController.class.php 第 40 行.

[ 2019-09-15T23:03:19+08:00 ] 101.68.68.234 /api/face
INFO: [ app_init ] --START--
INFO: Run Behavior\BuildLiteBehavior [ RunTime:0.000019s ]
INFO: [ app_init ] --END-- [ RunTime:0.000365s ]
INFO: [ app_begin ] --START--
INFO: Run Behavior\ReadHtmlCacheBehavior [ RunTime:0.000445s ]
INFO: [ app_begin ] --END-- [ RunTime:0.000493s ]
NOTIC: [8] Undefined index: test /home/wwwroot/pay/domain/hzf.xiaohouzhi.com/web/App/Pays/Controller/FaceApiController.class.php 第 40 行.

[ 2019-09-15T23:06:10+08:00 ] 101.68.68.234 /api/face
INFO: [ app_init ] --START--
INFO: Run Behavior\BuildLiteBehavior [ RunTime:0.000026s ]
INFO: [ app_init ] --END-- [ RunTime:0.000445s ]
INFO: [ app_begin ] --START--
INFO: Run Behavior\ReadHtmlCacheBehavior [ RunTime:0.000919s ]
INFO: [ app_begin ] --END-- [ RunTime:0.001014s ]
NOTIC: [8] Undefined index: test /home/wwwroot/pay/domain/hzf.xiaohouzhi.com/web/App/Pays/Controller/FaceApiController.class.php 第 40 行.

[ 2019-09-15T23:06:10+08:00 ] 101.68.68.234 /api/face
INFO: [ app_init ] --START--
INFO: Run Behavior\BuildLiteBehavior [ RunTime:0.000018s ]
INFO: [ app_init ] --END-- [ RunTime:0.000339s ]
INFO: [ app_begin ] --START--
INFO: Run Behavior\ReadHtmlCacheBehavior [ RunTime:0.000408s ]
INFO: [ app_begin ] --END-- [ RunTime:0.000463s ]
NOTIC: [8] Undefined index: test /home/wwwroot/pay/domain/hzf.xiaohouzhi.com/web/App/Pays/Controller/FaceApiController.class.php 第 40 行.

[ 2019-09-15T23:06:12+08:00 ] 101.68.68.234 /api/face
INFO: [ app_init ] --START--
INFO: Run Behavior\BuildLiteBehavior [ RunTime:0.000017s ]
INFO: [ app_init ] --END-- [ RunTime:0.000249s ]
INFO: [ app_begin ] --START--
INFO: Run Behavior\ReadHtmlCacheBehavior [ RunTime:0.000353s ]
INFO: [ app_begin ] --END-- [ RunTime:0.000388s ]
NOTIC: [8] Undefined index: test /home/wwwroot/pay/domain/hzf.xiaohouzhi.com/web/App/Pays/Controller/FaceApiController.class.php 第 40 行.

[ 2019-09-15T23:06:12+08:00 ] 101.68.68.234 /api/face
INFO: [ app_init ] --START--
INFO: Run Behavior\BuildLiteBehavior [ RunTime:0.000019s ]
INFO: [ app_init ] --END-- [ RunTime:0.000354s ]
INFO: [ app_begin ] --START--
INFO: Run Behavior\ReadHtmlCacheBehavior [ RunTime:0.000374s ]
INFO: [ app_begin ] --END-- [ RunTime:0.000419s ]
NOTIC: [8] Undefined index: test /home/wwwroot/pay/domain/hzf.xiaohouzhi.com/web/App/Pays/Controller/FaceApiController.class.php 第 40 行.

[ 2019-09-15T23:06:13+08:00 ] 101.68.68.234 /api/face
INFO: [ app_init ] --START--
INFO: Run Behavior\BuildLiteBehavior [ RunTime:0.000011s ]
INFO: [ app_init ] --END-- [ RunTime:0.000251s ]
INFO: [ app_begin ] --START--
INFO: Run Behavior\ReadHtmlCacheBehavior [ RunTime:0.000283s ]
INFO: [ app_begin ] --END-- [ RunTime:0.000315s ]
NOTIC: [8] Undefined index: test /home/wwwroot/pay/domain/hzf.xiaohouzhi.com/web/App/Pays/Controller/FaceApiController.class.php 第 40 行.

[ 2019-09-15T23:06:21+08:00 ] 101.68.68.234 /api/face
INFO: [ app_init ] --START--
INFO: Run Behavior\BuildLiteBehavior [ RunTime:0.000017s ]
INFO: [ app_init ] --END-- [ RunTime:0.000321s ]
INFO: [ app_begin ] --START--
INFO: Run Behavior\ReadHtmlCacheBehavior [ RunTime:0.000399s ]
INFO: [ app_begin ] --END-- [ RunTime:0.000442s ]
NOTIC: [8] Undefined index: test /home/wwwroot/pay/domain/hzf.xiaohouzhi.com/web/App/Pays/Controller/FaceApiController.class.php 第 40 行.

[ 2019-09-15T23:06:24+08:00 ] 101.68.68.234 /api/face
INFO: [ app_init ] --START--
INFO: Run Behavior\BuildLiteBehavior [ RunTime:0.000012s ]
INFO: [ app_init ] --END-- [ RunTime:0.000237s ]
INFO: [ app_begin ] --START--
INFO: Run Behavior\ReadHtmlCacheBehavior [ RunTime:0.000291s ]
INFO: [ app_begin ] --END-- [ RunTime:0.000324s ]
NOTIC: [8] Undefined index: test /home/wwwroot/pay/domain/hzf.xiaohouzhi.com/web/App/Pays/Controller/FaceApiController.class.php 第 40 行.

[ 2019-09-15T23:06:25+08:00 ] 101.68.68.234 /api/face
INFO: [ app_init ] --START--
INFO: Run Behavior\BuildLiteBehavior [ RunTime:0.000017s ]
INFO: [ app_init ] --END-- [ RunTime:0.000316s ]
INFO: [ app_begin ] --START--
INFO: Run Behavior\ReadHtmlCacheBehavior [ RunTime:0.000389s ]
INFO: [ app_begin ] --END-- [ RunTime:0.000435s ]
NOTIC: [8] Undefined index: test /home/wwwroot/pay/domain/hzf.xiaohouzhi.com/web/App/Pays/Controller/FaceApiController.class.php 第 40 行.

[ 2019-09-15T23:06:26+08:00 ] 101.68.68.234 /api/face
INFO: [ app_init ] --START--
INFO: Run Behavior\BuildLiteBehavior [ RunTime:0.000013s ]
INFO: [ app_init ] --END-- [ RunTime:0.000244s ]
INFO: [ app_begin ] --START--
INFO: Run Behavior\ReadHtmlCacheBehavior [ RunTime:0.000277s ]
INFO: [ app_begin ] --END-- [ RunTime:0.000310s ]
NOTIC: [8] Undefined index: test /home/wwwroot/pay/domain/hzf.xiaohouzhi.com/web/App/Pays/Controller/FaceApiController.class.php 第 40 行.

[ 2019-09-15T23:06:27+08:00 ] 101.68.68.234 /api/face
INFO: [ app_init ] --START--
INFO: Run Behavior\BuildLiteBehavior [ RunTime:0.000012s ]
INFO: [ app_init ] --END-- [ RunTime:0.000255s ]
INFO: [ app_begin ] --START--
INFO: Run Behavior\ReadHtmlCacheBehavior [ RunTime:0.000281s ]
INFO: [ app_begin ] --END-- [ RunTime:0.000330s ]
NOTIC: [8] Undefined index: test /home/wwwroot/pay/domain/hzf.xiaohouzhi.com/web/App/Pays/Controller/FaceApiController.class.php 第 40 行.

[ 2019-09-15T23:06:29+08:00 ] 101.68.68.234 /api/face
INFO: [ app_init ] --START--
INFO: Run Behavior\BuildLiteBehavior [ RunTime:0.000016s ]
INFO: [ app_init ] --END-- [ RunTime:0.000312s ]
INFO: [ app_begin ] --START--
INFO: Run Behavior\ReadHtmlCacheBehavior [ RunTime:0.000406s ]
INFO: [ app_begin ] --END-- [ RunTime:0.000448s ]
NOTIC: [8] Undefined index: test /home/wwwroot/pay/domain/hzf.xiaohouzhi.com/web/App/Pays/Controller/FaceApiController.class.php 第 40 行.

[ 2019-09-15T23:06:30+08:00 ] 101.68.68.234 /api/face
INFO: [ app_init ] --START--
INFO: Run Behavior\BuildLiteBehavior [ RunTime:0.000017s ]
INFO: [ app_init ] --END-- [ RunTime:0.000328s ]
INFO: [ app_begin ] --START--
INFO: Run Behavior\ReadHtmlCacheBehavior [ RunTime:0.000425s ]
INFO: [ app_begin ] --END-- [ RunTime:0.000475s ]
NOTIC: [8] Undefined index: test /home/wwwroot/pay/domain/hzf.xiaohouzhi.com/web/App/Pays/Controller/FaceApiController.class.php 第 40 行.

[ 2019-09-15T23:06:30+08:00 ] 101.68.68.234 /api/face
INFO: [ app_init ] --START--
INFO: Run Behavior\BuildLiteBehavior [ RunTime:0.000013s ]
INFO: [ app_init ] --END-- [ RunTime:0.000225s ]
INFO: [ app_begin ] --START--
INFO: Run Behavior\ReadHtmlCacheBehavior [ RunTime:0.000289s ]
INFO: [ app_begin ] --END-- [ RunTime:0.000320s ]
NOTIC: [8] Undefined index: test /home/wwwroot/pay/domain/hzf.xiaohouzhi.com/web/App/Pays/Controller/FaceApiController.class.php 第 40 行.

[ 2019-09-15T23:06:32+08:00 ] 101.68.68.234 /api/face
INFO: [ app_init ] --START--
INFO: Run Behavior\BuildLiteBehavior [ RunTime:0.000012s ]
INFO: [ app_init ] --END-- [ RunTime:0.000264s ]
INFO: [ app_begin ] --START--
INFO: Run Behavior\ReadHtmlCacheBehavior [ RunTime:0.000300s ]
INFO: [ app_begin ] --END-- [ RunTime:0.000334s ]
NOTIC: [8] Undefined index: test /home/wwwroot/pay/domain/hzf.xiaohouzhi.com/web/App/Pays/Controller/FaceApiController.class.php 第 40 行.

[ 2019-09-15T23:06:34+08:00 ] 101.68.68.234 /api/face
INFO: [ app_init ] --START--
INFO: Run Behavior\BuildLiteBehavior [ RunTime:0.000013s ]
INFO: [ app_init ] --END-- [ RunTime:0.000242s ]
INFO: [ app_begin ] --START--
INFO: Run Behavior\ReadHtmlCacheBehavior [ RunTime:0.000464s ]
INFO: [ app_begin ] --END-- [ RunTime:0.000529s ]
NOTIC: [8] Undefined index: test /home/wwwroot/pay/domain/hzf.xiaohouzhi.com/web/App/Pays/Controller/FaceApiController.class.php 第 40 行.

[ 2019-09-15T23:06:34+08:00 ] 101.68.68.234 /api/face
INFO: [ app_init ] --START--
INFO: Run Behavior\BuildLiteBehavior [ RunTime:0.000018s ]
INFO: [ app_init ] --END-- [ RunTime:0.000248s ]
INFO: [ app_begin ] --START--
INFO: Run Behavior\ReadHtmlCacheBehavior [ RunTime:0.000314s ]
INFO: [ app_begin ] --END-- [ RunTime:0.000349s ]
NOTIC: [8] Undefined index: test /home/wwwroot/pay/domain/hzf.xiaohouzhi.com/web/App/Pays/Controller/FaceApiController.class.php 第 40 行.

[ 2019-09-15T23:06:35+08:00 ] 101.68.68.234 /api/face
INFO: [ app_init ] --START--
INFO: Run Behavior\BuildLiteBehavior [ RunTime:0.000030s ]
INFO: [ app_init ] --END-- [ RunTime:0.000276s ]
INFO: [ app_begin ] --START--
INFO: Run Behavior\ReadHtmlCacheBehavior [ RunTime:0.000314s ]
INFO: [ app_begin ] --END-- [ RunTime:0.000356s ]
NOTIC: [8] Undefined index: test /home/wwwroot/pay/domain/hzf.xiaohouzhi.com/web/App/Pays/Controller/FaceApiController.class.php 第 40 行.

[ 2019-09-15T23:06:37+08:00 ] 101.68.68.234 /api/face
INFO: [ app_init ] --START--
INFO: Run Behavior\BuildLiteBehavior [ RunTime:0.000016s ]
INFO: [ app_init ] --END-- [ RunTime:0.000255s ]
INFO: [ app_begin ] --START--
INFO: Run Behavior\ReadHtmlCacheBehavior [ RunTime:0.000341s ]
INFO: [ app_begin ] --END-- [ RunTime:0.000381s ]
NOTIC: [8] Undefined index: test /home/wwwroot/pay/domain/hzf.xiaohouzhi.com/web/App/Pays/Controller/FaceApiController.class.php 第 40 行.

[ 2019-09-15T23:06:37+08:00 ] 101.68.68.234 /api/face
INFO: [ app_init ] --START--
INFO: Run Behavior\BuildLiteBehavior [ RunTime:0.000018s ]
INFO: [ app_init ] --END-- [ RunTime:0.000339s ]
INFO: [ app_begin ] --START--
INFO: Run Behavior\ReadHtmlCacheBehavior [ RunTime:0.000417s ]
INFO: [ app_begin ] --END-- [ RunTime:0.000511s ]
NOTIC: [8] Undefined index: test /home/wwwroot/pay/domain/hzf.xiaohouzhi.com/web/App/Pays/Controller/FaceApiController.class.php 第 40 行.

[ 2019-09-15T23:06:40+08:00 ] 101.68.68.234 /api/face
INFO: [ app_init ] --START--
INFO: Run Behavior\BuildLiteBehavior [ RunTime:0.000012s ]
INFO: [ app_init ] --END-- [ RunTime:0.000242s ]
INFO: [ app_begin ] --START--
INFO: Run Behavior\ReadHtmlCacheBehavior [ RunTime:0.000406s ]
INFO: [ app_begin ] --END-- [ RunTime:0.000440s ]
NOTIC: [8] Undefined index: test /home/wwwroot/pay/domain/hzf.xiaohouzhi.com/web/App/Pays/Controller/FaceApiController.class.php 第 40 行.

[ 2019-09-15T23:06:41+08:00 ] 101.68.68.234 /api/face
INFO: [ app_init ] --START--
INFO: Run Behavior\BuildLiteBehavior [ RunTime:0.000019s ]
INFO: [ app_init ] --END-- [ RunTime:0.000352s ]
INFO: [ app_begin ] --START--
INFO: Run Behavior\ReadHtmlCacheBehavior [ RunTime:0.000467s ]
INFO: [ app_begin ] --END-- [ RunTime:0.000515s ]
NOTIC: [8] Undefined index: test /home/wwwroot/pay/domain/hzf.xiaohouzhi.com/web/App/Pays/Controller/FaceApiController.class.php 第 40 行.

[ 2019-09-15T23:06:41+08:00 ] 101.68.68.234 /api/face
INFO: [ app_init ] --START--
INFO: Run Behavior\BuildLiteBehavior [ RunTime:0.000013s ]
INFO: [ app_init ] --END-- [ RunTime:0.000307s ]
INFO: [ app_begin ] --START--
INFO: Run Behavior\ReadHtmlCacheBehavior [ RunTime:0.000368s ]
INFO: [ app_begin ] --END-- [ RunTime:0.000404s ]
NOTIC: [8] Undefined index: test /home/wwwroot/pay/domain/hzf.xiaohouzhi.com/web/App/Pays/Controller/FaceApiController.class.php 第 40 行.

[ 2019-09-15T23:06:42+08:00 ] 101.68.68.234 /api/face
INFO: [ app_init ] --START--
INFO: Run Behavior\BuildLiteBehavior [ RunTime:0.000012s ]
INFO: [ app_init ] --END-- [ RunTime:0.000263s ]
INFO: [ app_begin ] --START--
INFO: Run Behavior\ReadHtmlCacheBehavior [ RunTime:0.000341s ]
INFO: [ app_begin ] --END-- [ RunTime:0.000387s ]
NOTIC: [8] Undefined index: test /home/wwwroot/pay/domain/hzf.xiaohouzhi.com/web/App/Pays/Controller/FaceApiController.class.php 第 40 行.

[ 2019-09-15T23:10:45+08:00 ] 101.68.68.234 /Pays/Mch/QrData/url/axHuRn0mcaDfouv_Lc2chl6Zi54aWFvaG91emhpLmNvbS9hbGlPYXV0aFVybD9pZD00MDg4
INFO: [ app_init ] --START--
INFO: Run Behavior\BuildLiteBehavior [ RunTime:0.000013s ]
INFO: [ app_init ] --END-- [ RunTime:0.000256s ]
INFO: [ app_begin ] --START--
INFO: Run Behavior\ReadHtmlCacheBehavior [ RunTime:0.000319s ]
INFO: [ app_begin ] --END-- [ RunTime:0.000357s ]
INFO: [ app_end ] --START--
INFO: Run Behavior\ShowPageTraceBehavior [ RunTime:0.000647s ]
INFO: [ app_end ] --END-- [ RunTime:0.000736s ]

[ 2019-09-15T23:12:11+08:00 ] 101.68.68.234 /Pays/Mch/QrData/url/axHuRn0mcaDfouv_Lc2chl6Zi54aWFvaG91emhpLmNvbS9hbGlPYXV0aFVybD9pZD00MDg4
INFO: [ app_init ] --START--
INFO: Run Behavior\BuildLiteBehavior [ RunTime:0.000013s ]
INFO: [ app_init ] --END-- [ RunTime:0.000312s ]
INFO: [ app_begin ] --START--
INFO: Run Behavior\ReadHtmlCacheBehavior [ RunTime:0.000328s ]
INFO: [ app_begin ] --END-- [ RunTime:0.000367s ]
INFO: [ app_end ] --START--
INFO: Run Behavior\ShowPageTraceBehavior [ RunTime:0.000489s ]
INFO: [ app_end ] --END-- [ RunTime:0.000561s ]

[ 2019-09-15T23:12:27+08:00 ] 101.68.68.234 /api/face
INFO: [ app_init ] --START--
INFO: Run Behavior\BuildLiteBehavior [ RunTime:0.000023s ]
INFO: [ app_init ] --END-- [ RunTime:0.000391s ]
INFO: [ app_begin ] --START--
INFO: Run Behavior\ReadHtmlCacheBehavior [ RunTime:0.000411s ]
INFO: [ app_begin ] --END-- [ RunTime:0.000467s ]
NOTIC: [8] Undefined index: test /home/wwwroot/pay/domain/hzf.xiaohouzhi.com/web/App/Pays/Controller/FaceApiController.class.php 第 40 行.

[ 2019-09-15T23:12:31+08:00 ] 101.68.68.234 /api/face
INFO: [ app_init ] --START--
INFO: Run Behavior\BuildLiteBehavior [ RunTime:0.000013s ]
INFO: [ app_init ] --END-- [ RunTime:0.000239s ]
INFO: [ app_begin ] --START--
INFO: Run Behavior\ReadHtmlCacheBehavior [ RunTime:0.000336s ]
INFO: [ app_begin ] --END-- [ RunTime:0.000382s ]
NOTIC: [8] Undefined index: test /home/wwwroot/pay/domain/hzf.xiaohouzhi.com/web/App/Pays/Controller/FaceApiController.class.php 第 40 行.

[ 2019-09-15T23:12:31+08:00 ] 101.68.68.234 /api/face
INFO: [ app_init ] --START--
INFO: Run Behavior\BuildLiteBehavior [ RunTime:0.000019s ]
INFO: [ app_init ] --END-- [ RunTime:0.000371s ]
INFO: [ app_begin ] --START--
INFO: Run Behavior\ReadHtmlCacheBehavior [ RunTime:0.000503s ]
INFO: [ app_begin ] --END-- [ RunTime:0.000577s ]
NOTIC: [8] Undefined index: test /home/wwwroot/pay/domain/hzf.xiaohouzhi.com/web/App/Pays/Controller/FaceApiController.class.php 第 40 行.

[ 2019-09-15T23:12:31+08:00 ] 101.68.68.234 /api/face
INFO: [ app_init ] --START--
INFO: Run Behavior\BuildLiteBehavior [ RunTime:0.000017s ]
INFO: [ app_init ] --END-- [ RunTime:0.000266s ]
INFO: [ app_begin ] --START--
INFO: Run Behavior\ReadHtmlCacheBehavior [ RunTime:0.000314s ]
INFO: [ app_begin ] --END-- [ RunTime:0.000353s ]
NOTIC: [8] Undefined index: test /home/wwwroot/pay/domain/hzf.xiaohouzhi.com/web/App/Pays/Controller/FaceApiController.class.php 第 40 行.

[ 2019-09-15T23:12:32+08:00 ] 101.68.68.234 /api/face
INFO: [ app_init ] --START--
INFO: Run Behavior\BuildLiteBehavior [ RunTime:0.000016s ]
INFO: [ app_init ] --END-- [ RunTime:0.000253s ]
INFO: [ app_begin ] --START--
INFO: Run Behavior\ReadHtmlCacheBehavior [ RunTime:0.000331s ]
INFO: [ app_begin ] --END-- [ RunTime:0.000370s ]
NOTIC: [8] Undefined index: test /home/wwwroot/pay/domain/hzf.xiaohouzhi.com/web/App/Pays/Controller/FaceApiController.class.php 第 40 行.

[ 2019-09-15T23:12:32+08:00 ] 101.68.68.234 /api/face
INFO: [ app_init ] --START--
INFO: Run Behavior\BuildLiteBehavior [ RunTime:0.000014s ]
INFO: [ app_init ] --END-- [ RunTime:0.000284s ]
INFO: [ app_begin ] --START--
INFO: Run Behavior\ReadHtmlCacheBehavior [ RunTime:0.000303s ]
INFO: [ app_begin ] --END-- [ RunTime:0.000337s ]
NOTIC: [8] Undefined index: test /home/wwwroot/pay/domain/hzf.xiaohouzhi.com/web/App/Pays/Controller/FaceApiController.class.php 第 40 行.

[ 2019-09-15T23:12:32+08:00 ] 101.68.68.234 /api/face
INFO: [ app_init ] --START--
INFO: Run Behavior\BuildLiteBehavior [ RunTime:0.000022s ]
INFO: [ app_init ] --END-- [ RunTime:0.000298s ]
INFO: [ app_begin ] --START--
INFO: Run Behavior\ReadHtmlCacheBehavior [ RunTime:0.000313s ]
INFO: [ app_begin ] --END-- [ RunTime:0.000355s ]
NOTIC: [8] Undefined index: test /home/wwwroot/pay/domain/hzf.xiaohouzhi.com/web/App/Pays/Controller/FaceApiController.class.php 第 40 行.

[ 2019-09-15T23:12:32+08:00 ] 101.68.68.234 /api/face
INFO: [ app_init ] --START--
INFO: Run Behavior\BuildLiteBehavior [ RunTime:0.000055s ]
INFO: [ app_init ] --END-- [ RunTime:0.000501s ]
INFO: [ app_begin ] --START--
INFO: Run Behavior\ReadHtmlCacheBehavior [ RunTime:0.000460s ]
INFO: [ app_begin ] --END-- [ RunTime:0.000516s ]
NOTIC: [8] Undefined index: test /home/wwwroot/pay/domain/hzf.xiaohouzhi.com/web/App/Pays/Controller/FaceApiController.class.php 第 40 行.

[ 2019-09-15T23:12:32+08:00 ] 101.68.68.234 /api/face
INFO: [ app_init ] --START--
INFO: Run Behavior\BuildLiteBehavior [ RunTime:0.000020s ]
INFO: [ app_init ] --END-- [ RunTime:0.000366s ]
INFO: [ app_begin ] --START--
INFO: Run Behavior\ReadHtmlCacheBehavior [ RunTime:0.000414s ]
INFO: [ app_begin ] --END-- [ RunTime:0.000472s ]
NOTIC: [8] Undefined index: test /home/wwwroot/pay/domain/hzf.xiaohouzhi.com/web/App/Pays/Controller/FaceApiController.class.php 第 40 行.

[ 2019-09-15T23:12:32+08:00 ] 101.68.68.234 /api/face
INFO: [ app_init ] --START--
INFO: Run Behavior\BuildLiteBehavior [ RunTime:0.000022s ]
INFO: [ app_init ] --END-- [ RunTime:0.000339s ]
INFO: [ app_begin ] --START--
INFO: Run Behavior\ReadHtmlCacheBehavior [ RunTime:0.000406s ]
INFO: [ app_begin ] --END-- [ RunTime:0.000452s ]
NOTIC: [8] Undefined index: test /home/wwwroot/pay/domain/hzf.xiaohouzhi.com/web/App/Pays/Controller/FaceApiController.class.php 第 40 行.

[ 2019-09-15T23:12:32+08:00 ] 101.68.68.234 /api/face
INFO: [ app_init ] --START--
INFO: Run Behavior\BuildLiteBehavior [ RunTime:0.000012s ]
INFO: [ app_init ] --END-- [ RunTime:0.000272s ]
INFO: [ app_begin ] --START--
INFO: Run Behavior\ReadHtmlCacheBehavior [ RunTime:0.000313s ]
INFO: [ app_begin ] --END-- [ RunTime:0.000349s ]
NOTIC: [8] Undefined index: test /home/wwwroot/pay/domain/hzf.xiaohouzhi.com/web/App/Pays/Controller/FaceApiController.class.php 第 40 行.

[ 2019-09-15T23:13:44+08:00 ] 101.68.68.234 /api/login
INFO: [ app_init ] --START--
INFO: Run Behavior\BuildLiteBehavior [ RunTime:0.000015s ]
INFO: [ app_init ] --END-- [ RunTime:0.000323s ]
INFO: [ app_begin ] --START--
INFO: Run Behavior\ReadHtmlCacheBehavior [ RunTime:0.000342s ]
INFO: [ app_begin ] --END-- [ RunTime:0.000385s ]

[ 2019-09-15T23:13:46+08:00 ] 101.68.68.234 /api/face
INFO: [ app_init ] --START--
INFO: Run Behavior\BuildLiteBehavior [ RunTime:0.000012s ]
INFO: [ app_init ] --END-- [ RunTime:0.000243s ]
INFO: [ app_begin ] --START--
INFO: Run Behavior\ReadHtmlCacheBehavior [ RunTime:0.000306s ]
INFO: [ app_begin ] --END-- [ RunTime:0.000353s ]
NOTIC: [8] Undefined index: test /home/wwwroot/pay/domain/hzf.xiaohouzhi.com/web/App/Pays/Controller/FaceApiController.class.php 第 40 行.

[ 2019-09-15T23:13:48+08:00 ] 101.68.68.234 /api/face
INFO: [ app_init ] --START--
INFO: Run Behavior\BuildLiteBehavior [ RunTime:0.000017s ]
INFO: [ app_init ] --END-- [ RunTime:0.000325s ]
INFO: [ app_begin ] --START--
INFO: Run Behavior\ReadHtmlCacheBehavior [ RunTime:0.000403s ]
INFO: [ app_begin ] --END-- [ RunTime:0.000448s ]
NOTIC: [8] Undefined index: test /home/wwwroot/pay/domain/hzf.xiaohouzhi.com/web/App/Pays/Controller/FaceApiController.class.php 第 40 行.

[ 2019-09-15T23:13:55+08:00 ] 101.68.68.234 /api/face
INFO: [ app_init ] --START--
INFO: Run Behavior\BuildLiteBehavior [ RunTime:0.000012s ]
INFO: [ app_init ] --END-- [ RunTime:0.000234s ]
INFO: [ app_begin ] --START--
INFO: Run Behavior\ReadHtmlCacheBehavior [ RunTime:0.000310s ]
INFO: [ app_begin ] --END-- [ RunTime:0.000343s ]
NOTIC: [8] Undefined index: test /home/wwwroot/pay/domain/hzf.xiaohouzhi.com/web/App/Pays/Controller/FaceApiController.class.php 第 40 行.
NOTIC: [8] Array to string conversion /home/wwwroot/pay/domain/hzf.xiaohouzhi.com/web/App/Pays/Controller/FaceApiController.class.php 第 88 行.

[ 2019-09-15T23:14:13+08:00 ] 101.68.68.234 /api/face
INFO: [ app_init ] --START--
INFO: Run Behavior\BuildLiteBehavior [ RunTime:0.000017s ]
INFO: [ app_init ] --END-- [ RunTime:0.000299s ]
INFO: [ app_begin ] --START--
INFO: Run Behavior\ReadHtmlCacheBehavior [ RunTime:0.000345s ]
INFO: [ app_begin ] --END-- [ RunTime:0.000516s ]
NOTIC: [8] Undefined index: test /home/wwwroot/pay/domain/hzf.xiaohouzhi.com/web/App/Pays/Controller/FaceApiController.class.php 第 40 行.
NOTIC: [8] Undefined index: HTTP_X_REAL_IP /home/wwwroot/pay/domain/hzf.xiaohouzhi.com/web/App/Common/Common/function.php 第 3505 行.
NOTIC: [8192] Non-static method WxPayApi::faceOrderQuery() should not be called statically, assuming $this from incompatible context /home/wwwroot/pay/domain/hzf.xiaohouzhi.com/web/App/Pays/Controller/FaceWxController.class.php 第 182 行.
NOTIC: [2] simplexml_load_string(): Entity: line 1: parser error : Start tag expected, '<' not found /home/wwwroot/pay/domain/hzf.xiaohouzhi.com/web/App/Pays/Controller/NotifyController.class.php 第 1074 行.
NOTIC: [2] simplexml_load_string(): {"appid":"3396909283","method":"wx_facePay","data":{"store_id":4230,"body":"测 /home/wwwroot/pay/domain/hzf.xiaohouzhi.com/web/App/Pays/Controller/NotifyController.class.php 第 1074 行.
NOTIC: [2] simplexml_load_string(): ^ /home/wwwroot/pay/domain/hzf.xiaohouzhi.com/web/App/Pays/Controller/NotifyController.class.php 第 1074 行.
NOTIC: [8] Undefined index: r1_merchantNo /home/wwwroot/pay/domain/hzf.xiaohouzhi.com/web/App/Pays/Controller/NotifyController.class.php 第 16 行.

[ 2019-09-15T23:14:21+08:00 ] 101.68.68.234 /api/face
INFO: [ app_init ] --START--
INFO: Run Behavior\BuildLiteBehavior [ RunTime:0.000013s ]
INFO: [ app_init ] --END-- [ RunTime:0.000258s ]
INFO: [ app_begin ] --START--
INFO: Run Behavior\ReadHtmlCacheBehavior [ RunTime:0.000288s ]
INFO: [ app_begin ] --END-- [ RunTime:0.000337s ]
NOTIC: [8] Undefined index: test /home/wwwroot/pay/domain/hzf.xiaohouzhi.com/web/App/Pays/Controller/FaceApiController.class.php 第 40 行.
NOTIC: [8] Array to string conversion /home/wwwroot/pay/domain/hzf.xiaohouzhi.com/web/App/Pays/Controller/FaceApiController.class.php 第 88 行.

[ 2019-09-15T23:14:27+08:00 ] 101.68.68.234 /Pays/Mch/QrData/url/axHuRn0mcaDfouv_Lc2chl6Zi54aWFvaG91emhpLmNvbS9hbGlPYXV0aFVybD9pZD00MDg4
INFO: [ app_init ] --START--
INFO: Run Behavior\BuildLiteBehavior [ RunTime:0.000017s ]
INFO: [ app_init ] --END-- [ RunTime:0.000298s ]
INFO: [ app_begin ] --START--
INFO: Run Behavior\ReadHtmlCacheBehavior [ RunTime:0.000293s ]
INFO: [ app_begin ] --END-- [ RunTime:0.000331s ]
INFO: [ app_end ] --START--
INFO: Run Behavior\ShowPageTraceBehavior [ RunTime:0.000510s ]
INFO: [ app_end ] --END-- [ RunTime:0.000580s ]

[ 2019-09-15T23:17:50+08:00 ] 101.68.68.234 /api/face
INFO: [ app_init ] --START--
INFO: Run Behavior\BuildLiteBehavior [ RunTime:0.000017s ]
INFO: [ app_init ] --END-- [ RunTime:0.000305s ]
INFO: [ app_begin ] --START--
INFO: Run Behavior\ReadHtmlCacheBehavior [ RunTime:0.000334s ]
INFO: [ app_begin ] --END-- [ RunTime:0.000377s ]
NOTIC: [8] Undefined index: test /home/wwwroot/pay/domain/hzf.xiaohouzhi.com/web/App/Pays/Controller/FaceApiController.class.php 第 40 行.
NOTIC: [8] Undefined index: HTTP_X_REAL_IP /home/wwwroot/pay/domain/hzf.xiaohouzhi.com/web/App/Common/Common/function.php 第 3505 行.
NOTIC: [8192] Non-static method WxPayApi::faceOrderQuery() should not be called statically, assuming $this from incompatible context /home/wwwroot/pay/domain/hzf.xiaohouzhi.com/web/App/Pays/Controller/FaceWxController.class.php 第 182 行.
NOTIC: [2] simplexml_load_string(): Entity: line 1: parser error : Start tag expected, '<' not found /home/wwwroot/pay/domain/hzf.xiaohouzhi.com/web/App/Pays/Controller/NotifyController.class.php 第 1074 行.
NOTIC: [2] simplexml_load_string(): {"appid":"3396909283","method":"wx_facePay","data":{"store_id":4230,"body":"测 /home/wwwroot/pay/domain/hzf.xiaohouzhi.com/web/App/Pays/Controller/NotifyController.class.php 第 1074 行.
NOTIC: [2] simplexml_load_string(): ^ /home/wwwroot/pay/domain/hzf.xiaohouzhi.com/web/App/Pays/Controller/NotifyController.class.php 第 1074 行.
NOTIC: [8] Undefined index: r1_merchantNo /home/wwwroot/pay/domain/hzf.xiaohouzhi.com/web/App/Pays/Controller/NotifyController.class.php 第 16 行.

[ 2019-09-15T23:17:55+08:00 ] 101.68.68.234 /api/face
INFO: [ app_init ] --START--
INFO: Run Behavior\BuildLiteBehavior [ RunTime:0.000016s ]
INFO: [ app_init ] --END-- [ RunTime:0.000334s ]
INFO: [ app_begin ] --START--
INFO: Run Behavior\ReadHtmlCacheBehavior [ RunTime:0.000363s ]
INFO: [ app_begin ] --END-- [ RunTime:0.000408s ]
NOTIC: [8] Undefined index: test /home/wwwroot/pay/domain/hzf.xiaohouzhi.com/web/App/Pays/Controller/FaceApiController.class.php 第 40 行.
NOTIC: [8] Array to string conversion /home/wwwroot/pay/domain/hzf.xiaohouzhi.com/web/App/Pays/Controller/FaceApiController.class.php 第 88 行.

