[ 2019-11-08T10:34:51+08:00 ] 113.246.21.109 /Pays/Mch/QrData/url/axHuRn0mcaDfouv_Lc3cNlscGF5LnNodW56aGlhcHAuY29tL2FsaU9hdXRoVXJsP2lkPTMO0O0O
INFO: [ app_init ] --START--
INFO: Run Behavior\BuildLiteBehavior [ RunTime:0.000012s ]
INFO: [ app_init ] --END-- [ RunTime:0.000252s ]
INFO: [ app_begin ] --START--
INFO: Run Behavior\ReadHtmlCacheBehavior [ RunTime:0.000380s ]
INFO: [ app_begin ] --END-- [ RunTime:0.000417s ]
INFO: [ app_end ] --START--
INFO: Run Behavior\ShowPageTraceBehavior [ RunTime:0.000664s ]
INFO: [ app_end ] --END-- [ RunTime:0.000741s ]

[ 2019-11-08T12:11:33+08:00 ] 113.246.21.109 /EQ/P07107901
INFO: [ app_init ] --START--
INFO: Run Behavior\BuildLiteBehavior [ RunTime:0.000018s ]
INFO: [ app_init ] --END-- [ RunTime:0.000399s ]
INFO: [ app_begin ] --START--
INFO: Run Behavior\ReadHtmlCacheBehavior [ RunTime:0.000561s ]
INFO: [ app_begin ] --END-- [ RunTime:0.000637s ]

[ 2019-11-08T12:11:33+08:00 ] 113.246.21.109 /EQM/P07107901
INFO: [ app_init ] --START--
INFO: Run Behavior\BuildLiteBehavior [ RunTime:0.000016s ]
INFO: [ app_init ] --END-- [ RunTime:0.000340s ]
INFO: [ app_begin ] --START--
INFO: Run Behavior\ReadHtmlCacheBehavior [ RunTime:0.000359s ]
INFO: [ app_begin ] --END-- [ RunTime:0.000415s ]

[ 2019-11-08T12:11:34+08:00 ] 113.246.21.109 /EQM/P07107901?code=071wMTZj20dnQD0BGTZj2uNKZj2wMTZ3&state=Pays
INFO: [ app_init ] --START--
INFO: Run Behavior\BuildLiteBehavior [ RunTime:0.000013s ]
INFO: [ app_init ] --END-- [ RunTime:0.000273s ]
INFO: [ app_begin ] --START--
INFO: Run Behavior\ReadHtmlCacheBehavior [ RunTime:0.000366s ]
INFO: [ app_begin ] --END-- [ RunTime:0.000407s ]

[ 2019-11-08T12:11:34+08:00 ] 113.246.21.109 /Pays/MchReg/index
INFO: [ app_init ] --START--
INFO: Run Behavior\BuildLiteBehavior [ RunTime:0.000013s ]
INFO: [ app_init ] --END-- [ RunTime:0.000266s ]
INFO: [ app_begin ] --START--
INFO: Run Behavior\ReadHtmlCacheBehavior [ RunTime:0.000386s ]
INFO: [ app_begin ] --END-- [ RunTime:0.000435s ]
NOTIC: [8] Undefined variable: timestamp /www/wwwroot/slpay.shunzhiapp.com/web/App/Pays/Controller/MchRegController.class.php 第 1022 行.
NOTIC: [8] Undefined variable: noncestr /www/wwwroot/slpay.shunzhiapp.com/web/App/Pays/Controller/MchRegController.class.php 第 1022 行.
NOTIC: [8] Undefined variable: appid /www/wwwroot/slpay.shunzhiapp.com/web/App/Pays/Controller/MchRegController.class.php 第 1022 行.
INFO: [ view_parse ] --START--
INFO: [ template_filter ] --START--
INFO: Run Behavior\ContentReplaceBehavior [ RunTime:0.000054s ]
INFO: [ template_filter ] --END-- [ RunTime:0.000108s ]
INFO: Run Behavior\ParseTemplateBehavior [ RunTime:0.007383s ]
INFO: [ view_parse ] --END-- [ RunTime:0.007443s ]
INFO: [ view_filter ] --START--
INFO: Run Behavior\WriteHtmlCacheBehavior [ RunTime:0.000203s ]
INFO: Run Behavior\TokenBuildBehavior [ RunTime:0.000321s ]
INFO: [ view_filter ] --END-- [ RunTime:0.000567s ]
INFO: [ app_end ] --START--
INFO: Run Behavior\ShowPageTraceBehavior [ RunTime:0.000493s ]
INFO: [ app_end ] --END-- [ RunTime:0.000525s ]

[ 2019-11-08T12:11:38+08:00 ] 113.246.21.109 /Pays/MchReg/MchPar
INFO: [ app_init ] --START--
INFO: Run Behavior\BuildLiteBehavior [ RunTime:0.000013s ]
INFO: [ app_init ] --END-- [ RunTime:0.000266s ]
INFO: [ app_begin ] --START--
INFO: Run Behavior\ReadHtmlCacheBehavior [ RunTime:0.000370s ]
INFO: [ app_begin ] --END-- [ RunTime:0.000407s ]
NOTIC: [8] Undefined variable: timestamp /www/wwwroot/slpay.shunzhiapp.com/web/App/Pays/Controller/MchRegController.class.php 第 1022 行.
NOTIC: [8] Undefined variable: noncestr /www/wwwroot/slpay.shunzhiapp.com/web/App/Pays/Controller/MchRegController.class.php 第 1022 行.
NOTIC: [8] Undefined variable: appid /www/wwwroot/slpay.shunzhiapp.com/web/App/Pays/Controller/MchRegController.class.php 第 1022 行.
INFO: [ view_parse ] --START--
INFO: [ template_filter ] --START--
INFO: Run Behavior\ContentReplaceBehavior [ RunTime:0.000127s ]
INFO: [ template_filter ] --END-- [ RunTime:0.000180s ]
NOTIC: [8] Undefined index: vs /www/wwwroot/slpay.shunzhiapp.com/web/App/Runtime/Cache/Pays/ef3089ab9054d530f3f1e8e4d259d35c.php 第 22 行.
NOTIC: [8] Undefined index: vs /www/wwwroot/slpay.shunzhiapp.com/web/App/Runtime/Cache/Pays/ef3089ab9054d530f3f1e8e4d259d35c.php 第 40 行.
INFO: Run Behavior\ParseTemplateBehavior [ RunTime:0.016227s ]
INFO: [ view_parse ] --END-- [ RunTime:0.016273s ]
INFO: [ view_filter ] --START--
INFO: Run Behavior\WriteHtmlCacheBehavior [ RunTime:0.000207s ]
INFO: Run Behavior\TokenBuildBehavior [ RunTime:0.000503s ]
INFO: [ view_filter ] --END-- [ RunTime:0.000755s ]
INFO: [ app_end ] --START--
INFO: Run Behavior\ShowPageTraceBehavior [ RunTime:0.000403s ]
INFO: [ app_end ] --END-- [ RunTime:0.000430s ]

[ 2019-11-08T12:12:39+08:00 ] 61.151.207.186 /Pays/MchReg/MchPar
INFO: [ app_init ] --START--
INFO: Run Behavior\BuildLiteBehavior [ RunTime:0.000014s ]
INFO: [ app_init ] --END-- [ RunTime:0.000306s ]
INFO: [ app_begin ] --START--
INFO: Run Behavior\ReadHtmlCacheBehavior [ RunTime:0.000456s ]
INFO: [ app_begin ] --END-- [ RunTime:0.000505s ]
NOTIC: [8] Undefined index: Reg /www/wwwroot/slpay.shunzhiapp.com/web/App/Pays/Controller/MchRegController.class.php 第 12 行.
NOTIC: [8] Undefined variable: timestamp /www/wwwroot/slpay.shunzhiapp.com/web/App/Pays/Controller/MchRegController.class.php 第 1022 行.
NOTIC: [8] Undefined variable: noncestr /www/wwwroot/slpay.shunzhiapp.com/web/App/Pays/Controller/MchRegController.class.php 第 1022 行.
NOTIC: [8] Undefined variable: appid /www/wwwroot/slpay.shunzhiapp.com/web/App/Pays/Controller/MchRegController.class.php 第 1022 行.
INFO: [ view_parse ] --START--
INFO: [ template_filter ] --START--
INFO: Run Behavior\ContentReplaceBehavior [ RunTime:0.000131s ]
INFO: [ template_filter ] --END-- [ RunTime:0.000181s ]
NOTIC: [8] Undefined index: vs /www/wwwroot/slpay.shunzhiapp.com/web/App/Runtime/Cache/Pays/ef3089ab9054d530f3f1e8e4d259d35c.php 第 22 行.
NOTIC: [8] Undefined index: vs /www/wwwroot/slpay.shunzhiapp.com/web/App/Runtime/Cache/Pays/ef3089ab9054d530f3f1e8e4d259d35c.php 第 40 行.
NOTIC: [8] Undefined index: Reg /www/wwwroot/slpay.shunzhiapp.com/web/App/Runtime/Cache/Pays/ef3089ab9054d530f3f1e8e4d259d35c.php 第 43 行.
NOTIC: [8] Undefined index: Reg /www/wwwroot/slpay.shunzhiapp.com/web/App/Runtime/Cache/Pays/ef3089ab9054d530f3f1e8e4d259d35c.php 第 46 行.
NOTIC: [8] Undefined index: Reg /www/wwwroot/slpay.shunzhiapp.com/web/App/Runtime/Cache/Pays/ef3089ab9054d530f3f1e8e4d259d35c.php 第 47 行.
NOTIC: [8] Undefined index: Reg /www/wwwroot/slpay.shunzhiapp.com/web/App/Runtime/Cache/Pays/ef3089ab9054d530f3f1e8e4d259d35c.php 第 48 行.
NOTIC: [8] Undefined index: Reg /www/wwwroot/slpay.shunzhiapp.com/web/App/Runtime/Cache/Pays/ef3089ab9054d530f3f1e8e4d259d35c.php 第 49 行.
NOTIC: [8] Undefined index: Reg /www/wwwroot/slpay.shunzhiapp.com/web/App/Runtime/Cache/Pays/ef3089ab9054d530f3f1e8e4d259d35c.php 第 468 行.
INFO: Run Behavior\ParseTemplateBehavior [ RunTime:0.016397s ]
INFO: [ view_parse ] --END-- [ RunTime:0.016453s ]
INFO: [ view_filter ] --START--
INFO: Run Behavior\WriteHtmlCacheBehavior [ RunTime:0.000283s ]
INFO: Run Behavior\TokenBuildBehavior [ RunTime:0.000683s ]
INFO: [ view_filter ] --END-- [ RunTime:0.001024s ]
INFO: [ app_end ] --START--
INFO: Run Behavior\ShowPageTraceBehavior [ RunTime:0.000524s ]
INFO: [ app_end ] --END-- [ RunTime:0.000564s ]

[ 2019-11-08T12:13:46+08:00 ] 113.246.21.109 /Pays/MchReg/MchPer
INFO: [ app_init ] --START--
INFO: Run Behavior\BuildLiteBehavior [ RunTime:0.000020s ]
INFO: [ app_init ] --END-- [ RunTime:0.000372s ]
INFO: [ app_begin ] --START--
INFO: Run Behavior\ReadHtmlCacheBehavior [ RunTime:0.000486s ]
INFO: [ app_begin ] --END-- [ RunTime:0.000540s ]
NOTIC: [8] Undefined variable: timestamp /www/wwwroot/slpay.shunzhiapp.com/web/App/Pays/Controller/MchRegController.class.php 第 1022 行.
NOTIC: [8] Undefined variable: noncestr /www/wwwroot/slpay.shunzhiapp.com/web/App/Pays/Controller/MchRegController.class.php 第 1022 行.
NOTIC: [8] Undefined variable: appid /www/wwwroot/slpay.shunzhiapp.com/web/App/Pays/Controller/MchRegController.class.php 第 1022 行.
INFO: [ view_parse ] --START--
INFO: [ template_filter ] --START--
INFO: Run Behavior\ContentReplaceBehavior [ RunTime:0.000151s ]
INFO: [ template_filter ] --END-- [ RunTime:0.000200s ]
INFO: Run Behavior\ParseTemplateBehavior [ RunTime:0.014073s ]
INFO: [ view_parse ] --END-- [ RunTime:0.014122s ]
INFO: [ view_filter ] --START--
INFO: Run Behavior\WriteHtmlCacheBehavior [ RunTime:0.000207s ]
INFO: Run Behavior\TokenBuildBehavior [ RunTime:0.000492s ]
INFO: [ view_filter ] --END-- [ RunTime:0.000737s ]
INFO: [ app_end ] --START--
INFO: Run Behavior\ShowPageTraceBehavior [ RunTime:0.000395s ]
INFO: [ app_end ] --END-- [ RunTime:0.000423s ]

[ 2019-11-08T12:15:09+08:00 ] 113.246.21.109 /Pays/MchReg/MchPer
INFO: [ app_init ] --START--
INFO: Run Behavior\BuildLiteBehavior [ RunTime:0.000014s ]
INFO: [ app_init ] --END-- [ RunTime:0.000263s ]
INFO: [ app_begin ] --START--
INFO: Run Behavior\ReadHtmlCacheBehavior [ RunTime:0.000390s ]
INFO: [ app_begin ] --END-- [ RunTime:0.000434s ]
NOTIC: [8] Undefined variable: timestamp /www/wwwroot/slpay.shunzhiapp.com/web/App/Pays/Controller/MchRegController.class.php 第 1022 行.
NOTIC: [8] Undefined variable: noncestr /www/wwwroot/slpay.shunzhiapp.com/web/App/Pays/Controller/MchRegController.class.php 第 1022 行.
NOTIC: [8] Undefined variable: appid /www/wwwroot/slpay.shunzhiapp.com/web/App/Pays/Controller/MchRegController.class.php 第 1022 行.
INFO: [ view_parse ] --START--
INFO: [ template_filter ] --START--
INFO: Run Behavior\ContentReplaceBehavior [ RunTime:0.000141s ]
INFO: [ template_filter ] --END-- [ RunTime:0.000192s ]
INFO: Run Behavior\ParseTemplateBehavior [ RunTime:0.019544s ]
INFO: [ view_parse ] --END-- [ RunTime:0.019607s ]
INFO: [ view_filter ] --START--
INFO: Run Behavior\WriteHtmlCacheBehavior [ RunTime:0.000225s ]
INFO: Run Behavior\TokenBuildBehavior [ RunTime:0.000634s ]
INFO: [ view_filter ] --END-- [ RunTime:0.000910s ]
INFO: [ app_end ] --START--
INFO: Run Behavior\ShowPageTraceBehavior [ RunTime:0.000501s ]
INFO: [ app_end ] --END-- [ RunTime:0.000542s ]

[ 2019-11-08T12:16:25+08:00 ] 113.246.21.109 /Pays/MchReg/index
INFO: [ app_init ] --START--
INFO: Run Behavior\BuildLiteBehavior [ RunTime:0.000014s ]
INFO: [ app_init ] --END-- [ RunTime:0.000257s ]
INFO: [ app_begin ] --START--
INFO: Run Behavior\ReadHtmlCacheBehavior [ RunTime:0.000394s ]
INFO: [ app_begin ] --END-- [ RunTime:0.000439s ]
NOTIC: [8] Undefined variable: timestamp /www/wwwroot/slpay.shunzhiapp.com/web/App/Pays/Controller/MchRegController.class.php 第 1022 行.
NOTIC: [8] Undefined variable: noncestr /www/wwwroot/slpay.shunzhiapp.com/web/App/Pays/Controller/MchRegController.class.php 第 1022 行.
NOTIC: [8] Undefined variable: appid /www/wwwroot/slpay.shunzhiapp.com/web/App/Pays/Controller/MchRegController.class.php 第 1022 行.
INFO: [ view_parse ] --START--
INFO: [ template_filter ] --START--
INFO: Run Behavior\ContentReplaceBehavior [ RunTime:0.000079s ]
INFO: [ template_filter ] --END-- [ RunTime:0.000136s ]
INFO: Run Behavior\ParseTemplateBehavior [ RunTime:0.006100s ]
INFO: [ view_parse ] --END-- [ RunTime:0.006144s ]
INFO: [ view_filter ] --START--
INFO: Run Behavior\WriteHtmlCacheBehavior [ RunTime:0.000198s ]
INFO: Run Behavior\TokenBuildBehavior [ RunTime:0.000313s ]
INFO: [ view_filter ] --END-- [ RunTime:0.000554s ]
INFO: [ app_end ] --START--
INFO: Run Behavior\ShowPageTraceBehavior [ RunTime:0.000383s ]
INFO: [ app_end ] --END-- [ RunTime:0.000409s ]

[ 2019-11-08T12:16:28+08:00 ] 113.246.21.109 /Pays/MchReg/MchPer
INFO: [ app_init ] --START--
INFO: Run Behavior\BuildLiteBehavior [ RunTime:0.000012s ]
INFO: [ app_init ] --END-- [ RunTime:0.000260s ]
INFO: [ app_begin ] --START--
INFO: Run Behavior\ReadHtmlCacheBehavior [ RunTime:0.000360s ]
INFO: [ app_begin ] --END-- [ RunTime:0.000416s ]
NOTIC: [8] Undefined variable: timestamp /www/wwwroot/slpay.shunzhiapp.com/web/App/Pays/Controller/MchRegController.class.php 第 1022 行.
NOTIC: [8] Undefined variable: noncestr /www/wwwroot/slpay.shunzhiapp.com/web/App/Pays/Controller/MchRegController.class.php 第 1022 行.
NOTIC: [8] Undefined variable: appid /www/wwwroot/slpay.shunzhiapp.com/web/App/Pays/Controller/MchRegController.class.php 第 1022 行.
INFO: [ view_parse ] --START--
INFO: [ template_filter ] --START--
INFO: Run Behavior\ContentReplaceBehavior [ RunTime:0.000156s ]
INFO: [ template_filter ] --END-- [ RunTime:0.000225s ]
INFO: Run Behavior\ParseTemplateBehavior [ RunTime:0.015791s ]
INFO: [ view_parse ] --END-- [ RunTime:0.015849s ]
INFO: [ view_filter ] --START--
INFO: Run Behavior\WriteHtmlCacheBehavior [ RunTime:0.000222s ]
INFO: Run Behavior\TokenBuildBehavior [ RunTime:0.000549s ]
INFO: [ view_filter ] --END-- [ RunTime:0.000816s ]
INFO: [ app_end ] --START--
INFO: Run Behavior\ShowPageTraceBehavior [ RunTime:0.000414s ]
INFO: [ app_end ] --END-- [ RunTime:0.000444s ]

[ 2019-11-08T13:24:12+08:00 ] 113.246.21.109 /Pays/Mch/QrData/url/axHuRn0mcaDfouv_Lc3cNlscGF5LnNodW56aGlhcHAuY29tL2FsaU9hdXRoVXJsP2lkPTMO0O0O
INFO: [ app_init ] --START--
INFO: Run Behavior\BuildLiteBehavior [ RunTime:0.000018s ]
INFO: [ app_init ] --END-- [ RunTime:0.000427s ]
INFO: [ app_begin ] --START--
INFO: Run Behavior\ReadHtmlCacheBehavior [ RunTime:0.000545s ]
INFO: [ app_begin ] --END-- [ RunTime:0.000606s ]
INFO: [ app_end ] --START--
INFO: Run Behavior\ShowPageTraceBehavior [ RunTime:0.000614s ]
INFO: [ app_end ] --END-- [ RunTime:0.000696s ]

[ 2019-11-08T13:25:50+08:00 ] 113.246.21.109 /Pays/Mch/QrData/url/axHuRn0mcaDfouv_Lc3cNlscGF5LnNodW56aGlhcHAuY29tL2FsaU9hdXRoVXJsP2lkPTMO0O0O
INFO: [ app_init ] --START--
INFO: Run Behavior\BuildLiteBehavior [ RunTime:0.000013s ]
INFO: [ app_init ] --END-- [ RunTime:0.000302s ]
INFO: [ app_begin ] --START--
INFO: Run Behavior\ReadHtmlCacheBehavior [ RunTime:0.000462s ]
INFO: [ app_begin ] --END-- [ RunTime:0.000521s ]
INFO: [ app_end ] --START--
INFO: Run Behavior\ShowPageTraceBehavior [ RunTime:0.000567s ]
INFO: [ app_end ] --END-- [ RunTime:0.000657s ]

[ 2019-11-08T13:26:20+08:00 ] 203.209.235.175 /EQ/P58389050
INFO: [ app_init ] --START--
INFO: Run Behavior\BuildLiteBehavior [ RunTime:0.000019s ]
INFO: [ app_init ] --END-- [ RunTime:0.000428s ]
INFO: [ app_begin ] --START--
INFO: Run Behavior\ReadHtmlCacheBehavior [ RunTime:0.000533s ]
INFO: [ app_begin ] --END-- [ RunTime:0.000587s ]

[ 2019-11-08T13:26:20+08:00 ] 203.209.235.197 /EQM/P58389050
INFO: [ app_init ] --START--
INFO: Run Behavior\BuildLiteBehavior [ RunTime:0.000013s ]
INFO: [ app_init ] --END-- [ RunTime:0.000284s ]
INFO: [ app_begin ] --START--
INFO: Run Behavior\ReadHtmlCacheBehavior [ RunTime:0.000381s ]
INFO: [ app_begin ] --END-- [ RunTime:0.000422s ]

[ 2019-11-08T13:26:20+08:00 ] 203.209.235.6 /Pay/UxDuUn4mMazfgu5_McDcUlw
INFO: [ app_init ] --START--
INFO: Run Behavior\BuildLiteBehavior [ RunTime:0.000016s ]
INFO: [ app_init ] --END-- [ RunTime:0.000282s ]
INFO: [ app_begin ] --START--
INFO: Run Behavior\ReadHtmlCacheBehavior [ RunTime:0.000483s ]
INFO: [ app_begin ] --END-- [ RunTime:0.000547s ]

[ 2019-11-08T13:26:28+08:00 ] 117.136.89.107 /EQ/P58389050
INFO: [ app_init ] --START--
INFO: Run Behavior\BuildLiteBehavior [ RunTime:0.000021s ]
INFO: [ app_init ] --END-- [ RunTime:0.000409s ]
INFO: [ app_begin ] --START--
INFO: Run Behavior\ReadHtmlCacheBehavior [ RunTime:0.000397s ]
INFO: [ app_begin ] --END-- [ RunTime:0.000461s ]

[ 2019-11-08T13:26:29+08:00 ] 117.136.89.107 /EQM/P58389050
INFO: [ app_init ] --START--
INFO: Run Behavior\BuildLiteBehavior [ RunTime:0.000015s ]
INFO: [ app_init ] --END-- [ RunTime:0.000295s ]
INFO: [ app_begin ] --START--
INFO: Run Behavior\ReadHtmlCacheBehavior [ RunTime:0.000426s ]
INFO: [ app_begin ] --END-- [ RunTime:0.000475s ]

[ 2019-11-08T13:26:29+08:00 ] 117.136.89.107 /Pay/UxDuUn4mMazfgu5_McDcUlw
INFO: [ app_init ] --START--
INFO: Run Behavior\BuildLiteBehavior [ RunTime:0.000017s ]
INFO: [ app_init ] --END-- [ RunTime:0.000356s ]
INFO: [ app_begin ] --START--
INFO: Run Behavior\ReadHtmlCacheBehavior [ RunTime:0.000465s ]
INFO: [ app_begin ] --END-- [ RunTime:0.000544s ]

[ 2019-11-08T13:26:29+08:00 ] 117.136.89.107 /Pay/UxDuUn4mMazfgu5_McDcUlw?code=001KyRCa2DyScN0w7ODa2OmRCa2KyRCx&state=Pays
INFO: [ app_init ] --START--
INFO: Run Behavior\BuildLiteBehavior [ RunTime:0.000014s ]
INFO: [ app_init ] --END-- [ RunTime:0.000339s ]
INFO: [ app_begin ] --START--
INFO: Run Behavior\ReadHtmlCacheBehavior [ RunTime:0.000425s ]
INFO: [ app_begin ] --END-- [ RunTime:0.000478s ]
INFO: [ view_parse ] --START--
INFO: [ template_filter ] --START--
INFO: Run Behavior\ContentReplaceBehavior [ RunTime:0.000079s ]
INFO: [ template_filter ] --END-- [ RunTime:0.000166s ]
INFO: Run Behavior\ParseTemplateBehavior [ RunTime:0.006523s ]
INFO: [ view_parse ] --END-- [ RunTime:0.006574s ]
INFO: [ view_filter ] --START--
INFO: Run Behavior\WriteHtmlCacheBehavior [ RunTime:0.000200s ]
INFO: Run Behavior\TokenBuildBehavior [ RunTime:0.000342s ]
INFO: [ view_filter ] --END-- [ RunTime:0.000582s ]
INFO: [ app_end ] --START--
INFO: Run Behavior\ShowPageTraceBehavior [ RunTime:0.000422s ]
INFO: [ app_end ] --END-- [ RunTime:0.000451s ]

[ 2019-11-08T13:26:32+08:00 ] 117.136.89.107 /Pays/Apis/gateway
INFO: [ app_init ] --START--
INFO: Run Behavior\BuildLiteBehavior [ RunTime:0.000021s ]
INFO: [ app_init ] --END-- [ RunTime:0.000370s ]
INFO: [ app_begin ] --START--
INFO: Run Behavior\ReadHtmlCacheBehavior [ RunTime:0.000459s ]
INFO: [ app_begin ] --END-- [ RunTime:0.000520s ]
NOTIC: [8] Undefined index: is_api /www/wwwroot/slpay.shunzhiapp.com/web/App/Pays/Controller/ApisController.class.php 第 13 行.

[ 2019-11-08T13:26:38+08:00 ] 117.136.89.107 /Pays/Apis/gateway
INFO: [ app_init ] --START--
INFO: Run Behavior\BuildLiteBehavior [ RunTime:0.000018s ]
INFO: [ app_init ] --END-- [ RunTime:0.000388s ]
INFO: [ app_begin ] --START--
INFO: Run Behavior\ReadHtmlCacheBehavior [ RunTime:0.000546s ]
INFO: [ app_begin ] --END-- [ RunTime:0.000606s ]
NOTIC: [8] Undefined index: is_api /www/wwwroot/slpay.shunzhiapp.com/web/App/Pays/Controller/ApisController.class.php 第 13 行.

[ 2019-11-08T13:27:28+08:00 ] 101.91.60.110 /EQ/P58389050
INFO: [ app_init ] --START--
INFO: Run Behavior\BuildLiteBehavior [ RunTime:0.000012s ]
INFO: [ app_init ] --END-- [ RunTime:0.000270s ]
INFO: [ app_begin ] --START--
INFO: Run Behavior\ReadHtmlCacheBehavior [ RunTime:0.000440s ]
INFO: [ app_begin ] --END-- [ RunTime:0.000486s ]

[ 2019-11-08T13:27:28+08:00 ] 101.91.60.110 /EQM/P58389050
INFO: [ app_init ] --START--
INFO: Run Behavior\BuildLiteBehavior [ RunTime:0.000017s ]
INFO: [ app_init ] --END-- [ RunTime:0.000359s ]
INFO: [ app_begin ] --START--
INFO: Run Behavior\ReadHtmlCacheBehavior [ RunTime:0.000419s ]
INFO: [ app_begin ] --END-- [ RunTime:0.000459s ]

[ 2019-11-08T13:27:29+08:00 ] 101.89.239.238 /EQM/P58389050
INFO: [ app_init ] --START--
INFO: Run Behavior\BuildLiteBehavior [ RunTime:0.000016s ]
INFO: [ app_init ] --END-- [ RunTime:0.000335s ]
INFO: [ app_begin ] --START--
INFO: Run Behavior\ReadHtmlCacheBehavior [ RunTime:0.000475s ]
INFO: [ app_begin ] --END-- [ RunTime:0.000533s ]

[ 2019-11-08T13:27:31+08:00 ] 180.97.118.219 /Pay/UxDuUn4mMazfgu5_McDcUlw
INFO: [ app_init ] --START--
INFO: Run Behavior\BuildLiteBehavior [ RunTime:0.000013s ]
INFO: [ app_init ] --END-- [ RunTime:0.000273s ]
INFO: [ app_begin ] --START--
INFO: Run Behavior\ReadHtmlCacheBehavior [ RunTime:0.000362s ]
INFO: [ app_begin ] --END-- [ RunTime:0.000414s ]

[ 2019-11-08T13:27:35+08:00 ] 106.11.223.23 /EQ/P58389050
INFO: [ app_init ] --START--
INFO: Run Behavior\BuildLiteBehavior [ RunTime:0.000017s ]
INFO: [ app_init ] --END-- [ RunTime:0.000288s ]
INFO: [ app_begin ] --START--
INFO: Run Behavior\ReadHtmlCacheBehavior [ RunTime:0.000377s ]
INFO: [ app_begin ] --END-- [ RunTime:0.000416s ]

[ 2019-11-08T13:27:35+08:00 ] 106.11.222.143 /EQM/P58389050
INFO: [ app_init ] --START--
INFO: Run Behavior\BuildLiteBehavior [ RunTime:0.000013s ]
INFO: [ app_init ] --END-- [ RunTime:0.000254s ]
INFO: [ app_begin ] --START--
INFO: Run Behavior\ReadHtmlCacheBehavior [ RunTime:0.000524s ]
INFO: [ app_begin ] --END-- [ RunTime:0.000589s ]

[ 2019-11-08T13:27:35+08:00 ] 106.11.222.164 /Pay/UxDuUn4mMazfgu5_McDcUlw
INFO: [ app_init ] --START--
INFO: Run Behavior\BuildLiteBehavior [ RunTime:0.000012s ]
INFO: [ app_init ] --END-- [ RunTime:0.000273s ]
INFO: [ app_begin ] --START--
INFO: Run Behavior\ReadHtmlCacheBehavior [ RunTime:0.000387s ]
INFO: [ app_begin ] --END-- [ RunTime:0.000424s ]

[ 2019-11-08T13:30:22+08:00 ] 110.83.16.23 /EQ/P58389050
INFO: [ app_init ] --START--
INFO: Run Behavior\BuildLiteBehavior [ RunTime:0.000013s ]
INFO: [ app_init ] --END-- [ RunTime:0.000281s ]
INFO: [ app_begin ] --START--
INFO: Run Behavior\ReadHtmlCacheBehavior [ RunTime:0.000375s ]
INFO: [ app_begin ] --END-- [ RunTime:0.000413s ]

[ 2019-11-08T13:30:22+08:00 ] 110.83.16.23 /EQM/P58389050
INFO: [ app_init ] --START--
INFO: Run Behavior\BuildLiteBehavior [ RunTime:0.000012s ]
INFO: [ app_init ] --END-- [ RunTime:0.000300s ]
INFO: [ app_begin ] --START--
INFO: Run Behavior\ReadHtmlCacheBehavior [ RunTime:0.000414s ]
INFO: [ app_begin ] --END-- [ RunTime:0.000457s ]

[ 2019-11-08T13:30:22+08:00 ] 110.83.16.23 /Pay/UxDuUn4mMazfgu5_McDcUlw
INFO: [ app_init ] --START--
INFO: Run Behavior\BuildLiteBehavior [ RunTime:0.000015s ]
INFO: [ app_init ] --END-- [ RunTime:0.000297s ]
INFO: [ app_begin ] --START--
INFO: Run Behavior\ReadHtmlCacheBehavior [ RunTime:0.000422s ]
INFO: [ app_begin ] --END-- [ RunTime:0.000466s ]

[ 2019-11-08T13:31:26+08:00 ] 183.129.188.98 /EQ/P58389050
INFO: [ app_init ] --START--
INFO: Run Behavior\BuildLiteBehavior [ RunTime:0.000013s ]
INFO: [ app_init ] --END-- [ RunTime:0.000296s ]
INFO: [ app_begin ] --START--
INFO: Run Behavior\ReadHtmlCacheBehavior [ RunTime:0.000389s ]
INFO: [ app_begin ] --END-- [ RunTime:0.000434s ]

[ 2019-11-08T13:31:26+08:00 ] 183.129.188.98 /EQM/P58389050
INFO: [ app_init ] --START--
INFO: Run Behavior\BuildLiteBehavior [ RunTime:0.000019s ]
INFO: [ app_init ] --END-- [ RunTime:0.000323s ]
INFO: [ app_begin ] --START--
INFO: Run Behavior\ReadHtmlCacheBehavior [ RunTime:0.000457s ]
INFO: [ app_begin ] --END-- [ RunTime:0.000512s ]

[ 2019-11-08T13:31:26+08:00 ] 183.129.188.98 /Pay/UxDuUn4mMazfgu5_McDcUlw
INFO: [ app_init ] --START--
INFO: Run Behavior\BuildLiteBehavior [ RunTime:0.000013s ]
INFO: [ app_init ] --END-- [ RunTime:0.000260s ]
INFO: [ app_begin ] --START--
INFO: Run Behavior\ReadHtmlCacheBehavior [ RunTime:0.000386s ]
INFO: [ app_begin ] --END-- [ RunTime:0.000425s ]

[ 2019-11-08T14:22:57+08:00 ] 113.246.21.109 /Pays/Mch/QrData/url/axHuRn0mcaDfouv_Lc3cNlscGF5LnNodW56aGlhcHAuY29tL2FsaU9hdXRoVXJsP2lkPTMO0O0O
INFO: [ app_init ] --START--
INFO: Run Behavior\BuildLiteBehavior [ RunTime:0.000015s ]
INFO: [ app_init ] --END-- [ RunTime:0.000348s ]
INFO: [ app_begin ] --START--
INFO: Run Behavior\ReadHtmlCacheBehavior [ RunTime:0.000484s ]
INFO: [ app_begin ] --END-- [ RunTime:0.000538s ]
INFO: [ app_end ] --START--
INFO: Run Behavior\ShowPageTraceBehavior [ RunTime:0.000631s ]
INFO: [ app_end ] --END-- [ RunTime:0.000704s ]

[ 2019-11-08T15:48:45+08:00 ] 36.27.50.113 /api/login
INFO: [ app_init ] --START--
INFO: Run Behavior\BuildLiteBehavior [ RunTime:0.000013s ]
INFO: [ app_init ] --END-- [ RunTime:0.000286s ]
INFO: [ app_begin ] --START--
INFO: Run Behavior\ReadHtmlCacheBehavior [ RunTime:0.000373s ]
INFO: [ app_begin ] --END-- [ RunTime:0.000421s ]

[ 2019-11-08T16:28:33+08:00 ] 36.27.50.113 /api/login
INFO: [ app_init ] --START--
INFO: Run Behavior\BuildLiteBehavior [ RunTime:0.000013s ]
INFO: [ app_init ] --END-- [ RunTime:0.000283s ]
INFO: [ app_begin ] --START--
INFO: Run Behavior\ReadHtmlCacheBehavior [ RunTime:0.000379s ]
INFO: [ app_begin ] --END-- [ RunTime:0.000426s ]
NOTIC: [2] Missing argument 2 for RandStr(), called in /www/wwwroot/slpay.shunzhiapp.com/web/App/Pays/Controller/FaceUserController.class.php on line 316 and defined /www/wwwroot/slpay.shunzhiapp.com/web/App/Common/Common/function.php 第 2498 行.
NOTIC: [8] Undefined variable: type /www/wwwroot/slpay.shunzhiapp.com/web/App/Common/Common/function.php 第 2500 行.
NOTIC: [8] Undefined variable: outputstr /www/wwwroot/slpay.shunzhiapp.com/web/App/Common/Common/function.php 第 2504 行.

[ 2019-11-08T16:29:17+08:00 ] 122.97.174.139 /api/login
INFO: [ app_init ] --START--
INFO: Run Behavior\BuildLiteBehavior [ RunTime:0.000012s ]
INFO: [ app_init ] --END-- [ RunTime:0.000282s ]
INFO: [ app_begin ] --START--
INFO: Run Behavior\ReadHtmlCacheBehavior [ RunTime:0.000364s ]
INFO: [ app_begin ] --END-- [ RunTime:0.000410s ]

[ 2019-11-08T16:29:38+08:00 ] 122.97.174.139 /api/face
INFO: [ app_init ] --START--
INFO: Run Behavior\BuildLiteBehavior [ RunTime:0.000013s ]
INFO: [ app_init ] --END-- [ RunTime:0.000269s ]
INFO: [ app_begin ] --START--
INFO: Run Behavior\ReadHtmlCacheBehavior [ RunTime:0.000373s ]
INFO: [ app_begin ] --END-- [ RunTime:0.000415s ]
NOTIC: [8] Undefined index: test /www/wwwroot/slpay.shunzhiapp.com/web/App/Pays/Controller/FaceApiController.class.php 第 40 行.
NOTIC: [8] Undefined index: remark /www/wwwroot/slpay.shunzhiapp.com/web/App/Pays/Controller/FaceAutoController.class.php 第 612 行.
NOTIC: [8] Undefined index: remark /www/wwwroot/slpay.shunzhiapp.com/web/App/Pays/Controller/FaceAutoController.class.php 第 631 行.
NOTIC: [8] Undefined index: HTTP_X_REAL_IP /www/wwwroot/slpay.shunzhiapp.com/web/App/Common/Common/function.php 第 3910 行.
NOTIC: [8] Undefined index: data /www/wwwroot/slpay.shunzhiapp.com/web/App/Pays/Controller/FaceApiController.class.php 第 66 行.

[ 2019-11-08T16:29:54+08:00 ] 36.27.50.113 /api/login
INFO: [ app_init ] --START--
INFO: Run Behavior\BuildLiteBehavior [ RunTime:0.000016s ]
INFO: [ app_init ] --END-- [ RunTime:0.000323s ]
INFO: [ app_begin ] --START--
INFO: Run Behavior\ReadHtmlCacheBehavior [ RunTime:0.000431s ]
INFO: [ app_begin ] --END-- [ RunTime:0.000482s ]

[ 2019-11-08T16:30:00+08:00 ] 122.97.174.139 /api/face
INFO: [ app_init ] --START--
INFO: Run Behavior\BuildLiteBehavior [ RunTime:0.000013s ]
INFO: [ app_init ] --END-- [ RunTime:0.000295s ]
INFO: [ app_begin ] --START--
INFO: Run Behavior\ReadHtmlCacheBehavior [ RunTime:0.000454s ]
INFO: [ app_begin ] --END-- [ RunTime:0.000520s ]
NOTIC: [8] Undefined index: test /www/wwwroot/slpay.shunzhiapp.com/web/App/Pays/Controller/FaceApiController.class.php 第 40 行.
NOTIC: [8] Undefined index: remark /www/wwwroot/slpay.shunzhiapp.com/web/App/Pays/Controller/FaceAutoController.class.php 第 612 行.
NOTIC: [8] Undefined index: remark /www/wwwroot/slpay.shunzhiapp.com/web/App/Pays/Controller/FaceAutoController.class.php 第 631 行.
NOTIC: [8] Undefined index: HTTP_X_REAL_IP /www/wwwroot/slpay.shunzhiapp.com/web/App/Common/Common/function.php 第 3910 行.
NOTIC: [8] Undefined index: data /www/wwwroot/slpay.shunzhiapp.com/web/App/Pays/Controller/FaceApiController.class.php 第 66 行.

[ 2019-11-08T16:30:11+08:00 ] 113.246.21.109 /api/login
INFO: [ app_init ] --START--
INFO: Run Behavior\BuildLiteBehavior [ RunTime:0.000014s ]
INFO: [ app_init ] --END-- [ RunTime:0.000277s ]
INFO: [ app_begin ] --START--
INFO: Run Behavior\ReadHtmlCacheBehavior [ RunTime:0.000380s ]
INFO: [ app_begin ] --END-- [ RunTime:0.000421s ]

[ 2019-11-08T16:30:13+08:00 ] 113.246.21.109 /api/face
INFO: [ app_init ] --START--
INFO: Run Behavior\BuildLiteBehavior [ RunTime:0.000013s ]
INFO: [ app_init ] --END-- [ RunTime:0.000273s ]
INFO: [ app_begin ] --START--
INFO: Run Behavior\ReadHtmlCacheBehavior [ RunTime:0.000393s ]
INFO: [ app_begin ] --END-- [ RunTime:0.000443s ]
NOTIC: [8] Undefined index: test /www/wwwroot/slpay.shunzhiapp.com/web/App/Pays/Controller/FaceApiController.class.php 第 40 行.

[ 2019-11-08T16:30:15+08:00 ] 36.27.50.113 /api/face
INFO: [ app_init ] --START--
INFO: Run Behavior\BuildLiteBehavior [ RunTime:0.000014s ]
INFO: [ app_init ] --END-- [ RunTime:0.000277s ]
INFO: [ app_begin ] --START--
INFO: Run Behavior\ReadHtmlCacheBehavior [ RunTime:0.000378s ]
INFO: [ app_begin ] --END-- [ RunTime:0.000424s ]
NOTIC: [8] Undefined index: test /www/wwwroot/slpay.shunzhiapp.com/web/App/Pays/Controller/FaceApiController.class.php 第 40 行.
NOTIC: [8] Undefined index: remark /www/wwwroot/slpay.shunzhiapp.com/web/App/Pays/Controller/FaceAutoController.class.php 第 612 行.
NOTIC: [8] Undefined index: remark /www/wwwroot/slpay.shunzhiapp.com/web/App/Pays/Controller/FaceAutoController.class.php 第 631 行.
NOTIC: [8] Undefined index: HTTP_X_REAL_IP /www/wwwroot/slpay.shunzhiapp.com/web/App/Common/Common/function.php 第 3910 行.
NOTIC: [8] Undefined index: data /www/wwwroot/slpay.shunzhiapp.com/web/App/Pays/Controller/FaceApiController.class.php 第 66 行.

[ 2019-11-08T16:30:18+08:00 ] 113.246.21.109 /api/face
INFO: [ app_init ] --START--
INFO: Run Behavior\BuildLiteBehavior [ RunTime:0.000012s ]
INFO: [ app_init ] --END-- [ RunTime:0.000255s ]
INFO: [ app_begin ] --START--
INFO: Run Behavior\ReadHtmlCacheBehavior [ RunTime:0.000542s ]
INFO: [ app_begin ] --END-- [ RunTime:0.000611s ]
NOTIC: [8] Undefined index: test /www/wwwroot/slpay.shunzhiapp.com/web/App/Pays/Controller/FaceApiController.class.php 第 40 行.

[ 2019-11-08T16:30:19+08:00 ] 113.246.21.109 /api/face
INFO: [ app_init ] --START--
INFO: Run Behavior\BuildLiteBehavior [ RunTime:0.000013s ]
INFO: [ app_init ] --END-- [ RunTime:0.000312s ]
INFO: [ app_begin ] --START--
INFO: Run Behavior\ReadHtmlCacheBehavior [ RunTime:0.000394s ]
INFO: [ app_begin ] --END-- [ RunTime:0.000442s ]
NOTIC: [8] Undefined index: test /www/wwwroot/slpay.shunzhiapp.com/web/App/Pays/Controller/FaceApiController.class.php 第 40 行.
NOTIC: [2] Missing argument 1 for GetAuthInfo::SetVersion(), called in /www/wwwroot/slpay.shunzhiapp.com/web/ThinkPHP/Library/Vendor/xun_wxpay/WxPayApi.php on line 226 and defined /www/wwwroot/slpay.shunzhiapp.com/web/ThinkPHP/Library/Vendor/xun_wxpay/WxPay.Data.php 第 164 行.
NOTIC: [8] Undefined variable: value /www/wwwroot/slpay.shunzhiapp.com/web/ThinkPHP/Library/Vendor/xun_wxpay/WxPay.Data.php 第 166 行.
NOTIC: [2] Missing argument 1 for GetAuthInfo::SetSign_type(), called in /www/wwwroot/slpay.shunzhiapp.com/web/ThinkPHP/Library/Vendor/xun_wxpay/WxPayApi.php on line 227 and defined /www/wwwroot/slpay.shunzhiapp.com/web/ThinkPHP/Library/Vendor/xun_wxpay/WxPay.Data.php 第 169 行.
NOTIC: [8] Undefined variable: value /www/wwwroot/slpay.shunzhiapp.com/web/ThinkPHP/Library/Vendor/xun_wxpay/WxPay.Data.php 第 171 行.
NOTIC: [8] Undefined index: data /www/wwwroot/slpay.shunzhiapp.com/web/App/Pays/Controller/FaceApiController.class.php 第 66 行.

[ 2019-11-08T16:30:24+08:00 ] 113.246.21.109 /api/face
INFO: [ app_init ] --START--
INFO: Run Behavior\BuildLiteBehavior [ RunTime:0.000017s ]
INFO: [ app_init ] --END-- [ RunTime:0.000315s ]
INFO: [ app_begin ] --START--
INFO: Run Behavior\ReadHtmlCacheBehavior [ RunTime:0.000452s ]
INFO: [ app_begin ] --END-- [ RunTime:0.000507s ]
NOTIC: [8] Undefined index: test /www/wwwroot/slpay.shunzhiapp.com/web/App/Pays/Controller/FaceApiController.class.php 第 40 行.
NOTIC: [2] Missing argument 1 for GetAuthInfo::SetVersion(), called in /www/wwwroot/slpay.shunzhiapp.com/web/ThinkPHP/Library/Vendor/xun_wxpay/WxPayApi.php on line 226 and defined /www/wwwroot/slpay.shunzhiapp.com/web/ThinkPHP/Library/Vendor/xun_wxpay/WxPay.Data.php 第 164 行.
NOTIC: [8] Undefined variable: value /www/wwwroot/slpay.shunzhiapp.com/web/ThinkPHP/Library/Vendor/xun_wxpay/WxPay.Data.php 第 166 行.
NOTIC: [2] Missing argument 1 for GetAuthInfo::SetSign_type(), called in /www/wwwroot/slpay.shunzhiapp.com/web/ThinkPHP/Library/Vendor/xun_wxpay/WxPayApi.php on line 227 and defined /www/wwwroot/slpay.shunzhiapp.com/web/ThinkPHP/Library/Vendor/xun_wxpay/WxPay.Data.php 第 169 行.
NOTIC: [8] Undefined variable: value /www/wwwroot/slpay.shunzhiapp.com/web/ThinkPHP/Library/Vendor/xun_wxpay/WxPay.Data.php 第 171 行.
NOTIC: [8] Undefined index: data /www/wwwroot/slpay.shunzhiapp.com/web/App/Pays/Controller/FaceApiController.class.php 第 66 行.

[ 2019-11-08T16:31:06+08:00 ] 36.27.50.113 /api/face
INFO: [ app_init ] --START--
INFO: Run Behavior\BuildLiteBehavior [ RunTime:0.000013s ]
INFO: [ app_init ] --END-- [ RunTime:0.000262s ]
INFO: [ app_begin ] --START--
INFO: Run Behavior\ReadHtmlCacheBehavior [ RunTime:0.000359s ]
INFO: [ app_begin ] --END-- [ RunTime:0.000394s ]
NOTIC: [8] Undefined index: test /www/wwwroot/slpay.shunzhiapp.com/web/App/Pays/Controller/FaceApiController.class.php 第 40 行.
NOTIC: [8] Undefined index: remark /www/wwwroot/slpay.shunzhiapp.com/web/App/Pays/Controller/FaceAutoController.class.php 第 612 行.
NOTIC: [8] Undefined index: remark /www/wwwroot/slpay.shunzhiapp.com/web/App/Pays/Controller/FaceAutoController.class.php 第 631 行.
NOTIC: [8] Undefined index: HTTP_X_REAL_IP /www/wwwroot/slpay.shunzhiapp.com/web/App/Common/Common/function.php 第 3910 行.
NOTIC: [8] Undefined index: data /www/wwwroot/slpay.shunzhiapp.com/web/App/Pays/Controller/FaceApiController.class.php 第 66 行.

[ 2019-11-08T16:31:07+08:00 ] 113.246.21.109 /Pays/Mch/QrData/url/axHuRn0mcaDfouv_Lc3cNlscGF5LnNodW56aGlhcHAuY29tL2FsaU9hdXRoVXJsP2lkPTMO0O0O
INFO: [ app_init ] --START--
INFO: Run Behavior\BuildLiteBehavior [ RunTime:0.000013s ]
INFO: [ app_init ] --END-- [ RunTime:0.000339s ]
INFO: [ app_begin ] --START--
INFO: Run Behavior\ReadHtmlCacheBehavior [ RunTime:0.000380s ]
INFO: [ app_begin ] --END-- [ RunTime:0.000426s ]
INFO: [ app_end ] --START--
INFO: Run Behavior\ShowPageTraceBehavior [ RunTime:0.000564s ]
INFO: [ app_end ] --END-- [ RunTime:0.000652s ]

[ 2019-11-08T16:31:59+08:00 ] 36.27.50.113 /api/face
INFO: [ app_init ] --START--
INFO: Run Behavior\BuildLiteBehavior [ RunTime:0.000012s ]
INFO: [ app_init ] --END-- [ RunTime:0.000253s ]
INFO: [ app_begin ] --START--
INFO: Run Behavior\ReadHtmlCacheBehavior [ RunTime:0.000401s ]
INFO: [ app_begin ] --END-- [ RunTime:0.000455s ]
NOTIC: [8] Undefined index: test /www/wwwroot/slpay.shunzhiapp.com/web/App/Pays/Controller/FaceApiController.class.php 第 40 行.
NOTIC: [8] Undefined index: remark /www/wwwroot/slpay.shunzhiapp.com/web/App/Pays/Controller/FaceAutoController.class.php 第 612 行.
NOTIC: [8] Undefined index: remark /www/wwwroot/slpay.shunzhiapp.com/web/App/Pays/Controller/FaceAutoController.class.php 第 631 行.
NOTIC: [8] Undefined index: HTTP_X_REAL_IP /www/wwwroot/slpay.shunzhiapp.com/web/App/Common/Common/function.php 第 3910 行.
NOTIC: [8] Undefined index: data /www/wwwroot/slpay.shunzhiapp.com/web/App/Pays/Controller/FaceApiController.class.php 第 66 行.

[ 2019-11-08T17:05:26+08:00 ] 117.136.89.107 /EQ/P58389050
INFO: [ app_init ] --START--
INFO: Run Behavior\BuildLiteBehavior [ RunTime:0.000012s ]
INFO: [ app_init ] --END-- [ RunTime:0.000300s ]
INFO: [ app_begin ] --START--
INFO: Run Behavior\ReadHtmlCacheBehavior [ RunTime:0.000448s ]
INFO: [ app_begin ] --END-- [ RunTime:0.000487s ]

[ 2019-11-08T17:05:26+08:00 ] 117.136.89.107 /EQM/P58389050
INFO: [ app_init ] --START--
INFO: Run Behavior\BuildLiteBehavior [ RunTime:0.000015s ]
INFO: [ app_init ] --END-- [ RunTime:0.000356s ]
INFO: [ app_begin ] --START--
INFO: Run Behavior\ReadHtmlCacheBehavior [ RunTime:0.000485s ]
INFO: [ app_begin ] --END-- [ RunTime:0.000541s ]

[ 2019-11-08T17:05:26+08:00 ] 117.136.89.107 /Pay/UxDuUn4mMazfgu5_McDcUlw
INFO: [ app_init ] --START--
INFO: Run Behavior\BuildLiteBehavior [ RunTime:0.000018s ]
INFO: [ app_init ] --END-- [ RunTime:0.000336s ]
INFO: [ app_begin ] --START--
INFO: Run Behavior\ReadHtmlCacheBehavior [ RunTime:0.000565s ]
INFO: [ app_begin ] --END-- [ RunTime:0.000627s ]

[ 2019-11-08T17:05:27+08:00 ] 117.136.89.107 /Pay/UxDuUn4mMazfgu5_McDcUlw?code=071B7Kt42zrB0P05Tqs426gZt42B7Ktd&state=Pays
INFO: [ app_init ] --START--
INFO: Run Behavior\BuildLiteBehavior [ RunTime:0.000012s ]
INFO: [ app_init ] --END-- [ RunTime:0.000261s ]
INFO: [ app_begin ] --START--
INFO: Run Behavior\ReadHtmlCacheBehavior [ RunTime:0.000470s ]
INFO: [ app_begin ] --END-- [ RunTime:0.000545s ]
INFO: [ view_parse ] --START--
INFO: [ template_filter ] --START--
INFO: Run Behavior\ContentReplaceBehavior [ RunTime:0.000049s ]
INFO: [ template_filter ] --END-- [ RunTime:0.000097s ]
INFO: Run Behavior\ParseTemplateBehavior [ RunTime:0.006434s ]
INFO: [ view_parse ] --END-- [ RunTime:0.006494s ]
INFO: [ view_filter ] --START--
INFO: Run Behavior\WriteHtmlCacheBehavior [ RunTime:0.000260s ]
INFO: Run Behavior\TokenBuildBehavior [ RunTime:0.000409s ]
INFO: [ view_filter ] --END-- [ RunTime:0.000732s ]
INFO: [ app_end ] --START--
INFO: Run Behavior\ShowPageTraceBehavior [ RunTime:0.000462s ]
INFO: [ app_end ] --END-- [ RunTime:0.000500s ]

[ 2019-11-08T17:05:30+08:00 ] 117.136.89.107 /Pays/Apis/gateway
INFO: [ app_init ] --START--
INFO: Run Behavior\BuildLiteBehavior [ RunTime:0.000013s ]
INFO: [ app_init ] --END-- [ RunTime:0.000312s ]
INFO: [ app_begin ] --START--
INFO: Run Behavior\ReadHtmlCacheBehavior [ RunTime:0.000394s ]
INFO: [ app_begin ] --END-- [ RunTime:0.000438s ]
NOTIC: [8] Undefined index: is_api /www/wwwroot/slpay.shunzhiapp.com/web/App/Pays/Controller/ApisController.class.php 第 13 行.

[ 2019-11-08T17:06:27+08:00 ] 101.227.139.178 /EQM/P58389050
INFO: [ app_init ] --START--
INFO: Run Behavior\BuildLiteBehavior [ RunTime:0.000015s ]
INFO: [ app_init ] --END-- [ RunTime:0.000265s ]
INFO: [ app_begin ] --START--
INFO: Run Behavior\ReadHtmlCacheBehavior [ RunTime:0.000432s ]
INFO: [ app_begin ] --END-- [ RunTime:0.000475s ]

[ 2019-11-08T17:21:24+08:00 ] 113.246.21.109 /Pays/Reg/A_area_city
INFO: [ app_init ] --START--
INFO: Run Behavior\BuildLiteBehavior [ RunTime:0.000014s ]
INFO: [ app_init ] --END-- [ RunTime:0.000321s ]
INFO: [ app_begin ] --START--
INFO: Run Behavior\ReadHtmlCacheBehavior [ RunTime:0.000380s ]
INFO: [ app_begin ] --END-- [ RunTime:0.000416s ]
INFO: [ app_end ] --START--
INFO: Run Behavior\ShowPageTraceBehavior [ RunTime:0.000537s ]
INFO: [ app_end ] --END-- [ RunTime:0.000601s ]

[ 2019-11-08T17:21:24+08:00 ] 113.246.21.109 /Pays/Reg/A_area_disc
INFO: [ app_init ] --START--
INFO: Run Behavior\BuildLiteBehavior [ RunTime:0.000011s ]
INFO: [ app_init ] --END-- [ RunTime:0.000257s ]
INFO: [ app_begin ] --START--
INFO: Run Behavior\ReadHtmlCacheBehavior [ RunTime:0.000350s ]
INFO: [ app_begin ] --END-- [ RunTime:0.000382s ]
INFO: [ app_end ] --START--
INFO: Run Behavior\ShowPageTraceBehavior [ RunTime:0.000622s ]
INFO: [ app_end ] --END-- [ RunTime:0.000698s ]

[ 2019-11-08T17:21:27+08:00 ] 113.246.21.109 /Pays/Reg/A_area_disc
INFO: [ app_init ] --START--
INFO: Run Behavior\BuildLiteBehavior [ RunTime:0.000013s ]
INFO: [ app_init ] --END-- [ RunTime:0.000273s ]
INFO: [ app_begin ] --START--
INFO: Run Behavior\ReadHtmlCacheBehavior [ RunTime:0.000393s ]
INFO: [ app_begin ] --END-- [ RunTime:0.000433s ]
INFO: [ app_end ] --START--
INFO: Run Behavior\ShowPageTraceBehavior [ RunTime:0.000478s ]
INFO: [ app_end ] --END-- [ RunTime:0.000533s ]

[ 2019-11-08T17:31:10+08:00 ] 113.246.21.109 /Pays/Reg/A_area_city
INFO: [ app_init ] --START--
INFO: Run Behavior\BuildLiteBehavior [ RunTime:0.000013s ]
INFO: [ app_init ] --END-- [ RunTime:0.000306s ]
INFO: [ app_begin ] --START--
INFO: Run Behavior\ReadHtmlCacheBehavior [ RunTime:0.000383s ]
INFO: [ app_begin ] --END-- [ RunTime:0.000425s ]
INFO: [ app_end ] --START--
INFO: Run Behavior\ShowPageTraceBehavior [ RunTime:0.000428s ]
INFO: [ app_end ] --END-- [ RunTime:0.000479s ]

[ 2019-11-08T17:31:10+08:00 ] 113.246.21.109 /Pays/Reg/A_area_disc
INFO: [ app_init ] --START--
INFO: Run Behavior\BuildLiteBehavior [ RunTime:0.000013s ]
INFO: [ app_init ] --END-- [ RunTime:0.000288s ]
INFO: [ app_begin ] --START--
INFO: Run Behavior\ReadHtmlCacheBehavior [ RunTime:0.000579s ]
INFO: [ app_begin ] --END-- [ RunTime:0.000640s ]
INFO: [ app_end ] --START--
INFO: Run Behavior\ShowPageTraceBehavior [ RunTime:0.000634s ]
INFO: [ app_end ] --END-- [ RunTime:0.000708s ]

[ 2019-11-08T17:31:17+08:00 ] 113.246.21.109 /Pays/Reg/A_area_disc
INFO: [ app_init ] --START--
INFO: Run Behavior\BuildLiteBehavior [ RunTime:0.000014s ]
INFO: [ app_init ] --END-- [ RunTime:0.000270s ]
INFO: [ app_begin ] --START--
INFO: Run Behavior\ReadHtmlCacheBehavior [ RunTime:0.000367s ]
INFO: [ app_begin ] --END-- [ RunTime:0.000402s ]
INFO: [ app_end ] --START--
INFO: Run Behavior\ShowPageTraceBehavior [ RunTime:0.000461s ]
INFO: [ app_end ] --END-- [ RunTime:0.000516s ]

[ 2019-11-08T17:37:19+08:00 ] 113.246.21.109 /Pays/Reg/A_area_city
INFO: [ app_init ] --START--
INFO: Run Behavior\BuildLiteBehavior [ RunTime:0.000011s ]
INFO: [ app_init ] --END-- [ RunTime:0.000290s ]
INFO: [ app_begin ] --START--
INFO: Run Behavior\ReadHtmlCacheBehavior [ RunTime:0.000373s ]
INFO: [ app_begin ] --END-- [ RunTime:0.000410s ]
INFO: [ app_end ] --START--
INFO: Run Behavior\ShowPageTraceBehavior [ RunTime:0.000491s ]
INFO: [ app_end ] --END-- [ RunTime:0.000550s ]

[ 2019-11-08T17:37:19+08:00 ] 113.246.21.109 /Pays/Reg/A_bnkLink
INFO: [ app_init ] --START--
INFO: Run Behavior\BuildLiteBehavior [ RunTime:0.000015s ]
INFO: [ app_init ] --END-- [ RunTime:0.000299s ]
INFO: [ app_begin ] --START--
INFO: Run Behavior\ReadHtmlCacheBehavior [ RunTime:0.000418s ]
INFO: [ app_begin ] --END-- [ RunTime:0.000459s ]
INFO: [ app_end ] --START--
INFO: Run Behavior\ShowPageTraceBehavior [ RunTime:0.000616s ]
INFO: [ app_end ] --END-- [ RunTime:0.000698s ]

[ 2019-11-08T17:37:22+08:00 ] 113.246.21.109 /Pays/Reg/A_bnkLink
INFO: [ app_init ] --START--
INFO: Run Behavior\BuildLiteBehavior [ RunTime:0.000012s ]
INFO: [ app_init ] --END-- [ RunTime:0.000271s ]
INFO: [ app_begin ] --START--
INFO: Run Behavior\ReadHtmlCacheBehavior [ RunTime:0.000461s ]
INFO: [ app_begin ] --END-- [ RunTime:0.000510s ]
INFO: [ app_end ] --START--
INFO: Run Behavior\ShowPageTraceBehavior [ RunTime:0.000521s ]
INFO: [ app_end ] --END-- [ RunTime:0.000598s ]

[ 2019-11-08T17:41:19+08:00 ] 113.246.21.109 /Pays/Mch/QrData/url/axHuRn0mcaDfouv_Lc3cNlscGF5LnNodW56aGlhcHAuY29tL2FsaU9hdXRoVXJsP2lkPTQO0O0O
INFO: [ app_init ] --START--
INFO: Run Behavior\BuildLiteBehavior [ RunTime:0.000020s ]
INFO: [ app_init ] --END-- [ RunTime:0.000392s ]
INFO: [ app_begin ] --START--
INFO: Run Behavior\ReadHtmlCacheBehavior [ RunTime:0.000477s ]
INFO: [ app_begin ] --END-- [ RunTime:0.000518s ]
INFO: [ app_end ] --START--
INFO: Run Behavior\ShowPageTraceBehavior [ RunTime:0.000575s ]
INFO: [ app_end ] --END-- [ RunTime:0.000642s ]

[ 2019-11-08T17:41:40+08:00 ] 113.246.21.109 /Pays/Mch/QrData/url/axHuRn0mcaDfouv_Lc3cNlscGF5LnNodW56aGlhcHAuY29tL2FsaU9hdXRoVXJsP2lkPTQO0O0O
INFO: [ app_init ] --START--
INFO: Run Behavior\BuildLiteBehavior [ RunTime:0.000012s ]
INFO: [ app_init ] --END-- [ RunTime:0.000264s ]
INFO: [ app_begin ] --START--
INFO: Run Behavior\ReadHtmlCacheBehavior [ RunTime:0.000381s ]
INFO: [ app_begin ] --END-- [ RunTime:0.000416s ]
INFO: [ app_end ] --START--
INFO: Run Behavior\ShowPageTraceBehavior [ RunTime:0.000563s ]
INFO: [ app_end ] --END-- [ RunTime:0.000629s ]

[ 2019-11-08T17:42:41+08:00 ] 113.246.21.109 /Pays/Mch/QrData/url/axHuRn0mcaDfouv_Lc3cNlscGF5LnNodW56aGlhcHAuY29tL2FsaU9hdXRoVXJsP2lkPTQO0O0O
INFO: [ app_init ] --START--
INFO: Run Behavior\BuildLiteBehavior [ RunTime:0.000020s ]
INFO: [ app_init ] --END-- [ RunTime:0.000373s ]
INFO: [ app_begin ] --START--
INFO: Run Behavior\ReadHtmlCacheBehavior [ RunTime:0.000516s ]
INFO: [ app_begin ] --END-- [ RunTime:0.000579s ]
INFO: [ app_end ] --START--
INFO: Run Behavior\ShowPageTraceBehavior [ RunTime:0.000604s ]
INFO: [ app_end ] --END-- [ RunTime:0.000679s ]

[ 2019-11-08T17:43:15+08:00 ] 113.246.21.109 /Pays/Mch/QrData/url/axHuRn0mcaDfouv_Lc3cNlscGF5LnNodW56aGlhcHAuY29tL2FsaU9hdXRoVXJsP2lkPTQO0O0O
INFO: [ app_init ] --START--
INFO: Run Behavior\BuildLiteBehavior [ RunTime:0.000015s ]
INFO: [ app_init ] --END-- [ RunTime:0.000302s ]
INFO: [ app_begin ] --START--
INFO: Run Behavior\ReadHtmlCacheBehavior [ RunTime:0.000470s ]
INFO: [ app_begin ] --END-- [ RunTime:0.000525s ]
INFO: [ app_end ] --START--
INFO: Run Behavior\ShowPageTraceBehavior [ RunTime:0.000546s ]
INFO: [ app_end ] --END-- [ RunTime:0.000612s ]

[ 2019-11-08T17:44:07+08:00 ] 113.246.21.109 /Pays/Mch/QrData/url/axHuRn0mcaDfouv_Lc3cNlscGF5LnNodW56aGlhcHAuY29tL2FsaU9hdXRoVXJsP2lkPTQO0O0O
INFO: [ app_init ] --START--
INFO: Run Behavior\BuildLiteBehavior [ RunTime:0.000014s ]
INFO: [ app_init ] --END-- [ RunTime:0.000264s ]
INFO: [ app_begin ] --START--
INFO: Run Behavior\ReadHtmlCacheBehavior [ RunTime:0.000466s ]
INFO: [ app_begin ] --END-- [ RunTime:0.000518s ]
INFO: [ app_end ] --START--
INFO: Run Behavior\ShowPageTraceBehavior [ RunTime:0.000649s ]
INFO: [ app_end ] --END-- [ RunTime:0.000723s ]

[ 2019-11-08T17:44:40+08:00 ] 113.246.21.109 /Pays/Mch/QrData/url/axHuRn0mcaDfouv_Lc3cNlscGF5LnNodW56aGlhcHAuY29tL2FsaU9hdXRoVXJsP2lkPTQO0O0O
INFO: [ app_init ] --START--
INFO: Run Behavior\BuildLiteBehavior [ RunTime:0.000011s ]
INFO: [ app_init ] --END-- [ RunTime:0.000266s ]
INFO: [ app_begin ] --START--
INFO: Run Behavior\ReadHtmlCacheBehavior [ RunTime:0.000351s ]
INFO: [ app_begin ] --END-- [ RunTime:0.000388s ]
INFO: [ app_end ] --START--
INFO: Run Behavior\ShowPageTraceBehavior [ RunTime:0.000562s ]
INFO: [ app_end ] --END-- [ RunTime:0.000632s ]

[ 2019-11-08T17:44:42+08:00 ] 113.246.21.109 /Pays/Mch/QrData/url/axHuRn0mcaDfouv_Lc3cNlscGF5LnNodW56aGlhcHAuY29tL2FsaU9hdXRoVXJsP2lkPTMO0O0O
INFO: [ app_init ] --START--
INFO: Run Behavior\BuildLiteBehavior [ RunTime:0.000013s ]
INFO: [ app_init ] --END-- [ RunTime:0.000334s ]
INFO: [ app_begin ] --START--
INFO: Run Behavior\ReadHtmlCacheBehavior [ RunTime:0.000485s ]
INFO: [ app_begin ] --END-- [ RunTime:0.000573s ]
INFO: [ app_end ] --START--
INFO: Run Behavior\ShowPageTraceBehavior [ RunTime:0.000711s ]
INFO: [ app_end ] --END-- [ RunTime:0.000809s ]

[ 2019-11-08T17:46:45+08:00 ] 36.27.50.113 /api/login
INFO: [ app_init ] --START--
INFO: Run Behavior\BuildLiteBehavior [ RunTime:0.000033s ]
INFO: [ app_init ] --END-- [ RunTime:0.000400s ]
INFO: [ app_begin ] --START--
INFO: Run Behavior\ReadHtmlCacheBehavior [ RunTime:0.000629s ]
INFO: [ app_begin ] --END-- [ RunTime:0.000703s ]

[ 2019-11-08T17:47:18+08:00 ] 113.246.21.109 /Pays/Mch/QrData/url/axHuRn0mcaDfouv_Lc3cNlscGF5LnNodW56aGlhcHAuY29tL2FsaU9hdXRoVXJsP2lkPTQO0O0O
INFO: [ app_init ] --START--
INFO: Run Behavior\BuildLiteBehavior [ RunTime:0.000015s ]
INFO: [ app_init ] --END-- [ RunTime:0.000311s ]
INFO: [ app_begin ] --START--
INFO: Run Behavior\ReadHtmlCacheBehavior [ RunTime:0.000408s ]
INFO: [ app_begin ] --END-- [ RunTime:0.000453s ]
INFO: [ app_end ] --START--
INFO: Run Behavior\ShowPageTraceBehavior [ RunTime:0.000542s ]
INFO: [ app_end ] --END-- [ RunTime:0.000604s ]

[ 2019-11-08T17:54:16+08:00 ] 113.246.21.109 /Pays/Mch/QrData/url/axHuRn0mcaDfouv_Lc3cNlscGF5LnNodW56aGlhcHAuY29tL2FsaU9hdXRoVXJsP2lkPTQO0O0O
INFO: [ app_init ] --START--
INFO: Run Behavior\BuildLiteBehavior [ RunTime:0.000014s ]
INFO: [ app_init ] --END-- [ RunTime:0.000300s ]
INFO: [ app_begin ] --START--
INFO: Run Behavior\ReadHtmlCacheBehavior [ RunTime:0.000375s ]
INFO: [ app_begin ] --END-- [ RunTime:0.000428s ]
INFO: [ app_end ] --START--
INFO: Run Behavior\ShowPageTraceBehavior [ RunTime:0.000616s ]
INFO: [ app_end ] --END-- [ RunTime:0.000695s ]

[ 2019-11-08T17:55:34+08:00 ] 36.27.50.113 /api/login
INFO: [ app_init ] --START--
INFO: Run Behavior\BuildLiteBehavior [ RunTime:0.000014s ]
INFO: [ app_init ] --END-- [ RunTime:0.000268s ]
INFO: [ app_begin ] --START--
INFO: Run Behavior\ReadHtmlCacheBehavior [ RunTime:0.000386s ]
INFO: [ app_begin ] --END-- [ RunTime:0.000447s ]

[ 2019-11-08T18:00:20+08:00 ] 223.104.159.251 /api/login
INFO: [ app_init ] --START--
INFO: Run Behavior\BuildLiteBehavior [ RunTime:0.000011s ]
INFO: [ app_init ] --END-- [ RunTime:0.000245s ]
INFO: [ app_begin ] --START--
INFO: Run Behavior\ReadHtmlCacheBehavior [ RunTime:0.000439s ]
INFO: [ app_begin ] --END-- [ RunTime:0.000483s ]

[ 2019-11-08T18:00:37+08:00 ] 223.104.159.251 /api/face
INFO: [ app_init ] --START--
INFO: Run Behavior\BuildLiteBehavior [ RunTime:0.000013s ]
INFO: [ app_init ] --END-- [ RunTime:0.000320s ]
INFO: [ app_begin ] --START--
INFO: Run Behavior\ReadHtmlCacheBehavior [ RunTime:0.000442s ]
INFO: [ app_begin ] --END-- [ RunTime:0.000501s ]
NOTIC: [8] Undefined index: test /www/wwwroot/slpay.shunzhiapp.com/web/App/Pays/Controller/FaceApiController.class.php 第 40 行.
NOTIC: [8] Undefined index: remark /www/wwwroot/slpay.shunzhiapp.com/web/App/Pays/Controller/FaceAutoController.class.php 第 612 行.
NOTIC: [8] Undefined index: remark /www/wwwroot/slpay.shunzhiapp.com/web/App/Pays/Controller/FaceAutoController.class.php 第 631 行.
NOTIC: [8] Undefined index: HTTP_X_REAL_IP /www/wwwroot/slpay.shunzhiapp.com/web/App/Common/Common/function.php 第 3910 行.
NOTIC: [8] Undefined index: data /www/wwwroot/slpay.shunzhiapp.com/web/App/Pays/Controller/FaceApiController.class.php 第 66 行.

[ 2019-11-08T18:01:48+08:00 ] 223.104.159.251 /api/face
INFO: [ app_init ] --START--
INFO: Run Behavior\BuildLiteBehavior [ RunTime:0.000013s ]
INFO: [ app_init ] --END-- [ RunTime:0.000253s ]
INFO: [ app_begin ] --START--
INFO: Run Behavior\ReadHtmlCacheBehavior [ RunTime:0.000378s ]
INFO: [ app_begin ] --END-- [ RunTime:0.000424s ]
NOTIC: [8] Undefined index: test /www/wwwroot/slpay.shunzhiapp.com/web/App/Pays/Controller/FaceApiController.class.php 第 40 行.
NOTIC: [8] Undefined index: remark /www/wwwroot/slpay.shunzhiapp.com/web/App/Pays/Controller/FaceAutoController.class.php 第 612 行.
NOTIC: [8] Undefined index: remark /www/wwwroot/slpay.shunzhiapp.com/web/App/Pays/Controller/FaceAutoController.class.php 第 631 行.
NOTIC: [8] Undefined index: HTTP_X_REAL_IP /www/wwwroot/slpay.shunzhiapp.com/web/App/Common/Common/function.php 第 3910 行.
NOTIC: [8] Undefined index: data /www/wwwroot/slpay.shunzhiapp.com/web/App/Pays/Controller/FaceApiController.class.php 第 66 行.

[ 2019-11-08T18:17:00+08:00 ] 122.97.174.139 /api/face
INFO: [ app_init ] --START--
INFO: Run Behavior\BuildLiteBehavior [ RunTime:0.000014s ]
INFO: [ app_init ] --END-- [ RunTime:0.000290s ]
INFO: [ app_begin ] --START--
INFO: Run Behavior\ReadHtmlCacheBehavior [ RunTime:0.000396s ]
INFO: [ app_begin ] --END-- [ RunTime:0.000476s ]
NOTIC: [8] Undefined index: test /www/wwwroot/slpay.shunzhiapp.com/web/App/Pays/Controller/FaceApiController.class.php 第 40 行.
NOTIC: [8] Undefined index: remark /www/wwwroot/slpay.shunzhiapp.com/web/App/Pays/Controller/FaceAutoController.class.php 第 612 行.
NOTIC: [8] Undefined index: remark /www/wwwroot/slpay.shunzhiapp.com/web/App/Pays/Controller/FaceAutoController.class.php 第 631 行.
NOTIC: [8] Undefined index: HTTP_X_REAL_IP /www/wwwroot/slpay.shunzhiapp.com/web/App/Common/Common/function.php 第 3910 行.
NOTIC: [8] Undefined index: data /www/wwwroot/slpay.shunzhiapp.com/web/App/Pays/Controller/FaceApiController.class.php 第 66 行.

[ 2019-11-08T18:17:39+08:00 ] 113.246.21.109 /api/face
INFO: [ app_init ] --START--
INFO: Run Behavior\BuildLiteBehavior [ RunTime:0.000012s ]
INFO: [ app_init ] --END-- [ RunTime:0.000267s ]
INFO: [ app_begin ] --START--
INFO: Run Behavior\ReadHtmlCacheBehavior [ RunTime:0.000356s ]
INFO: [ app_begin ] --END-- [ RunTime:0.000390s ]
NOTIC: [8] Undefined index: test /www/wwwroot/slpay.shunzhiapp.com/web/App/Pays/Controller/FaceApiController.class.php 第 40 行.
NOTIC: [2] Missing argument 1 for GetAuthInfo::SetVersion(), called in /www/wwwroot/slpay.shunzhiapp.com/web/ThinkPHP/Library/Vendor/xun_wxpay/WxPayApi.php on line 226 and defined /www/wwwroot/slpay.shunzhiapp.com/web/ThinkPHP/Library/Vendor/xun_wxpay/WxPay.Data.php 第 164 行.
NOTIC: [8] Undefined variable: value /www/wwwroot/slpay.shunzhiapp.com/web/ThinkPHP/Library/Vendor/xun_wxpay/WxPay.Data.php 第 166 行.
NOTIC: [2] Missing argument 1 for GetAuthInfo::SetSign_type(), called in /www/wwwroot/slpay.shunzhiapp.com/web/ThinkPHP/Library/Vendor/xun_wxpay/WxPayApi.php on line 227 and defined /www/wwwroot/slpay.shunzhiapp.com/web/ThinkPHP/Library/Vendor/xun_wxpay/WxPay.Data.php 第 169 行.
NOTIC: [8] Undefined variable: value /www/wwwroot/slpay.shunzhiapp.com/web/ThinkPHP/Library/Vendor/xun_wxpay/WxPay.Data.php 第 171 行.
NOTIC: [8] Undefined index: data /www/wwwroot/slpay.shunzhiapp.com/web/App/Pays/Controller/FaceApiController.class.php 第 66 行.

[ 2019-11-08T18:18:44+08:00 ] 122.97.174.139 /api/face
INFO: [ app_init ] --START--
INFO: Run Behavior\BuildLiteBehavior [ RunTime:0.000012s ]
INFO: [ app_init ] --END-- [ RunTime:0.000276s ]
INFO: [ app_begin ] --START--
INFO: Run Behavior\ReadHtmlCacheBehavior [ RunTime:0.000423s ]
INFO: [ app_begin ] --END-- [ RunTime:0.000479s ]
NOTIC: [8] Undefined index: test /www/wwwroot/slpay.shunzhiapp.com/web/App/Pays/Controller/FaceApiController.class.php 第 40 行.
NOTIC: [8] Undefined index: remark /www/wwwroot/slpay.shunzhiapp.com/web/App/Pays/Controller/FaceAutoController.class.php 第 612 行.
NOTIC: [8] Undefined index: remark /www/wwwroot/slpay.shunzhiapp.com/web/App/Pays/Controller/FaceAutoController.class.php 第 631 行.
NOTIC: [8] Undefined index: HTTP_X_REAL_IP /www/wwwroot/slpay.shunzhiapp.com/web/App/Common/Common/function.php 第 3910 行.
NOTIC: [8] Undefined index: data /www/wwwroot/slpay.shunzhiapp.com/web/App/Pays/Controller/FaceApiController.class.php 第 66 行.

[ 2019-11-08T18:40:36+08:00 ] 223.104.159.251 /api/login
INFO: [ app_init ] --START--
INFO: Run Behavior\BuildLiteBehavior [ RunTime:0.000019s ]
INFO: [ app_init ] --END-- [ RunTime:0.000401s ]
INFO: [ app_begin ] --START--
INFO: Run Behavior\ReadHtmlCacheBehavior [ RunTime:0.000558s ]
INFO: [ app_begin ] --END-- [ RunTime:0.000623s ]

[ 2019-11-08T18:41:02+08:00 ] 223.104.159.251 /api/face
INFO: [ app_init ] --START--
INFO: Run Behavior\BuildLiteBehavior [ RunTime:0.000017s ]
INFO: [ app_init ] --END-- [ RunTime:0.000294s ]
INFO: [ app_begin ] --START--
INFO: Run Behavior\ReadHtmlCacheBehavior [ RunTime:0.000394s ]
INFO: [ app_begin ] --END-- [ RunTime:0.000437s ]
NOTIC: [8] Undefined index: test /www/wwwroot/slpay.shunzhiapp.com/web/App/Pays/Controller/FaceApiController.class.php 第 40 行.
NOTIC: [8] Undefined index: remark /www/wwwroot/slpay.shunzhiapp.com/web/App/Pays/Controller/FaceAutoController.class.php 第 612 行.
NOTIC: [8] Undefined index: remark /www/wwwroot/slpay.shunzhiapp.com/web/App/Pays/Controller/FaceAutoController.class.php 第 631 行.
NOTIC: [8] Undefined index: HTTP_X_REAL_IP /www/wwwroot/slpay.shunzhiapp.com/web/App/Common/Common/function.php 第 3910 行.
NOTIC: [2] simplexml_load_string(): Entity: line 1: parser error : Start tag expected, '&lt;' not found /www/wwwroot/slpay.shunzhiapp.com/web/App/Pays/Controller/NotifyController.class.php 第 1074 行.
NOTIC: [2] simplexml_load_string(): {&quot;method&quot;:&quot;auto_pay&quot;,&quot;data&quot;:{&quot;store_id&quot;:3,&quot;total&quot;:1,&quot;authCode&quot;:&quot;2811850844038859 /www/wwwroot/slpay.shunzhiapp.com/web/App/Pays/Controller/NotifyController.class.php 第 1074 行.
NOTIC: [2] simplexml_load_string(): ^ /www/wwwroot/slpay.shunzhiapp.com/web/App/Pays/Controller/NotifyController.class.php 第 1074 行.
NOTIC: [8] Undefined index: r1_merchantNo /www/wwwroot/slpay.shunzhiapp.com/web/App/Pays/Controller/NotifyController.class.php 第 16 行.
NOTIC: [2] Invalid argument supplied for foreach() /www/wwwroot/slpay.shunzhiapp.com/web/App/Tasks/Controller/SendTemplateController.class.php 第 529 行.

[ 2019-11-08T18:41:03+08:00 ] 203.209.235.72 /Pays/FaceAuto/aliNotify
INFO: [ app_init ] --START--
INFO: Run Behavior\BuildLiteBehavior [ RunTime:0.000014s ]
INFO: [ app_init ] --END-- [ RunTime:0.000323s ]
INFO: [ app_begin ] --START--
INFO: Run Behavior\ReadHtmlCacheBehavior [ RunTime:0.000443s ]
INFO: [ app_begin ] --END-- [ RunTime:0.000497s ]
NOTIC: [8] Undefined index: HTTP_RAW_POST_DATA /www/wwwroot/slpay.shunzhiapp.com/web/App/Pays/Controller/NotifyController.class.php 第 14 行.
NOTIC: [8] Undefined index: r1_merchantNo /www/wwwroot/slpay.shunzhiapp.com/web/App/Pays/Controller/NotifyController.class.php 第 16 行.

[ 2019-11-08T18:42:47+08:00 ] 122.97.174.139 /api/face
INFO: [ app_init ] --START--
INFO: Run Behavior\BuildLiteBehavior [ RunTime:0.000013s ]
INFO: [ app_init ] --END-- [ RunTime:0.000291s ]
INFO: [ app_begin ] --START--
INFO: Run Behavior\ReadHtmlCacheBehavior [ RunTime:0.000368s ]
INFO: [ app_begin ] --END-- [ RunTime:0.000406s ]
NOTIC: [8] Undefined index: test /www/wwwroot/slpay.shunzhiapp.com/web/App/Pays/Controller/FaceApiController.class.php 第 40 行.
NOTIC: [8] Undefined index: remark /www/wwwroot/slpay.shunzhiapp.com/web/App/Pays/Controller/FaceAutoController.class.php 第 612 行.
NOTIC: [8] Undefined index: remark /www/wwwroot/slpay.shunzhiapp.com/web/App/Pays/Controller/FaceAutoController.class.php 第 631 行.
NOTIC: [8] Undefined index: HTTP_X_REAL_IP /www/wwwroot/slpay.shunzhiapp.com/web/App/Common/Common/function.php 第 3910 行.
NOTIC: [2] simplexml_load_string(): Entity: line 1: parser error : Start tag expected, '&lt;' not found /www/wwwroot/slpay.shunzhiapp.com/web/App/Pays/Controller/NotifyController.class.php 第 1074 行.
NOTIC: [2] simplexml_load_string(): {&quot;method&quot;:&quot;auto_pay&quot;,&quot;data&quot;:{&quot;store_id&quot;:3,&quot;total&quot;:10,&quot;authCode&quot;:&quot;285410969782218 /www/wwwroot/slpay.shunzhiapp.com/web/App/Pays/Controller/NotifyController.class.php 第 1074 行.
NOTIC: [2] simplexml_load_string(): ^ /www/wwwroot/slpay.shunzhiapp.com/web/App/Pays/Controller/NotifyController.class.php 第 1074 行.
NOTIC: [8] Undefined index: r1_merchantNo /www/wwwroot/slpay.shunzhiapp.com/web/App/Pays/Controller/NotifyController.class.php 第 16 行.
NOTIC: [2] Invalid argument supplied for foreach() /www/wwwroot/slpay.shunzhiapp.com/web/App/Tasks/Controller/SendTemplateController.class.php 第 529 行.

[ 2019-11-08T18:42:48+08:00 ] 203.209.235.238 /Pays/FaceAuto/aliNotify
INFO: [ app_init ] --START--
INFO: Run Behavior\BuildLiteBehavior [ RunTime:0.000012s ]
INFO: [ app_init ] --END-- [ RunTime:0.000255s ]
INFO: [ app_begin ] --START--
INFO: Run Behavior\ReadHtmlCacheBehavior [ RunTime:0.000412s ]
INFO: [ app_begin ] --END-- [ RunTime:0.000455s ]
NOTIC: [8] Undefined index: HTTP_RAW_POST_DATA /www/wwwroot/slpay.shunzhiapp.com/web/App/Pays/Controller/NotifyController.class.php 第 14 行.
NOTIC: [8] Undefined index: r1_merchantNo /www/wwwroot/slpay.shunzhiapp.com/web/App/Pays/Controller/NotifyController.class.php 第 16 行.

[ 2019-11-08T18:42:50+08:00 ] 223.104.159.251 /api/face
INFO: [ app_init ] --START--
INFO: Run Behavior\BuildLiteBehavior [ RunTime:0.000013s ]
INFO: [ app_init ] --END-- [ RunTime:0.000274s ]
INFO: [ app_begin ] --START--
INFO: Run Behavior\ReadHtmlCacheBehavior [ RunTime:0.000414s ]
INFO: [ app_begin ] --END-- [ RunTime:0.000465s ]
NOTIC: [8] Undefined index: test /www/wwwroot/slpay.shunzhiapp.com/web/App/Pays/Controller/FaceApiController.class.php 第 40 行.
NOTIC: [8] Undefined index: remark /www/wwwroot/slpay.shunzhiapp.com/web/App/Pays/Controller/FaceAutoController.class.php 第 612 行.
NOTIC: [8] Undefined index: remark /www/wwwroot/slpay.shunzhiapp.com/web/App/Pays/Controller/FaceAutoController.class.php 第 631 行.
NOTIC: [8] Undefined index: HTTP_X_REAL_IP /www/wwwroot/slpay.shunzhiapp.com/web/App/Common/Common/function.php 第 3910 行.
NOTIC: [2] simplexml_load_string(): Entity: line 1: parser error : Start tag expected, '&lt;' not found /www/wwwroot/slpay.shunzhiapp.com/web/App/Pays/Controller/NotifyController.class.php 第 1074 行.
NOTIC: [2] simplexml_load_string(): {&quot;method&quot;:&quot;auto_pay&quot;,&quot;data&quot;:{&quot;store_id&quot;:3,&quot;total&quot;:1,&quot;authCode&quot;:&quot;2845876518041250 /www/wwwroot/slpay.shunzhiapp.com/web/App/Pays/Controller/NotifyController.class.php 第 1074 行.
NOTIC: [2] simplexml_load_string(): ^ /www/wwwroot/slpay.shunzhiapp.com/web/App/Pays/Controller/NotifyController.class.php 第 1074 行.
NOTIC: [8] Undefined index: r1_merchantNo /www/wwwroot/slpay.shunzhiapp.com/web/App/Pays/Controller/NotifyController.class.php 第 16 行.
NOTIC: [2] Invalid argument supplied for foreach() /www/wwwroot/slpay.shunzhiapp.com/web/App/Tasks/Controller/SendTemplateController.class.php 第 529 行.

[ 2019-11-08T18:42:51+08:00 ] 203.209.235.208 /Pays/FaceAuto/aliNotify
INFO: [ app_init ] --START--
INFO: Run Behavior\BuildLiteBehavior [ RunTime:0.000014s ]
INFO: [ app_init ] --END-- [ RunTime:0.000270s ]
INFO: [ app_begin ] --START--
INFO: Run Behavior\ReadHtmlCacheBehavior [ RunTime:0.000375s ]
INFO: [ app_begin ] --END-- [ RunTime:0.000415s ]
NOTIC: [8] Undefined index: HTTP_RAW_POST_DATA /www/wwwroot/slpay.shunzhiapp.com/web/App/Pays/Controller/NotifyController.class.php 第 14 行.
NOTIC: [8] Undefined index: r1_merchantNo /www/wwwroot/slpay.shunzhiapp.com/web/App/Pays/Controller/NotifyController.class.php 第 16 行.

[ 2019-11-08T18:44:32+08:00 ] 113.246.21.109 /api/login
INFO: [ app_init ] --START--
INFO: Run Behavior\BuildLiteBehavior [ RunTime:0.000014s ]
INFO: [ app_init ] --END-- [ RunTime:0.000287s ]
INFO: [ app_begin ] --START--
INFO: Run Behavior\ReadHtmlCacheBehavior [ RunTime:0.000371s ]
INFO: [ app_begin ] --END-- [ RunTime:0.000407s ]

[ 2019-11-08T18:44:34+08:00 ] 113.246.21.109 /api/face
INFO: [ app_init ] --START--
INFO: Run Behavior\BuildLiteBehavior [ RunTime:0.000014s ]
INFO: [ app_init ] --END-- [ RunTime:0.000316s ]
INFO: [ app_begin ] --START--
INFO: Run Behavior\ReadHtmlCacheBehavior [ RunTime:0.000412s ]
INFO: [ app_begin ] --END-- [ RunTime:0.000461s ]
NOTIC: [8] Undefined index: test /www/wwwroot/slpay.shunzhiapp.com/web/App/Pays/Controller/FaceApiController.class.php 第 40 行.

[ 2019-11-08T18:44:38+08:00 ] 113.246.21.109 /api/face
INFO: [ app_init ] --START--
INFO: Run Behavior\BuildLiteBehavior [ RunTime:0.000016s ]
INFO: [ app_init ] --END-- [ RunTime:0.000352s ]
INFO: [ app_begin ] --START--
INFO: Run Behavior\ReadHtmlCacheBehavior [ RunTime:0.000476s ]
INFO: [ app_begin ] --END-- [ RunTime:0.000541s ]
NOTIC: [8] Undefined index: test /www/wwwroot/slpay.shunzhiapp.com/web/App/Pays/Controller/FaceApiController.class.php 第 40 行.

[ 2019-11-08T18:44:43+08:00 ] 113.246.21.109 /api/face
INFO: [ app_init ] --START--
INFO: Run Behavior\BuildLiteBehavior [ RunTime:0.000018s ]
INFO: [ app_init ] --END-- [ RunTime:0.000350s ]
INFO: [ app_begin ] --START--
INFO: Run Behavior\ReadHtmlCacheBehavior [ RunTime:0.000389s ]
INFO: [ app_begin ] --END-- [ RunTime:0.000431s ]
NOTIC: [8] Undefined index: test /www/wwwroot/slpay.shunzhiapp.com/web/App/Pays/Controller/FaceApiController.class.php 第 40 行.
NOTIC: [2] Missing argument 1 for GetAuthInfo::SetVersion(), called in /www/wwwroot/slpay.shunzhiapp.com/web/ThinkPHP/Library/Vendor/xun_wxpay/WxPayApi.php on line 226 and defined /www/wwwroot/slpay.shunzhiapp.com/web/ThinkPHP/Library/Vendor/xun_wxpay/WxPay.Data.php 第 164 行.
NOTIC: [8] Undefined variable: value /www/wwwroot/slpay.shunzhiapp.com/web/ThinkPHP/Library/Vendor/xun_wxpay/WxPay.Data.php 第 166 行.
NOTIC: [2] Missing argument 1 for GetAuthInfo::SetSign_type(), called in /www/wwwroot/slpay.shunzhiapp.com/web/ThinkPHP/Library/Vendor/xun_wxpay/WxPayApi.php on line 227 and defined /www/wwwroot/slpay.shunzhiapp.com/web/ThinkPHP/Library/Vendor/xun_wxpay/WxPay.Data.php 第 169 行.
NOTIC: [8] Undefined variable: value /www/wwwroot/slpay.shunzhiapp.com/web/ThinkPHP/Library/Vendor/xun_wxpay/WxPay.Data.php 第 171 行.
NOTIC: [8] Undefined index: data /www/wwwroot/slpay.shunzhiapp.com/web/App/Pays/Controller/FaceApiController.class.php 第 66 行.

[ 2019-11-08T18:44:46+08:00 ] 113.246.21.109 /api/face
INFO: [ app_init ] --START--
INFO: Run Behavior\BuildLiteBehavior [ RunTime:0.000022s ]
INFO: [ app_init ] --END-- [ RunTime:0.000257s ]
INFO: [ app_begin ] --START--
INFO: Run Behavior\ReadHtmlCacheBehavior [ RunTime:0.000388s ]
INFO: [ app_begin ] --END-- [ RunTime:0.000434s ]
NOTIC: [8] Undefined index: test /www/wwwroot/slpay.shunzhiapp.com/web/App/Pays/Controller/FaceApiController.class.php 第 40 行.
NOTIC: [2] Missing argument 1 for GetAuthInfo::SetVersion(), called in /www/wwwroot/slpay.shunzhiapp.com/web/ThinkPHP/Library/Vendor/xun_wxpay/WxPayApi.php on line 226 and defined /www/wwwroot/slpay.shunzhiapp.com/web/ThinkPHP/Library/Vendor/xun_wxpay/WxPay.Data.php 第 164 行.
NOTIC: [8] Undefined variable: value /www/wwwroot/slpay.shunzhiapp.com/web/ThinkPHP/Library/Vendor/xun_wxpay/WxPay.Data.php 第 166 行.
NOTIC: [2] Missing argument 1 for GetAuthInfo::SetSign_type(), called in /www/wwwroot/slpay.shunzhiapp.com/web/ThinkPHP/Library/Vendor/xun_wxpay/WxPayApi.php on line 227 and defined /www/wwwroot/slpay.shunzhiapp.com/web/ThinkPHP/Library/Vendor/xun_wxpay/WxPay.Data.php 第 169 行.
NOTIC: [8] Undefined variable: value /www/wwwroot/slpay.shunzhiapp.com/web/ThinkPHP/Library/Vendor/xun_wxpay/WxPay.Data.php 第 171 行.
NOTIC: [8] Undefined index: data /www/wwwroot/slpay.shunzhiapp.com/web/App/Pays/Controller/FaceApiController.class.php 第 66 行.

[ 2019-11-08T18:44:48+08:00 ] 113.246.21.109 /api/face
INFO: [ app_init ] --START--
INFO: Run Behavior\BuildLiteBehavior [ RunTime:0.000012s ]
INFO: [ app_init ] --END-- [ RunTime:0.000272s ]
INFO: [ app_begin ] --START--
INFO: Run Behavior\ReadHtmlCacheBehavior [ RunTime:0.000414s ]
INFO: [ app_begin ] --END-- [ RunTime:0.000461s ]
NOTIC: [8] Undefined index: test /www/wwwroot/slpay.shunzhiapp.com/web/App/Pays/Controller/FaceApiController.class.php 第 40 行.
NOTIC: [2] Missing argument 1 for GetAuthInfo::SetVersion(), called in /www/wwwroot/slpay.shunzhiapp.com/web/ThinkPHP/Library/Vendor/xun_wxpay/WxPayApi.php on line 226 and defined /www/wwwroot/slpay.shunzhiapp.com/web/ThinkPHP/Library/Vendor/xun_wxpay/WxPay.Data.php 第 164 行.
NOTIC: [8] Undefined variable: value /www/wwwroot/slpay.shunzhiapp.com/web/ThinkPHP/Library/Vendor/xun_wxpay/WxPay.Data.php 第 166 行.
NOTIC: [2] Missing argument 1 for GetAuthInfo::SetSign_type(), called in /www/wwwroot/slpay.shunzhiapp.com/web/ThinkPHP/Library/Vendor/xun_wxpay/WxPayApi.php on line 227 and defined /www/wwwroot/slpay.shunzhiapp.com/web/ThinkPHP/Library/Vendor/xun_wxpay/WxPay.Data.php 第 169 行.
NOTIC: [8] Undefined variable: value /www/wwwroot/slpay.shunzhiapp.com/web/ThinkPHP/Library/Vendor/xun_wxpay/WxPay.Data.php 第 171 行.
NOTIC: [8] Undefined index: data /www/wwwroot/slpay.shunzhiapp.com/web/App/Pays/Controller/FaceApiController.class.php 第 66 行.

