[ 2019-10-13T02:14:47+08:00 ] 58.251.121.186 /Pay/UxDuYn3mMajfcu4_NcjcUl2
INFO: [ app_init ] --START--
INFO: Run Behavior\BuildLiteBehavior [ RunTime:0.000015s ]
INFO: [ app_init ] --END-- [ RunTime:0.000257s ]
INFO: [ app_begin ] --START--
INFO: Run Behavior\ReadHtmlCacheBehavior [ RunTime:0.000286s ]
INFO: [ app_begin ] --END-- [ RunTime:0.000321s ]
INFO: [ view_parse ] --START--
INFO: [ template_filter ] --START--
INFO: Run Behavior\ContentReplaceBehavior [ RunTime:0.000052s ]
INFO: [ template_filter ] --END-- [ RunTime:0.000103s ]
INFO: Run Behavior\ParseTemplateBehavior [ RunTime:0.005367s ]
INFO: [ view_parse ] --END-- [ RunTime:0.005418s ]
INFO: [ view_filter ] --START--
INFO: Run Behavior\WriteHtmlCacheBehavior [ RunTime:0.000127s ]
INFO: Run Behavior\TokenBuildBehavior [ RunTime:0.000198s ]
INFO: [ view_filter ] --END-- [ RunTime:0.000371s ]

[ 2019-10-13T07:43:27+08:00 ] 123.151.77.72 /EQ/P27383839
INFO: [ app_init ] --START--
INFO: Run Behavior\BuildLiteBehavior [ RunTime:0.000012s ]
INFO: [ app_init ] --END-- [ RunTime:0.000275s ]
INFO: [ app_begin ] --START--
INFO: Run Behavior\ReadHtmlCacheBehavior [ RunTime:0.000278s ]
INFO: [ app_begin ] --END-- [ RunTime:0.000314s ]

[ 2019-10-13T07:43:27+08:00 ] 123.151.77.72 /EQM/P27383839
INFO: [ app_init ] --START--
INFO: Run Behavior\BuildLiteBehavior [ RunTime:0.000012s ]
INFO: [ app_init ] --END-- [ RunTime:0.000236s ]
INFO: [ app_begin ] --START--
INFO: Run Behavior\ReadHtmlCacheBehavior [ RunTime:0.000282s ]
INFO: [ app_begin ] --END-- [ RunTime:0.000321s ]

[ 2019-10-13T07:43:28+08:00 ] 123.151.77.72 /Pay/UxDuIn3mMazfguz_OcDcMl5
INFO: [ app_init ] --START--
INFO: Run Behavior\BuildLiteBehavior [ RunTime:0.000011s ]
INFO: [ app_init ] --END-- [ RunTime:0.000228s ]
INFO: [ app_begin ] --START--
INFO: Run Behavior\ReadHtmlCacheBehavior [ RunTime:0.000282s ]
INFO: [ app_begin ] --END-- [ RunTime:0.000316s ]

[ 2019-10-13T07:43:29+08:00 ] 123.151.77.72 /Pay/UxDuIn3mMazfguz_OcDcMl5?code=081tge860bZVMC1hYD660dD9860tge8K&state=Pays
INFO: [ app_init ] --START--
INFO: Run Behavior\BuildLiteBehavior [ RunTime:0.000012s ]
INFO: [ app_init ] --END-- [ RunTime:0.000245s ]
INFO: [ app_begin ] --START--
INFO: Run Behavior\ReadHtmlCacheBehavior [ RunTime:0.000319s ]
INFO: [ app_begin ] --END-- [ RunTime:0.000348s ]
INFO: [ view_parse ] --START--
INFO: [ template_filter ] --START--
INFO: Run Behavior\ContentReplaceBehavior [ RunTime:0.000068s ]
INFO: [ template_filter ] --END-- [ RunTime:0.000126s ]
INFO: Run Behavior\ParseTemplateBehavior [ RunTime:0.006388s ]
INFO: [ view_parse ] --END-- [ RunTime:0.006447s ]
INFO: [ view_filter ] --START--
INFO: Run Behavior\WriteHtmlCacheBehavior [ RunTime:0.000107s ]
INFO: Run Behavior\TokenBuildBehavior [ RunTime:0.000215s ]
INFO: [ view_filter ] --END-- [ RunTime:0.000364s ]
INFO: [ app_end ] --START--
INFO: Run Behavior\ShowPageTraceBehavior [ RunTime:0.000321s ]
INFO: [ app_end ] --END-- [ RunTime:0.000357s ]

[ 2019-10-13T07:43:49+08:00 ] 123.151.77.72 /Pays/Apis/gateway
INFO: [ app_init ] --START--
INFO: Run Behavior\BuildLiteBehavior [ RunTime:0.000013s ]
INFO: [ app_init ] --END-- [ RunTime:0.000259s ]
INFO: [ app_begin ] --START--
INFO: Run Behavior\ReadHtmlCacheBehavior [ RunTime:0.000290s ]
INFO: [ app_begin ] --END-- [ RunTime:0.000325s ]
NOTIC: [8] Undefined index: is_api /home/wwwroot/pay/domain/hzf.xiaohouzhi.com/web/App/Pays/Controller/ApisController.class.php 第 13 行.
NOTIC: [8] Undefined index: HTTP_X_REAL_IP /home/wwwroot/pay/domain/hzf.xiaohouzhi.com/web/App/Common/Common/function.php 第 3505 行.

[ 2019-10-13T07:44:13+08:00 ] 123.151.77.72 /Pays/Apis/gateway
INFO: [ app_init ] --START--
INFO: Run Behavior\BuildLiteBehavior [ RunTime:0.000013s ]
INFO: [ app_init ] --END-- [ RunTime:0.000285s ]
INFO: [ app_begin ] --START--
INFO: Run Behavior\ReadHtmlCacheBehavior [ RunTime:0.000307s ]
INFO: [ app_begin ] --END-- [ RunTime:0.000344s ]
NOTIC: [8] Undefined index: is_api /home/wwwroot/pay/domain/hzf.xiaohouzhi.com/web/App/Pays/Controller/ApisController.class.php 第 13 行.
NOTIC: [8] Undefined index: HTTP_X_REAL_IP /home/wwwroot/pay/domain/hzf.xiaohouzhi.com/web/App/Common/Common/function.php 第 3505 行.

[ 2019-10-13T08:05:38+08:00 ] 27.199.218.74 /EQ/P67278656
INFO: [ app_init ] --START--
INFO: Run Behavior\BuildLiteBehavior [ RunTime:0.000012s ]
INFO: [ app_init ] --END-- [ RunTime:0.000287s ]
INFO: [ app_begin ] --START--
INFO: Run Behavior\ReadHtmlCacheBehavior [ RunTime:0.000342s ]
INFO: [ app_begin ] --END-- [ RunTime:0.000383s ]

[ 2019-10-13T08:05:38+08:00 ] 27.199.218.74 /EQM/P67278656
INFO: [ app_init ] --START--
INFO: Run Behavior\BuildLiteBehavior [ RunTime:0.000019s ]
INFO: [ app_init ] --END-- [ RunTime:0.000352s ]
INFO: [ app_begin ] --START--
INFO: Run Behavior\ReadHtmlCacheBehavior [ RunTime:0.000459s ]
INFO: [ app_begin ] --END-- [ RunTime:0.000513s ]

[ 2019-10-13T08:05:38+08:00 ] 27.199.218.74 /Pay/UxDuYn3mMajfcu4_NcjcUl2
INFO: [ app_init ] --START--
INFO: Run Behavior\BuildLiteBehavior [ RunTime:0.000012s ]
INFO: [ app_init ] --END-- [ RunTime:0.000229s ]
INFO: [ app_begin ] --START--
INFO: Run Behavior\ReadHtmlCacheBehavior [ RunTime:0.000327s ]
INFO: [ app_begin ] --END-- [ RunTime:0.000363s ]

[ 2019-10-13T08:05:38+08:00 ] 27.199.218.74 /Pay/UxDuYn3mMajfcu4_NcjcUl2?code=021TVqx62V5ALR0gXJy62RROx62TVqxv&state=Pays
INFO: [ app_init ] --START--
INFO: Run Behavior\BuildLiteBehavior [ RunTime:0.000011s ]
INFO: [ app_init ] --END-- [ RunTime:0.000272s ]
INFO: [ app_begin ] --START--
INFO: Run Behavior\ReadHtmlCacheBehavior [ RunTime:0.000270s ]
INFO: [ app_begin ] --END-- [ RunTime:0.000299s ]
INFO: [ view_parse ] --START--
INFO: [ template_filter ] --START--
INFO: Run Behavior\ContentReplaceBehavior [ RunTime:0.000050s ]
INFO: [ template_filter ] --END-- [ RunTime:0.000101s ]
INFO: Run Behavior\ParseTemplateBehavior [ RunTime:0.007176s ]
INFO: [ view_parse ] --END-- [ RunTime:0.007235s ]
INFO: [ view_filter ] --START--
INFO: Run Behavior\WriteHtmlCacheBehavior [ RunTime:0.000107s ]
INFO: Run Behavior\TokenBuildBehavior [ RunTime:0.000224s ]
INFO: [ view_filter ] --END-- [ RunTime:0.000370s ]
INFO: [ app_end ] --START--
INFO: Run Behavior\ShowPageTraceBehavior [ RunTime:0.000316s ]
INFO: [ app_end ] --END-- [ RunTime:0.000347s ]

[ 2019-10-13T14:10:30+08:00 ] 120.216.227.155 /Pays/Mch/QrData/url/axHuRn0mcaDfouv_Lc2chl6Zi54aWFvaG91emhpLmNvbS9QYXlzL01jaC9zdG9yZV91c2VyX2JpbmQvaWQvNDEwMy9zdG9yZV9pZC80MjU2
INFO: [ app_init ] --START--
INFO: Run Behavior\BuildLiteBehavior [ RunTime:0.000012s ]
INFO: [ app_init ] --END-- [ RunTime:0.000236s ]
INFO: [ app_begin ] --START--
INFO: Run Behavior\ReadHtmlCacheBehavior [ RunTime:0.000319s ]
INFO: [ app_begin ] --END-- [ RunTime:0.000364s ]
INFO: [ app_end ] --START--
INFO: Run Behavior\ShowPageTraceBehavior [ RunTime:0.000478s ]
INFO: [ app_end ] --END-- [ RunTime:0.000539s ]

[ 2019-10-13T14:11:03+08:00 ] 123.151.77.72 /Pays/Mch/store_user_bind/id/4103/store_id/4256
INFO: [ app_init ] --START--
INFO: Run Behavior\BuildLiteBehavior [ RunTime:0.000014s ]
INFO: [ app_init ] --END-- [ RunTime:0.000290s ]
INFO: [ app_begin ] --START--
INFO: Run Behavior\ReadHtmlCacheBehavior [ RunTime:0.000329s ]
INFO: [ app_begin ] --END-- [ RunTime:0.000365s ]

[ 2019-10-13T14:11:05+08:00 ] 123.151.77.72 /Pays/Mch/store_user_bind/id/4103/store_id/4256?code=001xLZva14I1PN12lZsa1wwcwa1xLZvk&state=Pays
INFO: [ app_init ] --START--
INFO: Run Behavior\BuildLiteBehavior [ RunTime:0.000011s ]
INFO: [ app_init ] --END-- [ RunTime:0.000225s ]
INFO: [ app_begin ] --START--
INFO: Run Behavior\ReadHtmlCacheBehavior [ RunTime:0.000278s ]
INFO: [ app_begin ] --END-- [ RunTime:0.000313s ]
NOTIC: [8] Undefined variable: USER /home/wwwroot/pay/domain/hzf.xiaohouzhi.com/web/App/Pays/Controller/MchController.class.php 第 57 行.
INFO: [ view_parse ] --START--
INFO: [ template_filter ] --START--
INFO: Run Behavior\ContentReplaceBehavior [ RunTime:0.000056s ]
INFO: [ template_filter ] --END-- [ RunTime:0.000107s ]
INFO: Run Behavior\ParseTemplateBehavior [ RunTime:0.024900s ]
INFO: [ view_parse ] --END-- [ RunTime:0.024955s ]
INFO: [ view_filter ] --START--
INFO: Run Behavior\WriteHtmlCacheBehavior [ RunTime:0.000126s ]
INFO: Run Behavior\TokenBuildBehavior [ RunTime:0.000224s ]
INFO: [ view_filter ] --END-- [ RunTime:0.000409s ]
INFO: [ app_end ] --START--
INFO: Run Behavior\ShowPageTraceBehavior [ RunTime:0.000387s ]
INFO: [ app_end ] --END-- [ RunTime:0.000415s ]

[ 2019-10-13T14:11:43+08:00 ] 123.151.77.72 /Pays/Mch/store_user_bind/id/4103/store_id/4256
INFO: [ app_init ] --START--
INFO: Run Behavior\BuildLiteBehavior [ RunTime:0.000014s ]
INFO: [ app_init ] --END-- [ RunTime:0.000265s ]
INFO: [ app_begin ] --START--
INFO: Run Behavior\ReadHtmlCacheBehavior [ RunTime:0.000300s ]
INFO: [ app_begin ] --END-- [ RunTime:0.000334s ]

[ 2019-10-13T14:11:44+08:00 ] 123.151.77.72 /Pays/Mch/store_user_bind/id/4103/store_id/4256?code=001KuNnw1n7otg0kjipw19nLnw1KuNnd&state=Pays
INFO: [ app_init ] --START--
INFO: Run Behavior\BuildLiteBehavior [ RunTime:0.000012s ]
INFO: [ app_init ] --END-- [ RunTime:0.000233s ]
INFO: [ app_begin ] --START--
INFO: Run Behavior\ReadHtmlCacheBehavior [ RunTime:0.000288s ]
INFO: [ app_begin ] --END-- [ RunTime:0.000323s ]
NOTIC: [8] Undefined variable: USER /home/wwwroot/pay/domain/hzf.xiaohouzhi.com/web/App/Pays/Controller/MchController.class.php 第 57 行.
INFO: [ view_parse ] --START--
INFO: [ template_filter ] --START--
INFO: Run Behavior\ContentReplaceBehavior [ RunTime:0.000052s ]
INFO: [ template_filter ] --END-- [ RunTime:0.000093s ]
INFO: Run Behavior\ParseTemplateBehavior [ RunTime:0.008243s ]
INFO: [ view_parse ] --END-- [ RunTime:0.008287s ]
INFO: [ view_filter ] --START--
INFO: Run Behavior\WriteHtmlCacheBehavior [ RunTime:0.000108s ]
INFO: Run Behavior\TokenBuildBehavior [ RunTime:0.000263s ]
INFO: [ view_filter ] --END-- [ RunTime:0.000421s ]
INFO: [ app_end ] --START--
INFO: Run Behavior\ShowPageTraceBehavior [ RunTime:0.000326s ]
INFO: [ app_end ] --END-- [ RunTime:0.000366s ]

[ 2019-10-13T14:12:22+08:00 ] 123.151.77.72 /Pays/Mch/store_user_save
INFO: [ app_init ] --START--
INFO: Run Behavior\BuildLiteBehavior [ RunTime:0.000012s ]
INFO: [ app_init ] --END-- [ RunTime:0.000287s ]
INFO: [ app_begin ] --START--
INFO: Run Behavior\ReadHtmlCacheBehavior [ RunTime:0.000299s ]
INFO: [ app_begin ] --END-- [ RunTime:0.000334s ]

[ 2019-10-13T14:12:24+08:00 ] 123.151.77.72 /Pays/Mch/store_user_bind/id/4103/store_id/4256/uid/3252/status/store_status
INFO: [ app_init ] --START--
INFO: Run Behavior\BuildLiteBehavior [ RunTime:0.000011s ]
INFO: [ app_init ] --END-- [ RunTime:0.000225s ]
INFO: [ app_begin ] --START--
INFO: Run Behavior\ReadHtmlCacheBehavior [ RunTime:0.000294s ]
INFO: [ app_begin ] --END-- [ RunTime:0.000329s ]
NOTIC: [8] Undefined variable: _data /home/wwwroot/pay/domain/hzf.xiaohouzhi.com/web/App/Pays/Controller/MchController.class.php 第 55 行.
NOTIC: [8] Undefined variable: Store /home/wwwroot/pay/domain/hzf.xiaohouzhi.com/web/App/Pays/Controller/MchController.class.php 第 56 行.
INFO: [ view_parse ] --START--
INFO: [ template_filter ] --START--
INFO: Run Behavior\ContentReplaceBehavior [ RunTime:0.000070s ]
INFO: [ template_filter ] --END-- [ RunTime:0.000107s ]
INFO: Run Behavior\ParseTemplateBehavior [ RunTime:0.005939s ]
INFO: [ view_parse ] --END-- [ RunTime:0.005982s ]
INFO: [ view_filter ] --START--
INFO: Run Behavior\WriteHtmlCacheBehavior [ RunTime:0.000111s ]
INFO: Run Behavior\TokenBuildBehavior [ RunTime:0.000212s ]
INFO: [ view_filter ] --END-- [ RunTime:0.000365s ]
INFO: [ app_end ] --START--
INFO: Run Behavior\ShowPageTraceBehavior [ RunTime:0.000374s ]
INFO: [ app_end ] --END-- [ RunTime:0.000422s ]

[ 2019-10-13T14:31:02+08:00 ] 120.216.227.155 /api/login
INFO: [ app_init ] --START--
INFO: Run Behavior\BuildLiteBehavior [ RunTime:0.000025s ]
INFO: [ app_init ] --END-- [ RunTime:0.000406s ]
INFO: [ app_begin ] --START--
INFO: Run Behavior\ReadHtmlCacheBehavior [ RunTime:0.000478s ]
INFO: [ app_begin ] --END-- [ RunTime:0.000536s ]

[ 2019-10-13T14:31:05+08:00 ] 120.216.227.155 /api/face
INFO: [ app_init ] --START--
INFO: Run Behavior\BuildLiteBehavior [ RunTime:0.000010s ]
INFO: [ app_init ] --END-- [ RunTime:0.000224s ]
INFO: [ app_begin ] --START--
INFO: Run Behavior\ReadHtmlCacheBehavior [ RunTime:0.000290s ]
INFO: [ app_begin ] --END-- [ RunTime:0.000326s ]
NOTIC: [8] Undefined index: test /home/wwwroot/pay/domain/hzf.xiaohouzhi.com/web/App/Pays/Controller/FaceApiController.class.php 第 40 行.
NOTIC: [8] Undefined index: service /home/wwwroot/pay/domain/hzf.xiaohouzhi.com/web/App/Pays/Controller/FaceMchController.class.php 第 150 行.
NOTIC: [8] Undefined index: service /home/wwwroot/pay/domain/hzf.xiaohouzhi.com/web/App/Pays/Controller/FaceMchController.class.php 第 151 行.

[ 2019-10-13T14:31:05+08:00 ] 120.216.227.155 /api/face
INFO: [ app_init ] --START--
INFO: Run Behavior\BuildLiteBehavior [ RunTime:0.000011s ]
INFO: [ app_init ] --END-- [ RunTime:0.000227s ]
INFO: [ app_begin ] --START--
INFO: Run Behavior\ReadHtmlCacheBehavior [ RunTime:0.000265s ]
INFO: [ app_begin ] --END-- [ RunTime:0.000295s ]
NOTIC: [8] Undefined index: test /home/wwwroot/pay/domain/hzf.xiaohouzhi.com/web/App/Pays/Controller/FaceApiController.class.php 第 40 行.

[ 2019-10-13T15:21:57+08:00 ] 112.17.236.193 /aliOauthUrl?id=4111
INFO: [ app_init ] --START--
INFO: Run Behavior\BuildLiteBehavior [ RunTime:0.000011s ]
INFO: [ app_init ] --END-- [ RunTime:0.000261s ]
INFO: [ app_begin ] --START--
INFO: Run Behavior\ReadHtmlCacheBehavior [ RunTime:0.000280s ]
INFO: [ app_begin ] --END-- [ RunTime:0.000316s ]

[ 2019-10-13T15:22:55+08:00 ] 180.97.118.223 /aliOauthUrl?id=4111
INFO: [ app_init ] --START--
INFO: Run Behavior\BuildLiteBehavior [ RunTime:0.000015s ]
INFO: [ app_init ] --END-- [ RunTime:0.000281s ]
INFO: [ app_begin ] --START--
INFO: Run Behavior\ReadHtmlCacheBehavior [ RunTime:0.000337s ]
INFO: [ app_begin ] --END-- [ RunTime:0.000372s ]

[ 2019-10-13T15:25:15+08:00 ] 110.75.248.49 /aliOauthUrl?id=4111
INFO: [ app_init ] --START--
INFO: Run Behavior\BuildLiteBehavior [ RunTime:0.000019s ]
INFO: [ app_init ] --END-- [ RunTime:0.000349s ]
INFO: [ app_begin ] --START--
INFO: Run Behavior\ReadHtmlCacheBehavior [ RunTime:0.000472s ]
INFO: [ app_begin ] --END-- [ RunTime:0.000527s ]

[ 2019-10-13T15:26:55+08:00 ] 110.75.248.32 /aliOauthUrl?id=4111
INFO: [ app_init ] --START--
INFO: Run Behavior\BuildLiteBehavior [ RunTime:0.000011s ]
INFO: [ app_init ] --END-- [ RunTime:0.000271s ]
INFO: [ app_begin ] --START--
INFO: Run Behavior\ReadHtmlCacheBehavior [ RunTime:0.000293s ]
INFO: [ app_begin ] --END-- [ RunTime:0.000329s ]

[ 2019-10-13T15:29:48+08:00 ] 39.64.16.150 /aliOauthUrl?id=4111
INFO: [ app_init ] --START--
INFO: Run Behavior\BuildLiteBehavior [ RunTime:0.000014s ]
INFO: [ app_init ] --END-- [ RunTime:0.000311s ]
INFO: [ app_begin ] --START--
INFO: Run Behavior\ReadHtmlCacheBehavior [ RunTime:0.000325s ]
INFO: [ app_begin ] --END-- [ RunTime:0.000360s ]

[ 2019-10-13T15:29:51+08:00 ] 110.75.248.253 /aliOauthUrl?id=4111
INFO: [ app_init ] --START--
INFO: Run Behavior\BuildLiteBehavior [ RunTime:0.000011s ]
INFO: [ app_init ] --END-- [ RunTime:0.000253s ]
INFO: [ app_begin ] --START--
INFO: Run Behavior\ReadHtmlCacheBehavior [ RunTime:0.000285s ]
INFO: [ app_begin ] --END-- [ RunTime:0.000319s ]

[ 2019-10-13T15:30:00+08:00 ] 110.75.248.218 /aliOauth?mchId=4111&app_id=2019072165934202&source=alipay_app_auth&app_auth_code=3cc99cdaa6b644edb0c8921ca6ae0X73
INFO: [ app_init ] --START--
INFO: Run Behavior\BuildLiteBehavior [ RunTime:0.000021s ]
INFO: [ app_init ] --END-- [ RunTime:0.000243s ]
INFO: [ app_begin ] --START--
INFO: Run Behavior\ReadHtmlCacheBehavior [ RunTime:0.000377s ]
INFO: [ app_begin ] --END-- [ RunTime:0.000415s ]
NOTIC: [8] Undefined index: HTTP_REFERER /home/wwwroot/pay/domain/hzf.xiaohouzhi.com/web/ThinkPHP/Library/Think/Controller.class.php 第 283 行.
INFO: [ view_parse ] --START--
INFO: [ template_filter ] --START--
INFO: Run Behavior\ContentReplaceBehavior [ RunTime:0.000057s ]
INFO: [ template_filter ] --END-- [ RunTime:0.000113s ]
INFO: Run Behavior\ParseTemplateBehavior [ RunTime:0.006414s ]
INFO: [ view_parse ] --END-- [ RunTime:0.006453s ]
INFO: [ view_filter ] --START--
INFO: Run Behavior\WriteHtmlCacheBehavior [ RunTime:0.000120s ]
INFO: Run Behavior\TokenBuildBehavior [ RunTime:0.000247s ]
INFO: [ view_filter ] --END-- [ RunTime:0.000405s ]
INFO: [ app_end ] --START--
INFO: Run Behavior\ShowPageTraceBehavior [ RunTime:0.000319s ]
INFO: [ app_end ] --END-- [ RunTime:0.000345s ]

[ 2019-10-13T15:38:58+08:00 ] 203.209.239.111 /EQ/P03333122
INFO: [ app_init ] --START--
INFO: Run Behavior\BuildLiteBehavior [ RunTime:0.000012s ]
INFO: [ app_init ] --END-- [ RunTime:0.000270s ]
INFO: [ app_begin ] --START--
INFO: Run Behavior\ReadHtmlCacheBehavior [ RunTime:0.000297s ]
INFO: [ app_begin ] --END-- [ RunTime:0.000333s ]

[ 2019-10-13T15:38:59+08:00 ] 203.209.239.79 /EQM/P03333122
INFO: [ app_init ] --START--
INFO: Run Behavior\BuildLiteBehavior [ RunTime:0.000011s ]
INFO: [ app_init ] --END-- [ RunTime:0.000235s ]
INFO: [ app_begin ] --START--
INFO: Run Behavior\ReadHtmlCacheBehavior [ RunTime:0.000303s ]
INFO: [ app_begin ] --END-- [ RunTime:0.000334s ]

[ 2019-10-13T15:38:59+08:00 ] 203.209.239.82 /Pay/UxDuAnzmMazfMuz_McTcIly
INFO: [ app_init ] --START--
INFO: Run Behavior\BuildLiteBehavior [ RunTime:0.000011s ]
INFO: [ app_init ] --END-- [ RunTime:0.000219s ]
INFO: [ app_begin ] --START--
INFO: Run Behavior\ReadHtmlCacheBehavior [ RunTime:0.000271s ]
INFO: [ app_begin ] --END-- [ RunTime:0.000306s ]

[ 2019-10-13T15:39:00+08:00 ] 203.209.239.98 /Pay/UxDuAnzmMazfMuz_McTcIly?app_id=2018020602149575&source=alipay_wallet&scope=auth_base&auth_code=8e637398b7bf4373b76defc1f061TX13
INFO: [ app_init ] --START--
INFO: Run Behavior\BuildLiteBehavior [ RunTime:0.000010s ]
INFO: [ app_init ] --END-- [ RunTime:0.000226s ]
INFO: [ app_begin ] --START--
INFO: Run Behavior\ReadHtmlCacheBehavior [ RunTime:0.000277s ]
INFO: [ app_begin ] --END-- [ RunTime:0.000315s ]
INFO: [ view_parse ] --START--
INFO: [ template_filter ] --START--
INFO: Run Behavior\ContentReplaceBehavior [ RunTime:0.000061s ]
INFO: [ template_filter ] --END-- [ RunTime:0.000121s ]
INFO: Run Behavior\ParseTemplateBehavior [ RunTime:0.006449s ]
INFO: [ view_parse ] --END-- [ RunTime:0.006498s ]
INFO: [ view_filter ] --START--
INFO: Run Behavior\WriteHtmlCacheBehavior [ RunTime:0.000138s ]
INFO: Run Behavior\TokenBuildBehavior [ RunTime:0.000220s ]
INFO: [ view_filter ] --END-- [ RunTime:0.000400s ]
INFO: [ app_end ] --START--
INFO: Run Behavior\ShowPageTraceBehavior [ RunTime:0.000353s ]
INFO: [ app_end ] --END-- [ RunTime:0.000395s ]

[ 2019-10-13T15:39:09+08:00 ] 125.118.218.87 /Pays/Apis/gateway
INFO: [ app_init ] --START--
INFO: Run Behavior\BuildLiteBehavior [ RunTime:0.000018s ]
INFO: [ app_init ] --END-- [ RunTime:0.000227s ]
INFO: [ app_begin ] --START--
INFO: Run Behavior\ReadHtmlCacheBehavior [ RunTime:0.000312s ]
INFO: [ app_begin ] --END-- [ RunTime:0.000341s ]
NOTIC: [8] Undefined index: is_api /home/wwwroot/pay/domain/hzf.xiaohouzhi.com/web/App/Pays/Controller/ApisController.class.php 第 13 行.

[ 2019-10-13T15:39:13+08:00 ] 125.118.218.87 /Pays/Apis/gateway
INFO: [ app_init ] --START--
INFO: Run Behavior\BuildLiteBehavior [ RunTime:0.000014s ]
INFO: [ app_init ] --END-- [ RunTime:0.000255s ]
INFO: [ app_begin ] --START--
INFO: Run Behavior\ReadHtmlCacheBehavior [ RunTime:0.000305s ]
INFO: [ app_begin ] --END-- [ RunTime:0.000339s ]
NOTIC: [8] Undefined index: is_api /home/wwwroot/pay/domain/hzf.xiaohouzhi.com/web/App/Pays/Controller/ApisController.class.php 第 13 行.

[ 2019-10-13T15:40:02+08:00 ] 106.11.223.12 /EQ/P03333122
INFO: [ app_init ] --START--
INFO: Run Behavior\BuildLiteBehavior [ RunTime:0.000018s ]
INFO: [ app_init ] --END-- [ RunTime:0.000509s ]
INFO: [ app_begin ] --START--
INFO: Run Behavior\ReadHtmlCacheBehavior [ RunTime:0.000610s ]
INFO: [ app_begin ] --END-- [ RunTime:0.000663s ]

[ 2019-10-13T15:40:02+08:00 ] 106.11.222.123 /EQM/P03333122
INFO: [ app_init ] --START--
INFO: Run Behavior\BuildLiteBehavior [ RunTime:0.000015s ]
INFO: [ app_init ] --END-- [ RunTime:0.000315s ]
INFO: [ app_begin ] --START--
INFO: Run Behavior\ReadHtmlCacheBehavior [ RunTime:0.000419s ]
INFO: [ app_begin ] --END-- [ RunTime:0.000462s ]

[ 2019-10-13T15:40:02+08:00 ] 106.11.222.169 /Pay/UxDuAnzmMazfMuz_McTcIly
INFO: [ app_init ] --START--
INFO: Run Behavior\BuildLiteBehavior [ RunTime:0.000020s ]
INFO: [ app_init ] --END-- [ RunTime:0.000370s ]
INFO: [ app_begin ] --START--
INFO: Run Behavior\ReadHtmlCacheBehavior [ RunTime:0.000489s ]
INFO: [ app_begin ] --END-- [ RunTime:0.000533s ]
INFO: [ view_parse ] --START--
INFO: [ template_filter ] --START--
INFO: Run Behavior\ContentReplaceBehavior [ RunTime:0.000199s ]
INFO: [ template_filter ] --END-- [ RunTime:0.000277s ]
INFO: Run Behavior\ParseTemplateBehavior [ RunTime:0.008099s ]
INFO: [ view_parse ] --END-- [ RunTime:0.008160s ]
INFO: [ view_filter ] --START--
INFO: Run Behavior\WriteHtmlCacheBehavior [ RunTime:0.000149s ]
INFO: Run Behavior\TokenBuildBehavior [ RunTime:0.000290s ]
INFO: [ view_filter ] --END-- [ RunTime:0.000497s ]

[ 2019-10-13T15:40:44+08:00 ] 111.0.74.16 /EQ/P67278656
INFO: [ app_init ] --START--
INFO: Run Behavior\BuildLiteBehavior [ RunTime:0.000016s ]
INFO: [ app_init ] --END-- [ RunTime:0.000265s ]
INFO: [ app_begin ] --START--
INFO: Run Behavior\ReadHtmlCacheBehavior [ RunTime:0.000288s ]
INFO: [ app_begin ] --END-- [ RunTime:0.000328s ]

[ 2019-10-13T15:40:44+08:00 ] 111.0.74.16 /EQM/P67278656
INFO: [ app_init ] --START--
INFO: Run Behavior\BuildLiteBehavior [ RunTime:0.000013s ]
INFO: [ app_init ] --END-- [ RunTime:0.000269s ]
INFO: [ app_begin ] --START--
INFO: Run Behavior\ReadHtmlCacheBehavior [ RunTime:0.000297s ]
INFO: [ app_begin ] --END-- [ RunTime:0.000338s ]

[ 2019-10-13T15:40:44+08:00 ] 111.0.74.16 /Pay/UxDuYn3mMajfcu4_NcjcUl2
INFO: [ app_init ] --START--
INFO: Run Behavior\BuildLiteBehavior [ RunTime:0.000011s ]
INFO: [ app_init ] --END-- [ RunTime:0.000262s ]
INFO: [ app_begin ] --START--
INFO: Run Behavior\ReadHtmlCacheBehavior [ RunTime:0.000341s ]
INFO: [ app_begin ] --END-- [ RunTime:0.000379s ]

[ 2019-10-13T15:40:45+08:00 ] 111.0.74.16 /Pay/UxDuYn3mMajfcu4_NcjcUl2?code=081dBUPC0dHyRk2qvLSC0hkbQC0dBUPL&state=Pays
INFO: [ app_init ] --START--
INFO: Run Behavior\BuildLiteBehavior [ RunTime:0.000011s ]
INFO: [ app_init ] --END-- [ RunTime:0.000225s ]
INFO: [ app_begin ] --START--
INFO: Run Behavior\ReadHtmlCacheBehavior [ RunTime:0.000273s ]
INFO: [ app_begin ] --END-- [ RunTime:0.000308s ]
INFO: [ view_parse ] --START--
INFO: [ template_filter ] --START--
INFO: Run Behavior\ContentReplaceBehavior [ RunTime:0.000051s ]
INFO: [ template_filter ] --END-- [ RunTime:0.000100s ]
INFO: Run Behavior\ParseTemplateBehavior [ RunTime:0.006002s ]
INFO: [ view_parse ] --END-- [ RunTime:0.006073s ]
INFO: [ view_filter ] --START--
INFO: Run Behavior\WriteHtmlCacheBehavior [ RunTime:0.000111s ]
INFO: Run Behavior\TokenBuildBehavior [ RunTime:0.000228s ]
INFO: [ view_filter ] --END-- [ RunTime:0.000386s ]
INFO: [ app_end ] --START--
INFO: Run Behavior\ShowPageTraceBehavior [ RunTime:0.000365s ]
INFO: [ app_end ] --END-- [ RunTime:0.000403s ]

[ 2019-10-13T15:40:49+08:00 ] 111.0.74.16 /Pays/Apis/gateway
INFO: [ app_init ] --START--
INFO: Run Behavior\BuildLiteBehavior [ RunTime:0.000015s ]
INFO: [ app_init ] --END-- [ RunTime:0.000295s ]
INFO: [ app_begin ] --START--
INFO: Run Behavior\ReadHtmlCacheBehavior [ RunTime:0.000358s ]
INFO: [ app_begin ] --END-- [ RunTime:0.000395s ]
NOTIC: [8] Undefined index: is_api /home/wwwroot/pay/domain/hzf.xiaohouzhi.com/web/App/Pays/Controller/ApisController.class.php 第 13 行.
NOTIC: [8] Undefined index: HTTP_X_REAL_IP /home/wwwroot/pay/domain/hzf.xiaohouzhi.com/web/App/Common/Common/function.php 第 3505 行.

[ 2019-10-13T15:40:54+08:00 ] 111.0.74.16 /Api/result/out_trade_no/191013322265644871886
INFO: [ app_init ] --START--
INFO: Run Behavior\BuildLiteBehavior [ RunTime:0.000023s ]
INFO: [ app_init ] --END-- [ RunTime:0.000266s ]
INFO: [ app_begin ] --START--
INFO: Run Behavior\ReadHtmlCacheBehavior [ RunTime:0.000288s ]
INFO: [ app_begin ] --END-- [ RunTime:0.000329s ]
NOTIC: [8] Undefined index: HTTP_RAW_POST_DATA /home/wwwroot/pay/domain/hzf.xiaohouzhi.com/web/App/Pays/Controller/NotifyController.class.php 第 14 行.
NOTIC: [8] Undefined index: r1_merchantNo /home/wwwroot/pay/domain/hzf.xiaohouzhi.com/web/App/Pays/Controller/NotifyController.class.php 第 16 行.
NOTIC: [8] Undefined index: HTTP_RAW_POST_DATA /home/wwwroot/pay/domain/hzf.xiaohouzhi.com/web/App/Pays/Controller/NotifyController.class.php 第 14 行.
NOTIC: [8] Undefined index: r1_merchantNo /home/wwwroot/pay/domain/hzf.xiaohouzhi.com/web/App/Pays/Controller/NotifyController.class.php 第 16 行.
INFO: [ view_parse ] --START--
INFO: [ template_filter ] --START--
INFO: Run Behavior\ContentReplaceBehavior [ RunTime:0.000055s ]
INFO: [ template_filter ] --END-- [ RunTime:0.000109s ]
INFO: Run Behavior\ParseTemplateBehavior [ RunTime:0.009058s ]
INFO: [ view_parse ] --END-- [ RunTime:0.009103s ]
INFO: [ view_filter ] --START--
INFO: Run Behavior\WriteHtmlCacheBehavior [ RunTime:0.000130s ]
INFO: Run Behavior\TokenBuildBehavior [ RunTime:0.000223s ]
INFO: [ view_filter ] --END-- [ RunTime:0.000401s ]
INFO: [ app_end ] --START--
INFO: Run Behavior\ShowPageTraceBehavior [ RunTime:0.000378s ]
INFO: [ app_end ] --END-- [ RunTime:0.000410s ]

[ 2019-10-13T15:40:54+08:00 ] 140.207.54.73 /Pays/PWxPay/notifyUrl
INFO: [ app_init ] --START--
INFO: Run Behavior\BuildLiteBehavior [ RunTime:0.000012s ]
INFO: [ app_init ] --END-- [ RunTime:0.000224s ]
INFO: [ app_begin ] --START--
INFO: Run Behavior\ReadHtmlCacheBehavior [ RunTime:0.000316s ]
INFO: [ app_begin ] --END-- [ RunTime:0.000348s ]
NOTIC: [8] Undefined index: r1_merchantNo /home/wwwroot/pay/domain/hzf.xiaohouzhi.com/web/App/Pays/Controller/NotifyController.class.php 第 16 行.
NOTIC: [8] Undefined index:  /home/wwwroot/pay/domain/hzf.xiaohouzhi.com/web/App/Common/Common/function.php 第 881 行.
NOTIC: [8] Undefined index:  /home/wwwroot/pay/domain/hzf.xiaohouzhi.com/web/App/Common/Common/function.php 第 881 行.
NOTIC: [8] Undefined variable: remark /home/wwwroot/pay/domain/hzf.xiaohouzhi.com/web/App/Tasks/Controller/SendTemplateController.class.php 第 597 行.

[ 2019-10-13T17:47:08+08:00 ] 171.115.22.91 /api/login
INFO: [ app_init ] --START--
INFO: Run Behavior\BuildLiteBehavior [ RunTime:0.000037s ]
INFO: [ app_init ] --END-- [ RunTime:0.000328s ]
INFO: [ app_begin ] --START--
INFO: Run Behavior\ReadHtmlCacheBehavior [ RunTime:0.000322s ]
INFO: [ app_begin ] --END-- [ RunTime:0.000361s ]

[ 2019-10-13T17:47:10+08:00 ] 171.115.22.91 /api/face
INFO: [ app_init ] --START--
INFO: Run Behavior\BuildLiteBehavior [ RunTime:0.000010s ]
INFO: [ app_init ] --END-- [ RunTime:0.000228s ]
INFO: [ app_begin ] --START--
INFO: Run Behavior\ReadHtmlCacheBehavior [ RunTime:0.000291s ]
INFO: [ app_begin ] --END-- [ RunTime:0.000331s ]
NOTIC: [8] Undefined index: test /home/wwwroot/pay/domain/hzf.xiaohouzhi.com/web/App/Pays/Controller/FaceApiController.class.php 第 40 行.
NOTIC: [8] Undefined index: service /home/wwwroot/pay/domain/hzf.xiaohouzhi.com/web/App/Pays/Controller/FaceMchController.class.php 第 150 行.
NOTIC: [8] Undefined index: service /home/wwwroot/pay/domain/hzf.xiaohouzhi.com/web/App/Pays/Controller/FaceMchController.class.php 第 151 行.

[ 2019-10-13T17:47:11+08:00 ] 171.115.22.91 /api/face
INFO: [ app_init ] --START--
INFO: Run Behavior\BuildLiteBehavior [ RunTime:0.000017s ]
INFO: [ app_init ] --END-- [ RunTime:0.000267s ]
INFO: [ app_begin ] --START--
INFO: Run Behavior\ReadHtmlCacheBehavior [ RunTime:0.000304s ]
INFO: [ app_begin ] --END-- [ RunTime:0.000340s ]
NOTIC: [8] Undefined index: test /home/wwwroot/pay/domain/hzf.xiaohouzhi.com/web/App/Pays/Controller/FaceApiController.class.php 第 40 行.

[ 2019-10-13T17:47:54+08:00 ] 110.75.248.35 /Pays/FaceAuto/aliNotify
INFO: [ app_init ] --START--
INFO: Run Behavior\BuildLiteBehavior [ RunTime:0.000021s ]
INFO: [ app_init ] --END-- [ RunTime:0.000276s ]
INFO: [ app_begin ] --START--
INFO: Run Behavior\ReadHtmlCacheBehavior [ RunTime:0.000303s ]
INFO: [ app_begin ] --END-- [ RunTime:0.000344s ]
NOTIC: [8] Undefined index: HTTP_RAW_POST_DATA /home/wwwroot/pay/domain/hzf.xiaohouzhi.com/web/App/Pays/Controller/NotifyController.class.php 第 14 行.
NOTIC: [8] Undefined index: r1_merchantNo /home/wwwroot/pay/domain/hzf.xiaohouzhi.com/web/App/Pays/Controller/NotifyController.class.php 第 16 行.

[ 2019-10-13T17:47:54+08:00 ] 171.115.22.91 /api/face
INFO: [ app_init ] --START--
INFO: Run Behavior\BuildLiteBehavior [ RunTime:0.000014s ]
INFO: [ app_init ] --END-- [ RunTime:0.000264s ]
INFO: [ app_begin ] --START--
INFO: Run Behavior\ReadHtmlCacheBehavior [ RunTime:0.000404s ]
INFO: [ app_begin ] --END-- [ RunTime:0.000455s ]
NOTIC: [8] Undefined index: test /home/wwwroot/pay/domain/hzf.xiaohouzhi.com/web/App/Pays/Controller/FaceApiController.class.php 第 40 行.
NOTIC: [8] Undefined index: remark /home/wwwroot/pay/domain/hzf.xiaohouzhi.com/web/App/Pays/Controller/FaceAutoController.class.php 第 585 行.
NOTIC: [8] Undefined index: remark /home/wwwroot/pay/domain/hzf.xiaohouzhi.com/web/App/Pays/Controller/FaceAutoController.class.php 第 604 行.
NOTIC: [8] Undefined index: HTTP_X_REAL_IP /home/wwwroot/pay/domain/hzf.xiaohouzhi.com/web/App/Common/Common/function.php 第 3906 行.
NOTIC: [2] simplexml_load_string(): Entity: line 1: parser error : Start tag expected, '<' not found /home/wwwroot/pay/domain/hzf.xiaohouzhi.com/web/App/Pays/Controller/NotifyController.class.php 第 1074 行.
NOTIC: [2] simplexml_load_string(): {"appid":"2599925559","method":"auto_pay","sign":"2A88771BDEFA179A0B44C4FBCCE028 /home/wwwroot/pay/domain/hzf.xiaohouzhi.com/web/App/Pays/Controller/NotifyController.class.php 第 1074 行.
NOTIC: [2] simplexml_load_string(): ^ /home/wwwroot/pay/domain/hzf.xiaohouzhi.com/web/App/Pays/Controller/NotifyController.class.php 第 1074 行.
NOTIC: [8] Undefined index: r1_merchantNo /home/wwwroot/pay/domain/hzf.xiaohouzhi.com/web/App/Pays/Controller/NotifyController.class.php 第 16 行.
NOTIC: [8] Undefined index:  /home/wwwroot/pay/domain/hzf.xiaohouzhi.com/web/App/Common/Common/function.php 第 1265 行.
NOTIC: [8] Undefined variable: remark /home/wwwroot/pay/domain/hzf.xiaohouzhi.com/web/App/Tasks/Controller/SendTemplateController.class.php 第 619 行.

[ 2019-10-13T18:56:32+08:00 ] 171.115.22.91 /api/face
INFO: [ app_init ] --START--
INFO: Run Behavior\BuildLiteBehavior [ RunTime:0.000022s ]
INFO: [ app_init ] --END-- [ RunTime:0.000280s ]
INFO: [ app_begin ] --START--
INFO: Run Behavior\ReadHtmlCacheBehavior [ RunTime:0.000315s ]
INFO: [ app_begin ] --END-- [ RunTime:0.000353s ]
NOTIC: [8] Undefined index: test /home/wwwroot/pay/domain/hzf.xiaohouzhi.com/web/App/Pays/Controller/FaceApiController.class.php 第 40 行.
NOTIC: [8] Undefined index: remark /home/wwwroot/pay/domain/hzf.xiaohouzhi.com/web/App/Pays/Controller/FaceAutoController.class.php 第 585 行.
NOTIC: [8] Undefined index: remark /home/wwwroot/pay/domain/hzf.xiaohouzhi.com/web/App/Pays/Controller/FaceAutoController.class.php 第 604 行.
NOTIC: [8] Undefined index: HTTP_X_REAL_IP /home/wwwroot/pay/domain/hzf.xiaohouzhi.com/web/App/Common/Common/function.php 第 3906 行.
NOTIC: [2] simplexml_load_string(): Entity: line 1: parser error : Start tag expected, '<' not found /home/wwwroot/pay/domain/hzf.xiaohouzhi.com/web/App/Pays/Controller/NotifyController.class.php 第 1074 行.
NOTIC: [2] simplexml_load_string(): {"appid":"2599925559","method":"auto_pay","sign":"6882A18C3F46608FE0D645B7ECACD1 /home/wwwroot/pay/domain/hzf.xiaohouzhi.com/web/App/Pays/Controller/NotifyController.class.php 第 1074 行.
NOTIC: [2] simplexml_load_string(): ^ /home/wwwroot/pay/domain/hzf.xiaohouzhi.com/web/App/Pays/Controller/NotifyController.class.php 第 1074 行.
NOTIC: [8] Undefined index: r1_merchantNo /home/wwwroot/pay/domain/hzf.xiaohouzhi.com/web/App/Pays/Controller/NotifyController.class.php 第 16 行.
NOTIC: [8] Undefined index:  /home/wwwroot/pay/domain/hzf.xiaohouzhi.com/web/App/Common/Common/function.php 第 1265 行.
NOTIC: [8] Undefined variable: remark /home/wwwroot/pay/domain/hzf.xiaohouzhi.com/web/App/Tasks/Controller/SendTemplateController.class.php 第 619 行.

[ 2019-10-13T18:56:32+08:00 ] 203.209.235.77 /Pays/FaceAuto/aliNotify
INFO: [ app_init ] --START--
INFO: Run Behavior\BuildLiteBehavior [ RunTime:0.000018s ]
INFO: [ app_init ] --END-- [ RunTime:0.000331s ]
INFO: [ app_begin ] --START--
INFO: Run Behavior\ReadHtmlCacheBehavior [ RunTime:0.000387s ]
INFO: [ app_begin ] --END-- [ RunTime:0.000433s ]
NOTIC: [8] Undefined index: HTTP_RAW_POST_DATA /home/wwwroot/pay/domain/hzf.xiaohouzhi.com/web/App/Pays/Controller/NotifyController.class.php 第 14 行.
NOTIC: [8] Undefined index: r1_merchantNo /home/wwwroot/pay/domain/hzf.xiaohouzhi.com/web/App/Pays/Controller/NotifyController.class.php 第 16 行.

[ 2019-10-13T19:21:28+08:00 ] 171.115.22.91 /api/face
INFO: [ app_init ] --START--
INFO: Run Behavior\BuildLiteBehavior [ RunTime:0.000012s ]
INFO: [ app_init ] --END-- [ RunTime:0.000245s ]
INFO: [ app_begin ] --START--
INFO: Run Behavior\ReadHtmlCacheBehavior [ RunTime:0.000304s ]
INFO: [ app_begin ] --END-- [ RunTime:0.000335s ]
NOTIC: [8] Undefined index: test /home/wwwroot/pay/domain/hzf.xiaohouzhi.com/web/App/Pays/Controller/FaceApiController.class.php 第 40 行.
NOTIC: [8] Undefined index: remark /home/wwwroot/pay/domain/hzf.xiaohouzhi.com/web/App/Pays/Controller/FaceAutoController.class.php 第 585 行.
NOTIC: [8] Undefined index: remark /home/wwwroot/pay/domain/hzf.xiaohouzhi.com/web/App/Pays/Controller/FaceAutoController.class.php 第 604 行.
NOTIC: [8] Undefined index: HTTP_X_REAL_IP /home/wwwroot/pay/domain/hzf.xiaohouzhi.com/web/App/Common/Common/function.php 第 3906 行.
NOTIC: [2] simplexml_load_string(): Entity: line 1: parser error : Start tag expected, '<' not found /home/wwwroot/pay/domain/hzf.xiaohouzhi.com/web/App/Pays/Controller/NotifyController.class.php 第 1074 行.
NOTIC: [2] simplexml_load_string(): {"appid":"2599925559","method":"auto_pay","sign":"305ED5335FF80655935918C31C9AC1 /home/wwwroot/pay/domain/hzf.xiaohouzhi.com/web/App/Pays/Controller/NotifyController.class.php 第 1074 行.
NOTIC: [2] simplexml_load_string(): ^ /home/wwwroot/pay/domain/hzf.xiaohouzhi.com/web/App/Pays/Controller/NotifyController.class.php 第 1074 行.
NOTIC: [8] Undefined index: r1_merchantNo /home/wwwroot/pay/domain/hzf.xiaohouzhi.com/web/App/Pays/Controller/NotifyController.class.php 第 16 行.
NOTIC: [8] Undefined index:  /home/wwwroot/pay/domain/hzf.xiaohouzhi.com/web/App/Common/Common/function.php 第 1265 行.
NOTIC: [8] Undefined variable: remark /home/wwwroot/pay/domain/hzf.xiaohouzhi.com/web/App/Tasks/Controller/SendTemplateController.class.php 第 619 行.

[ 2019-10-13T19:21:28+08:00 ] 203.209.235.59 /Pays/FaceAuto/aliNotify
INFO: [ app_init ] --START--
INFO: Run Behavior\BuildLiteBehavior [ RunTime:0.000015s ]
INFO: [ app_init ] --END-- [ RunTime:0.000263s ]
INFO: [ app_begin ] --START--
INFO: Run Behavior\ReadHtmlCacheBehavior [ RunTime:0.000380s ]
INFO: [ app_begin ] --END-- [ RunTime:0.000420s ]
NOTIC: [8] Undefined index: HTTP_RAW_POST_DATA /home/wwwroot/pay/domain/hzf.xiaohouzhi.com/web/App/Pays/Controller/NotifyController.class.php 第 14 行.
NOTIC: [8] Undefined index: r1_merchantNo /home/wwwroot/pay/domain/hzf.xiaohouzhi.com/web/App/Pays/Controller/NotifyController.class.php 第 16 行.

