[ 2019-09-30T17:28:08+08:00 ] 223.88.35.119 /System?t=chinaPay
INFO: [ app_init ] --START--
INFO: Run Behavior\BuildLiteBehavior [ RunTime:0.000012s ]
INFO: [ app_init ] --END-- [ RunTime:0.000277s ]
INFO: [ app_begin ] --START--
INFO: Run Behavior\ReadHtmlCacheBehavior [ RunTime:0.000365s ]
INFO: [ app_begin ] --END-- [ RunTime:0.000409s ]
NOTIC: [8] Undefined index: system /home/wwwroot/pay/domain/hzf.xiaohouzhi.com/web/App/Common/Controller/SystemBaseController.class.php 第 61 行.
NOTIC: [8] Undefined index: system /home/wwwroot/pay/domain/hzf.xiaohouzhi.com/web/App/Common/Controller/SystemBaseController.class.php 第 61 行.
NOTIC: [8] Undefined index: system /home/wwwroot/pay/domain/hzf.xiaohouzhi.com/web/App/Common/Controller/SystemBaseController.class.php 第 61 行.
NOTIC: [8] Undefined index: system /home/wwwroot/pay/domain/hzf.xiaohouzhi.com/web/App/Common/Controller/SystemBaseController.class.php 第 61 行.
NOTIC: [8] Undefined index: system /home/wwwroot/pay/domain/hzf.xiaohouzhi.com/web/App/Common/Controller/SystemBaseController.class.php 第 61 行.
NOTIC: [8] Undefined index: system /home/wwwroot/pay/domain/hzf.xiaohouzhi.com/web/App/Common/Controller/SystemBaseController.class.php 第 61 行.
NOTIC: [8] Undefined index: system /home/wwwroot/pay/domain/hzf.xiaohouzhi.com/web/App/Common/Controller/SystemBaseController.class.php 第 61 行.
NOTIC: [8] Undefined index: system /home/wwwroot/pay/domain/hzf.xiaohouzhi.com/web/App/Common/Controller/SystemBaseController.class.php 第 61 行.
INFO: [ view_parse ] --START--
INFO: [ template_filter ] --START--
INFO: Run Behavior\ContentReplaceBehavior [ RunTime:0.000061s ]
INFO: [ template_filter ] --END-- [ RunTime:0.000121s ]
INFO: Run Behavior\ParseTemplateBehavior [ RunTime:0.023311s ]
INFO: [ view_parse ] --END-- [ RunTime:0.023362s ]
INFO: [ view_filter ] --START--
INFO: Run Behavior\WriteHtmlCacheBehavior [ RunTime:0.000135s ]
INFO: Run Behavior\TokenBuildBehavior [ RunTime:0.000236s ]
INFO: [ view_filter ] --END-- [ RunTime:0.000436s ]
INFO: [ app_end ] --START--
INFO: Run Behavior\ShowPageTraceBehavior [ RunTime:0.000426s ]
INFO: [ app_end ] --END-- [ RunTime:0.000457s ]

[ 2019-09-30T17:28:08+08:00 ] 223.88.35.119 /manage/Login/load_verify
INFO: [ app_init ] --START--
INFO: Run Behavior\BuildLiteBehavior [ RunTime:0.000012s ]
INFO: [ app_init ] --END-- [ RunTime:0.000266s ]
INFO: [ app_begin ] --START--
INFO: Run Behavior\ReadHtmlCacheBehavior [ RunTime:0.000287s ]
INFO: [ app_begin ] --END-- [ RunTime:0.000323s ]
NOTIC: [8] Undefined index: system /home/wwwroot/pay/domain/hzf.xiaohouzhi.com/web/App/Common/Controller/SystemBaseController.class.php 第 61 行.
NOTIC: [8] Undefined index: system /home/wwwroot/pay/domain/hzf.xiaohouzhi.com/web/App/Common/Controller/SystemBaseController.class.php 第 61 行.
NOTIC: [8] Undefined index: system /home/wwwroot/pay/domain/hzf.xiaohouzhi.com/web/App/Common/Controller/SystemBaseController.class.php 第 61 行.
NOTIC: [8] Undefined index: system /home/wwwroot/pay/domain/hzf.xiaohouzhi.com/web/App/Common/Controller/SystemBaseController.class.php 第 61 行.
NOTIC: [8] Undefined index: system /home/wwwroot/pay/domain/hzf.xiaohouzhi.com/web/App/Common/Controller/SystemBaseController.class.php 第 61 行.
NOTIC: [8] Undefined index: system /home/wwwroot/pay/domain/hzf.xiaohouzhi.com/web/App/Common/Controller/SystemBaseController.class.php 第 61 行.
NOTIC: [8] Undefined index: system /home/wwwroot/pay/domain/hzf.xiaohouzhi.com/web/App/Common/Controller/SystemBaseController.class.php 第 61 行.
NOTIC: [8] Undefined index: system /home/wwwroot/pay/domain/hzf.xiaohouzhi.com/web/App/Common/Controller/SystemBaseController.class.php 第 61 行.
NOTIC: [8] Use of undefined constant FA - assumed 'FA' /home/wwwroot/pay/domain/hzf.xiaohouzhi.com/web/App/System/Controller/LoginController.class.php 第 74 行.
INFO: [ app_end ] --START--
INFO: Run Behavior\ShowPageTraceBehavior [ RunTime:0.000507s ]
INFO: [ app_end ] --END-- [ RunTime:0.000566s ]

[ 2019-09-30T17:28:18+08:00 ] 223.88.35.119 /System?t=chinaPay
INFO: [ app_init ] --START--
INFO: Run Behavior\BuildLiteBehavior [ RunTime:0.000015s ]
INFO: [ app_init ] --END-- [ RunTime:0.000271s ]
INFO: [ app_begin ] --START--
INFO: Run Behavior\ReadHtmlCacheBehavior [ RunTime:0.000338s ]
INFO: [ app_begin ] --END-- [ RunTime:0.000377s ]
NOTIC: [8] Undefined index: system /home/wwwroot/pay/domain/hzf.xiaohouzhi.com/web/App/Common/Controller/SystemBaseController.class.php 第 61 行.
NOTIC: [8] Undefined index: system /home/wwwroot/pay/domain/hzf.xiaohouzhi.com/web/App/Common/Controller/SystemBaseController.class.php 第 61 行.
NOTIC: [8] Undefined index: system /home/wwwroot/pay/domain/hzf.xiaohouzhi.com/web/App/Common/Controller/SystemBaseController.class.php 第 61 行.
NOTIC: [8] Undefined index: system /home/wwwroot/pay/domain/hzf.xiaohouzhi.com/web/App/Common/Controller/SystemBaseController.class.php 第 61 行.
NOTIC: [8] Undefined index: system /home/wwwroot/pay/domain/hzf.xiaohouzhi.com/web/App/Common/Controller/SystemBaseController.class.php 第 61 行.
NOTIC: [8] Undefined index: system /home/wwwroot/pay/domain/hzf.xiaohouzhi.com/web/App/Common/Controller/SystemBaseController.class.php 第 61 行.
NOTIC: [8] Undefined index: system /home/wwwroot/pay/domain/hzf.xiaohouzhi.com/web/App/Common/Controller/SystemBaseController.class.php 第 61 行.
NOTIC: [8] Undefined index: system /home/wwwroot/pay/domain/hzf.xiaohouzhi.com/web/App/Common/Controller/SystemBaseController.class.php 第 61 行.

[ 2019-09-30T17:28:22+08:00 ] 223.88.35.119 /manage/Index/index
INFO: [ app_init ] --START--
INFO: Run Behavior\BuildLiteBehavior [ RunTime:0.000019s ]
INFO: [ app_init ] --END-- [ RunTime:0.000350s ]
INFO: [ app_begin ] --START--
INFO: Run Behavior\ReadHtmlCacheBehavior [ RunTime:0.000469s ]
INFO: [ app_begin ] --END-- [ RunTime:0.000558s ]
INFO: [ view_parse ] --START--
INFO: [ template_filter ] --START--
INFO: Run Behavior\ContentReplaceBehavior [ RunTime:0.000139s ]
INFO: [ template_filter ] --END-- [ RunTime:0.000191s ]
NOTIC: [2] Illegal string offset '_data' /home/wwwroot/pay/domain/hzf.xiaohouzhi.com/web/App/Runtime/Cache/System/f78edd0f26ea20fdaa80e27a451df494.php 第 152 行.
NOTIC: [2] Illegal string offset '_data' /home/wwwroot/pay/domain/hzf.xiaohouzhi.com/web/App/Runtime/Cache/System/f78edd0f26ea20fdaa80e27a451df494.php 第 152 行.
NOTIC: [8] Undefined offset: 1 /home/wwwroot/pay/domain/hzf.xiaohouzhi.com/web/App/Runtime/Cache/System/f78edd0f26ea20fdaa80e27a451df494.php 第 152 行.
NOTIC: [2] Illegal string offset '_data' /home/wwwroot/pay/domain/hzf.xiaohouzhi.com/web/App/Runtime/Cache/System/f78edd0f26ea20fdaa80e27a451df494.php 第 152 行.
NOTIC: [2] Illegal string offset '_data' /home/wwwroot/pay/domain/hzf.xiaohouzhi.com/web/App/Runtime/Cache/System/f78edd0f26ea20fdaa80e27a451df494.php 第 152 行.
NOTIC: [8] Undefined offset: 1 /home/wwwroot/pay/domain/hzf.xiaohouzhi.com/web/App/Runtime/Cache/System/f78edd0f26ea20fdaa80e27a451df494.php 第 152 行.
NOTIC: [2] Illegal string offset '_data' /home/wwwroot/pay/domain/hzf.xiaohouzhi.com/web/App/Runtime/Cache/System/f78edd0f26ea20fdaa80e27a451df494.php 第 152 行.
NOTIC: [2] Illegal string offset '_data' /home/wwwroot/pay/domain/hzf.xiaohouzhi.com/web/App/Runtime/Cache/System/f78edd0f26ea20fdaa80e27a451df494.php 第 152 行.
NOTIC: [8] Undefined offset: 1 /home/wwwroot/pay/domain/hzf.xiaohouzhi.com/web/App/Runtime/Cache/System/f78edd0f26ea20fdaa80e27a451df494.php 第 152 行.
NOTIC: [2] Illegal string offset '_data' /home/wwwroot/pay/domain/hzf.xiaohouzhi.com/web/App/Runtime/Cache/System/f78edd0f26ea20fdaa80e27a451df494.php 第 152 行.
NOTIC: [2] Illegal string offset '_data' /home/wwwroot/pay/domain/hzf.xiaohouzhi.com/web/App/Runtime/Cache/System/f78edd0f26ea20fdaa80e27a451df494.php 第 152 行.
NOTIC: [8] Undefined offset: 1 /home/wwwroot/pay/domain/hzf.xiaohouzhi.com/web/App/Runtime/Cache/System/f78edd0f26ea20fdaa80e27a451df494.php 第 152 行.
NOTIC: [2] Illegal string offset '_data' /home/wwwroot/pay/domain/hzf.xiaohouzhi.com/web/App/Runtime/Cache/System/f78edd0f26ea20fdaa80e27a451df494.php 第 152 行.
NOTIC: [2] Illegal string offset '_data' /home/wwwroot/pay/domain/hzf.xiaohouzhi.com/web/App/Runtime/Cache/System/f78edd0f26ea20fdaa80e27a451df494.php 第 152 行.
NOTIC: [8] Undefined offset: 1 /home/wwwroot/pay/domain/hzf.xiaohouzhi.com/web/App/Runtime/Cache/System/f78edd0f26ea20fdaa80e27a451df494.php 第 152 行.
NOTIC: [2] Illegal string offset '_data' /home/wwwroot/pay/domain/hzf.xiaohouzhi.com/web/App/Runtime/Cache/System/f78edd0f26ea20fdaa80e27a451df494.php 第 152 行.
NOTIC: [2] Illegal string offset '_data' /home/wwwroot/pay/domain/hzf.xiaohouzhi.com/web/App/Runtime/Cache/System/f78edd0f26ea20fdaa80e27a451df494.php 第 152 行.
NOTIC: [8] Undefined offset: 1 /home/wwwroot/pay/domain/hzf.xiaohouzhi.com/web/App/Runtime/Cache/System/f78edd0f26ea20fdaa80e27a451df494.php 第 152 行.
NOTIC: [2] Illegal string offset '_data' /home/wwwroot/pay/domain/hzf.xiaohouzhi.com/web/App/Runtime/Cache/System/f78edd0f26ea20fdaa80e27a451df494.php 第 152 行.
NOTIC: [2] Illegal string offset '_data' /home/wwwroot/pay/domain/hzf.xiaohouzhi.com/web/App/Runtime/Cache/System/f78edd0f26ea20fdaa80e27a451df494.php 第 152 行.
NOTIC: [8] Undefined offset: 1 /home/wwwroot/pay/domain/hzf.xiaohouzhi.com/web/App/Runtime/Cache/System/f78edd0f26ea20fdaa80e27a451df494.php 第 152 行.
NOTIC: [2] Illegal string offset '_data' /home/wwwroot/pay/domain/hzf.xiaohouzhi.com/web/App/Runtime/Cache/System/f78edd0f26ea20fdaa80e27a451df494.php 第 152 行.
NOTIC: [2] Illegal string offset '_data' /home/wwwroot/pay/domain/hzf.xiaohouzhi.com/web/App/Runtime/Cache/System/f78edd0f26ea20fdaa80e27a451df494.php 第 152 行.
NOTIC: [8] Undefined offset: 1 /home/wwwroot/pay/domain/hzf.xiaohouzhi.com/web/App/Runtime/Cache/System/f78edd0f26ea20fdaa80e27a451df494.php 第 152 行.
INFO: Run Behavior\ParseTemplateBehavior [ RunTime:0.044002s ]
INFO: [ view_parse ] --END-- [ RunTime:0.044057s ]
INFO: [ view_filter ] --START--
INFO: Run Behavior\WriteHtmlCacheBehavior [ RunTime:0.000138s ]
INFO: Run Behavior\TokenBuildBehavior [ RunTime:0.000396s ]
INFO: [ view_filter ] --END-- [ RunTime:0.000582s ]
INFO: [ app_end ] --START--
INFO: Run Behavior\ShowPageTraceBehavior [ RunTime:0.000322s ]
INFO: [ app_end ] --END-- [ RunTime:0.000352s ]

[ 2019-09-30T17:28:41+08:00 ] 223.88.35.119 /manage/Extend/brand
INFO: [ app_init ] --START--
INFO: Run Behavior\BuildLiteBehavior [ RunTime:0.000012s ]
INFO: [ app_init ] --END-- [ RunTime:0.000257s ]
INFO: [ app_begin ] --START--
INFO: Run Behavior\ReadHtmlCacheBehavior [ RunTime:0.000291s ]
INFO: [ app_begin ] --END-- [ RunTime:0.000328s ]
NOTIC: [8] Undefined variable: map /home/wwwroot/pay/domain/hzf.xiaohouzhi.com/web/App/System/Controller/ExtendController.class.php 第 111 行.
NOTIC: [8] Undefined variable: map /home/wwwroot/pay/domain/hzf.xiaohouzhi.com/web/App/System/Controller/ExtendController.class.php 第 114 行.
INFO: [ view_parse ] --START--
NOTIC: [8] Undefined offset: 1 /home/wwwroot/pay/domain/hzf.xiaohouzhi.com/web/ThinkPHP/Library/Think/Template.class.php 第 527 行.
INFO: [ template_filter ] --START--
INFO: Run Behavior\ContentReplaceBehavior [ RunTime:0.000192s ]
INFO: [ template_filter ] --END-- [ RunTime:0.000289s ]
NOTIC: [2] Illegal string offset '_data' /home/wwwroot/pay/domain/hzf.xiaohouzhi.com/web/App/Runtime/Cache/System/61c1f59a688b74834e6b8249fbac4563.php 第 152 行.
NOTIC: [2] Illegal string offset '_data' /home/wwwroot/pay/domain/hzf.xiaohouzhi.com/web/App/Runtime/Cache/System/61c1f59a688b74834e6b8249fbac4563.php 第 152 行.
NOTIC: [8] Undefined offset: 1 /home/wwwroot/pay/domain/hzf.xiaohouzhi.com/web/App/Runtime/Cache/System/61c1f59a688b74834e6b8249fbac4563.php 第 152 行.
NOTIC: [2] Illegal string offset '_data' /home/wwwroot/pay/domain/hzf.xiaohouzhi.com/web/App/Runtime/Cache/System/61c1f59a688b74834e6b8249fbac4563.php 第 152 行.
NOTIC: [2] Illegal string offset '_data' /home/wwwroot/pay/domain/hzf.xiaohouzhi.com/web/App/Runtime/Cache/System/61c1f59a688b74834e6b8249fbac4563.php 第 152 行.
NOTIC: [8] Undefined offset: 1 /home/wwwroot/pay/domain/hzf.xiaohouzhi.com/web/App/Runtime/Cache/System/61c1f59a688b74834e6b8249fbac4563.php 第 152 行.
NOTIC: [2] Illegal string offset '_data' /home/wwwroot/pay/domain/hzf.xiaohouzhi.com/web/App/Runtime/Cache/System/61c1f59a688b74834e6b8249fbac4563.php 第 152 行.
NOTIC: [2] Illegal string offset '_data' /home/wwwroot/pay/domain/hzf.xiaohouzhi.com/web/App/Runtime/Cache/System/61c1f59a688b74834e6b8249fbac4563.php 第 152 行.
NOTIC: [8] Undefined offset: 1 /home/wwwroot/pay/domain/hzf.xiaohouzhi.com/web/App/Runtime/Cache/System/61c1f59a688b74834e6b8249fbac4563.php 第 152 行.
NOTIC: [2] Illegal string offset '_data' /home/wwwroot/pay/domain/hzf.xiaohouzhi.com/web/App/Runtime/Cache/System/61c1f59a688b74834e6b8249fbac4563.php 第 152 行.
NOTIC: [2] Illegal string offset '_data' /home/wwwroot/pay/domain/hzf.xiaohouzhi.com/web/App/Runtime/Cache/System/61c1f59a688b74834e6b8249fbac4563.php 第 152 行.
NOTIC: [8] Undefined offset: 1 /home/wwwroot/pay/domain/hzf.xiaohouzhi.com/web/App/Runtime/Cache/System/61c1f59a688b74834e6b8249fbac4563.php 第 152 行.
NOTIC: [2] Illegal string offset '_data' /home/wwwroot/pay/domain/hzf.xiaohouzhi.com/web/App/Runtime/Cache/System/61c1f59a688b74834e6b8249fbac4563.php 第 152 行.
NOTIC: [2] Illegal string offset '_data' /home/wwwroot/pay/domain/hzf.xiaohouzhi.com/web/App/Runtime/Cache/System/61c1f59a688b74834e6b8249fbac4563.php 第 152 行.
NOTIC: [8] Undefined offset: 1 /home/wwwroot/pay/domain/hzf.xiaohouzhi.com/web/App/Runtime/Cache/System/61c1f59a688b74834e6b8249fbac4563.php 第 152 行.
NOTIC: [2] Illegal string offset '_data' /home/wwwroot/pay/domain/hzf.xiaohouzhi.com/web/App/Runtime/Cache/System/61c1f59a688b74834e6b8249fbac4563.php 第 152 行.
NOTIC: [2] Illegal string offset '_data' /home/wwwroot/pay/domain/hzf.xiaohouzhi.com/web/App/Runtime/Cache/System/61c1f59a688b74834e6b8249fbac4563.php 第 152 行.
NOTIC: [8] Undefined offset: 1 /home/wwwroot/pay/domain/hzf.xiaohouzhi.com/web/App/Runtime/Cache/System/61c1f59a688b74834e6b8249fbac4563.php 第 152 行.
NOTIC: [2] Illegal string offset '_data' /home/wwwroot/pay/domain/hzf.xiaohouzhi.com/web/App/Runtime/Cache/System/61c1f59a688b74834e6b8249fbac4563.php 第 152 行.
NOTIC: [2] Illegal string offset '_data' /home/wwwroot/pay/domain/hzf.xiaohouzhi.com/web/App/Runtime/Cache/System/61c1f59a688b74834e6b8249fbac4563.php 第 152 行.
NOTIC: [8] Undefined offset: 1 /home/wwwroot/pay/domain/hzf.xiaohouzhi.com/web/App/Runtime/Cache/System/61c1f59a688b74834e6b8249fbac4563.php 第 152 行.
NOTIC: [2] Illegal string offset '_data' /home/wwwroot/pay/domain/hzf.xiaohouzhi.com/web/App/Runtime/Cache/System/61c1f59a688b74834e6b8249fbac4563.php 第 152 行.
NOTIC: [2] Illegal string offset '_data' /home/wwwroot/pay/domain/hzf.xiaohouzhi.com/web/App/Runtime/Cache/System/61c1f59a688b74834e6b8249fbac4563.php 第 152 行.
NOTIC: [8] Undefined offset: 1 /home/wwwroot/pay/domain/hzf.xiaohouzhi.com/web/App/Runtime/Cache/System/61c1f59a688b74834e6b8249fbac4563.php 第 152 行.
INFO: Run Behavior\ParseTemplateBehavior [ RunTime:0.023080s ]
INFO: [ view_parse ] --END-- [ RunTime:0.023120s ]
INFO: [ view_filter ] --START--
INFO: Run Behavior\WriteHtmlCacheBehavior [ RunTime:0.000133s ]
INFO: Run Behavior\TokenBuildBehavior [ RunTime:0.000391s ]
INFO: [ view_filter ] --END-- [ RunTime:0.000569s ]
INFO: [ app_end ] --START--
INFO: Run Behavior\ShowPageTraceBehavior [ RunTime:0.000376s ]
INFO: [ app_end ] --END-- [ RunTime:0.000406s ]

[ 2019-09-30T17:28:45+08:00 ] 223.88.35.119 /manage/Alleys/lists
INFO: [ app_init ] --START--
INFO: Run Behavior\BuildLiteBehavior [ RunTime:0.000011s ]
INFO: [ app_init ] --END-- [ RunTime:0.000253s ]
INFO: [ app_begin ] --START--
INFO: Run Behavior\ReadHtmlCacheBehavior [ RunTime:0.000308s ]
INFO: [ app_begin ] --END-- [ RunTime:0.000345s ]
NOTIC: [8] Undefined variable: map /home/wwwroot/pay/domain/hzf.xiaohouzhi.com/web/App/System/Controller/AlleysController.class.php 第 34 行.
NOTIC: [8] Undefined variable: map /home/wwwroot/pay/domain/hzf.xiaohouzhi.com/web/App/System/Controller/AlleysController.class.php 第 37 行.
INFO: [ view_parse ] --START--
NOTIC: [8] Undefined offset: 1 /home/wwwroot/pay/domain/hzf.xiaohouzhi.com/web/ThinkPHP/Library/Think/Template.class.php 第 527 行.
INFO: [ template_filter ] --START--
INFO: Run Behavior\ContentReplaceBehavior [ RunTime:0.000087s ]
INFO: [ template_filter ] --END-- [ RunTime:0.000129s ]
NOTIC: [2] Illegal string offset '_data' /home/wwwroot/pay/domain/hzf.xiaohouzhi.com/web/App/Runtime/Cache/System/15c587cad424a6c7e0a0d2fdcaf1689c.php 第 152 行.
NOTIC: [2] Illegal string offset '_data' /home/wwwroot/pay/domain/hzf.xiaohouzhi.com/web/App/Runtime/Cache/System/15c587cad424a6c7e0a0d2fdcaf1689c.php 第 152 行.
NOTIC: [8] Undefined offset: 1 /home/wwwroot/pay/domain/hzf.xiaohouzhi.com/web/App/Runtime/Cache/System/15c587cad424a6c7e0a0d2fdcaf1689c.php 第 152 行.
NOTIC: [2] Illegal string offset '_data' /home/wwwroot/pay/domain/hzf.xiaohouzhi.com/web/App/Runtime/Cache/System/15c587cad424a6c7e0a0d2fdcaf1689c.php 第 152 行.
NOTIC: [2] Illegal string offset '_data' /home/wwwroot/pay/domain/hzf.xiaohouzhi.com/web/App/Runtime/Cache/System/15c587cad424a6c7e0a0d2fdcaf1689c.php 第 152 行.
NOTIC: [8] Undefined offset: 1 /home/wwwroot/pay/domain/hzf.xiaohouzhi.com/web/App/Runtime/Cache/System/15c587cad424a6c7e0a0d2fdcaf1689c.php 第 152 行.
NOTIC: [2] Illegal string offset '_data' /home/wwwroot/pay/domain/hzf.xiaohouzhi.com/web/App/Runtime/Cache/System/15c587cad424a6c7e0a0d2fdcaf1689c.php 第 152 行.
NOTIC: [2] Illegal string offset '_data' /home/wwwroot/pay/domain/hzf.xiaohouzhi.com/web/App/Runtime/Cache/System/15c587cad424a6c7e0a0d2fdcaf1689c.php 第 152 行.
NOTIC: [8] Undefined offset: 1 /home/wwwroot/pay/domain/hzf.xiaohouzhi.com/web/App/Runtime/Cache/System/15c587cad424a6c7e0a0d2fdcaf1689c.php 第 152 行.
NOTIC: [2] Illegal string offset '_data' /home/wwwroot/pay/domain/hzf.xiaohouzhi.com/web/App/Runtime/Cache/System/15c587cad424a6c7e0a0d2fdcaf1689c.php 第 152 行.
NOTIC: [2] Illegal string offset '_data' /home/wwwroot/pay/domain/hzf.xiaohouzhi.com/web/App/Runtime/Cache/System/15c587cad424a6c7e0a0d2fdcaf1689c.php 第 152 行.
NOTIC: [8] Undefined offset: 1 /home/wwwroot/pay/domain/hzf.xiaohouzhi.com/web/App/Runtime/Cache/System/15c587cad424a6c7e0a0d2fdcaf1689c.php 第 152 行.
NOTIC: [2] Illegal string offset '_data' /home/wwwroot/pay/domain/hzf.xiaohouzhi.com/web/App/Runtime/Cache/System/15c587cad424a6c7e0a0d2fdcaf1689c.php 第 152 行.
NOTIC: [2] Illegal string offset '_data' /home/wwwroot/pay/domain/hzf.xiaohouzhi.com/web/App/Runtime/Cache/System/15c587cad424a6c7e0a0d2fdcaf1689c.php 第 152 行.
NOTIC: [8] Undefined offset: 1 /home/wwwroot/pay/domain/hzf.xiaohouzhi.com/web/App/Runtime/Cache/System/15c587cad424a6c7e0a0d2fdcaf1689c.php 第 152 行.
NOTIC: [2] Illegal string offset '_data' /home/wwwroot/pay/domain/hzf.xiaohouzhi.com/web/App/Runtime/Cache/System/15c587cad424a6c7e0a0d2fdcaf1689c.php 第 152 行.
NOTIC: [2] Illegal string offset '_data' /home/wwwroot/pay/domain/hzf.xiaohouzhi.com/web/App/Runtime/Cache/System/15c587cad424a6c7e0a0d2fdcaf1689c.php 第 152 行.
NOTIC: [8] Undefined offset: 1 /home/wwwroot/pay/domain/hzf.xiaohouzhi.com/web/App/Runtime/Cache/System/15c587cad424a6c7e0a0d2fdcaf1689c.php 第 152 行.
NOTIC: [2] Illegal string offset '_data' /home/wwwroot/pay/domain/hzf.xiaohouzhi.com/web/App/Runtime/Cache/System/15c587cad424a6c7e0a0d2fdcaf1689c.php 第 152 行.
NOTIC: [2] Illegal string offset '_data' /home/wwwroot/pay/domain/hzf.xiaohouzhi.com/web/App/Runtime/Cache/System/15c587cad424a6c7e0a0d2fdcaf1689c.php 第 152 行.
NOTIC: [8] Undefined offset: 1 /home/wwwroot/pay/domain/hzf.xiaohouzhi.com/web/App/Runtime/Cache/System/15c587cad424a6c7e0a0d2fdcaf1689c.php 第 152 行.
NOTIC: [2] Illegal string offset '_data' /home/wwwroot/pay/domain/hzf.xiaohouzhi.com/web/App/Runtime/Cache/System/15c587cad424a6c7e0a0d2fdcaf1689c.php 第 152 行.
NOTIC: [2] Illegal string offset '_data' /home/wwwroot/pay/domain/hzf.xiaohouzhi.com/web/App/Runtime/Cache/System/15c587cad424a6c7e0a0d2fdcaf1689c.php 第 152 行.
NOTIC: [8] Undefined offset: 1 /home/wwwroot/pay/domain/hzf.xiaohouzhi.com/web/App/Runtime/Cache/System/15c587cad424a6c7e0a0d2fdcaf1689c.php 第 152 行.
INFO: Run Behavior\ParseTemplateBehavior [ RunTime:0.016832s ]
INFO: [ view_parse ] --END-- [ RunTime:0.016873s ]
INFO: [ view_filter ] --START--
INFO: Run Behavior\WriteHtmlCacheBehavior [ RunTime:0.000149s ]
INFO: Run Behavior\TokenBuildBehavior [ RunTime:0.000407s ]
INFO: [ view_filter ] --END-- [ RunTime:0.000612s ]
INFO: [ app_end ] --START--
INFO: Run Behavior\ShowPageTraceBehavior [ RunTime:0.000349s ]
INFO: [ app_end ] --END-- [ RunTime:0.000377s ]

[ 2019-09-30T17:28:46+08:00 ] 223.88.35.119 /manage/Alleys/adds
INFO: [ app_init ] --START--
INFO: Run Behavior\BuildLiteBehavior [ RunTime:0.000013s ]
INFO: [ app_init ] --END-- [ RunTime:0.000266s ]
INFO: [ app_begin ] --START--
INFO: Run Behavior\ReadHtmlCacheBehavior [ RunTime:0.000277s ]
INFO: [ app_begin ] --END-- [ RunTime:0.000310s ]
INFO: [ view_parse ] --START--
INFO: [ template_filter ] --START--
INFO: Run Behavior\ContentReplaceBehavior [ RunTime:0.000102s ]
INFO: [ template_filter ] --END-- [ RunTime:0.000165s ]
NOTIC: [2] Illegal string offset '_data' /home/wwwroot/pay/domain/hzf.xiaohouzhi.com/web/App/Runtime/Cache/System/f2ac11bc63fb76c409348436eb718212.php 第 152 行.
NOTIC: [2] Illegal string offset '_data' /home/wwwroot/pay/domain/hzf.xiaohouzhi.com/web/App/Runtime/Cache/System/f2ac11bc63fb76c409348436eb718212.php 第 152 行.
NOTIC: [8] Undefined offset: 1 /home/wwwroot/pay/domain/hzf.xiaohouzhi.com/web/App/Runtime/Cache/System/f2ac11bc63fb76c409348436eb718212.php 第 152 行.
NOTIC: [2] Illegal string offset '_data' /home/wwwroot/pay/domain/hzf.xiaohouzhi.com/web/App/Runtime/Cache/System/f2ac11bc63fb76c409348436eb718212.php 第 152 行.
NOTIC: [2] Illegal string offset '_data' /home/wwwroot/pay/domain/hzf.xiaohouzhi.com/web/App/Runtime/Cache/System/f2ac11bc63fb76c409348436eb718212.php 第 152 行.
NOTIC: [8] Undefined offset: 1 /home/wwwroot/pay/domain/hzf.xiaohouzhi.com/web/App/Runtime/Cache/System/f2ac11bc63fb76c409348436eb718212.php 第 152 行.
NOTIC: [2] Illegal string offset '_data' /home/wwwroot/pay/domain/hzf.xiaohouzhi.com/web/App/Runtime/Cache/System/f2ac11bc63fb76c409348436eb718212.php 第 152 行.
NOTIC: [2] Illegal string offset '_data' /home/wwwroot/pay/domain/hzf.xiaohouzhi.com/web/App/Runtime/Cache/System/f2ac11bc63fb76c409348436eb718212.php 第 152 行.
NOTIC: [8] Undefined offset: 1 /home/wwwroot/pay/domain/hzf.xiaohouzhi.com/web/App/Runtime/Cache/System/f2ac11bc63fb76c409348436eb718212.php 第 152 行.
NOTIC: [2] Illegal string offset '_data' /home/wwwroot/pay/domain/hzf.xiaohouzhi.com/web/App/Runtime/Cache/System/f2ac11bc63fb76c409348436eb718212.php 第 152 行.
NOTIC: [2] Illegal string offset '_data' /home/wwwroot/pay/domain/hzf.xiaohouzhi.com/web/App/Runtime/Cache/System/f2ac11bc63fb76c409348436eb718212.php 第 152 行.
NOTIC: [8] Undefined offset: 1 /home/wwwroot/pay/domain/hzf.xiaohouzhi.com/web/App/Runtime/Cache/System/f2ac11bc63fb76c409348436eb718212.php 第 152 行.
NOTIC: [2] Illegal string offset '_data' /home/wwwroot/pay/domain/hzf.xiaohouzhi.com/web/App/Runtime/Cache/System/f2ac11bc63fb76c409348436eb718212.php 第 152 行.
NOTIC: [2] Illegal string offset '_data' /home/wwwroot/pay/domain/hzf.xiaohouzhi.com/web/App/Runtime/Cache/System/f2ac11bc63fb76c409348436eb718212.php 第 152 行.
NOTIC: [8] Undefined offset: 1 /home/wwwroot/pay/domain/hzf.xiaohouzhi.com/web/App/Runtime/Cache/System/f2ac11bc63fb76c409348436eb718212.php 第 152 行.
NOTIC: [2] Illegal string offset '_data' /home/wwwroot/pay/domain/hzf.xiaohouzhi.com/web/App/Runtime/Cache/System/f2ac11bc63fb76c409348436eb718212.php 第 152 行.
NOTIC: [2] Illegal string offset '_data' /home/wwwroot/pay/domain/hzf.xiaohouzhi.com/web/App/Runtime/Cache/System/f2ac11bc63fb76c409348436eb718212.php 第 152 行.
NOTIC: [8] Undefined offset: 1 /home/wwwroot/pay/domain/hzf.xiaohouzhi.com/web/App/Runtime/Cache/System/f2ac11bc63fb76c409348436eb718212.php 第 152 行.
NOTIC: [2] Illegal string offset '_data' /home/wwwroot/pay/domain/hzf.xiaohouzhi.com/web/App/Runtime/Cache/System/f2ac11bc63fb76c409348436eb718212.php 第 152 行.
NOTIC: [2] Illegal string offset '_data' /home/wwwroot/pay/domain/hzf.xiaohouzhi.com/web/App/Runtime/Cache/System/f2ac11bc63fb76c409348436eb718212.php 第 152 行.
NOTIC: [8] Undefined offset: 1 /home/wwwroot/pay/domain/hzf.xiaohouzhi.com/web/App/Runtime/Cache/System/f2ac11bc63fb76c409348436eb718212.php 第 152 行.
NOTIC: [2] Illegal string offset '_data' /home/wwwroot/pay/domain/hzf.xiaohouzhi.com/web/App/Runtime/Cache/System/f2ac11bc63fb76c409348436eb718212.php 第 152 行.
NOTIC: [2] Illegal string offset '_data' /home/wwwroot/pay/domain/hzf.xiaohouzhi.com/web/App/Runtime/Cache/System/f2ac11bc63fb76c409348436eb718212.php 第 152 行.
NOTIC: [8] Undefined offset: 1 /home/wwwroot/pay/domain/hzf.xiaohouzhi.com/web/App/Runtime/Cache/System/f2ac11bc63fb76c409348436eb718212.php 第 152 行.
INFO: Run Behavior\ParseTemplateBehavior [ RunTime:0.017495s ]
INFO: [ view_parse ] --END-- [ RunTime:0.017541s ]
INFO: [ view_filter ] --START--
INFO: Run Behavior\WriteHtmlCacheBehavior [ RunTime:0.000136s ]
INFO: Run Behavior\TokenBuildBehavior [ RunTime:0.000425s ]
INFO: [ view_filter ] --END-- [ RunTime:0.000625s ]
INFO: [ app_end ] --START--
INFO: Run Behavior\ShowPageTraceBehavior [ RunTime:0.000325s ]
INFO: [ app_end ] --END-- [ RunTime:0.000353s ]

[ 2019-09-30T17:29:55+08:00 ] 223.88.35.119 /manage/Alleys/adds
INFO: [ app_init ] --START--
INFO: Run Behavior\BuildLiteBehavior [ RunTime:0.000013s ]
INFO: [ app_init ] --END-- [ RunTime:0.000296s ]
INFO: [ app_begin ] --START--
INFO: Run Behavior\ReadHtmlCacheBehavior [ RunTime:0.000317s ]
INFO: [ app_begin ] --END-- [ RunTime:0.000353s ]

[ 2019-09-30T17:29:58+08:00 ] 223.88.35.119 /manage/Alleys/lists
INFO: [ app_init ] --START--
INFO: Run Behavior\BuildLiteBehavior [ RunTime:0.000012s ]
INFO: [ app_init ] --END-- [ RunTime:0.000281s ]
INFO: [ app_begin ] --START--
INFO: Run Behavior\ReadHtmlCacheBehavior [ RunTime:0.000279s ]
INFO: [ app_begin ] --END-- [ RunTime:0.000328s ]
NOTIC: [8] Undefined variable: map /home/wwwroot/pay/domain/hzf.xiaohouzhi.com/web/App/System/Controller/AlleysController.class.php 第 34 行.
NOTIC: [8] Undefined variable: map /home/wwwroot/pay/domain/hzf.xiaohouzhi.com/web/App/System/Controller/AlleysController.class.php 第 37 行.
INFO: [ view_parse ] --START--
NOTIC: [8] Undefined offset: 1 /home/wwwroot/pay/domain/hzf.xiaohouzhi.com/web/ThinkPHP/Library/Think/Template.class.php 第 527 行.
INFO: [ template_filter ] --START--
INFO: Run Behavior\ContentReplaceBehavior [ RunTime:0.000118s ]
INFO: [ template_filter ] --END-- [ RunTime:0.000163s ]
NOTIC: [2] Illegal string offset '_data' /home/wwwroot/pay/domain/hzf.xiaohouzhi.com/web/App/Runtime/Cache/System/15c587cad424a6c7e0a0d2fdcaf1689c.php 第 152 行.
NOTIC: [2] Illegal string offset '_data' /home/wwwroot/pay/domain/hzf.xiaohouzhi.com/web/App/Runtime/Cache/System/15c587cad424a6c7e0a0d2fdcaf1689c.php 第 152 行.
NOTIC: [8] Undefined offset: 1 /home/wwwroot/pay/domain/hzf.xiaohouzhi.com/web/App/Runtime/Cache/System/15c587cad424a6c7e0a0d2fdcaf1689c.php 第 152 行.
NOTIC: [2] Illegal string offset '_data' /home/wwwroot/pay/domain/hzf.xiaohouzhi.com/web/App/Runtime/Cache/System/15c587cad424a6c7e0a0d2fdcaf1689c.php 第 152 行.
NOTIC: [2] Illegal string offset '_data' /home/wwwroot/pay/domain/hzf.xiaohouzhi.com/web/App/Runtime/Cache/System/15c587cad424a6c7e0a0d2fdcaf1689c.php 第 152 行.
NOTIC: [8] Undefined offset: 1 /home/wwwroot/pay/domain/hzf.xiaohouzhi.com/web/App/Runtime/Cache/System/15c587cad424a6c7e0a0d2fdcaf1689c.php 第 152 行.
NOTIC: [2] Illegal string offset '_data' /home/wwwroot/pay/domain/hzf.xiaohouzhi.com/web/App/Runtime/Cache/System/15c587cad424a6c7e0a0d2fdcaf1689c.php 第 152 行.
NOTIC: [2] Illegal string offset '_data' /home/wwwroot/pay/domain/hzf.xiaohouzhi.com/web/App/Runtime/Cache/System/15c587cad424a6c7e0a0d2fdcaf1689c.php 第 152 行.
NOTIC: [8] Undefined offset: 1 /home/wwwroot/pay/domain/hzf.xiaohouzhi.com/web/App/Runtime/Cache/System/15c587cad424a6c7e0a0d2fdcaf1689c.php 第 152 行.
NOTIC: [2] Illegal string offset '_data' /home/wwwroot/pay/domain/hzf.xiaohouzhi.com/web/App/Runtime/Cache/System/15c587cad424a6c7e0a0d2fdcaf1689c.php 第 152 行.
NOTIC: [2] Illegal string offset '_data' /home/wwwroot/pay/domain/hzf.xiaohouzhi.com/web/App/Runtime/Cache/System/15c587cad424a6c7e0a0d2fdcaf1689c.php 第 152 行.
NOTIC: [8] Undefined offset: 1 /home/wwwroot/pay/domain/hzf.xiaohouzhi.com/web/App/Runtime/Cache/System/15c587cad424a6c7e0a0d2fdcaf1689c.php 第 152 行.
NOTIC: [2] Illegal string offset '_data' /home/wwwroot/pay/domain/hzf.xiaohouzhi.com/web/App/Runtime/Cache/System/15c587cad424a6c7e0a0d2fdcaf1689c.php 第 152 行.
NOTIC: [2] Illegal string offset '_data' /home/wwwroot/pay/domain/hzf.xiaohouzhi.com/web/App/Runtime/Cache/System/15c587cad424a6c7e0a0d2fdcaf1689c.php 第 152 行.
NOTIC: [8] Undefined offset: 1 /home/wwwroot/pay/domain/hzf.xiaohouzhi.com/web/App/Runtime/Cache/System/15c587cad424a6c7e0a0d2fdcaf1689c.php 第 152 行.
NOTIC: [2] Illegal string offset '_data' /home/wwwroot/pay/domain/hzf.xiaohouzhi.com/web/App/Runtime/Cache/System/15c587cad424a6c7e0a0d2fdcaf1689c.php 第 152 行.
NOTIC: [2] Illegal string offset '_data' /home/wwwroot/pay/domain/hzf.xiaohouzhi.com/web/App/Runtime/Cache/System/15c587cad424a6c7e0a0d2fdcaf1689c.php 第 152 行.
NOTIC: [8] Undefined offset: 1 /home/wwwroot/pay/domain/hzf.xiaohouzhi.com/web/App/Runtime/Cache/System/15c587cad424a6c7e0a0d2fdcaf1689c.php 第 152 行.
NOTIC: [2] Illegal string offset '_data' /home/wwwroot/pay/domain/hzf.xiaohouzhi.com/web/App/Runtime/Cache/System/15c587cad424a6c7e0a0d2fdcaf1689c.php 第 152 行.
NOTIC: [2] Illegal string offset '_data' /home/wwwroot/pay/domain/hzf.xiaohouzhi.com/web/App/Runtime/Cache/System/15c587cad424a6c7e0a0d2fdcaf1689c.php 第 152 行.
NOTIC: [8] Undefined offset: 1 /home/wwwroot/pay/domain/hzf.xiaohouzhi.com/web/App/Runtime/Cache/System/15c587cad424a6c7e0a0d2fdcaf1689c.php 第 152 行.
NOTIC: [2] Illegal string offset '_data' /home/wwwroot/pay/domain/hzf.xiaohouzhi.com/web/App/Runtime/Cache/System/15c587cad424a6c7e0a0d2fdcaf1689c.php 第 152 行.
NOTIC: [2] Illegal string offset '_data' /home/wwwroot/pay/domain/hzf.xiaohouzhi.com/web/App/Runtime/Cache/System/15c587cad424a6c7e0a0d2fdcaf1689c.php 第 152 行.
NOTIC: [8] Undefined offset: 1 /home/wwwroot/pay/domain/hzf.xiaohouzhi.com/web/App/Runtime/Cache/System/15c587cad424a6c7e0a0d2fdcaf1689c.php 第 152 行.
INFO: Run Behavior\ParseTemplateBehavior [ RunTime:0.017143s ]
INFO: [ view_parse ] --END-- [ RunTime:0.017209s ]
INFO: [ view_filter ] --START--
INFO: Run Behavior\WriteHtmlCacheBehavior [ RunTime:0.000217s ]
INFO: Run Behavior\TokenBuildBehavior [ RunTime:0.000577s ]
INFO: [ view_filter ] --END-- [ RunTime:0.000855s ]
INFO: [ app_end ] --START--
INFO: Run Behavior\ShowPageTraceBehavior [ RunTime:0.000344s ]
INFO: [ app_end ] --END-- [ RunTime:0.000372s ]

[ 2019-09-30T17:30:33+08:00 ] 223.88.35.119 /manage/Extend/brand
INFO: [ app_init ] --START--
INFO: Run Behavior\BuildLiteBehavior [ RunTime:0.000012s ]
INFO: [ app_init ] --END-- [ RunTime:0.000264s ]
INFO: [ app_begin ] --START--
INFO: Run Behavior\ReadHtmlCacheBehavior [ RunTime:0.000515s ]
INFO: [ app_begin ] --END-- [ RunTime:0.000571s ]
NOTIC: [8] Undefined variable: map /home/wwwroot/pay/domain/hzf.xiaohouzhi.com/web/App/System/Controller/ExtendController.class.php 第 111 行.
NOTIC: [8] Undefined variable: map /home/wwwroot/pay/domain/hzf.xiaohouzhi.com/web/App/System/Controller/ExtendController.class.php 第 114 行.
INFO: [ view_parse ] --START--
NOTIC: [8] Undefined offset: 1 /home/wwwroot/pay/domain/hzf.xiaohouzhi.com/web/ThinkPHP/Library/Think/Template.class.php 第 527 行.
INFO: [ template_filter ] --START--
INFO: Run Behavior\ContentReplaceBehavior [ RunTime:0.000209s ]
INFO: [ template_filter ] --END-- [ RunTime:0.000274s ]
NOTIC: [2] Illegal string offset '_data' /home/wwwroot/pay/domain/hzf.xiaohouzhi.com/web/App/Runtime/Cache/System/61c1f59a688b74834e6b8249fbac4563.php 第 152 行.
NOTIC: [2] Illegal string offset '_data' /home/wwwroot/pay/domain/hzf.xiaohouzhi.com/web/App/Runtime/Cache/System/61c1f59a688b74834e6b8249fbac4563.php 第 152 行.
NOTIC: [8] Undefined offset: 1 /home/wwwroot/pay/domain/hzf.xiaohouzhi.com/web/App/Runtime/Cache/System/61c1f59a688b74834e6b8249fbac4563.php 第 152 行.
NOTIC: [2] Illegal string offset '_data' /home/wwwroot/pay/domain/hzf.xiaohouzhi.com/web/App/Runtime/Cache/System/61c1f59a688b74834e6b8249fbac4563.php 第 152 行.
NOTIC: [2] Illegal string offset '_data' /home/wwwroot/pay/domain/hzf.xiaohouzhi.com/web/App/Runtime/Cache/System/61c1f59a688b74834e6b8249fbac4563.php 第 152 行.
NOTIC: [8] Undefined offset: 1 /home/wwwroot/pay/domain/hzf.xiaohouzhi.com/web/App/Runtime/Cache/System/61c1f59a688b74834e6b8249fbac4563.php 第 152 行.
NOTIC: [2] Illegal string offset '_data' /home/wwwroot/pay/domain/hzf.xiaohouzhi.com/web/App/Runtime/Cache/System/61c1f59a688b74834e6b8249fbac4563.php 第 152 行.
NOTIC: [2] Illegal string offset '_data' /home/wwwroot/pay/domain/hzf.xiaohouzhi.com/web/App/Runtime/Cache/System/61c1f59a688b74834e6b8249fbac4563.php 第 152 行.
NOTIC: [8] Undefined offset: 1 /home/wwwroot/pay/domain/hzf.xiaohouzhi.com/web/App/Runtime/Cache/System/61c1f59a688b74834e6b8249fbac4563.php 第 152 行.
NOTIC: [2] Illegal string offset '_data' /home/wwwroot/pay/domain/hzf.xiaohouzhi.com/web/App/Runtime/Cache/System/61c1f59a688b74834e6b8249fbac4563.php 第 152 行.
NOTIC: [2] Illegal string offset '_data' /home/wwwroot/pay/domain/hzf.xiaohouzhi.com/web/App/Runtime/Cache/System/61c1f59a688b74834e6b8249fbac4563.php 第 152 行.
NOTIC: [8] Undefined offset: 1 /home/wwwroot/pay/domain/hzf.xiaohouzhi.com/web/App/Runtime/Cache/System/61c1f59a688b74834e6b8249fbac4563.php 第 152 行.
NOTIC: [2] Illegal string offset '_data' /home/wwwroot/pay/domain/hzf.xiaohouzhi.com/web/App/Runtime/Cache/System/61c1f59a688b74834e6b8249fbac4563.php 第 152 行.
NOTIC: [2] Illegal string offset '_data' /home/wwwroot/pay/domain/hzf.xiaohouzhi.com/web/App/Runtime/Cache/System/61c1f59a688b74834e6b8249fbac4563.php 第 152 行.
NOTIC: [8] Undefined offset: 1 /home/wwwroot/pay/domain/hzf.xiaohouzhi.com/web/App/Runtime/Cache/System/61c1f59a688b74834e6b8249fbac4563.php 第 152 行.
NOTIC: [2] Illegal string offset '_data' /home/wwwroot/pay/domain/hzf.xiaohouzhi.com/web/App/Runtime/Cache/System/61c1f59a688b74834e6b8249fbac4563.php 第 152 行.
NOTIC: [2] Illegal string offset '_data' /home/wwwroot/pay/domain/hzf.xiaohouzhi.com/web/App/Runtime/Cache/System/61c1f59a688b74834e6b8249fbac4563.php 第 152 行.
NOTIC: [8] Undefined offset: 1 /home/wwwroot/pay/domain/hzf.xiaohouzhi.com/web/App/Runtime/Cache/System/61c1f59a688b74834e6b8249fbac4563.php 第 152 行.
NOTIC: [2] Illegal string offset '_data' /home/wwwroot/pay/domain/hzf.xiaohouzhi.com/web/App/Runtime/Cache/System/61c1f59a688b74834e6b8249fbac4563.php 第 152 行.
NOTIC: [2] Illegal string offset '_data' /home/wwwroot/pay/domain/hzf.xiaohouzhi.com/web/App/Runtime/Cache/System/61c1f59a688b74834e6b8249fbac4563.php 第 152 行.
NOTIC: [8] Undefined offset: 1 /home/wwwroot/pay/domain/hzf.xiaohouzhi.com/web/App/Runtime/Cache/System/61c1f59a688b74834e6b8249fbac4563.php 第 152 行.
NOTIC: [2] Illegal string offset '_data' /home/wwwroot/pay/domain/hzf.xiaohouzhi.com/web/App/Runtime/Cache/System/61c1f59a688b74834e6b8249fbac4563.php 第 152 行.
NOTIC: [2] Illegal string offset '_data' /home/wwwroot/pay/domain/hzf.xiaohouzhi.com/web/App/Runtime/Cache/System/61c1f59a688b74834e6b8249fbac4563.php 第 152 行.
NOTIC: [8] Undefined offset: 1 /home/wwwroot/pay/domain/hzf.xiaohouzhi.com/web/App/Runtime/Cache/System/61c1f59a688b74834e6b8249fbac4563.php 第 152 行.
INFO: Run Behavior\ParseTemplateBehavior [ RunTime:0.024665s ]
INFO: [ view_parse ] --END-- [ RunTime:0.024712s ]
INFO: [ view_filter ] --START--
INFO: Run Behavior\WriteHtmlCacheBehavior [ RunTime:0.000176s ]
INFO: Run Behavior\TokenBuildBehavior [ RunTime:0.000506s ]
INFO: [ view_filter ] --END-- [ RunTime:0.000732s ]
INFO: [ app_end ] --START--
INFO: Run Behavior\ShowPageTraceBehavior [ RunTime:0.000336s ]
INFO: [ app_end ] --END-- [ RunTime:0.000364s ]

[ 2019-09-30T17:30:34+08:00 ] 223.88.35.119 /manage/Extend/api/id/1
INFO: [ app_init ] --START--
INFO: Run Behavior\BuildLiteBehavior [ RunTime:0.000012s ]
INFO: [ app_init ] --END-- [ RunTime:0.000243s ]
INFO: [ app_begin ] --START--
INFO: Run Behavior\ReadHtmlCacheBehavior [ RunTime:0.000396s ]
INFO: [ app_begin ] --END-- [ RunTime:0.000444s ]
INFO: [ view_parse ] --START--
NOTIC: [8] Undefined offset: 1 /home/wwwroot/pay/domain/hzf.xiaohouzhi.com/web/ThinkPHP/Library/Think/Template.class.php 第 527 行.
INFO: [ template_filter ] --START--
INFO: Run Behavior\ContentReplaceBehavior [ RunTime:0.000102s ]
INFO: [ template_filter ] --END-- [ RunTime:0.000148s ]
NOTIC: [2] Illegal string offset '_data' /home/wwwroot/pay/domain/hzf.xiaohouzhi.com/web/App/Runtime/Cache/System/abfab9dca25c02e55bf30f23b010808b.php 第 152 行.
NOTIC: [2] Illegal string offset '_data' /home/wwwroot/pay/domain/hzf.xiaohouzhi.com/web/App/Runtime/Cache/System/abfab9dca25c02e55bf30f23b010808b.php 第 152 行.
NOTIC: [8] Undefined offset: 1 /home/wwwroot/pay/domain/hzf.xiaohouzhi.com/web/App/Runtime/Cache/System/abfab9dca25c02e55bf30f23b010808b.php 第 152 行.
NOTIC: [2] Illegal string offset '_data' /home/wwwroot/pay/domain/hzf.xiaohouzhi.com/web/App/Runtime/Cache/System/abfab9dca25c02e55bf30f23b010808b.php 第 152 行.
NOTIC: [2] Illegal string offset '_data' /home/wwwroot/pay/domain/hzf.xiaohouzhi.com/web/App/Runtime/Cache/System/abfab9dca25c02e55bf30f23b010808b.php 第 152 行.
NOTIC: [8] Undefined offset: 1 /home/wwwroot/pay/domain/hzf.xiaohouzhi.com/web/App/Runtime/Cache/System/abfab9dca25c02e55bf30f23b010808b.php 第 152 行.
NOTIC: [2] Illegal string offset '_data' /home/wwwroot/pay/domain/hzf.xiaohouzhi.com/web/App/Runtime/Cache/System/abfab9dca25c02e55bf30f23b010808b.php 第 152 行.
NOTIC: [2] Illegal string offset '_data' /home/wwwroot/pay/domain/hzf.xiaohouzhi.com/web/App/Runtime/Cache/System/abfab9dca25c02e55bf30f23b010808b.php 第 152 行.
NOTIC: [8] Undefined offset: 1 /home/wwwroot/pay/domain/hzf.xiaohouzhi.com/web/App/Runtime/Cache/System/abfab9dca25c02e55bf30f23b010808b.php 第 152 行.
NOTIC: [2] Illegal string offset '_data' /home/wwwroot/pay/domain/hzf.xiaohouzhi.com/web/App/Runtime/Cache/System/abfab9dca25c02e55bf30f23b010808b.php 第 152 行.
NOTIC: [2] Illegal string offset '_data' /home/wwwroot/pay/domain/hzf.xiaohouzhi.com/web/App/Runtime/Cache/System/abfab9dca25c02e55bf30f23b010808b.php 第 152 行.
NOTIC: [8] Undefined offset: 1 /home/wwwroot/pay/domain/hzf.xiaohouzhi.com/web/App/Runtime/Cache/System/abfab9dca25c02e55bf30f23b010808b.php 第 152 行.
NOTIC: [2] Illegal string offset '_data' /home/wwwroot/pay/domain/hzf.xiaohouzhi.com/web/App/Runtime/Cache/System/abfab9dca25c02e55bf30f23b010808b.php 第 152 行.
NOTIC: [2] Illegal string offset '_data' /home/wwwroot/pay/domain/hzf.xiaohouzhi.com/web/App/Runtime/Cache/System/abfab9dca25c02e55bf30f23b010808b.php 第 152 行.
NOTIC: [8] Undefined offset: 1 /home/wwwroot/pay/domain/hzf.xiaohouzhi.com/web/App/Runtime/Cache/System/abfab9dca25c02e55bf30f23b010808b.php 第 152 行.
NOTIC: [2] Illegal string offset '_data' /home/wwwroot/pay/domain/hzf.xiaohouzhi.com/web/App/Runtime/Cache/System/abfab9dca25c02e55bf30f23b010808b.php 第 152 行.
NOTIC: [2] Illegal string offset '_data' /home/wwwroot/pay/domain/hzf.xiaohouzhi.com/web/App/Runtime/Cache/System/abfab9dca25c02e55bf30f23b010808b.php 第 152 行.
NOTIC: [8] Undefined offset: 1 /home/wwwroot/pay/domain/hzf.xiaohouzhi.com/web/App/Runtime/Cache/System/abfab9dca25c02e55bf30f23b010808b.php 第 152 行.
NOTIC: [2] Illegal string offset '_data' /home/wwwroot/pay/domain/hzf.xiaohouzhi.com/web/App/Runtime/Cache/System/abfab9dca25c02e55bf30f23b010808b.php 第 152 行.
NOTIC: [2] Illegal string offset '_data' /home/wwwroot/pay/domain/hzf.xiaohouzhi.com/web/App/Runtime/Cache/System/abfab9dca25c02e55bf30f23b010808b.php 第 152 行.
NOTIC: [8] Undefined offset: 1 /home/wwwroot/pay/domain/hzf.xiaohouzhi.com/web/App/Runtime/Cache/System/abfab9dca25c02e55bf30f23b010808b.php 第 152 行.
NOTIC: [2] Illegal string offset '_data' /home/wwwroot/pay/domain/hzf.xiaohouzhi.com/web/App/Runtime/Cache/System/abfab9dca25c02e55bf30f23b010808b.php 第 152 行.
NOTIC: [2] Illegal string offset '_data' /home/wwwroot/pay/domain/hzf.xiaohouzhi.com/web/App/Runtime/Cache/System/abfab9dca25c02e55bf30f23b010808b.php 第 152 行.
NOTIC: [8] Undefined offset: 1 /home/wwwroot/pay/domain/hzf.xiaohouzhi.com/web/App/Runtime/Cache/System/abfab9dca25c02e55bf30f23b010808b.php 第 152 行.
INFO: Run Behavior\ParseTemplateBehavior [ RunTime:0.014864s ]
INFO: [ view_parse ] --END-- [ RunTime:0.014909s ]
INFO: [ view_filter ] --START--
INFO: Run Behavior\WriteHtmlCacheBehavior [ RunTime:0.000142s ]
INFO: Run Behavior\TokenBuildBehavior [ RunTime:0.000320s ]
INFO: [ view_filter ] --END-- [ RunTime:0.000506s ]
INFO: [ app_end ] --START--
INFO: Run Behavior\ShowPageTraceBehavior [ RunTime:0.000308s ]
INFO: [ app_end ] --END-- [ RunTime:0.000348s ]

[ 2019-09-30T17:30:38+08:00 ] 223.88.35.119 /manage/Extend/add_alleys
INFO: [ app_init ] --START--
INFO: Run Behavior\BuildLiteBehavior [ RunTime:0.000011s ]
INFO: [ app_init ] --END-- [ RunTime:0.000251s ]
INFO: [ app_begin ] --START--
INFO: Run Behavior\ReadHtmlCacheBehavior [ RunTime:0.000383s ]
INFO: [ app_begin ] --END-- [ RunTime:0.000421s ]

[ 2019-09-30T17:30:39+08:00 ] 223.88.35.119 /manage/Extend/api/id/1
INFO: [ app_init ] --START--
INFO: Run Behavior\BuildLiteBehavior [ RunTime:0.000011s ]
INFO: [ app_init ] --END-- [ RunTime:0.000231s ]
INFO: [ app_begin ] --START--
INFO: Run Behavior\ReadHtmlCacheBehavior [ RunTime:0.000294s ]
INFO: [ app_begin ] --END-- [ RunTime:0.000330s ]
INFO: [ view_parse ] --START--
NOTIC: [8] Undefined offset: 1 /home/wwwroot/pay/domain/hzf.xiaohouzhi.com/web/ThinkPHP/Library/Think/Template.class.php 第 527 行.
INFO: [ template_filter ] --START--
INFO: Run Behavior\ContentReplaceBehavior [ RunTime:0.000121s ]
INFO: [ template_filter ] --END-- [ RunTime:0.000178s ]
NOTIC: [2] Illegal string offset '_data' /home/wwwroot/pay/domain/hzf.xiaohouzhi.com/web/App/Runtime/Cache/System/abfab9dca25c02e55bf30f23b010808b.php 第 152 行.
NOTIC: [2] Illegal string offset '_data' /home/wwwroot/pay/domain/hzf.xiaohouzhi.com/web/App/Runtime/Cache/System/abfab9dca25c02e55bf30f23b010808b.php 第 152 行.
NOTIC: [8] Undefined offset: 1 /home/wwwroot/pay/domain/hzf.xiaohouzhi.com/web/App/Runtime/Cache/System/abfab9dca25c02e55bf30f23b010808b.php 第 152 行.
NOTIC: [2] Illegal string offset '_data' /home/wwwroot/pay/domain/hzf.xiaohouzhi.com/web/App/Runtime/Cache/System/abfab9dca25c02e55bf30f23b010808b.php 第 152 行.
NOTIC: [2] Illegal string offset '_data' /home/wwwroot/pay/domain/hzf.xiaohouzhi.com/web/App/Runtime/Cache/System/abfab9dca25c02e55bf30f23b010808b.php 第 152 行.
NOTIC: [8] Undefined offset: 1 /home/wwwroot/pay/domain/hzf.xiaohouzhi.com/web/App/Runtime/Cache/System/abfab9dca25c02e55bf30f23b010808b.php 第 152 行.
NOTIC: [2] Illegal string offset '_data' /home/wwwroot/pay/domain/hzf.xiaohouzhi.com/web/App/Runtime/Cache/System/abfab9dca25c02e55bf30f23b010808b.php 第 152 行.
NOTIC: [2] Illegal string offset '_data' /home/wwwroot/pay/domain/hzf.xiaohouzhi.com/web/App/Runtime/Cache/System/abfab9dca25c02e55bf30f23b010808b.php 第 152 行.
NOTIC: [8] Undefined offset: 1 /home/wwwroot/pay/domain/hzf.xiaohouzhi.com/web/App/Runtime/Cache/System/abfab9dca25c02e55bf30f23b010808b.php 第 152 行.
NOTIC: [2] Illegal string offset '_data' /home/wwwroot/pay/domain/hzf.xiaohouzhi.com/web/App/Runtime/Cache/System/abfab9dca25c02e55bf30f23b010808b.php 第 152 行.
NOTIC: [2] Illegal string offset '_data' /home/wwwroot/pay/domain/hzf.xiaohouzhi.com/web/App/Runtime/Cache/System/abfab9dca25c02e55bf30f23b010808b.php 第 152 行.
NOTIC: [8] Undefined offset: 1 /home/wwwroot/pay/domain/hzf.xiaohouzhi.com/web/App/Runtime/Cache/System/abfab9dca25c02e55bf30f23b010808b.php 第 152 行.
NOTIC: [2] Illegal string offset '_data' /home/wwwroot/pay/domain/hzf.xiaohouzhi.com/web/App/Runtime/Cache/System/abfab9dca25c02e55bf30f23b010808b.php 第 152 行.
NOTIC: [2] Illegal string offset '_data' /home/wwwroot/pay/domain/hzf.xiaohouzhi.com/web/App/Runtime/Cache/System/abfab9dca25c02e55bf30f23b010808b.php 第 152 行.
NOTIC: [8] Undefined offset: 1 /home/wwwroot/pay/domain/hzf.xiaohouzhi.com/web/App/Runtime/Cache/System/abfab9dca25c02e55bf30f23b010808b.php 第 152 行.
NOTIC: [2] Illegal string offset '_data' /home/wwwroot/pay/domain/hzf.xiaohouzhi.com/web/App/Runtime/Cache/System/abfab9dca25c02e55bf30f23b010808b.php 第 152 行.
NOTIC: [2] Illegal string offset '_data' /home/wwwroot/pay/domain/hzf.xiaohouzhi.com/web/App/Runtime/Cache/System/abfab9dca25c02e55bf30f23b010808b.php 第 152 行.
NOTIC: [8] Undefined offset: 1 /home/wwwroot/pay/domain/hzf.xiaohouzhi.com/web/App/Runtime/Cache/System/abfab9dca25c02e55bf30f23b010808b.php 第 152 行.
NOTIC: [2] Illegal string offset '_data' /home/wwwroot/pay/domain/hzf.xiaohouzhi.com/web/App/Runtime/Cache/System/abfab9dca25c02e55bf30f23b010808b.php 第 152 行.
NOTIC: [2] Illegal string offset '_data' /home/wwwroot/pay/domain/hzf.xiaohouzhi.com/web/App/Runtime/Cache/System/abfab9dca25c02e55bf30f23b010808b.php 第 152 行.
NOTIC: [8] Undefined offset: 1 /home/wwwroot/pay/domain/hzf.xiaohouzhi.com/web/App/Runtime/Cache/System/abfab9dca25c02e55bf30f23b010808b.php 第 152 行.
NOTIC: [2] Illegal string offset '_data' /home/wwwroot/pay/domain/hzf.xiaohouzhi.com/web/App/Runtime/Cache/System/abfab9dca25c02e55bf30f23b010808b.php 第 152 行.
NOTIC: [2] Illegal string offset '_data' /home/wwwroot/pay/domain/hzf.xiaohouzhi.com/web/App/Runtime/Cache/System/abfab9dca25c02e55bf30f23b010808b.php 第 152 行.
NOTIC: [8] Undefined offset: 1 /home/wwwroot/pay/domain/hzf.xiaohouzhi.com/web/App/Runtime/Cache/System/abfab9dca25c02e55bf30f23b010808b.php 第 152 行.
INFO: Run Behavior\ParseTemplateBehavior [ RunTime:0.016311s ]
INFO: [ view_parse ] --END-- [ RunTime:0.016365s ]
INFO: [ view_filter ] --START--
INFO: Run Behavior\WriteHtmlCacheBehavior [ RunTime:0.000210s ]
INFO: Run Behavior\TokenBuildBehavior [ RunTime:0.000413s ]
INFO: [ view_filter ] --END-- [ RunTime:0.000687s ]
INFO: [ app_end ] --START--
INFO: Run Behavior\ShowPageTraceBehavior [ RunTime:0.000363s ]
INFO: [ app_end ] --END-- [ RunTime:0.000391s ]

