[ 2019-10-15T18:25:20+08:00 ] 1.85.2.113 /manage.jsp
INFO: [ app_init ] --START--
INFO: Run Behavior\BuildLiteBehavior [ RunTime:0.000009s ]
INFO: [ app_init ] --END-- [ RunTime:0.000227s ]
INFO: [ app_begin ] --START--
INFO: Run Behavior\ReadHtmlCacheBehavior [ RunTime:0.000324s ]
INFO: [ app_begin ] --END-- [ RunTime:0.000381s ]
INFO: [ view_parse ] --START--
INFO: [ template_filter ] --START--
INFO: Run Behavior\ContentReplaceBehavior [ RunTime:0.000052s ]
INFO: [ template_filter ] --END-- [ RunTime:0.000099s ]
INFO: Run Behavior\ParseTemplateBehavior [ RunTime:0.006091s ]
INFO: [ view_parse ] --END-- [ RunTime:0.006135s ]
INFO: [ view_filter ] --START--
INFO: Run Behavior\WriteHtmlCacheBehavior [ RunTime:0.000105s ]
INFO: Run Behavior\TokenBuildBehavior [ RunTime:0.000205s ]
INFO: [ view_filter ] --END-- [ RunTime:0.000363s ]

[ 2019-10-15T18:25:20+08:00 ] 1.85.2.113 /manage.asp
INFO: [ app_init ] --START--
INFO: Run Behavior\BuildLiteBehavior [ RunTime:0.000010s ]
INFO: [ app_init ] --END-- [ RunTime:0.000223s ]
INFO: [ app_begin ] --START--
INFO: Run Behavior\ReadHtmlCacheBehavior [ RunTime:0.000327s ]
INFO: [ app_begin ] --END-- [ RunTime:0.000373s ]
INFO: [ view_parse ] --START--
INFO: [ template_filter ] --START--
INFO: Run Behavior\ContentReplaceBehavior [ RunTime:0.000043s ]
INFO: [ template_filter ] --END-- [ RunTime:0.000078s ]
INFO: Run Behavior\ParseTemplateBehavior [ RunTime:0.004257s ]
INFO: [ view_parse ] --END-- [ RunTime:0.004301s ]
INFO: [ view_filter ] --START--
INFO: Run Behavior\WriteHtmlCacheBehavior [ RunTime:0.000097s ]
INFO: Run Behavior\TokenBuildBehavior [ RunTime:0.000218s ]
INFO: [ view_filter ] --END-- [ RunTime:0.000352s ]

[ 2019-10-15T18:25:20+08:00 ] 1.85.2.113 /manage.aspx
INFO: [ app_init ] --START--
INFO: Run Behavior\BuildLiteBehavior [ RunTime:0.000008s ]
INFO: [ app_init ] --END-- [ RunTime:0.000212s ]
INFO: [ app_begin ] --START--
INFO: Run Behavior\ReadHtmlCacheBehavior [ RunTime:0.000300s ]
INFO: [ app_begin ] --END-- [ RunTime:0.000367s ]
INFO: [ view_parse ] --START--
INFO: [ template_filter ] --START--
INFO: Run Behavior\ContentReplaceBehavior [ RunTime:0.000042s ]
INFO: [ template_filter ] --END-- [ RunTime:0.000079s ]
INFO: Run Behavior\ParseTemplateBehavior [ RunTime:0.004470s ]
INFO: [ view_parse ] --END-- [ RunTime:0.004513s ]
INFO: [ view_filter ] --START--
INFO: Run Behavior\WriteHtmlCacheBehavior [ RunTime:0.000116s ]
INFO: Run Behavior\TokenBuildBehavior [ RunTime:0.000207s ]
INFO: [ view_filter ] --END-- [ RunTime:0.000364s ]

[ 2019-10-15T18:25:21+08:00 ] 1.85.2.113 /manage.jsp
INFO: [ app_init ] --START--
INFO: Run Behavior\BuildLiteBehavior [ RunTime:0.000011s ]
INFO: [ app_init ] --END-- [ RunTime:0.000249s ]
INFO: [ app_begin ] --START--
INFO: Run Behavior\ReadHtmlCacheBehavior [ RunTime:0.000285s ]
INFO: [ app_begin ] --END-- [ RunTime:0.000323s ]
INFO: [ view_parse ] --START--
INFO: [ template_filter ] --START--
INFO: Run Behavior\ContentReplaceBehavior [ RunTime:0.000038s ]
INFO: [ template_filter ] --END-- [ RunTime:0.000072s ]
INFO: Run Behavior\ParseTemplateBehavior [ RunTime:0.004219s ]
INFO: [ view_parse ] --END-- [ RunTime:0.004261s ]
INFO: [ view_filter ] --START--
INFO: Run Behavior\WriteHtmlCacheBehavior [ RunTime:0.000097s ]
INFO: Run Behavior\TokenBuildBehavior [ RunTime:0.000218s ]
INFO: [ view_filter ] --END-- [ RunTime:0.000361s ]

[ 2019-10-15T18:25:21+08:00 ] 1.85.2.113 /manage.asp
INFO: [ app_init ] --START--
INFO: Run Behavior\BuildLiteBehavior [ RunTime:0.000008s ]
INFO: [ app_init ] --END-- [ RunTime:0.000199s ]
INFO: [ app_begin ] --START--
INFO: Run Behavior\ReadHtmlCacheBehavior [ RunTime:0.000267s ]
INFO: [ app_begin ] --END-- [ RunTime:0.000306s ]
INFO: [ view_parse ] --START--
INFO: [ template_filter ] --START--
INFO: Run Behavior\ContentReplaceBehavior [ RunTime:0.000047s ]
INFO: [ template_filter ] --END-- [ RunTime:0.000086s ]
INFO: Run Behavior\ParseTemplateBehavior [ RunTime:0.004077s ]
INFO: [ view_parse ] --END-- [ RunTime:0.004125s ]
INFO: [ view_filter ] --START--
INFO: Run Behavior\WriteHtmlCacheBehavior [ RunTime:0.000097s ]
INFO: Run Behavior\TokenBuildBehavior [ RunTime:0.000187s ]
INFO: [ view_filter ] --END-- [ RunTime:0.000323s ]

[ 2019-10-15T18:25:21+08:00 ] 1.85.2.113 /manage.aspx
INFO: [ app_init ] --START--
INFO: Run Behavior\BuildLiteBehavior [ RunTime:0.000012s ]
INFO: [ app_init ] --END-- [ RunTime:0.000261s ]
INFO: [ app_begin ] --START--
INFO: Run Behavior\ReadHtmlCacheBehavior [ RunTime:0.000302s ]
INFO: [ app_begin ] --END-- [ RunTime:0.000336s ]
INFO: [ view_parse ] --START--
INFO: [ template_filter ] --START--
INFO: Run Behavior\ContentReplaceBehavior [ RunTime:0.000056s ]
INFO: [ template_filter ] --END-- [ RunTime:0.000103s ]
INFO: Run Behavior\ParseTemplateBehavior [ RunTime:0.004501s ]
INFO: [ view_parse ] --END-- [ RunTime:0.004539s ]
INFO: [ view_filter ] --START--
INFO: Run Behavior\WriteHtmlCacheBehavior [ RunTime:0.000095s ]
INFO: Run Behavior\TokenBuildBehavior [ RunTime:0.000182s ]
INFO: [ view_filter ] --END-- [ RunTime:0.000344s ]

[ 2019-10-15T18:25:28+08:00 ] 1.85.2.113 /manage.asp
INFO: [ app_init ] --START--
INFO: Run Behavior\BuildLiteBehavior [ RunTime:0.000015s ]
INFO: [ app_init ] --END-- [ RunTime:0.000237s ]
INFO: [ app_begin ] --START--
INFO: Run Behavior\ReadHtmlCacheBehavior [ RunTime:0.000351s ]
INFO: [ app_begin ] --END-- [ RunTime:0.000397s ]
INFO: [ view_parse ] --START--
INFO: [ template_filter ] --START--
INFO: Run Behavior\ContentReplaceBehavior [ RunTime:0.000045s ]
INFO: [ template_filter ] --END-- [ RunTime:0.000089s ]
INFO: Run Behavior\ParseTemplateBehavior [ RunTime:0.006422s ]
INFO: [ view_parse ] --END-- [ RunTime:0.006466s ]
INFO: [ view_filter ] --START--
INFO: Run Behavior\WriteHtmlCacheBehavior [ RunTime:0.000126s ]
INFO: Run Behavior\TokenBuildBehavior [ RunTime:0.000216s ]
INFO: [ view_filter ] --END-- [ RunTime:0.000389s ]

[ 2019-10-15T18:25:28+08:00 ] 1.85.2.113 /manage.jsp
INFO: [ app_init ] --START--
INFO: Run Behavior\BuildLiteBehavior [ RunTime:0.000011s ]
INFO: [ app_init ] --END-- [ RunTime:0.000224s ]
INFO: [ app_begin ] --START--
INFO: Run Behavior\ReadHtmlCacheBehavior [ RunTime:0.000296s ]
INFO: [ app_begin ] --END-- [ RunTime:0.000330s ]
INFO: [ view_parse ] --START--
INFO: [ template_filter ] --START--
INFO: Run Behavior\ContentReplaceBehavior [ RunTime:0.000039s ]
INFO: [ template_filter ] --END-- [ RunTime:0.000077s ]
INFO: Run Behavior\ParseTemplateBehavior [ RunTime:0.004150s ]
INFO: [ view_parse ] --END-- [ RunTime:0.004190s ]
INFO: [ view_filter ] --START--
INFO: Run Behavior\WriteHtmlCacheBehavior [ RunTime:0.000089s ]
INFO: Run Behavior\TokenBuildBehavior [ RunTime:0.000172s ]
INFO: [ view_filter ] --END-- [ RunTime:0.000299s ]

[ 2019-10-15T18:25:28+08:00 ] 1.85.2.113 /manage.aspx
INFO: [ app_init ] --START--
INFO: Run Behavior\BuildLiteBehavior [ RunTime:0.000010s ]
INFO: [ app_init ] --END-- [ RunTime:0.000222s ]
INFO: [ app_begin ] --START--
INFO: Run Behavior\ReadHtmlCacheBehavior [ RunTime:0.000290s ]
INFO: [ app_begin ] --END-- [ RunTime:0.000332s ]
INFO: [ view_parse ] --START--
INFO: [ template_filter ] --START--
INFO: Run Behavior\ContentReplaceBehavior [ RunTime:0.000056s ]
INFO: [ template_filter ] --END-- [ RunTime:0.000106s ]
INFO: Run Behavior\ParseTemplateBehavior [ RunTime:0.004243s ]
INFO: [ view_parse ] --END-- [ RunTime:0.004275s ]
INFO: [ view_filter ] --START--
INFO: Run Behavior\WriteHtmlCacheBehavior [ RunTime:0.000108s ]
INFO: Run Behavior\TokenBuildBehavior [ RunTime:0.000184s ]
INFO: [ view_filter ] --END-- [ RunTime:0.000330s ]

[ 2019-10-15T18:25:28+08:00 ] 1.85.2.113 /manage.jsp
INFO: [ app_init ] --START--
INFO: Run Behavior\BuildLiteBehavior [ RunTime:0.000011s ]
INFO: [ app_init ] --END-- [ RunTime:0.000255s ]
INFO: [ app_begin ] --START--
INFO: Run Behavior\ReadHtmlCacheBehavior [ RunTime:0.000279s ]
INFO: [ app_begin ] --END-- [ RunTime:0.000309s ]
INFO: [ view_parse ] --START--
INFO: [ template_filter ] --START--
INFO: Run Behavior\ContentReplaceBehavior [ RunTime:0.000056s ]
INFO: [ template_filter ] --END-- [ RunTime:0.000095s ]
INFO: Run Behavior\ParseTemplateBehavior [ RunTime:0.004281s ]
INFO: [ view_parse ] --END-- [ RunTime:0.004344s ]
INFO: [ view_filter ] --START--
INFO: Run Behavior\WriteHtmlCacheBehavior [ RunTime:0.000099s ]
INFO: Run Behavior\TokenBuildBehavior [ RunTime:0.000179s ]
INFO: [ view_filter ] --END-- [ RunTime:0.000318s ]

[ 2019-10-15T18:25:29+08:00 ] 1.85.2.113 /manage.asp
INFO: [ app_init ] --START--
INFO: Run Behavior\BuildLiteBehavior [ RunTime:0.000010s ]
INFO: [ app_init ] --END-- [ RunTime:0.000211s ]
INFO: [ app_begin ] --START--
INFO: Run Behavior\ReadHtmlCacheBehavior [ RunTime:0.000271s ]
INFO: [ app_begin ] --END-- [ RunTime:0.000305s ]
INFO: [ view_parse ] --START--
INFO: [ template_filter ] --START--
INFO: Run Behavior\ContentReplaceBehavior [ RunTime:0.000039s ]
INFO: [ template_filter ] --END-- [ RunTime:0.000075s ]
INFO: Run Behavior\ParseTemplateBehavior [ RunTime:0.004141s ]
INFO: [ view_parse ] --END-- [ RunTime:0.004182s ]
INFO: [ view_filter ] --START--
INFO: Run Behavior\WriteHtmlCacheBehavior [ RunTime:0.000097s ]
INFO: Run Behavior\TokenBuildBehavior [ RunTime:0.000231s ]
INFO: [ view_filter ] --END-- [ RunTime:0.000384s ]

[ 2019-10-15T18:25:29+08:00 ] 1.85.2.113 /manage.aspx
INFO: [ app_init ] --START--
INFO: Run Behavior\BuildLiteBehavior [ RunTime:0.000017s ]
INFO: [ app_init ] --END-- [ RunTime:0.000235s ]
INFO: [ app_begin ] --START--
INFO: Run Behavior\ReadHtmlCacheBehavior [ RunTime:0.000268s ]
INFO: [ app_begin ] --END-- [ RunTime:0.000301s ]
INFO: [ view_parse ] --START--
INFO: [ template_filter ] --START--
INFO: Run Behavior\ContentReplaceBehavior [ RunTime:0.000037s ]
INFO: [ template_filter ] --END-- [ RunTime:0.000070s ]
INFO: Run Behavior\ParseTemplateBehavior [ RunTime:0.004031s ]
INFO: [ view_parse ] --END-- [ RunTime:0.004073s ]
INFO: [ view_filter ] --START--
INFO: Run Behavior\WriteHtmlCacheBehavior [ RunTime:0.000090s ]
INFO: Run Behavior\TokenBuildBehavior [ RunTime:0.000215s ]
INFO: [ view_filter ] --END-- [ RunTime:0.000346s ]

[ 2019-10-15T18:25:30+08:00 ] 1.85.2.113 /manage/
INFO: [ app_init ] --START--
INFO: Run Behavior\BuildLiteBehavior [ RunTime:0.000011s ]
INFO: [ app_init ] --END-- [ RunTime:0.000248s ]
INFO: [ app_begin ] --START--
INFO: Run Behavior\ReadHtmlCacheBehavior [ RunTime:0.000266s ]
INFO: [ app_begin ] --END-- [ RunTime:0.000295s ]
INFO: [ view_parse ] --START--
INFO: [ template_filter ] --START--
INFO: Run Behavior\ContentReplaceBehavior [ RunTime:0.000039s ]
INFO: [ template_filter ] --END-- [ RunTime:0.000071s ]
INFO: Run Behavior\ParseTemplateBehavior [ RunTime:0.003961s ]
INFO: [ view_parse ] --END-- [ RunTime:0.003994s ]
INFO: [ view_filter ] --START--
INFO: Run Behavior\WriteHtmlCacheBehavior [ RunTime:0.000099s ]
INFO: Run Behavior\TokenBuildBehavior [ RunTime:0.000199s ]
INFO: [ view_filter ] --END-- [ RunTime:0.000334s ]

[ 2019-10-15T18:25:30+08:00 ] 1.85.2.113 /manage/
INFO: [ app_init ] --START--
INFO: Run Behavior\BuildLiteBehavior [ RunTime:0.000009s ]
INFO: [ app_init ] --END-- [ RunTime:0.000257s ]
INFO: [ app_begin ] --START--
INFO: Run Behavior\ReadHtmlCacheBehavior [ RunTime:0.000283s ]
INFO: [ app_begin ] --END-- [ RunTime:0.000333s ]
INFO: [ view_parse ] --START--
INFO: [ template_filter ] --START--
INFO: Run Behavior\ContentReplaceBehavior [ RunTime:0.000041s ]
INFO: [ template_filter ] --END-- [ RunTime:0.000080s ]
INFO: Run Behavior\ParseTemplateBehavior [ RunTime:0.004924s ]
INFO: [ view_parse ] --END-- [ RunTime:0.004985s ]
INFO: [ view_filter ] --START--
INFO: Run Behavior\WriteHtmlCacheBehavior [ RunTime:0.000119s ]
INFO: Run Behavior\TokenBuildBehavior [ RunTime:0.000208s ]
INFO: [ view_filter ] --END-- [ RunTime:0.000376s ]

[ 2019-10-15T18:25:38+08:00 ] 1.85.2.113 /manage/
INFO: [ app_init ] --START--
INFO: Run Behavior\BuildLiteBehavior [ RunTime:0.000010s ]
INFO: [ app_init ] --END-- [ RunTime:0.000210s ]
INFO: [ app_begin ] --START--
INFO: Run Behavior\ReadHtmlCacheBehavior [ RunTime:0.000283s ]
INFO: [ app_begin ] --END-- [ RunTime:0.000315s ]
INFO: [ view_parse ] --START--
INFO: [ template_filter ] --START--
INFO: Run Behavior\ContentReplaceBehavior [ RunTime:0.000041s ]
INFO: [ template_filter ] --END-- [ RunTime:0.000075s ]
INFO: Run Behavior\ParseTemplateBehavior [ RunTime:0.004166s ]
INFO: [ view_parse ] --END-- [ RunTime:0.004199s ]
INFO: [ view_filter ] --START--
INFO: Run Behavior\WriteHtmlCacheBehavior [ RunTime:0.000093s ]
INFO: Run Behavior\TokenBuildBehavior [ RunTime:0.000186s ]
INFO: [ view_filter ] --END-- [ RunTime:0.000315s ]

[ 2019-10-15T18:25:38+08:00 ] 1.85.2.113 /manage/
INFO: [ app_init ] --START--
INFO: Run Behavior\BuildLiteBehavior [ RunTime:0.000012s ]
INFO: [ app_init ] --END-- [ RunTime:0.000212s ]
INFO: [ app_begin ] --START--
INFO: Run Behavior\ReadHtmlCacheBehavior [ RunTime:0.000263s ]
INFO: [ app_begin ] --END-- [ RunTime:0.000292s ]
INFO: [ view_parse ] --START--
INFO: [ template_filter ] --START--
INFO: Run Behavior\ContentReplaceBehavior [ RunTime:0.000037s ]
INFO: [ template_filter ] --END-- [ RunTime:0.000068s ]
INFO: Run Behavior\ParseTemplateBehavior [ RunTime:0.003948s ]
INFO: [ view_parse ] --END-- [ RunTime:0.003979s ]
INFO: [ view_filter ] --START--
INFO: Run Behavior\WriteHtmlCacheBehavior [ RunTime:0.000092s ]
INFO: Run Behavior\TokenBuildBehavior [ RunTime:0.000174s ]
INFO: [ view_filter ] --END-- [ RunTime:0.000302s ]

[ 2019-10-15T18:26:40+08:00 ] 1.85.2.113 /manage.asp
INFO: [ app_init ] --START--
INFO: Run Behavior\BuildLiteBehavior [ RunTime:0.000010s ]
INFO: [ app_init ] --END-- [ RunTime:0.000266s ]
INFO: [ app_begin ] --START--
INFO: Run Behavior\ReadHtmlCacheBehavior [ RunTime:0.000321s ]
INFO: [ app_begin ] --END-- [ RunTime:0.000358s ]
INFO: [ view_parse ] --START--
INFO: [ template_filter ] --START--
INFO: Run Behavior\ContentReplaceBehavior [ RunTime:0.000039s ]
INFO: [ template_filter ] --END-- [ RunTime:0.000073s ]
INFO: Run Behavior\ParseTemplateBehavior [ RunTime:0.004793s ]
INFO: [ view_parse ] --END-- [ RunTime:0.004846s ]
INFO: [ view_filter ] --START--
INFO: Run Behavior\WriteHtmlCacheBehavior [ RunTime:0.000112s ]
INFO: Run Behavior\TokenBuildBehavior [ RunTime:0.000242s ]
INFO: [ view_filter ] --END-- [ RunTime:0.000400s ]

[ 2019-10-15T18:26:40+08:00 ] 1.85.2.113 /manage.jsp
INFO: [ app_init ] --START--
INFO: Run Behavior\BuildLiteBehavior [ RunTime:0.000010s ]
INFO: [ app_init ] --END-- [ RunTime:0.000249s ]
INFO: [ app_begin ] --START--
INFO: Run Behavior\ReadHtmlCacheBehavior [ RunTime:0.000489s ]
INFO: [ app_begin ] --END-- [ RunTime:0.000538s ]
INFO: [ view_parse ] --START--
INFO: [ template_filter ] --START--
INFO: Run Behavior\ContentReplaceBehavior [ RunTime:0.000055s ]
INFO: [ template_filter ] --END-- [ RunTime:0.000103s ]
INFO: Run Behavior\ParseTemplateBehavior [ RunTime:0.005510s ]
INFO: [ view_parse ] --END-- [ RunTime:0.005554s ]
INFO: [ view_filter ] --START--
INFO: Run Behavior\WriteHtmlCacheBehavior [ RunTime:0.000130s ]
INFO: Run Behavior\TokenBuildBehavior [ RunTime:0.000286s ]
INFO: [ view_filter ] --END-- [ RunTime:0.000491s ]

[ 2019-10-15T18:26:41+08:00 ] 1.85.2.113 /manage.aspx
INFO: [ app_init ] --START--
INFO: Run Behavior\BuildLiteBehavior [ RunTime:0.000016s ]
INFO: [ app_init ] --END-- [ RunTime:0.000320s ]
INFO: [ app_begin ] --START--
INFO: Run Behavior\ReadHtmlCacheBehavior [ RunTime:0.000411s ]
INFO: [ app_begin ] --END-- [ RunTime:0.000463s ]
INFO: [ view_parse ] --START--
INFO: [ template_filter ] --START--
INFO: Run Behavior\ContentReplaceBehavior [ RunTime:0.000041s ]
INFO: [ template_filter ] --END-- [ RunTime:0.000076s ]
INFO: Run Behavior\ParseTemplateBehavior [ RunTime:0.004221s ]
INFO: [ view_parse ] --END-- [ RunTime:0.004264s ]
INFO: [ view_filter ] --START--
INFO: Run Behavior\WriteHtmlCacheBehavior [ RunTime:0.000094s ]
INFO: Run Behavior\TokenBuildBehavior [ RunTime:0.000212s ]
INFO: [ view_filter ] --END-- [ RunTime:0.000346s ]

[ 2019-10-15T18:26:41+08:00 ] 1.85.2.113 /manage.aspx
INFO: [ app_init ] --START--
INFO: Run Behavior\BuildLiteBehavior [ RunTime:0.000013s ]
INFO: [ app_init ] --END-- [ RunTime:0.000279s ]
INFO: [ app_begin ] --START--
INFO: Run Behavior\ReadHtmlCacheBehavior [ RunTime:0.000693s ]
INFO: [ app_begin ] --END-- [ RunTime:0.000802s ]
INFO: [ view_parse ] --START--
INFO: [ template_filter ] --START--
INFO: Run Behavior\ContentReplaceBehavior [ RunTime:0.000053s ]
INFO: [ template_filter ] --END-- [ RunTime:0.000167s ]
INFO: Run Behavior\ParseTemplateBehavior [ RunTime:0.005800s ]
INFO: [ view_parse ] --END-- [ RunTime:0.005863s ]
INFO: [ view_filter ] --START--
INFO: Run Behavior\WriteHtmlCacheBehavior [ RunTime:0.000156s ]
INFO: Run Behavior\TokenBuildBehavior [ RunTime:0.000308s ]
INFO: [ view_filter ] --END-- [ RunTime:0.000532s ]

[ 2019-10-15T18:26:41+08:00 ] 1.85.2.113 /manage.asp
INFO: [ app_init ] --START--
INFO: Run Behavior\BuildLiteBehavior [ RunTime:0.000012s ]
INFO: [ app_init ] --END-- [ RunTime:0.000256s ]
INFO: [ app_begin ] --START--
INFO: Run Behavior\ReadHtmlCacheBehavior [ RunTime:0.000300s ]
INFO: [ app_begin ] --END-- [ RunTime:0.000335s ]
INFO: [ view_parse ] --START--
INFO: [ template_filter ] --START--
INFO: Run Behavior\ContentReplaceBehavior [ RunTime:0.000039s ]
INFO: [ template_filter ] --END-- [ RunTime:0.000073s ]
INFO: Run Behavior\ParseTemplateBehavior [ RunTime:0.004221s ]
INFO: [ view_parse ] --END-- [ RunTime:0.004262s ]
INFO: [ view_filter ] --START--
INFO: Run Behavior\WriteHtmlCacheBehavior [ RunTime:0.000093s ]
INFO: Run Behavior\TokenBuildBehavior [ RunTime:0.000184s ]
INFO: [ view_filter ] --END-- [ RunTime:0.000322s ]

[ 2019-10-15T18:26:42+08:00 ] 1.85.2.113 /manage.jsp
INFO: [ app_init ] --START--
INFO: Run Behavior\BuildLiteBehavior [ RunTime:0.000017s ]
INFO: [ app_init ] --END-- [ RunTime:0.000310s ]
INFO: [ app_begin ] --START--
INFO: Run Behavior\ReadHtmlCacheBehavior [ RunTime:0.000434s ]
INFO: [ app_begin ] --END-- [ RunTime:0.000480s ]
INFO: [ view_parse ] --START--
INFO: [ template_filter ] --START--
INFO: Run Behavior\ContentReplaceBehavior [ RunTime:0.000046s ]
INFO: [ template_filter ] --END-- [ RunTime:0.000114s ]
INFO: Run Behavior\ParseTemplateBehavior [ RunTime:0.004372s ]
INFO: [ view_parse ] --END-- [ RunTime:0.004406s ]
INFO: [ view_filter ] --START--
INFO: Run Behavior\WriteHtmlCacheBehavior [ RunTime:0.000096s ]
INFO: Run Behavior\TokenBuildBehavior [ RunTime:0.000179s ]
INFO: [ view_filter ] --END-- [ RunTime:0.000310s ]

[ 2019-10-15T18:26:43+08:00 ] 1.85.2.113 /manage/login.asp
INFO: [ app_init ] --START--
INFO: Run Behavior\BuildLiteBehavior [ RunTime:0.000010s ]
INFO: [ app_init ] --END-- [ RunTime:0.000216s ]
INFO: [ app_begin ] --START--
INFO: Run Behavior\ReadHtmlCacheBehavior [ RunTime:0.000286s ]
INFO: [ app_begin ] --END-- [ RunTime:0.000320s ]
NOTIC: [8] Undefined index: system /home/wwwroot/pay/domain/hzf.xiaohouzhi.com/web/App/Common/Controller/SystemBaseController.class.php 第 61 行.
NOTIC: [8] Undefined index: system /home/wwwroot/pay/domain/hzf.xiaohouzhi.com/web/App/Common/Controller/SystemBaseController.class.php 第 61 行.
NOTIC: [8] Undefined index: system /home/wwwroot/pay/domain/hzf.xiaohouzhi.com/web/App/Common/Controller/SystemBaseController.class.php 第 61 行.
NOTIC: [8] Undefined index: system /home/wwwroot/pay/domain/hzf.xiaohouzhi.com/web/App/Common/Controller/SystemBaseController.class.php 第 61 行.
NOTIC: [8] Undefined index: system /home/wwwroot/pay/domain/hzf.xiaohouzhi.com/web/App/Common/Controller/SystemBaseController.class.php 第 61 行.
NOTIC: [8] Undefined index: system /home/wwwroot/pay/domain/hzf.xiaohouzhi.com/web/App/Common/Controller/SystemBaseController.class.php 第 61 行.
NOTIC: [8] Undefined index: system /home/wwwroot/pay/domain/hzf.xiaohouzhi.com/web/App/Common/Controller/SystemBaseController.class.php 第 61 行.
NOTIC: [8] Undefined index: system /home/wwwroot/pay/domain/hzf.xiaohouzhi.com/web/App/Common/Controller/SystemBaseController.class.php 第 61 行.

[ 2019-10-15T18:26:45+08:00 ] 1.85.2.113 /manage/login.asp
INFO: [ app_init ] --START--
INFO: Run Behavior\BuildLiteBehavior [ RunTime:0.000010s ]
INFO: [ app_init ] --END-- [ RunTime:0.000221s ]
INFO: [ app_begin ] --START--
INFO: Run Behavior\ReadHtmlCacheBehavior [ RunTime:0.000293s ]
INFO: [ app_begin ] --END-- [ RunTime:0.000323s ]
NOTIC: [8] Undefined index: system /home/wwwroot/pay/domain/hzf.xiaohouzhi.com/web/App/Common/Controller/SystemBaseController.class.php 第 61 行.
NOTIC: [8] Undefined index: system /home/wwwroot/pay/domain/hzf.xiaohouzhi.com/web/App/Common/Controller/SystemBaseController.class.php 第 61 行.
NOTIC: [8] Undefined index: system /home/wwwroot/pay/domain/hzf.xiaohouzhi.com/web/App/Common/Controller/SystemBaseController.class.php 第 61 行.
NOTIC: [8] Undefined index: system /home/wwwroot/pay/domain/hzf.xiaohouzhi.com/web/App/Common/Controller/SystemBaseController.class.php 第 61 行.
NOTIC: [8] Undefined index: system /home/wwwroot/pay/domain/hzf.xiaohouzhi.com/web/App/Common/Controller/SystemBaseController.class.php 第 61 行.
NOTIC: [8] Undefined index: system /home/wwwroot/pay/domain/hzf.xiaohouzhi.com/web/App/Common/Controller/SystemBaseController.class.php 第 61 行.
NOTIC: [8] Undefined index: system /home/wwwroot/pay/domain/hzf.xiaohouzhi.com/web/App/Common/Controller/SystemBaseController.class.php 第 61 行.
NOTIC: [8] Undefined index: system /home/wwwroot/pay/domain/hzf.xiaohouzhi.com/web/App/Common/Controller/SystemBaseController.class.php 第 61 行.

[ 2019-10-15T18:26:51+08:00 ] 1.85.2.113 /manage/
INFO: [ app_init ] --START--
INFO: Run Behavior\BuildLiteBehavior [ RunTime:0.000010s ]
INFO: [ app_init ] --END-- [ RunTime:0.000210s ]
INFO: [ app_begin ] --START--
INFO: Run Behavior\ReadHtmlCacheBehavior [ RunTime:0.000257s ]
INFO: [ app_begin ] --END-- [ RunTime:0.000286s ]
INFO: [ view_parse ] --START--
INFO: [ template_filter ] --START--
INFO: Run Behavior\ContentReplaceBehavior [ RunTime:0.001061s ]
INFO: [ template_filter ] --END-- [ RunTime:0.001104s ]
INFO: Run Behavior\ParseTemplateBehavior [ RunTime:0.004987s ]
INFO: [ view_parse ] --END-- [ RunTime:0.005025s ]
INFO: [ view_filter ] --START--
INFO: Run Behavior\WriteHtmlCacheBehavior [ RunTime:0.000101s ]
INFO: Run Behavior\TokenBuildBehavior [ RunTime:0.000182s ]
INFO: [ view_filter ] --END-- [ RunTime:0.000318s ]

[ 2019-10-15T18:26:51+08:00 ] 1.85.2.113 /manage/
INFO: [ app_init ] --START--
INFO: Run Behavior\BuildLiteBehavior [ RunTime:0.000008s ]
INFO: [ app_init ] --END-- [ RunTime:0.000202s ]
INFO: [ app_begin ] --START--
INFO: Run Behavior\ReadHtmlCacheBehavior [ RunTime:0.000289s ]
INFO: [ app_begin ] --END-- [ RunTime:0.000320s ]
INFO: [ view_parse ] --START--
INFO: [ template_filter ] --START--
INFO: Run Behavior\ContentReplaceBehavior [ RunTime:0.000038s ]
INFO: [ template_filter ] --END-- [ RunTime:0.000080s ]
INFO: Run Behavior\ParseTemplateBehavior [ RunTime:0.003940s ]
INFO: [ view_parse ] --END-- [ RunTime:0.003972s ]
INFO: [ view_filter ] --START--
INFO: Run Behavior\WriteHtmlCacheBehavior [ RunTime:0.000094s ]
INFO: Run Behavior\TokenBuildBehavior [ RunTime:0.000176s ]
INFO: [ view_filter ] --END-- [ RunTime:0.000306s ]

[ 2019-10-15T18:27:08+08:00 ] 1.85.2.113 /manage/login.asp
INFO: [ app_init ] --START--
INFO: Run Behavior\BuildLiteBehavior [ RunTime:0.000014s ]
INFO: [ app_init ] --END-- [ RunTime:0.000299s ]
INFO: [ app_begin ] --START--
INFO: Run Behavior\ReadHtmlCacheBehavior [ RunTime:0.000386s ]
INFO: [ app_begin ] --END-- [ RunTime:0.000434s ]
NOTIC: [8] Undefined index: system /home/wwwroot/pay/domain/hzf.xiaohouzhi.com/web/App/Common/Controller/SystemBaseController.class.php 第 61 行.
NOTIC: [8] Undefined index: system /home/wwwroot/pay/domain/hzf.xiaohouzhi.com/web/App/Common/Controller/SystemBaseController.class.php 第 61 行.
NOTIC: [8] Undefined index: system /home/wwwroot/pay/domain/hzf.xiaohouzhi.com/web/App/Common/Controller/SystemBaseController.class.php 第 61 行.
NOTIC: [8] Undefined index: system /home/wwwroot/pay/domain/hzf.xiaohouzhi.com/web/App/Common/Controller/SystemBaseController.class.php 第 61 行.
NOTIC: [8] Undefined index: system /home/wwwroot/pay/domain/hzf.xiaohouzhi.com/web/App/Common/Controller/SystemBaseController.class.php 第 61 行.
NOTIC: [8] Undefined index: system /home/wwwroot/pay/domain/hzf.xiaohouzhi.com/web/App/Common/Controller/SystemBaseController.class.php 第 61 行.
NOTIC: [8] Undefined index: system /home/wwwroot/pay/domain/hzf.xiaohouzhi.com/web/App/Common/Controller/SystemBaseController.class.php 第 61 行.
NOTIC: [8] Undefined index: system /home/wwwroot/pay/domain/hzf.xiaohouzhi.com/web/App/Common/Controller/SystemBaseController.class.php 第 61 行.

[ 2019-10-15T18:27:28+08:00 ] 1.85.2.113 /Manage/Login.aspx
INFO: [ app_init ] --START--
INFO: Run Behavior\BuildLiteBehavior [ RunTime:0.000012s ]
INFO: [ app_init ] --END-- [ RunTime:0.000267s ]
INFO: [ app_begin ] --START--
INFO: Run Behavior\ReadHtmlCacheBehavior [ RunTime:0.000370s ]
INFO: [ app_begin ] --END-- [ RunTime:0.000408s ]
NOTIC: [8] Undefined index: system /home/wwwroot/pay/domain/hzf.xiaohouzhi.com/web/App/Common/Controller/SystemBaseController.class.php 第 61 行.
NOTIC: [8] Undefined index: system /home/wwwroot/pay/domain/hzf.xiaohouzhi.com/web/App/Common/Controller/SystemBaseController.class.php 第 61 行.
NOTIC: [8] Undefined index: system /home/wwwroot/pay/domain/hzf.xiaohouzhi.com/web/App/Common/Controller/SystemBaseController.class.php 第 61 行.
NOTIC: [8] Undefined index: system /home/wwwroot/pay/domain/hzf.xiaohouzhi.com/web/App/Common/Controller/SystemBaseController.class.php 第 61 行.
NOTIC: [8] Undefined index: system /home/wwwroot/pay/domain/hzf.xiaohouzhi.com/web/App/Common/Controller/SystemBaseController.class.php 第 61 行.
NOTIC: [8] Undefined index: system /home/wwwroot/pay/domain/hzf.xiaohouzhi.com/web/App/Common/Controller/SystemBaseController.class.php 第 61 行.
NOTIC: [8] Undefined index: system /home/wwwroot/pay/domain/hzf.xiaohouzhi.com/web/App/Common/Controller/SystemBaseController.class.php 第 61 行.
NOTIC: [8] Undefined index: system /home/wwwroot/pay/domain/hzf.xiaohouzhi.com/web/App/Common/Controller/SystemBaseController.class.php 第 61 行.

[ 2019-10-15T18:27:28+08:00 ] 1.85.2.113 /Manage/Login.aspx
INFO: [ app_init ] --START--
INFO: Run Behavior\BuildLiteBehavior [ RunTime:0.000011s ]
INFO: [ app_init ] --END-- [ RunTime:0.000218s ]
INFO: [ app_begin ] --START--
INFO: Run Behavior\ReadHtmlCacheBehavior [ RunTime:0.000292s ]
INFO: [ app_begin ] --END-- [ RunTime:0.000322s ]
NOTIC: [8] Undefined index: system /home/wwwroot/pay/domain/hzf.xiaohouzhi.com/web/App/Common/Controller/SystemBaseController.class.php 第 61 行.
NOTIC: [8] Undefined index: system /home/wwwroot/pay/domain/hzf.xiaohouzhi.com/web/App/Common/Controller/SystemBaseController.class.php 第 61 行.
NOTIC: [8] Undefined index: system /home/wwwroot/pay/domain/hzf.xiaohouzhi.com/web/App/Common/Controller/SystemBaseController.class.php 第 61 行.
NOTIC: [8] Undefined index: system /home/wwwroot/pay/domain/hzf.xiaohouzhi.com/web/App/Common/Controller/SystemBaseController.class.php 第 61 行.
NOTIC: [8] Undefined index: system /home/wwwroot/pay/domain/hzf.xiaohouzhi.com/web/App/Common/Controller/SystemBaseController.class.php 第 61 行.
NOTIC: [8] Undefined index: system /home/wwwroot/pay/domain/hzf.xiaohouzhi.com/web/App/Common/Controller/SystemBaseController.class.php 第 61 行.
NOTIC: [8] Undefined index: system /home/wwwroot/pay/domain/hzf.xiaohouzhi.com/web/App/Common/Controller/SystemBaseController.class.php 第 61 行.
NOTIC: [8] Undefined index: system /home/wwwroot/pay/domain/hzf.xiaohouzhi.com/web/App/Common/Controller/SystemBaseController.class.php 第 61 行.

[ 2019-10-15T18:27:47+08:00 ] 1.85.2.113 /Manage/Login.aspx
INFO: [ app_init ] --START--
INFO: Run Behavior\BuildLiteBehavior [ RunTime:0.000013s ]
INFO: [ app_init ] --END-- [ RunTime:0.000229s ]
INFO: [ app_begin ] --START--
INFO: Run Behavior\ReadHtmlCacheBehavior [ RunTime:0.000277s ]
INFO: [ app_begin ] --END-- [ RunTime:0.000306s ]
NOTIC: [8] Undefined index: system /home/wwwroot/pay/domain/hzf.xiaohouzhi.com/web/App/Common/Controller/SystemBaseController.class.php 第 61 行.
NOTIC: [8] Undefined index: system /home/wwwroot/pay/domain/hzf.xiaohouzhi.com/web/App/Common/Controller/SystemBaseController.class.php 第 61 行.
NOTIC: [8] Undefined index: system /home/wwwroot/pay/domain/hzf.xiaohouzhi.com/web/App/Common/Controller/SystemBaseController.class.php 第 61 行.
NOTIC: [8] Undefined index: system /home/wwwroot/pay/domain/hzf.xiaohouzhi.com/web/App/Common/Controller/SystemBaseController.class.php 第 61 行.
NOTIC: [8] Undefined index: system /home/wwwroot/pay/domain/hzf.xiaohouzhi.com/web/App/Common/Controller/SystemBaseController.class.php 第 61 行.
NOTIC: [8] Undefined index: system /home/wwwroot/pay/domain/hzf.xiaohouzhi.com/web/App/Common/Controller/SystemBaseController.class.php 第 61 行.
NOTIC: [8] Undefined index: system /home/wwwroot/pay/domain/hzf.xiaohouzhi.com/web/App/Common/Controller/SystemBaseController.class.php 第 61 行.
NOTIC: [8] Undefined index: system /home/wwwroot/pay/domain/hzf.xiaohouzhi.com/web/App/Common/Controller/SystemBaseController.class.php 第 61 行.

[ 2019-10-15T18:28:05+08:00 ] 1.85.2.113 /manage/collect/MasterPage_Site.master
INFO: [ app_init ] --START--
INFO: Run Behavior\BuildLiteBehavior [ RunTime:0.000016s ]
INFO: [ app_init ] --END-- [ RunTime:0.000350s ]
INFO: [ app_begin ] --START--
INFO: Run Behavior\ReadHtmlCacheBehavior [ RunTime:0.000411s ]
INFO: [ app_begin ] --END-- [ RunTime:0.000454s ]
ERR: 无法加载控制器:Collect
NOTIC: [8] Undefined index: Debug /home/wwwroot/pay/domain/hzf.xiaohouzhi.com/web/ThinkPHP/Tpl/think_exception.tpl 第 8 行.

[ 2019-10-15T18:28:09+08:00 ] 1.85.2.113 /manage/collect/MasterPage_Site.master
INFO: [ app_init ] --START--
INFO: Run Behavior\BuildLiteBehavior [ RunTime:0.000011s ]
INFO: [ app_init ] --END-- [ RunTime:0.000217s ]
INFO: [ app_begin ] --START--
INFO: Run Behavior\ReadHtmlCacheBehavior [ RunTime:0.000296s ]
INFO: [ app_begin ] --END-- [ RunTime:0.000328s ]
ERR: 无法加载控制器:Collect
NOTIC: [8] Undefined index: Debug /home/wwwroot/pay/domain/hzf.xiaohouzhi.com/web/ThinkPHP/Tpl/think_exception.tpl 第 8 行.

[ 2019-10-15T18:28:37+08:00 ] 1.85.2.113 /manage/collect/MasterPage_Site.master
INFO: [ app_init ] --START--
INFO: Run Behavior\BuildLiteBehavior [ RunTime:0.000012s ]
INFO: [ app_init ] --END-- [ RunTime:0.000226s ]
INFO: [ app_begin ] --START--
INFO: Run Behavior\ReadHtmlCacheBehavior [ RunTime:0.000302s ]
INFO: [ app_begin ] --END-- [ RunTime:0.000361s ]
ERR: 无法加载控制器:Collect
NOTIC: [8] Undefined index: Debug /home/wwwroot/pay/domain/hzf.xiaohouzhi.com/web/ThinkPHP/Tpl/think_exception.tpl 第 8 行.

[ 2019-10-15T22:25:21+08:00 ] 59.36.119.226 /manage/collect/MasterPage_Site.master
INFO: [ app_init ] --START--
INFO: Run Behavior\BuildLiteBehavior [ RunTime:0.000015s ]
INFO: [ app_init ] --END-- [ RunTime:0.000271s ]
INFO: [ app_begin ] --START--
INFO: Run Behavior\ReadHtmlCacheBehavior [ RunTime:0.000299s ]
INFO: [ app_begin ] --END-- [ RunTime:0.000334s ]
ERR: 无法加载控制器:Collect
NOTIC: [8] Undefined index: Debug /home/wwwroot/pay/domain/hzf.xiaohouzhi.com/web/ThinkPHP/Tpl/think_exception.tpl 第 8 行.

