[ 2019-10-16T17:03:13+08:00 ] 125.40.27.102 /System?t=chinaPay
INFO: [ app_init ] --START--
INFO: Run Behavior\BuildLiteBehavior [ RunTime:0.000025s ]
INFO: [ app_init ] --END-- [ RunTime:0.000279s ]
INFO: [ app_begin ] --START--
INFO: Run Behavior\ReadHtmlCacheBehavior [ RunTime:0.000272s ]
INFO: [ app_begin ] --END-- [ RunTime:0.000311s ]
NOTIC: [8] Undefined index: system /home/wwwroot/pay/domain/hzf.xiaohouzhi.com/web/App/Common/Controller/SystemBaseController.class.php 第 61 行.
NOTIC: [8] Undefined index: system /home/wwwroot/pay/domain/hzf.xiaohouzhi.com/web/App/Common/Controller/SystemBaseController.class.php 第 61 行.
NOTIC: [8] Undefined index: system /home/wwwroot/pay/domain/hzf.xiaohouzhi.com/web/App/Common/Controller/SystemBaseController.class.php 第 61 行.
NOTIC: [8] Undefined index: system /home/wwwroot/pay/domain/hzf.xiaohouzhi.com/web/App/Common/Controller/SystemBaseController.class.php 第 61 行.
NOTIC: [8] Undefined index: system /home/wwwroot/pay/domain/hzf.xiaohouzhi.com/web/App/Common/Controller/SystemBaseController.class.php 第 61 行.
NOTIC: [8] Undefined index: system /home/wwwroot/pay/domain/hzf.xiaohouzhi.com/web/App/Common/Controller/SystemBaseController.class.php 第 61 行.
NOTIC: [8] Undefined index: system /home/wwwroot/pay/domain/hzf.xiaohouzhi.com/web/App/Common/Controller/SystemBaseController.class.php 第 61 行.
NOTIC: [8] Undefined index: system /home/wwwroot/pay/domain/hzf.xiaohouzhi.com/web/App/Common/Controller/SystemBaseController.class.php 第 61 行.
INFO: [ view_parse ] --START--
INFO: [ template_filter ] --START--
INFO: Run Behavior\ContentReplaceBehavior [ RunTime:0.000075s ]
INFO: [ template_filter ] --END-- [ RunTime:0.000154s ]
INFO: Run Behavior\ParseTemplateBehavior [ RunTime:0.023523s ]
INFO: [ view_parse ] --END-- [ RunTime:0.023606s ]
INFO: [ view_filter ] --START--
INFO: Run Behavior\WriteHtmlCacheBehavior [ RunTime:0.000169s ]
INFO: Run Behavior\TokenBuildBehavior [ RunTime:0.000327s ]
INFO: [ view_filter ] --END-- [ RunTime:0.000562s ]
INFO: [ app_end ] --START--
INFO: Run Behavior\ShowPageTraceBehavior [ RunTime:0.000477s ]
INFO: [ app_end ] --END-- [ RunTime:0.000519s ]

[ 2019-10-16T17:03:13+08:00 ] 125.40.27.102 /manage/Login/load_verify
INFO: [ app_init ] --START--
INFO: Run Behavior\BuildLiteBehavior [ RunTime:0.000011s ]
INFO: [ app_init ] --END-- [ RunTime:0.000256s ]
INFO: [ app_begin ] --START--
INFO: Run Behavior\ReadHtmlCacheBehavior [ RunTime:0.000306s ]
INFO: [ app_begin ] --END-- [ RunTime:0.000347s ]
NOTIC: [8] Undefined index: system /home/wwwroot/pay/domain/hzf.xiaohouzhi.com/web/App/Common/Controller/SystemBaseController.class.php 第 61 行.
NOTIC: [8] Undefined index: system /home/wwwroot/pay/domain/hzf.xiaohouzhi.com/web/App/Common/Controller/SystemBaseController.class.php 第 61 行.
NOTIC: [8] Undefined index: system /home/wwwroot/pay/domain/hzf.xiaohouzhi.com/web/App/Common/Controller/SystemBaseController.class.php 第 61 行.
NOTIC: [8] Undefined index: system /home/wwwroot/pay/domain/hzf.xiaohouzhi.com/web/App/Common/Controller/SystemBaseController.class.php 第 61 行.
NOTIC: [8] Undefined index: system /home/wwwroot/pay/domain/hzf.xiaohouzhi.com/web/App/Common/Controller/SystemBaseController.class.php 第 61 行.
NOTIC: [8] Undefined index: system /home/wwwroot/pay/domain/hzf.xiaohouzhi.com/web/App/Common/Controller/SystemBaseController.class.php 第 61 行.
NOTIC: [8] Undefined index: system /home/wwwroot/pay/domain/hzf.xiaohouzhi.com/web/App/Common/Controller/SystemBaseController.class.php 第 61 行.
NOTIC: [8] Undefined index: system /home/wwwroot/pay/domain/hzf.xiaohouzhi.com/web/App/Common/Controller/SystemBaseController.class.php 第 61 行.
NOTIC: [8] Use of undefined constant FA - assumed 'FA' /home/wwwroot/pay/domain/hzf.xiaohouzhi.com/web/App/System/Controller/LoginController.class.php 第 74 行.
INFO: [ app_end ] --START--
INFO: Run Behavior\ShowPageTraceBehavior [ RunTime:0.000433s ]
INFO: [ app_end ] --END-- [ RunTime:0.000484s ]

[ 2019-10-16T17:03:20+08:00 ] 125.40.27.102 /System?t=chinaPay
INFO: [ app_init ] --START--
INFO: Run Behavior\BuildLiteBehavior [ RunTime:0.000011s ]
INFO: [ app_init ] --END-- [ RunTime:0.000256s ]
INFO: [ app_begin ] --START--
INFO: Run Behavior\ReadHtmlCacheBehavior [ RunTime:0.000275s ]
INFO: [ app_begin ] --END-- [ RunTime:0.000308s ]
NOTIC: [8] Undefined index: system /home/wwwroot/pay/domain/hzf.xiaohouzhi.com/web/App/Common/Controller/SystemBaseController.class.php 第 61 行.
NOTIC: [8] Undefined index: system /home/wwwroot/pay/domain/hzf.xiaohouzhi.com/web/App/Common/Controller/SystemBaseController.class.php 第 61 行.
NOTIC: [8] Undefined index: system /home/wwwroot/pay/domain/hzf.xiaohouzhi.com/web/App/Common/Controller/SystemBaseController.class.php 第 61 行.
NOTIC: [8] Undefined index: system /home/wwwroot/pay/domain/hzf.xiaohouzhi.com/web/App/Common/Controller/SystemBaseController.class.php 第 61 行.
NOTIC: [8] Undefined index: system /home/wwwroot/pay/domain/hzf.xiaohouzhi.com/web/App/Common/Controller/SystemBaseController.class.php 第 61 行.
NOTIC: [8] Undefined index: system /home/wwwroot/pay/domain/hzf.xiaohouzhi.com/web/App/Common/Controller/SystemBaseController.class.php 第 61 行.
NOTIC: [8] Undefined index: system /home/wwwroot/pay/domain/hzf.xiaohouzhi.com/web/App/Common/Controller/SystemBaseController.class.php 第 61 行.
NOTIC: [8] Undefined index: system /home/wwwroot/pay/domain/hzf.xiaohouzhi.com/web/App/Common/Controller/SystemBaseController.class.php 第 61 行.

[ 2019-10-16T17:03:23+08:00 ] 125.40.27.102 /manage/Index/index
INFO: [ app_init ] --START--
INFO: Run Behavior\BuildLiteBehavior [ RunTime:0.000011s ]
INFO: [ app_init ] --END-- [ RunTime:0.000237s ]
INFO: [ app_begin ] --START--
INFO: Run Behavior\ReadHtmlCacheBehavior [ RunTime:0.000305s ]
INFO: [ app_begin ] --END-- [ RunTime:0.000335s ]
INFO: [ view_parse ] --START--
INFO: [ template_filter ] --START--
INFO: Run Behavior\ContentReplaceBehavior [ RunTime:0.000140s ]
INFO: [ template_filter ] --END-- [ RunTime:0.000209s ]
NOTIC: [2] Illegal string offset '_data' /home/wwwroot/pay/domain/hzf.xiaohouzhi.com/web/App/Runtime/Cache/System/f78edd0f26ea20fdaa80e27a451df494.php 第 152 行.
NOTIC: [2] Illegal string offset '_data' /home/wwwroot/pay/domain/hzf.xiaohouzhi.com/web/App/Runtime/Cache/System/f78edd0f26ea20fdaa80e27a451df494.php 第 152 行.
NOTIC: [8] Undefined offset: 1 /home/wwwroot/pay/domain/hzf.xiaohouzhi.com/web/App/Runtime/Cache/System/f78edd0f26ea20fdaa80e27a451df494.php 第 152 行.
NOTIC: [2] Illegal string offset '_data' /home/wwwroot/pay/domain/hzf.xiaohouzhi.com/web/App/Runtime/Cache/System/f78edd0f26ea20fdaa80e27a451df494.php 第 152 行.
NOTIC: [2] Illegal string offset '_data' /home/wwwroot/pay/domain/hzf.xiaohouzhi.com/web/App/Runtime/Cache/System/f78edd0f26ea20fdaa80e27a451df494.php 第 152 行.
NOTIC: [8] Undefined offset: 1 /home/wwwroot/pay/domain/hzf.xiaohouzhi.com/web/App/Runtime/Cache/System/f78edd0f26ea20fdaa80e27a451df494.php 第 152 行.
NOTIC: [2] Illegal string offset '_data' /home/wwwroot/pay/domain/hzf.xiaohouzhi.com/web/App/Runtime/Cache/System/f78edd0f26ea20fdaa80e27a451df494.php 第 152 行.
NOTIC: [2] Illegal string offset '_data' /home/wwwroot/pay/domain/hzf.xiaohouzhi.com/web/App/Runtime/Cache/System/f78edd0f26ea20fdaa80e27a451df494.php 第 152 行.
NOTIC: [8] Undefined offset: 1 /home/wwwroot/pay/domain/hzf.xiaohouzhi.com/web/App/Runtime/Cache/System/f78edd0f26ea20fdaa80e27a451df494.php 第 152 行.
NOTIC: [2] Illegal string offset '_data' /home/wwwroot/pay/domain/hzf.xiaohouzhi.com/web/App/Runtime/Cache/System/f78edd0f26ea20fdaa80e27a451df494.php 第 152 行.
NOTIC: [2] Illegal string offset '_data' /home/wwwroot/pay/domain/hzf.xiaohouzhi.com/web/App/Runtime/Cache/System/f78edd0f26ea20fdaa80e27a451df494.php 第 152 行.
NOTIC: [8] Undefined offset: 1 /home/wwwroot/pay/domain/hzf.xiaohouzhi.com/web/App/Runtime/Cache/System/f78edd0f26ea20fdaa80e27a451df494.php 第 152 行.
NOTIC: [2] Illegal string offset '_data' /home/wwwroot/pay/domain/hzf.xiaohouzhi.com/web/App/Runtime/Cache/System/f78edd0f26ea20fdaa80e27a451df494.php 第 152 行.
NOTIC: [2] Illegal string offset '_data' /home/wwwroot/pay/domain/hzf.xiaohouzhi.com/web/App/Runtime/Cache/System/f78edd0f26ea20fdaa80e27a451df494.php 第 152 行.
NOTIC: [8] Undefined offset: 1 /home/wwwroot/pay/domain/hzf.xiaohouzhi.com/web/App/Runtime/Cache/System/f78edd0f26ea20fdaa80e27a451df494.php 第 152 行.
NOTIC: [2] Illegal string offset '_data' /home/wwwroot/pay/domain/hzf.xiaohouzhi.com/web/App/Runtime/Cache/System/f78edd0f26ea20fdaa80e27a451df494.php 第 152 行.
NOTIC: [2] Illegal string offset '_data' /home/wwwroot/pay/domain/hzf.xiaohouzhi.com/web/App/Runtime/Cache/System/f78edd0f26ea20fdaa80e27a451df494.php 第 152 行.
NOTIC: [8] Undefined offset: 1 /home/wwwroot/pay/domain/hzf.xiaohouzhi.com/web/App/Runtime/Cache/System/f78edd0f26ea20fdaa80e27a451df494.php 第 152 行.
NOTIC: [2] Illegal string offset '_data' /home/wwwroot/pay/domain/hzf.xiaohouzhi.com/web/App/Runtime/Cache/System/f78edd0f26ea20fdaa80e27a451df494.php 第 152 行.
NOTIC: [2] Illegal string offset '_data' /home/wwwroot/pay/domain/hzf.xiaohouzhi.com/web/App/Runtime/Cache/System/f78edd0f26ea20fdaa80e27a451df494.php 第 152 行.
NOTIC: [8] Undefined offset: 1 /home/wwwroot/pay/domain/hzf.xiaohouzhi.com/web/App/Runtime/Cache/System/f78edd0f26ea20fdaa80e27a451df494.php 第 152 行.
NOTIC: [2] Illegal string offset '_data' /home/wwwroot/pay/domain/hzf.xiaohouzhi.com/web/App/Runtime/Cache/System/f78edd0f26ea20fdaa80e27a451df494.php 第 152 行.
NOTIC: [2] Illegal string offset '_data' /home/wwwroot/pay/domain/hzf.xiaohouzhi.com/web/App/Runtime/Cache/System/f78edd0f26ea20fdaa80e27a451df494.php 第 152 行.
NOTIC: [8] Undefined offset: 1 /home/wwwroot/pay/domain/hzf.xiaohouzhi.com/web/App/Runtime/Cache/System/f78edd0f26ea20fdaa80e27a451df494.php 第 152 行.
INFO: Run Behavior\ParseTemplateBehavior [ RunTime:0.043054s ]
INFO: [ view_parse ] --END-- [ RunTime:0.043106s ]
INFO: [ view_filter ] --START--
INFO: Run Behavior\WriteHtmlCacheBehavior [ RunTime:0.000181s ]
INFO: Run Behavior\TokenBuildBehavior [ RunTime:0.000502s ]
INFO: [ view_filter ] --END-- [ RunTime:0.000735s ]
INFO: [ app_end ] --START--
INFO: Run Behavior\ShowPageTraceBehavior [ RunTime:0.000401s ]
INFO: [ app_end ] --END-- [ RunTime:0.000438s ]

[ 2019-10-16T17:04:46+08:00 ] 125.40.27.102 /manage/Index/index
INFO: [ app_init ] --START--
INFO: Run Behavior\BuildLiteBehavior [ RunTime:0.000017s ]
INFO: [ app_init ] --END-- [ RunTime:0.000282s ]
INFO: [ app_begin ] --START--
INFO: Run Behavior\ReadHtmlCacheBehavior [ RunTime:0.000310s ]
INFO: [ app_begin ] --END-- [ RunTime:0.000345s ]
INFO: [ view_parse ] --START--
INFO: [ template_filter ] --START--
INFO: Run Behavior\ContentReplaceBehavior [ RunTime:0.000131s ]
INFO: [ template_filter ] --END-- [ RunTime:0.000181s ]
NOTIC: [2] Illegal string offset '_data' /home/wwwroot/pay/domain/hzf.xiaohouzhi.com/web/App/Runtime/Cache/System/f78edd0f26ea20fdaa80e27a451df494.php 第 152 行.
NOTIC: [2] Illegal string offset '_data' /home/wwwroot/pay/domain/hzf.xiaohouzhi.com/web/App/Runtime/Cache/System/f78edd0f26ea20fdaa80e27a451df494.php 第 152 行.
NOTIC: [8] Undefined offset: 1 /home/wwwroot/pay/domain/hzf.xiaohouzhi.com/web/App/Runtime/Cache/System/f78edd0f26ea20fdaa80e27a451df494.php 第 152 行.
NOTIC: [2] Illegal string offset '_data' /home/wwwroot/pay/domain/hzf.xiaohouzhi.com/web/App/Runtime/Cache/System/f78edd0f26ea20fdaa80e27a451df494.php 第 152 行.
NOTIC: [2] Illegal string offset '_data' /home/wwwroot/pay/domain/hzf.xiaohouzhi.com/web/App/Runtime/Cache/System/f78edd0f26ea20fdaa80e27a451df494.php 第 152 行.
NOTIC: [8] Undefined offset: 1 /home/wwwroot/pay/domain/hzf.xiaohouzhi.com/web/App/Runtime/Cache/System/f78edd0f26ea20fdaa80e27a451df494.php 第 152 行.
NOTIC: [2] Illegal string offset '_data' /home/wwwroot/pay/domain/hzf.xiaohouzhi.com/web/App/Runtime/Cache/System/f78edd0f26ea20fdaa80e27a451df494.php 第 152 行.
NOTIC: [2] Illegal string offset '_data' /home/wwwroot/pay/domain/hzf.xiaohouzhi.com/web/App/Runtime/Cache/System/f78edd0f26ea20fdaa80e27a451df494.php 第 152 行.
NOTIC: [8] Undefined offset: 1 /home/wwwroot/pay/domain/hzf.xiaohouzhi.com/web/App/Runtime/Cache/System/f78edd0f26ea20fdaa80e27a451df494.php 第 152 行.
NOTIC: [2] Illegal string offset '_data' /home/wwwroot/pay/domain/hzf.xiaohouzhi.com/web/App/Runtime/Cache/System/f78edd0f26ea20fdaa80e27a451df494.php 第 152 行.
NOTIC: [2] Illegal string offset '_data' /home/wwwroot/pay/domain/hzf.xiaohouzhi.com/web/App/Runtime/Cache/System/f78edd0f26ea20fdaa80e27a451df494.php 第 152 行.
NOTIC: [8] Undefined offset: 1 /home/wwwroot/pay/domain/hzf.xiaohouzhi.com/web/App/Runtime/Cache/System/f78edd0f26ea20fdaa80e27a451df494.php 第 152 行.
NOTIC: [2] Illegal string offset '_data' /home/wwwroot/pay/domain/hzf.xiaohouzhi.com/web/App/Runtime/Cache/System/f78edd0f26ea20fdaa80e27a451df494.php 第 152 行.
NOTIC: [2] Illegal string offset '_data' /home/wwwroot/pay/domain/hzf.xiaohouzhi.com/web/App/Runtime/Cache/System/f78edd0f26ea20fdaa80e27a451df494.php 第 152 行.
NOTIC: [8] Undefined offset: 1 /home/wwwroot/pay/domain/hzf.xiaohouzhi.com/web/App/Runtime/Cache/System/f78edd0f26ea20fdaa80e27a451df494.php 第 152 行.
NOTIC: [2] Illegal string offset '_data' /home/wwwroot/pay/domain/hzf.xiaohouzhi.com/web/App/Runtime/Cache/System/f78edd0f26ea20fdaa80e27a451df494.php 第 152 行.
NOTIC: [2] Illegal string offset '_data' /home/wwwroot/pay/domain/hzf.xiaohouzhi.com/web/App/Runtime/Cache/System/f78edd0f26ea20fdaa80e27a451df494.php 第 152 行.
NOTIC: [8] Undefined offset: 1 /home/wwwroot/pay/domain/hzf.xiaohouzhi.com/web/App/Runtime/Cache/System/f78edd0f26ea20fdaa80e27a451df494.php 第 152 行.
NOTIC: [2] Illegal string offset '_data' /home/wwwroot/pay/domain/hzf.xiaohouzhi.com/web/App/Runtime/Cache/System/f78edd0f26ea20fdaa80e27a451df494.php 第 152 行.
NOTIC: [2] Illegal string offset '_data' /home/wwwroot/pay/domain/hzf.xiaohouzhi.com/web/App/Runtime/Cache/System/f78edd0f26ea20fdaa80e27a451df494.php 第 152 行.
NOTIC: [8] Undefined offset: 1 /home/wwwroot/pay/domain/hzf.xiaohouzhi.com/web/App/Runtime/Cache/System/f78edd0f26ea20fdaa80e27a451df494.php 第 152 行.
NOTIC: [2] Illegal string offset '_data' /home/wwwroot/pay/domain/hzf.xiaohouzhi.com/web/App/Runtime/Cache/System/f78edd0f26ea20fdaa80e27a451df494.php 第 152 行.
NOTIC: [2] Illegal string offset '_data' /home/wwwroot/pay/domain/hzf.xiaohouzhi.com/web/App/Runtime/Cache/System/f78edd0f26ea20fdaa80e27a451df494.php 第 152 行.
NOTIC: [8] Undefined offset: 1 /home/wwwroot/pay/domain/hzf.xiaohouzhi.com/web/App/Runtime/Cache/System/f78edd0f26ea20fdaa80e27a451df494.php 第 152 行.
INFO: Run Behavior\ParseTemplateBehavior [ RunTime:0.019534s ]
INFO: [ view_parse ] --END-- [ RunTime:0.019592s ]
INFO: [ view_filter ] --START--
INFO: Run Behavior\WriteHtmlCacheBehavior [ RunTime:0.000160s ]
INFO: Run Behavior\TokenBuildBehavior [ RunTime:0.000417s ]
INFO: [ view_filter ] --END-- [ RunTime:0.000632s ]
INFO: [ app_end ] --START--
INFO: Run Behavior\ShowPageTraceBehavior [ RunTime:0.000329s ]
INFO: [ app_end ] --END-- [ RunTime:0.000358s ]

[ 2019-10-16T17:08:46+08:00 ] 125.40.27.102 /manage/Index/index
INFO: [ app_init ] --START--
INFO: Run Behavior\BuildLiteBehavior [ RunTime:0.000012s ]
INFO: [ app_init ] --END-- [ RunTime:0.000263s ]
INFO: [ app_begin ] --START--
INFO: Run Behavior\ReadHtmlCacheBehavior [ RunTime:0.000299s ]
INFO: [ app_begin ] --END-- [ RunTime:0.000336s ]
INFO: [ view_parse ] --START--
INFO: [ template_filter ] --START--
INFO: Run Behavior\ContentReplaceBehavior [ RunTime:0.000122s ]
INFO: [ template_filter ] --END-- [ RunTime:0.000167s ]
NOTIC: [2] Illegal string offset '_data' /home/wwwroot/pay/domain/hzf.xiaohouzhi.com/web/App/Runtime/Cache/System/f78edd0f26ea20fdaa80e27a451df494.php 第 152 行.
NOTIC: [2] Illegal string offset '_data' /home/wwwroot/pay/domain/hzf.xiaohouzhi.com/web/App/Runtime/Cache/System/f78edd0f26ea20fdaa80e27a451df494.php 第 152 行.
NOTIC: [8] Undefined offset: 1 /home/wwwroot/pay/domain/hzf.xiaohouzhi.com/web/App/Runtime/Cache/System/f78edd0f26ea20fdaa80e27a451df494.php 第 152 行.
NOTIC: [2] Illegal string offset '_data' /home/wwwroot/pay/domain/hzf.xiaohouzhi.com/web/App/Runtime/Cache/System/f78edd0f26ea20fdaa80e27a451df494.php 第 152 行.
NOTIC: [2] Illegal string offset '_data' /home/wwwroot/pay/domain/hzf.xiaohouzhi.com/web/App/Runtime/Cache/System/f78edd0f26ea20fdaa80e27a451df494.php 第 152 行.
NOTIC: [8] Undefined offset: 1 /home/wwwroot/pay/domain/hzf.xiaohouzhi.com/web/App/Runtime/Cache/System/f78edd0f26ea20fdaa80e27a451df494.php 第 152 行.
NOTIC: [2] Illegal string offset '_data' /home/wwwroot/pay/domain/hzf.xiaohouzhi.com/web/App/Runtime/Cache/System/f78edd0f26ea20fdaa80e27a451df494.php 第 152 行.
NOTIC: [2] Illegal string offset '_data' /home/wwwroot/pay/domain/hzf.xiaohouzhi.com/web/App/Runtime/Cache/System/f78edd0f26ea20fdaa80e27a451df494.php 第 152 行.
NOTIC: [8] Undefined offset: 1 /home/wwwroot/pay/domain/hzf.xiaohouzhi.com/web/App/Runtime/Cache/System/f78edd0f26ea20fdaa80e27a451df494.php 第 152 行.
NOTIC: [2] Illegal string offset '_data' /home/wwwroot/pay/domain/hzf.xiaohouzhi.com/web/App/Runtime/Cache/System/f78edd0f26ea20fdaa80e27a451df494.php 第 152 行.
NOTIC: [2] Illegal string offset '_data' /home/wwwroot/pay/domain/hzf.xiaohouzhi.com/web/App/Runtime/Cache/System/f78edd0f26ea20fdaa80e27a451df494.php 第 152 行.
NOTIC: [8] Undefined offset: 1 /home/wwwroot/pay/domain/hzf.xiaohouzhi.com/web/App/Runtime/Cache/System/f78edd0f26ea20fdaa80e27a451df494.php 第 152 行.
NOTIC: [2] Illegal string offset '_data' /home/wwwroot/pay/domain/hzf.xiaohouzhi.com/web/App/Runtime/Cache/System/f78edd0f26ea20fdaa80e27a451df494.php 第 152 行.
NOTIC: [2] Illegal string offset '_data' /home/wwwroot/pay/domain/hzf.xiaohouzhi.com/web/App/Runtime/Cache/System/f78edd0f26ea20fdaa80e27a451df494.php 第 152 行.
NOTIC: [8] Undefined offset: 1 /home/wwwroot/pay/domain/hzf.xiaohouzhi.com/web/App/Runtime/Cache/System/f78edd0f26ea20fdaa80e27a451df494.php 第 152 行.
NOTIC: [2] Illegal string offset '_data' /home/wwwroot/pay/domain/hzf.xiaohouzhi.com/web/App/Runtime/Cache/System/f78edd0f26ea20fdaa80e27a451df494.php 第 152 行.
NOTIC: [2] Illegal string offset '_data' /home/wwwroot/pay/domain/hzf.xiaohouzhi.com/web/App/Runtime/Cache/System/f78edd0f26ea20fdaa80e27a451df494.php 第 152 行.
NOTIC: [8] Undefined offset: 1 /home/wwwroot/pay/domain/hzf.xiaohouzhi.com/web/App/Runtime/Cache/System/f78edd0f26ea20fdaa80e27a451df494.php 第 152 行.
NOTIC: [2] Illegal string offset '_data' /home/wwwroot/pay/domain/hzf.xiaohouzhi.com/web/App/Runtime/Cache/System/f78edd0f26ea20fdaa80e27a451df494.php 第 152 行.
NOTIC: [2] Illegal string offset '_data' /home/wwwroot/pay/domain/hzf.xiaohouzhi.com/web/App/Runtime/Cache/System/f78edd0f26ea20fdaa80e27a451df494.php 第 152 行.
NOTIC: [8] Undefined offset: 1 /home/wwwroot/pay/domain/hzf.xiaohouzhi.com/web/App/Runtime/Cache/System/f78edd0f26ea20fdaa80e27a451df494.php 第 152 行.
NOTIC: [2] Illegal string offset '_data' /home/wwwroot/pay/domain/hzf.xiaohouzhi.com/web/App/Runtime/Cache/System/f78edd0f26ea20fdaa80e27a451df494.php 第 152 行.
NOTIC: [2] Illegal string offset '_data' /home/wwwroot/pay/domain/hzf.xiaohouzhi.com/web/App/Runtime/Cache/System/f78edd0f26ea20fdaa80e27a451df494.php 第 152 行.
NOTIC: [8] Undefined offset: 1 /home/wwwroot/pay/domain/hzf.xiaohouzhi.com/web/App/Runtime/Cache/System/f78edd0f26ea20fdaa80e27a451df494.php 第 152 行.
INFO: Run Behavior\ParseTemplateBehavior [ RunTime:0.016574s ]
INFO: [ view_parse ] --END-- [ RunTime:0.016615s ]
INFO: [ view_filter ] --START--
INFO: Run Behavior\WriteHtmlCacheBehavior [ RunTime:0.000151s ]
INFO: Run Behavior\TokenBuildBehavior [ RunTime:0.000358s ]
INFO: [ view_filter ] --END-- [ RunTime:0.000550s ]
INFO: [ app_end ] --START--
INFO: Run Behavior\ShowPageTraceBehavior [ RunTime:0.000331s ]
INFO: [ app_end ] --END-- [ RunTime:0.000359s ]

[ 2019-10-16T17:08:49+08:00 ] 125.40.27.102 /manage/Alleys/lists
INFO: [ app_init ] --START--
INFO: Run Behavior\BuildLiteBehavior [ RunTime:0.000013s ]
INFO: [ app_init ] --END-- [ RunTime:0.000227s ]
INFO: [ app_begin ] --START--
INFO: Run Behavior\ReadHtmlCacheBehavior [ RunTime:0.000416s ]
INFO: [ app_begin ] --END-- [ RunTime:0.000463s ]
NOTIC: [8] Undefined variable: map /home/wwwroot/pay/domain/hzf.xiaohouzhi.com/web/App/System/Controller/AlleysController.class.php 第 34 行.
NOTIC: [8] Undefined variable: map /home/wwwroot/pay/domain/hzf.xiaohouzhi.com/web/App/System/Controller/AlleysController.class.php 第 37 行.
INFO: [ view_parse ] --START--
NOTIC: [8] Undefined offset: 1 /home/wwwroot/pay/domain/hzf.xiaohouzhi.com/web/ThinkPHP/Library/Think/Template.class.php 第 527 行.
INFO: [ template_filter ] --START--
INFO: Run Behavior\ContentReplaceBehavior [ RunTime:0.000099s ]
INFO: [ template_filter ] --END-- [ RunTime:0.000148s ]
NOTIC: [2] Illegal string offset '_data' /home/wwwroot/pay/domain/hzf.xiaohouzhi.com/web/App/Runtime/Cache/System/15c587cad424a6c7e0a0d2fdcaf1689c.php 第 152 行.
NOTIC: [2] Illegal string offset '_data' /home/wwwroot/pay/domain/hzf.xiaohouzhi.com/web/App/Runtime/Cache/System/15c587cad424a6c7e0a0d2fdcaf1689c.php 第 152 行.
NOTIC: [8] Undefined offset: 1 /home/wwwroot/pay/domain/hzf.xiaohouzhi.com/web/App/Runtime/Cache/System/15c587cad424a6c7e0a0d2fdcaf1689c.php 第 152 行.
NOTIC: [2] Illegal string offset '_data' /home/wwwroot/pay/domain/hzf.xiaohouzhi.com/web/App/Runtime/Cache/System/15c587cad424a6c7e0a0d2fdcaf1689c.php 第 152 行.
NOTIC: [2] Illegal string offset '_data' /home/wwwroot/pay/domain/hzf.xiaohouzhi.com/web/App/Runtime/Cache/System/15c587cad424a6c7e0a0d2fdcaf1689c.php 第 152 行.
NOTIC: [8] Undefined offset: 1 /home/wwwroot/pay/domain/hzf.xiaohouzhi.com/web/App/Runtime/Cache/System/15c587cad424a6c7e0a0d2fdcaf1689c.php 第 152 行.
NOTIC: [2] Illegal string offset '_data' /home/wwwroot/pay/domain/hzf.xiaohouzhi.com/web/App/Runtime/Cache/System/15c587cad424a6c7e0a0d2fdcaf1689c.php 第 152 行.
NOTIC: [2] Illegal string offset '_data' /home/wwwroot/pay/domain/hzf.xiaohouzhi.com/web/App/Runtime/Cache/System/15c587cad424a6c7e0a0d2fdcaf1689c.php 第 152 行.
NOTIC: [8] Undefined offset: 1 /home/wwwroot/pay/domain/hzf.xiaohouzhi.com/web/App/Runtime/Cache/System/15c587cad424a6c7e0a0d2fdcaf1689c.php 第 152 行.
NOTIC: [2] Illegal string offset '_data' /home/wwwroot/pay/domain/hzf.xiaohouzhi.com/web/App/Runtime/Cache/System/15c587cad424a6c7e0a0d2fdcaf1689c.php 第 152 行.
NOTIC: [2] Illegal string offset '_data' /home/wwwroot/pay/domain/hzf.xiaohouzhi.com/web/App/Runtime/Cache/System/15c587cad424a6c7e0a0d2fdcaf1689c.php 第 152 行.
NOTIC: [8] Undefined offset: 1 /home/wwwroot/pay/domain/hzf.xiaohouzhi.com/web/App/Runtime/Cache/System/15c587cad424a6c7e0a0d2fdcaf1689c.php 第 152 行.
NOTIC: [2] Illegal string offset '_data' /home/wwwroot/pay/domain/hzf.xiaohouzhi.com/web/App/Runtime/Cache/System/15c587cad424a6c7e0a0d2fdcaf1689c.php 第 152 行.
NOTIC: [2] Illegal string offset '_data' /home/wwwroot/pay/domain/hzf.xiaohouzhi.com/web/App/Runtime/Cache/System/15c587cad424a6c7e0a0d2fdcaf1689c.php 第 152 行.
NOTIC: [8] Undefined offset: 1 /home/wwwroot/pay/domain/hzf.xiaohouzhi.com/web/App/Runtime/Cache/System/15c587cad424a6c7e0a0d2fdcaf1689c.php 第 152 行.
NOTIC: [2] Illegal string offset '_data' /home/wwwroot/pay/domain/hzf.xiaohouzhi.com/web/App/Runtime/Cache/System/15c587cad424a6c7e0a0d2fdcaf1689c.php 第 152 行.
NOTIC: [2] Illegal string offset '_data' /home/wwwroot/pay/domain/hzf.xiaohouzhi.com/web/App/Runtime/Cache/System/15c587cad424a6c7e0a0d2fdcaf1689c.php 第 152 行.
NOTIC: [8] Undefined offset: 1 /home/wwwroot/pay/domain/hzf.xiaohouzhi.com/web/App/Runtime/Cache/System/15c587cad424a6c7e0a0d2fdcaf1689c.php 第 152 行.
NOTIC: [2] Illegal string offset '_data' /home/wwwroot/pay/domain/hzf.xiaohouzhi.com/web/App/Runtime/Cache/System/15c587cad424a6c7e0a0d2fdcaf1689c.php 第 152 行.
NOTIC: [2] Illegal string offset '_data' /home/wwwroot/pay/domain/hzf.xiaohouzhi.com/web/App/Runtime/Cache/System/15c587cad424a6c7e0a0d2fdcaf1689c.php 第 152 行.
NOTIC: [8] Undefined offset: 1 /home/wwwroot/pay/domain/hzf.xiaohouzhi.com/web/App/Runtime/Cache/System/15c587cad424a6c7e0a0d2fdcaf1689c.php 第 152 行.
NOTIC: [2] Illegal string offset '_data' /home/wwwroot/pay/domain/hzf.xiaohouzhi.com/web/App/Runtime/Cache/System/15c587cad424a6c7e0a0d2fdcaf1689c.php 第 152 行.
NOTIC: [2] Illegal string offset '_data' /home/wwwroot/pay/domain/hzf.xiaohouzhi.com/web/App/Runtime/Cache/System/15c587cad424a6c7e0a0d2fdcaf1689c.php 第 152 行.
NOTIC: [8] Undefined offset: 1 /home/wwwroot/pay/domain/hzf.xiaohouzhi.com/web/App/Runtime/Cache/System/15c587cad424a6c7e0a0d2fdcaf1689c.php 第 152 行.
INFO: Run Behavior\ParseTemplateBehavior [ RunTime:0.027283s ]
INFO: [ view_parse ] --END-- [ RunTime:0.027322s ]
INFO: [ view_filter ] --START--
INFO: Run Behavior\WriteHtmlCacheBehavior [ RunTime:0.000135s ]
INFO: Run Behavior\TokenBuildBehavior [ RunTime:0.000429s ]
INFO: [ view_filter ] --END-- [ RunTime:0.000610s ]
INFO: [ app_end ] --START--
INFO: Run Behavior\ShowPageTraceBehavior [ RunTime:0.000324s ]
INFO: [ app_end ] --END-- [ RunTime:0.000360s ]

[ 2019-10-16T17:08:52+08:00 ] 125.40.27.102 /manage/Extend/brand
INFO: [ app_init ] --START--
INFO: Run Behavior\BuildLiteBehavior [ RunTime:0.000014s ]
INFO: [ app_init ] --END-- [ RunTime:0.000302s ]
INFO: [ app_begin ] --START--
INFO: Run Behavior\ReadHtmlCacheBehavior [ RunTime:0.000386s ]
INFO: [ app_begin ] --END-- [ RunTime:0.000433s ]
NOTIC: [8] Undefined variable: map /home/wwwroot/pay/domain/hzf.xiaohouzhi.com/web/App/System/Controller/ExtendController.class.php 第 111 行.
NOTIC: [8] Undefined variable: map /home/wwwroot/pay/domain/hzf.xiaohouzhi.com/web/App/System/Controller/ExtendController.class.php 第 114 行.
INFO: [ view_parse ] --START--
NOTIC: [8] Undefined offset: 1 /home/wwwroot/pay/domain/hzf.xiaohouzhi.com/web/ThinkPHP/Library/Think/Template.class.php 第 527 行.
INFO: [ template_filter ] --START--
INFO: Run Behavior\ContentReplaceBehavior [ RunTime:0.000193s ]
INFO: [ template_filter ] --END-- [ RunTime:0.000249s ]
NOTIC: [2] Illegal string offset '_data' /home/wwwroot/pay/domain/hzf.xiaohouzhi.com/web/App/Runtime/Cache/System/61c1f59a688b74834e6b8249fbac4563.php 第 152 行.
NOTIC: [2] Illegal string offset '_data' /home/wwwroot/pay/domain/hzf.xiaohouzhi.com/web/App/Runtime/Cache/System/61c1f59a688b74834e6b8249fbac4563.php 第 152 行.
NOTIC: [8] Undefined offset: 1 /home/wwwroot/pay/domain/hzf.xiaohouzhi.com/web/App/Runtime/Cache/System/61c1f59a688b74834e6b8249fbac4563.php 第 152 行.
NOTIC: [2] Illegal string offset '_data' /home/wwwroot/pay/domain/hzf.xiaohouzhi.com/web/App/Runtime/Cache/System/61c1f59a688b74834e6b8249fbac4563.php 第 152 行.
NOTIC: [2] Illegal string offset '_data' /home/wwwroot/pay/domain/hzf.xiaohouzhi.com/web/App/Runtime/Cache/System/61c1f59a688b74834e6b8249fbac4563.php 第 152 行.
NOTIC: [8] Undefined offset: 1 /home/wwwroot/pay/domain/hzf.xiaohouzhi.com/web/App/Runtime/Cache/System/61c1f59a688b74834e6b8249fbac4563.php 第 152 行.
NOTIC: [2] Illegal string offset '_data' /home/wwwroot/pay/domain/hzf.xiaohouzhi.com/web/App/Runtime/Cache/System/61c1f59a688b74834e6b8249fbac4563.php 第 152 行.
NOTIC: [2] Illegal string offset '_data' /home/wwwroot/pay/domain/hzf.xiaohouzhi.com/web/App/Runtime/Cache/System/61c1f59a688b74834e6b8249fbac4563.php 第 152 行.
NOTIC: [8] Undefined offset: 1 /home/wwwroot/pay/domain/hzf.xiaohouzhi.com/web/App/Runtime/Cache/System/61c1f59a688b74834e6b8249fbac4563.php 第 152 行.
NOTIC: [2] Illegal string offset '_data' /home/wwwroot/pay/domain/hzf.xiaohouzhi.com/web/App/Runtime/Cache/System/61c1f59a688b74834e6b8249fbac4563.php 第 152 行.
NOTIC: [2] Illegal string offset '_data' /home/wwwroot/pay/domain/hzf.xiaohouzhi.com/web/App/Runtime/Cache/System/61c1f59a688b74834e6b8249fbac4563.php 第 152 行.
NOTIC: [8] Undefined offset: 1 /home/wwwroot/pay/domain/hzf.xiaohouzhi.com/web/App/Runtime/Cache/System/61c1f59a688b74834e6b8249fbac4563.php 第 152 行.
NOTIC: [2] Illegal string offset '_data' /home/wwwroot/pay/domain/hzf.xiaohouzhi.com/web/App/Runtime/Cache/System/61c1f59a688b74834e6b8249fbac4563.php 第 152 行.
NOTIC: [2] Illegal string offset '_data' /home/wwwroot/pay/domain/hzf.xiaohouzhi.com/web/App/Runtime/Cache/System/61c1f59a688b74834e6b8249fbac4563.php 第 152 行.
NOTIC: [8] Undefined offset: 1 /home/wwwroot/pay/domain/hzf.xiaohouzhi.com/web/App/Runtime/Cache/System/61c1f59a688b74834e6b8249fbac4563.php 第 152 行.
NOTIC: [2] Illegal string offset '_data' /home/wwwroot/pay/domain/hzf.xiaohouzhi.com/web/App/Runtime/Cache/System/61c1f59a688b74834e6b8249fbac4563.php 第 152 行.
NOTIC: [2] Illegal string offset '_data' /home/wwwroot/pay/domain/hzf.xiaohouzhi.com/web/App/Runtime/Cache/System/61c1f59a688b74834e6b8249fbac4563.php 第 152 行.
NOTIC: [8] Undefined offset: 1 /home/wwwroot/pay/domain/hzf.xiaohouzhi.com/web/App/Runtime/Cache/System/61c1f59a688b74834e6b8249fbac4563.php 第 152 行.
NOTIC: [2] Illegal string offset '_data' /home/wwwroot/pay/domain/hzf.xiaohouzhi.com/web/App/Runtime/Cache/System/61c1f59a688b74834e6b8249fbac4563.php 第 152 行.
NOTIC: [2] Illegal string offset '_data' /home/wwwroot/pay/domain/hzf.xiaohouzhi.com/web/App/Runtime/Cache/System/61c1f59a688b74834e6b8249fbac4563.php 第 152 行.
NOTIC: [8] Undefined offset: 1 /home/wwwroot/pay/domain/hzf.xiaohouzhi.com/web/App/Runtime/Cache/System/61c1f59a688b74834e6b8249fbac4563.php 第 152 行.
NOTIC: [2] Illegal string offset '_data' /home/wwwroot/pay/domain/hzf.xiaohouzhi.com/web/App/Runtime/Cache/System/61c1f59a688b74834e6b8249fbac4563.php 第 152 行.
NOTIC: [2] Illegal string offset '_data' /home/wwwroot/pay/domain/hzf.xiaohouzhi.com/web/App/Runtime/Cache/System/61c1f59a688b74834e6b8249fbac4563.php 第 152 行.
NOTIC: [8] Undefined offset: 1 /home/wwwroot/pay/domain/hzf.xiaohouzhi.com/web/App/Runtime/Cache/System/61c1f59a688b74834e6b8249fbac4563.php 第 152 行.
INFO: Run Behavior\ParseTemplateBehavior [ RunTime:0.024363s ]
INFO: [ view_parse ] --END-- [ RunTime:0.024421s ]
INFO: [ view_filter ] --START--
INFO: Run Behavior\WriteHtmlCacheBehavior [ RunTime:0.000156s ]
INFO: Run Behavior\TokenBuildBehavior [ RunTime:0.000429s ]
INFO: [ view_filter ] --END-- [ RunTime:0.000632s ]
INFO: [ app_end ] --START--
INFO: Run Behavior\ShowPageTraceBehavior [ RunTime:0.000362s ]
INFO: [ app_end ] --END-- [ RunTime:0.000400s ]

[ 2019-10-16T17:08:53+08:00 ] 125.40.27.102 /manage/Extend/api/id/1
INFO: [ app_init ] --START--
INFO: Run Behavior\BuildLiteBehavior [ RunTime:0.000012s ]
INFO: [ app_init ] --END-- [ RunTime:0.000216s ]
INFO: [ app_begin ] --START--
INFO: Run Behavior\ReadHtmlCacheBehavior [ RunTime:0.000270s ]
INFO: [ app_begin ] --END-- [ RunTime:0.000300s ]
INFO: [ view_parse ] --START--
NOTIC: [8] Undefined offset: 1 /home/wwwroot/pay/domain/hzf.xiaohouzhi.com/web/ThinkPHP/Library/Think/Template.class.php 第 527 行.
INFO: [ template_filter ] --START--
INFO: Run Behavior\ContentReplaceBehavior [ RunTime:0.000116s ]
INFO: [ template_filter ] --END-- [ RunTime:0.000164s ]
NOTIC: [2] Illegal string offset '_data' /home/wwwroot/pay/domain/hzf.xiaohouzhi.com/web/App/Runtime/Cache/System/abfab9dca25c02e55bf30f23b010808b.php 第 152 行.
NOTIC: [2] Illegal string offset '_data' /home/wwwroot/pay/domain/hzf.xiaohouzhi.com/web/App/Runtime/Cache/System/abfab9dca25c02e55bf30f23b010808b.php 第 152 行.
NOTIC: [8] Undefined offset: 1 /home/wwwroot/pay/domain/hzf.xiaohouzhi.com/web/App/Runtime/Cache/System/abfab9dca25c02e55bf30f23b010808b.php 第 152 行.
NOTIC: [2] Illegal string offset '_data' /home/wwwroot/pay/domain/hzf.xiaohouzhi.com/web/App/Runtime/Cache/System/abfab9dca25c02e55bf30f23b010808b.php 第 152 行.
NOTIC: [2] Illegal string offset '_data' /home/wwwroot/pay/domain/hzf.xiaohouzhi.com/web/App/Runtime/Cache/System/abfab9dca25c02e55bf30f23b010808b.php 第 152 行.
NOTIC: [8] Undefined offset: 1 /home/wwwroot/pay/domain/hzf.xiaohouzhi.com/web/App/Runtime/Cache/System/abfab9dca25c02e55bf30f23b010808b.php 第 152 行.
NOTIC: [2] Illegal string offset '_data' /home/wwwroot/pay/domain/hzf.xiaohouzhi.com/web/App/Runtime/Cache/System/abfab9dca25c02e55bf30f23b010808b.php 第 152 行.
NOTIC: [2] Illegal string offset '_data' /home/wwwroot/pay/domain/hzf.xiaohouzhi.com/web/App/Runtime/Cache/System/abfab9dca25c02e55bf30f23b010808b.php 第 152 行.
NOTIC: [8] Undefined offset: 1 /home/wwwroot/pay/domain/hzf.xiaohouzhi.com/web/App/Runtime/Cache/System/abfab9dca25c02e55bf30f23b010808b.php 第 152 行.
NOTIC: [2] Illegal string offset '_data' /home/wwwroot/pay/domain/hzf.xiaohouzhi.com/web/App/Runtime/Cache/System/abfab9dca25c02e55bf30f23b010808b.php 第 152 行.
NOTIC: [2] Illegal string offset '_data' /home/wwwroot/pay/domain/hzf.xiaohouzhi.com/web/App/Runtime/Cache/System/abfab9dca25c02e55bf30f23b010808b.php 第 152 行.
NOTIC: [8] Undefined offset: 1 /home/wwwroot/pay/domain/hzf.xiaohouzhi.com/web/App/Runtime/Cache/System/abfab9dca25c02e55bf30f23b010808b.php 第 152 行.
NOTIC: [2] Illegal string offset '_data' /home/wwwroot/pay/domain/hzf.xiaohouzhi.com/web/App/Runtime/Cache/System/abfab9dca25c02e55bf30f23b010808b.php 第 152 行.
NOTIC: [2] Illegal string offset '_data' /home/wwwroot/pay/domain/hzf.xiaohouzhi.com/web/App/Runtime/Cache/System/abfab9dca25c02e55bf30f23b010808b.php 第 152 行.
NOTIC: [8] Undefined offset: 1 /home/wwwroot/pay/domain/hzf.xiaohouzhi.com/web/App/Runtime/Cache/System/abfab9dca25c02e55bf30f23b010808b.php 第 152 行.
NOTIC: [2] Illegal string offset '_data' /home/wwwroot/pay/domain/hzf.xiaohouzhi.com/web/App/Runtime/Cache/System/abfab9dca25c02e55bf30f23b010808b.php 第 152 行.
NOTIC: [2] Illegal string offset '_data' /home/wwwroot/pay/domain/hzf.xiaohouzhi.com/web/App/Runtime/Cache/System/abfab9dca25c02e55bf30f23b010808b.php 第 152 行.
NOTIC: [8] Undefined offset: 1 /home/wwwroot/pay/domain/hzf.xiaohouzhi.com/web/App/Runtime/Cache/System/abfab9dca25c02e55bf30f23b010808b.php 第 152 行.
NOTIC: [2] Illegal string offset '_data' /home/wwwroot/pay/domain/hzf.xiaohouzhi.com/web/App/Runtime/Cache/System/abfab9dca25c02e55bf30f23b010808b.php 第 152 行.
NOTIC: [2] Illegal string offset '_data' /home/wwwroot/pay/domain/hzf.xiaohouzhi.com/web/App/Runtime/Cache/System/abfab9dca25c02e55bf30f23b010808b.php 第 152 行.
NOTIC: [8] Undefined offset: 1 /home/wwwroot/pay/domain/hzf.xiaohouzhi.com/web/App/Runtime/Cache/System/abfab9dca25c02e55bf30f23b010808b.php 第 152 行.
NOTIC: [2] Illegal string offset '_data' /home/wwwroot/pay/domain/hzf.xiaohouzhi.com/web/App/Runtime/Cache/System/abfab9dca25c02e55bf30f23b010808b.php 第 152 行.
NOTIC: [2] Illegal string offset '_data' /home/wwwroot/pay/domain/hzf.xiaohouzhi.com/web/App/Runtime/Cache/System/abfab9dca25c02e55bf30f23b010808b.php 第 152 行.
NOTIC: [8] Undefined offset: 1 /home/wwwroot/pay/domain/hzf.xiaohouzhi.com/web/App/Runtime/Cache/System/abfab9dca25c02e55bf30f23b010808b.php 第 152 行.
INFO: Run Behavior\ParseTemplateBehavior [ RunTime:0.015761s ]
INFO: [ view_parse ] --END-- [ RunTime:0.015799s ]
INFO: [ view_filter ] --START--
INFO: Run Behavior\WriteHtmlCacheBehavior [ RunTime:0.000131s ]
INFO: Run Behavior\TokenBuildBehavior [ RunTime:0.000331s ]
INFO: [ view_filter ] --END-- [ RunTime:0.000522s ]
INFO: [ app_end ] --START--
INFO: Run Behavior\ShowPageTraceBehavior [ RunTime:0.000345s ]
INFO: [ app_end ] --END-- [ RunTime:0.000375s ]

[ 2019-10-16T17:08:58+08:00 ] 125.40.27.102 /manage/Extend/add_alleys
INFO: [ app_init ] --START--
INFO: Run Behavior\BuildLiteBehavior [ RunTime:0.000012s ]
INFO: [ app_init ] --END-- [ RunTime:0.000223s ]
INFO: [ app_begin ] --START--
INFO: Run Behavior\ReadHtmlCacheBehavior [ RunTime:0.000295s ]
INFO: [ app_begin ] --END-- [ RunTime:0.000329s ]

[ 2019-10-16T17:08:59+08:00 ] 125.40.27.102 /manage/Extend/api/id/1
INFO: [ app_init ] --START--
INFO: Run Behavior\BuildLiteBehavior [ RunTime:0.000011s ]
INFO: [ app_init ] --END-- [ RunTime:0.000234s ]
INFO: [ app_begin ] --START--
INFO: Run Behavior\ReadHtmlCacheBehavior [ RunTime:0.000292s ]
INFO: [ app_begin ] --END-- [ RunTime:0.000327s ]
INFO: [ view_parse ] --START--
NOTIC: [8] Undefined offset: 1 /home/wwwroot/pay/domain/hzf.xiaohouzhi.com/web/ThinkPHP/Library/Think/Template.class.php 第 527 行.
INFO: [ template_filter ] --START--
INFO: Run Behavior\ContentReplaceBehavior [ RunTime:0.000102s ]
INFO: [ template_filter ] --END-- [ RunTime:0.000144s ]
NOTIC: [2] Illegal string offset '_data' /home/wwwroot/pay/domain/hzf.xiaohouzhi.com/web/App/Runtime/Cache/System/abfab9dca25c02e55bf30f23b010808b.php 第 152 行.
NOTIC: [2] Illegal string offset '_data' /home/wwwroot/pay/domain/hzf.xiaohouzhi.com/web/App/Runtime/Cache/System/abfab9dca25c02e55bf30f23b010808b.php 第 152 行.
NOTIC: [8] Undefined offset: 1 /home/wwwroot/pay/domain/hzf.xiaohouzhi.com/web/App/Runtime/Cache/System/abfab9dca25c02e55bf30f23b010808b.php 第 152 行.
NOTIC: [2] Illegal string offset '_data' /home/wwwroot/pay/domain/hzf.xiaohouzhi.com/web/App/Runtime/Cache/System/abfab9dca25c02e55bf30f23b010808b.php 第 152 行.
NOTIC: [2] Illegal string offset '_data' /home/wwwroot/pay/domain/hzf.xiaohouzhi.com/web/App/Runtime/Cache/System/abfab9dca25c02e55bf30f23b010808b.php 第 152 行.
NOTIC: [8] Undefined offset: 1 /home/wwwroot/pay/domain/hzf.xiaohouzhi.com/web/App/Runtime/Cache/System/abfab9dca25c02e55bf30f23b010808b.php 第 152 行.
NOTIC: [2] Illegal string offset '_data' /home/wwwroot/pay/domain/hzf.xiaohouzhi.com/web/App/Runtime/Cache/System/abfab9dca25c02e55bf30f23b010808b.php 第 152 行.
NOTIC: [2] Illegal string offset '_data' /home/wwwroot/pay/domain/hzf.xiaohouzhi.com/web/App/Runtime/Cache/System/abfab9dca25c02e55bf30f23b010808b.php 第 152 行.
NOTIC: [8] Undefined offset: 1 /home/wwwroot/pay/domain/hzf.xiaohouzhi.com/web/App/Runtime/Cache/System/abfab9dca25c02e55bf30f23b010808b.php 第 152 行.
NOTIC: [2] Illegal string offset '_data' /home/wwwroot/pay/domain/hzf.xiaohouzhi.com/web/App/Runtime/Cache/System/abfab9dca25c02e55bf30f23b010808b.php 第 152 行.
NOTIC: [2] Illegal string offset '_data' /home/wwwroot/pay/domain/hzf.xiaohouzhi.com/web/App/Runtime/Cache/System/abfab9dca25c02e55bf30f23b010808b.php 第 152 行.
NOTIC: [8] Undefined offset: 1 /home/wwwroot/pay/domain/hzf.xiaohouzhi.com/web/App/Runtime/Cache/System/abfab9dca25c02e55bf30f23b010808b.php 第 152 行.
NOTIC: [2] Illegal string offset '_data' /home/wwwroot/pay/domain/hzf.xiaohouzhi.com/web/App/Runtime/Cache/System/abfab9dca25c02e55bf30f23b010808b.php 第 152 行.
NOTIC: [2] Illegal string offset '_data' /home/wwwroot/pay/domain/hzf.xiaohouzhi.com/web/App/Runtime/Cache/System/abfab9dca25c02e55bf30f23b010808b.php 第 152 行.
NOTIC: [8] Undefined offset: 1 /home/wwwroot/pay/domain/hzf.xiaohouzhi.com/web/App/Runtime/Cache/System/abfab9dca25c02e55bf30f23b010808b.php 第 152 行.
NOTIC: [2] Illegal string offset '_data' /home/wwwroot/pay/domain/hzf.xiaohouzhi.com/web/App/Runtime/Cache/System/abfab9dca25c02e55bf30f23b010808b.php 第 152 行.
NOTIC: [2] Illegal string offset '_data' /home/wwwroot/pay/domain/hzf.xiaohouzhi.com/web/App/Runtime/Cache/System/abfab9dca25c02e55bf30f23b010808b.php 第 152 行.
NOTIC: [8] Undefined offset: 1 /home/wwwroot/pay/domain/hzf.xiaohouzhi.com/web/App/Runtime/Cache/System/abfab9dca25c02e55bf30f23b010808b.php 第 152 行.
NOTIC: [2] Illegal string offset '_data' /home/wwwroot/pay/domain/hzf.xiaohouzhi.com/web/App/Runtime/Cache/System/abfab9dca25c02e55bf30f23b010808b.php 第 152 行.
NOTIC: [2] Illegal string offset '_data' /home/wwwroot/pay/domain/hzf.xiaohouzhi.com/web/App/Runtime/Cache/System/abfab9dca25c02e55bf30f23b010808b.php 第 152 行.
NOTIC: [8] Undefined offset: 1 /home/wwwroot/pay/domain/hzf.xiaohouzhi.com/web/App/Runtime/Cache/System/abfab9dca25c02e55bf30f23b010808b.php 第 152 行.
NOTIC: [2] Illegal string offset '_data' /home/wwwroot/pay/domain/hzf.xiaohouzhi.com/web/App/Runtime/Cache/System/abfab9dca25c02e55bf30f23b010808b.php 第 152 行.
NOTIC: [2] Illegal string offset '_data' /home/wwwroot/pay/domain/hzf.xiaohouzhi.com/web/App/Runtime/Cache/System/abfab9dca25c02e55bf30f23b010808b.php 第 152 行.
NOTIC: [8] Undefined offset: 1 /home/wwwroot/pay/domain/hzf.xiaohouzhi.com/web/App/Runtime/Cache/System/abfab9dca25c02e55bf30f23b010808b.php 第 152 行.
INFO: Run Behavior\ParseTemplateBehavior [ RunTime:0.014750s ]
INFO: [ view_parse ] --END-- [ RunTime:0.014799s ]
INFO: [ view_filter ] --START--
INFO: Run Behavior\WriteHtmlCacheBehavior [ RunTime:0.000142s ]
INFO: Run Behavior\TokenBuildBehavior [ RunTime:0.000332s ]
INFO: [ view_filter ] --END-- [ RunTime:0.000516s ]
INFO: [ app_end ] --START--
INFO: Run Behavior\ShowPageTraceBehavior [ RunTime:0.000347s ]
INFO: [ app_end ] --END-- [ RunTime:0.000375s ]

[ 2019-10-16T17:31:24+08:00 ] 125.40.27.102 /manage/Index/index
INFO: [ app_init ] --START--
INFO: Run Behavior\BuildLiteBehavior [ RunTime:0.000012s ]
INFO: [ app_init ] --END-- [ RunTime:0.000271s ]
INFO: [ app_begin ] --START--
INFO: Run Behavior\ReadHtmlCacheBehavior [ RunTime:0.000284s ]
INFO: [ app_begin ] --END-- [ RunTime:0.000319s ]
INFO: [ view_parse ] --START--
INFO: [ template_filter ] --START--
INFO: Run Behavior\ContentReplaceBehavior [ RunTime:0.000121s ]
INFO: [ template_filter ] --END-- [ RunTime:0.000169s ]
NOTIC: [2] Illegal string offset '_data' /home/wwwroot/pay/domain/hzf.xiaohouzhi.com/web/App/Runtime/Cache/System/f78edd0f26ea20fdaa80e27a451df494.php 第 152 行.
NOTIC: [2] Illegal string offset '_data' /home/wwwroot/pay/domain/hzf.xiaohouzhi.com/web/App/Runtime/Cache/System/f78edd0f26ea20fdaa80e27a451df494.php 第 152 行.
NOTIC: [8] Undefined offset: 1 /home/wwwroot/pay/domain/hzf.xiaohouzhi.com/web/App/Runtime/Cache/System/f78edd0f26ea20fdaa80e27a451df494.php 第 152 行.
NOTIC: [2] Illegal string offset '_data' /home/wwwroot/pay/domain/hzf.xiaohouzhi.com/web/App/Runtime/Cache/System/f78edd0f26ea20fdaa80e27a451df494.php 第 152 行.
NOTIC: [2] Illegal string offset '_data' /home/wwwroot/pay/domain/hzf.xiaohouzhi.com/web/App/Runtime/Cache/System/f78edd0f26ea20fdaa80e27a451df494.php 第 152 行.
NOTIC: [8] Undefined offset: 1 /home/wwwroot/pay/domain/hzf.xiaohouzhi.com/web/App/Runtime/Cache/System/f78edd0f26ea20fdaa80e27a451df494.php 第 152 行.
NOTIC: [2] Illegal string offset '_data' /home/wwwroot/pay/domain/hzf.xiaohouzhi.com/web/App/Runtime/Cache/System/f78edd0f26ea20fdaa80e27a451df494.php 第 152 行.
NOTIC: [2] Illegal string offset '_data' /home/wwwroot/pay/domain/hzf.xiaohouzhi.com/web/App/Runtime/Cache/System/f78edd0f26ea20fdaa80e27a451df494.php 第 152 行.
NOTIC: [8] Undefined offset: 1 /home/wwwroot/pay/domain/hzf.xiaohouzhi.com/web/App/Runtime/Cache/System/f78edd0f26ea20fdaa80e27a451df494.php 第 152 行.
NOTIC: [2] Illegal string offset '_data' /home/wwwroot/pay/domain/hzf.xiaohouzhi.com/web/App/Runtime/Cache/System/f78edd0f26ea20fdaa80e27a451df494.php 第 152 行.
NOTIC: [2] Illegal string offset '_data' /home/wwwroot/pay/domain/hzf.xiaohouzhi.com/web/App/Runtime/Cache/System/f78edd0f26ea20fdaa80e27a451df494.php 第 152 行.
NOTIC: [8] Undefined offset: 1 /home/wwwroot/pay/domain/hzf.xiaohouzhi.com/web/App/Runtime/Cache/System/f78edd0f26ea20fdaa80e27a451df494.php 第 152 行.
NOTIC: [2] Illegal string offset '_data' /home/wwwroot/pay/domain/hzf.xiaohouzhi.com/web/App/Runtime/Cache/System/f78edd0f26ea20fdaa80e27a451df494.php 第 152 行.
NOTIC: [2] Illegal string offset '_data' /home/wwwroot/pay/domain/hzf.xiaohouzhi.com/web/App/Runtime/Cache/System/f78edd0f26ea20fdaa80e27a451df494.php 第 152 行.
NOTIC: [8] Undefined offset: 1 /home/wwwroot/pay/domain/hzf.xiaohouzhi.com/web/App/Runtime/Cache/System/f78edd0f26ea20fdaa80e27a451df494.php 第 152 行.
NOTIC: [2] Illegal string offset '_data' /home/wwwroot/pay/domain/hzf.xiaohouzhi.com/web/App/Runtime/Cache/System/f78edd0f26ea20fdaa80e27a451df494.php 第 152 行.
NOTIC: [2] Illegal string offset '_data' /home/wwwroot/pay/domain/hzf.xiaohouzhi.com/web/App/Runtime/Cache/System/f78edd0f26ea20fdaa80e27a451df494.php 第 152 行.
NOTIC: [8] Undefined offset: 1 /home/wwwroot/pay/domain/hzf.xiaohouzhi.com/web/App/Runtime/Cache/System/f78edd0f26ea20fdaa80e27a451df494.php 第 152 行.
NOTIC: [2] Illegal string offset '_data' /home/wwwroot/pay/domain/hzf.xiaohouzhi.com/web/App/Runtime/Cache/System/f78edd0f26ea20fdaa80e27a451df494.php 第 152 行.
NOTIC: [2] Illegal string offset '_data' /home/wwwroot/pay/domain/hzf.xiaohouzhi.com/web/App/Runtime/Cache/System/f78edd0f26ea20fdaa80e27a451df494.php 第 152 行.
NOTIC: [8] Undefined offset: 1 /home/wwwroot/pay/domain/hzf.xiaohouzhi.com/web/App/Runtime/Cache/System/f78edd0f26ea20fdaa80e27a451df494.php 第 152 行.
NOTIC: [2] Illegal string offset '_data' /home/wwwroot/pay/domain/hzf.xiaohouzhi.com/web/App/Runtime/Cache/System/f78edd0f26ea20fdaa80e27a451df494.php 第 152 行.
NOTIC: [2] Illegal string offset '_data' /home/wwwroot/pay/domain/hzf.xiaohouzhi.com/web/App/Runtime/Cache/System/f78edd0f26ea20fdaa80e27a451df494.php 第 152 行.
NOTIC: [8] Undefined offset: 1 /home/wwwroot/pay/domain/hzf.xiaohouzhi.com/web/App/Runtime/Cache/System/f78edd0f26ea20fdaa80e27a451df494.php 第 152 行.
INFO: Run Behavior\ParseTemplateBehavior [ RunTime:0.016684s ]
INFO: [ view_parse ] --END-- [ RunTime:0.016729s ]
INFO: [ view_filter ] --START--
INFO: Run Behavior\WriteHtmlCacheBehavior [ RunTime:0.000178s ]
INFO: Run Behavior\TokenBuildBehavior [ RunTime:0.000364s ]
INFO: [ view_filter ] --END-- [ RunTime:0.000584s ]
INFO: [ app_end ] --START--
INFO: Run Behavior\ShowPageTraceBehavior [ RunTime:0.000435s ]
INFO: [ app_end ] --END-- [ RunTime:0.000464s ]

