[ 2019-09-16T11:51:44+08:00 ] 101.68.68.234 /mp/index/index
INFO: [ app_init ] --START--
INFO: Run Behavior\BuildLiteBehavior [ RunTime:0.000012s ]
INFO: [ app_init ] --END-- [ RunTime:0.000275s ]
INFO: [ app_begin ] --START--
INFO: Run Behavior\ReadHtmlCacheBehavior [ RunTime:0.000317s ]
INFO: [ app_begin ] --END-- [ RunTime:0.000357s ]
NOTIC: [8] Undefined index: list /home/wwwroot/pay/domain/hzf.xiaohouzhi.com/web/App/Mp/Controller/BaseController.class.php 第 131 行.
NOTIC: [8] Undefined index: list /home/wwwroot/pay/domain/hzf.xiaohouzhi.com/web/App/Mp/Controller/BaseController.class.php 第 131 行.
INFO: [ view_parse ] --START--
INFO: [ template_filter ] --START--
INFO: Run Behavior\ContentReplaceBehavior [ RunTime:0.000126s ]
INFO: [ template_filter ] --END-- [ RunTime:0.000187s ]
NOTIC: [8] Undefined index: plug /home/wwwroot/pay/domain/hzf.xiaohouzhi.com/web/App/Runtime/Cache/Mp/5e6d6ce51e89c401caceeef1e6374c7b.php 第 59 行.
INFO: Run Behavior\ParseTemplateBehavior [ RunTime:0.014317s ]
INFO: [ view_parse ] --END-- [ RunTime:0.014378s ]
INFO: [ view_filter ] --START--
INFO: Run Behavior\WriteHtmlCacheBehavior [ RunTime:0.000210s ]
INFO: Run Behavior\TokenBuildBehavior [ RunTime:0.000355s ]
INFO: [ view_filter ] --END-- [ RunTime:0.000629s ]
INFO: [ app_end ] --START--
INFO: Run Behavior\ShowPageTraceBehavior [ RunTime:0.000452s ]
INFO: [ app_end ] --END-- [ RunTime:0.000497s ]

[ 2019-09-16T11:51:49+08:00 ] 101.68.68.234 /mp/merchant/store
INFO: [ app_init ] --START--
INFO: Run Behavior\BuildLiteBehavior [ RunTime:0.000012s ]
INFO: [ app_init ] --END-- [ RunTime:0.000245s ]
INFO: [ app_begin ] --START--
INFO: Run Behavior\ReadHtmlCacheBehavior [ RunTime:0.000284s ]
INFO: [ app_begin ] --END-- [ RunTime:0.000318s ]
NOTIC: [8] Undefined index: list /home/wwwroot/pay/domain/hzf.xiaohouzhi.com/web/App/Mp/Controller/BaseController.class.php 第 131 行.
NOTIC: [8] Undefined index: list /home/wwwroot/pay/domain/hzf.xiaohouzhi.com/web/App/Mp/Controller/BaseController.class.php 第 131 行.
INFO: [ view_parse ] --START--
INFO: [ template_filter ] --START--
INFO: Run Behavior\ContentReplaceBehavior [ RunTime:0.000081s ]
INFO: [ template_filter ] --END-- [ RunTime:0.000128s ]
NOTIC: [8] Undefined index: plug /home/wwwroot/pay/domain/hzf.xiaohouzhi.com/web/App/Runtime/Cache/Mp/fbaee557f587bbf1ebe61e740833a1dd.php 第 78 行.
INFO: Run Behavior\ParseTemplateBehavior [ RunTime:0.014323s ]
INFO: [ view_parse ] --END-- [ RunTime:0.014365s ]
INFO: [ view_filter ] --START--
INFO: Run Behavior\WriteHtmlCacheBehavior [ RunTime:0.000139s ]
INFO: Run Behavior\TokenBuildBehavior [ RunTime:0.000297s ]
INFO: [ view_filter ] --END-- [ RunTime:0.000478s ]
INFO: [ app_end ] --START--
INFO: Run Behavior\ShowPageTraceBehavior [ RunTime:0.000323s ]
INFO: [ app_end ] --END-- [ RunTime:0.000352s ]

[ 2019-09-16T11:51:51+08:00 ] 101.68.68.234 /mp/member/index
INFO: [ app_init ] --START--
INFO: Run Behavior\BuildLiteBehavior [ RunTime:0.000011s ]
INFO: [ app_init ] --END-- [ RunTime:0.000224s ]
INFO: [ app_begin ] --START--
INFO: Run Behavior\ReadHtmlCacheBehavior [ RunTime:0.000295s ]
INFO: [ app_begin ] --END-- [ RunTime:0.000323s ]
NOTIC: [8] Undefined index: list /home/wwwroot/pay/domain/hzf.xiaohouzhi.com/web/App/Mp/Controller/BaseController.class.php 第 131 行.
NOTIC: [8] Undefined index: list /home/wwwroot/pay/domain/hzf.xiaohouzhi.com/web/App/Mp/Controller/BaseController.class.php 第 131 行.
INFO: [ view_parse ] --START--
INFO: [ template_filter ] --START--
INFO: Run Behavior\ContentReplaceBehavior [ RunTime:0.000115s ]
INFO: [ template_filter ] --END-- [ RunTime:0.000175s ]
NOTIC: [8] Undefined index: plug /home/wwwroot/pay/domain/hzf.xiaohouzhi.com/web/App/Runtime/Cache/Mp/07ecb83b072fd8b6c73e99da72f346e3.php 第 83 行.
NOTIC: [8] Undefined variable: list /home/wwwroot/pay/domain/hzf.xiaohouzhi.com/web/App/Runtime/Cache/Mp/07ecb83b072fd8b6c73e99da72f346e3.php 第 264 行.
NOTIC: [8] Undefined variable: page /home/wwwroot/pay/domain/hzf.xiaohouzhi.com/web/App/Runtime/Cache/Mp/07ecb83b072fd8b6c73e99da72f346e3.php 第 275 行.
INFO: Run Behavior\ParseTemplateBehavior [ RunTime:0.014868s ]
INFO: [ view_parse ] --END-- [ RunTime:0.014913s ]
INFO: [ view_filter ] --START--
INFO: Run Behavior\WriteHtmlCacheBehavior [ RunTime:0.000189s ]
INFO: Run Behavior\TokenBuildBehavior [ RunTime:0.000383s ]
INFO: [ view_filter ] --END-- [ RunTime:0.000627s ]
INFO: [ app_end ] --START--
INFO: Run Behavior\ShowPageTraceBehavior [ RunTime:0.000415s ]
INFO: [ app_end ] --END-- [ RunTime:0.000454s ]

[ 2019-09-16T11:51:52+08:00 ] 101.68.68.234 /mp/member/activity
INFO: [ app_init ] --START--
INFO: Run Behavior\BuildLiteBehavior [ RunTime:0.000011s ]
INFO: [ app_init ] --END-- [ RunTime:0.000296s ]
INFO: [ app_begin ] --START--
INFO: Run Behavior\ReadHtmlCacheBehavior [ RunTime:0.000323s ]
INFO: [ app_begin ] --END-- [ RunTime:0.000360s ]
NOTIC: [8] Undefined index: list /home/wwwroot/pay/domain/hzf.xiaohouzhi.com/web/App/Mp/Controller/BaseController.class.php 第 131 行.
NOTIC: [8] Undefined index: list /home/wwwroot/pay/domain/hzf.xiaohouzhi.com/web/App/Mp/Controller/BaseController.class.php 第 131 行.
INFO: [ view_parse ] --START--
INFO: [ template_filter ] --START--
INFO: Run Behavior\ContentReplaceBehavior [ RunTime:0.000111s ]
INFO: [ template_filter ] --END-- [ RunTime:0.000161s ]
NOTIC: [8] Undefined index: plug /home/wwwroot/pay/domain/hzf.xiaohouzhi.com/web/App/Runtime/Cache/Mp/95cb339ce71188bce1817169f2ebc883.php 第 88 行.
INFO: Run Behavior\ParseTemplateBehavior [ RunTime:0.012785s ]
INFO: [ view_parse ] --END-- [ RunTime:0.012828s ]
INFO: [ view_filter ] --START--
INFO: Run Behavior\WriteHtmlCacheBehavior [ RunTime:0.000132s ]
INFO: Run Behavior\TokenBuildBehavior [ RunTime:0.000239s ]
INFO: [ view_filter ] --END-- [ RunTime:0.000414s ]
INFO: [ app_end ] --START--
INFO: Run Behavior\ShowPageTraceBehavior [ RunTime:0.000325s ]
INFO: [ app_end ] --END-- [ RunTime:0.000359s ]

[ 2019-09-16T11:52:09+08:00 ] 101.68.68.234 /mp/order/index
INFO: [ app_init ] --START--
INFO: Run Behavior\BuildLiteBehavior [ RunTime:0.000013s ]
INFO: [ app_init ] --END-- [ RunTime:0.000302s ]
INFO: [ app_begin ] --START--
INFO: Run Behavior\ReadHtmlCacheBehavior [ RunTime:0.000318s ]
INFO: [ app_begin ] --END-- [ RunTime:0.000355s ]
NOTIC: [8] Undefined index: list /home/wwwroot/pay/domain/hzf.xiaohouzhi.com/web/App/Mp/Controller/BaseController.class.php 第 131 行.
NOTIC: [8] Undefined index: list /home/wwwroot/pay/domain/hzf.xiaohouzhi.com/web/App/Mp/Controller/BaseController.class.php 第 131 行.
NOTIC: [8] Undefined index: oid /home/wwwroot/pay/domain/hzf.xiaohouzhi.com/web/App/Mp/Controller/OrderController.class.php 第 39 行.
NOTIC: [8] Undefined index: time /home/wwwroot/pay/domain/hzf.xiaohouzhi.com/web/App/Mp/Controller/OrderController.class.php 第 42 行.
NOTIC: [8] Undefined offset: 1 /home/wwwroot/pay/domain/hzf.xiaohouzhi.com/web/App/Mp/Controller/OrderController.class.php 第 44 行.
INFO: [ view_parse ] --START--
INFO: [ template_filter ] --START--
INFO: Run Behavior\ContentReplaceBehavior [ RunTime:0.000149s ]
INFO: [ template_filter ] --END-- [ RunTime:0.000205s ]
NOTIC: [8] Undefined index: plug /home/wwwroot/pay/domain/hzf.xiaohouzhi.com/web/App/Runtime/Cache/Mp/df863694071f9890a5ca8f3626fd3dc4.php 第 83 行.
NOTIC: [2] Missing argument 2 for pays_type(), called in /home/wwwroot/pay/domain/hzf.xiaohouzhi.com/web/App/Runtime/Cache/Mp/df863694071f9890a5ca8f3626fd3dc4.php on line 211 and defined /home/wwwroot/pay/domain/hzf.xiaohouzhi.com/web/App/Common/Common/function.php 第 1818 行.
NOTIC: [8] Undefined variable: type /home/wwwroot/pay/domain/hzf.xiaohouzhi.com/web/App/Common/Common/function.php 第 1820 行.
INFO: Run Behavior\ParseTemplateBehavior [ RunTime:0.028293s ]
INFO: [ view_parse ] --END-- [ RunTime:0.028363s ]
INFO: [ view_filter ] --START--
INFO: Run Behavior\WriteHtmlCacheBehavior [ RunTime:0.000117s ]
INFO: Run Behavior\TokenBuildBehavior [ RunTime:0.000367s ]
INFO: [ view_filter ] --END-- [ RunTime:0.000528s ]
INFO: [ app_end ] --START--
INFO: Run Behavior\ShowPageTraceBehavior [ RunTime:0.000380s ]
INFO: [ app_end ] --END-- [ RunTime:0.000418s ]

[ 2019-09-16T11:52:12+08:00 ] 101.68.68.234 /mp/user/index
INFO: [ app_init ] --START--
INFO: Run Behavior\BuildLiteBehavior [ RunTime:0.000011s ]
INFO: [ app_init ] --END-- [ RunTime:0.000237s ]
INFO: [ app_begin ] --START--
INFO: Run Behavior\ReadHtmlCacheBehavior [ RunTime:0.000303s ]
INFO: [ app_begin ] --END-- [ RunTime:0.000351s ]
NOTIC: [8] Undefined index: list /home/wwwroot/pay/domain/hzf.xiaohouzhi.com/web/App/Mp/Controller/BaseController.class.php 第 131 行.
NOTIC: [8] Undefined index: list /home/wwwroot/pay/domain/hzf.xiaohouzhi.com/web/App/Mp/Controller/BaseController.class.php 第 131 行.
INFO: [ view_parse ] --START--
INFO: [ template_filter ] --START--
INFO: Run Behavior\ContentReplaceBehavior [ RunTime:0.000095s ]
INFO: [ template_filter ] --END-- [ RunTime:0.000146s ]
NOTIC: [8] Undefined index: plug /home/wwwroot/pay/domain/hzf.xiaohouzhi.com/web/App/Runtime/Cache/Mp/b5fef6ade1c03fdd337f6c03d56218a5.php 第 57 行.
INFO: Run Behavior\ParseTemplateBehavior [ RunTime:0.022620s ]
INFO: [ view_parse ] --END-- [ RunTime:0.022684s ]
INFO: [ view_filter ] --START--
INFO: Run Behavior\WriteHtmlCacheBehavior [ RunTime:0.000237s ]
INFO: Run Behavior\TokenBuildBehavior [ RunTime:0.000301s ]
INFO: [ view_filter ] --END-- [ RunTime:0.000582s ]
INFO: [ app_end ] --START--
INFO: Run Behavior\ShowPageTraceBehavior [ RunTime:0.000330s ]
INFO: [ app_end ] --END-- [ RunTime:0.000360s ]

[ 2019-09-16T11:52:14+08:00 ] 101.68.68.234 /mp/user/rate
INFO: [ app_init ] --START--
INFO: Run Behavior\BuildLiteBehavior [ RunTime:0.000012s ]
INFO: [ app_init ] --END-- [ RunTime:0.000233s ]
INFO: [ app_begin ] --START--
INFO: Run Behavior\ReadHtmlCacheBehavior [ RunTime:0.000348s ]
INFO: [ app_begin ] --END-- [ RunTime:0.000396s ]
NOTIC: [8] Undefined index: list /home/wwwroot/pay/domain/hzf.xiaohouzhi.com/web/App/Mp/Controller/BaseController.class.php 第 131 行.
NOTIC: [8] Undefined index: list /home/wwwroot/pay/domain/hzf.xiaohouzhi.com/web/App/Mp/Controller/BaseController.class.php 第 131 行.
NOTIC: [2] Missing argument 1 for domain_id(), called in /home/wwwroot/pay/domain/hzf.xiaohouzhi.com/web/App/Mp/Controller/UserController.class.php on line 66 and defined /home/wwwroot/pay/domain/hzf.xiaohouzhi.com/web/App/Common/Common/function.php 第 3626 行.
NOTIC: [8] Undefined variable: type /home/wwwroot/pay/domain/hzf.xiaohouzhi.com/web/App/Common/Common/function.php 第 3628 行.
INFO: [ view_parse ] --START--
INFO: [ template_filter ] --START--
INFO: Run Behavior\ContentReplaceBehavior [ RunTime:0.000071s ]
INFO: [ template_filter ] --END-- [ RunTime:0.000116s ]
NOTIC: [8] Undefined index: plug /home/wwwroot/pay/domain/hzf.xiaohouzhi.com/web/App/Runtime/Cache/Mp/d2b5b0cf233f7617834a6003c9dde5a5.php 第 57 行.
INFO: Run Behavior\ParseTemplateBehavior [ RunTime:0.012486s ]
INFO: [ view_parse ] --END-- [ RunTime:0.012521s ]
INFO: [ view_filter ] --START--
INFO: Run Behavior\WriteHtmlCacheBehavior [ RunTime:0.000117s ]
INFO: Run Behavior\TokenBuildBehavior [ RunTime:0.000235s ]
INFO: [ view_filter ] --END-- [ RunTime:0.000389s ]
INFO: [ app_end ] --START--
INFO: Run Behavior\ShowPageTraceBehavior [ RunTime:0.000298s ]
INFO: [ app_end ] --END-- [ RunTime:0.000325s ]

[ 2019-09-16T12:04:21+08:00 ] 101.68.68.234 /mp/index/index
INFO: [ app_init ] --START--
INFO: Run Behavior\BuildLiteBehavior [ RunTime:0.000012s ]
INFO: [ app_init ] --END-- [ RunTime:0.000263s ]
INFO: [ app_begin ] --START--
INFO: Run Behavior\ReadHtmlCacheBehavior [ RunTime:0.000293s ]
INFO: [ app_begin ] --END-- [ RunTime:0.000330s ]
NOTIC: [8] Undefined index: list /home/wwwroot/pay/domain/hzf.xiaohouzhi.com/web/App/Mp/Controller/BaseController.class.php 第 131 行.
NOTIC: [8] Undefined index: list /home/wwwroot/pay/domain/hzf.xiaohouzhi.com/web/App/Mp/Controller/BaseController.class.php 第 131 行.
INFO: [ view_parse ] --START--
INFO: [ template_filter ] --START--
INFO: Run Behavior\ContentReplaceBehavior [ RunTime:0.000116s ]
INFO: [ template_filter ] --END-- [ RunTime:0.000173s ]
NOTIC: [8] Undefined index: plug /home/wwwroot/pay/domain/hzf.xiaohouzhi.com/web/App/Runtime/Cache/Mp/5e6d6ce51e89c401caceeef1e6374c7b.php 第 59 行.
INFO: Run Behavior\ParseTemplateBehavior [ RunTime:0.013307s ]
INFO: [ view_parse ] --END-- [ RunTime:0.013357s ]
INFO: [ view_filter ] --START--
INFO: Run Behavior\WriteHtmlCacheBehavior [ RunTime:0.000129s ]
INFO: Run Behavior\TokenBuildBehavior [ RunTime:0.000237s ]
INFO: [ view_filter ] --END-- [ RunTime:0.000409s ]
INFO: [ app_end ] --START--
INFO: Run Behavior\ShowPageTraceBehavior [ RunTime:0.000366s ]
INFO: [ app_end ] --END-- [ RunTime:0.000400s ]

[ 2019-09-16T12:05:02+08:00 ] 101.68.68.234 /mp/index/index
INFO: [ app_init ] --START--
INFO: Run Behavior\BuildLiteBehavior [ RunTime:0.000013s ]
INFO: [ app_init ] --END-- [ RunTime:0.000266s ]
INFO: [ app_begin ] --START--
INFO: Run Behavior\ReadHtmlCacheBehavior [ RunTime:0.000318s ]
INFO: [ app_begin ] --END-- [ RunTime:0.000354s ]
NOTIC: [8] Undefined index: list /home/wwwroot/pay/domain/hzf.xiaohouzhi.com/web/App/Mp/Controller/BaseController.class.php 第 131 行.
NOTIC: [8] Undefined index: list /home/wwwroot/pay/domain/hzf.xiaohouzhi.com/web/App/Mp/Controller/BaseController.class.php 第 131 行.
INFO: [ view_parse ] --START--
INFO: [ template_filter ] --START--
INFO: Run Behavior\ContentReplaceBehavior [ RunTime:0.000104s ]
INFO: [ template_filter ] --END-- [ RunTime:0.000157s ]
NOTIC: [8] Undefined index: plug /home/wwwroot/pay/domain/hzf.xiaohouzhi.com/web/App/Runtime/Cache/Mp/5e6d6ce51e89c401caceeef1e6374c7b.php 第 59 行.
INFO: Run Behavior\ParseTemplateBehavior [ RunTime:0.014601s ]
INFO: [ view_parse ] --END-- [ RunTime:0.014645s ]
INFO: [ view_filter ] --START--
INFO: Run Behavior\WriteHtmlCacheBehavior [ RunTime:0.000168s ]
INFO: Run Behavior\TokenBuildBehavior [ RunTime:0.000244s ]
INFO: [ view_filter ] --END-- [ RunTime:0.000459s ]
INFO: [ app_end ] --START--
INFO: Run Behavior\ShowPageTraceBehavior [ RunTime:0.000347s ]
INFO: [ app_end ] --END-- [ RunTime:0.000376s ]

[ 2019-09-16T12:05:04+08:00 ] 101.68.68.234 /mp/order/index
INFO: [ app_init ] --START--
INFO: Run Behavior\BuildLiteBehavior [ RunTime:0.000012s ]
INFO: [ app_init ] --END-- [ RunTime:0.000286s ]
INFO: [ app_begin ] --START--
INFO: Run Behavior\ReadHtmlCacheBehavior [ RunTime:0.000286s ]
INFO: [ app_begin ] --END-- [ RunTime:0.000321s ]
NOTIC: [8] Undefined index: list /home/wwwroot/pay/domain/hzf.xiaohouzhi.com/web/App/Mp/Controller/BaseController.class.php 第 131 行.
NOTIC: [8] Undefined index: list /home/wwwroot/pay/domain/hzf.xiaohouzhi.com/web/App/Mp/Controller/BaseController.class.php 第 131 行.
NOTIC: [8] Undefined index: oid /home/wwwroot/pay/domain/hzf.xiaohouzhi.com/web/App/Mp/Controller/OrderController.class.php 第 39 行.
NOTIC: [8] Undefined index: time /home/wwwroot/pay/domain/hzf.xiaohouzhi.com/web/App/Mp/Controller/OrderController.class.php 第 42 行.
NOTIC: [8] Undefined offset: 1 /home/wwwroot/pay/domain/hzf.xiaohouzhi.com/web/App/Mp/Controller/OrderController.class.php 第 44 行.
INFO: [ view_parse ] --START--
INFO: [ template_filter ] --START--
INFO: Run Behavior\ContentReplaceBehavior [ RunTime:0.000137s ]
INFO: [ template_filter ] --END-- [ RunTime:0.000189s ]
NOTIC: [8] Undefined index: plug /home/wwwroot/pay/domain/hzf.xiaohouzhi.com/web/App/Runtime/Cache/Mp/df863694071f9890a5ca8f3626fd3dc4.php 第 83 行.
NOTIC: [2] Missing argument 2 for pays_type(), called in /home/wwwroot/pay/domain/hzf.xiaohouzhi.com/web/App/Runtime/Cache/Mp/df863694071f9890a5ca8f3626fd3dc4.php on line 211 and defined /home/wwwroot/pay/domain/hzf.xiaohouzhi.com/web/App/Common/Common/function.php 第 1818 行.
NOTIC: [8] Undefined variable: type /home/wwwroot/pay/domain/hzf.xiaohouzhi.com/web/App/Common/Common/function.php 第 1820 行.
NOTIC: [2] Missing argument 2 for pays_type(), called in /home/wwwroot/pay/domain/hzf.xiaohouzhi.com/web/App/Runtime/Cache/Mp/df863694071f9890a5ca8f3626fd3dc4.php on line 211 and defined /home/wwwroot/pay/domain/hzf.xiaohouzhi.com/web/App/Common/Common/function.php 第 1818 行.
NOTIC: [8] Undefined variable: type /home/wwwroot/pay/domain/hzf.xiaohouzhi.com/web/App/Common/Common/function.php 第 1820 行.
NOTIC: [2] Missing argument 2 for pays_type(), called in /home/wwwroot/pay/domain/hzf.xiaohouzhi.com/web/App/Runtime/Cache/Mp/df863694071f9890a5ca8f3626fd3dc4.php on line 211 and defined /home/wwwroot/pay/domain/hzf.xiaohouzhi.com/web/App/Common/Common/function.php 第 1818 行.
NOTIC: [8] Undefined variable: type /home/wwwroot/pay/domain/hzf.xiaohouzhi.com/web/App/Common/Common/function.php 第 1820 行.
INFO: Run Behavior\ParseTemplateBehavior [ RunTime:0.110963s ]
INFO: [ view_parse ] --END-- [ RunTime:0.111017s ]
INFO: [ view_filter ] --START--
INFO: Run Behavior\WriteHtmlCacheBehavior [ RunTime:0.000112s ]
INFO: Run Behavior\TokenBuildBehavior [ RunTime:0.000335s ]
INFO: [ view_filter ] --END-- [ RunTime:0.000499s ]
INFO: [ app_end ] --START--
INFO: Run Behavior\ShowPageTraceBehavior [ RunTime:0.000316s ]
INFO: [ app_end ] --END-- [ RunTime:0.000345s ]

