[ 2019-09-29T16:05:34+08:00 ] 101.68.68.234 /mp/index/index
INFO: [ app_init ] --START--
INFO: Run Behavior\BuildLiteBehavior [ RunTime:0.000011s ]
INFO: [ app_init ] --END-- [ RunTime:0.000230s ]
INFO: [ app_begin ] --START--
INFO: Run Behavior\ReadHtmlCacheBehavior [ RunTime:0.000323s ]
INFO: [ app_begin ] --END-- [ RunTime:0.000365s ]
NOTIC: [8] Undefined index: list /home/wwwroot/pay/domain/hzf.xiaohouzhi.com/web/App/Mp/Controller/BaseController.class.php 第 131 行.
NOTIC: [8] Undefined index: list /home/wwwroot/pay/domain/hzf.xiaohouzhi.com/web/App/Mp/Controller/BaseController.class.php 第 131 行.
INFO: [ view_parse ] --START--
INFO: [ template_filter ] --START--
INFO: Run Behavior\ContentReplaceBehavior [ RunTime:0.000112s ]
INFO: [ template_filter ] --END-- [ RunTime:0.000199s ]
NOTIC: [8] Undefined index: plug /home/wwwroot/pay/domain/hzf.xiaohouzhi.com/web/App/Runtime/Cache/Mp/5e6d6ce51e89c401caceeef1e6374c7b.php 第 59 行.
INFO: Run Behavior\ParseTemplateBehavior [ RunTime:0.015124s ]
INFO: [ view_parse ] --END-- [ RunTime:0.015178s ]
INFO: [ view_filter ] --START--
INFO: Run Behavior\WriteHtmlCacheBehavior [ RunTime:0.000208s ]
INFO: Run Behavior\TokenBuildBehavior [ RunTime:0.000314s ]
INFO: [ view_filter ] --END-- [ RunTime:0.000572s ]
INFO: [ app_end ] --START--
INFO: Run Behavior\ShowPageTraceBehavior [ RunTime:0.000365s ]
INFO: [ app_end ] --END-- [ RunTime:0.000393s ]

[ 2019-09-29T16:05:48+08:00 ] 101.68.68.234 /mp/user/pass
INFO: [ app_init ] --START--
INFO: Run Behavior\BuildLiteBehavior [ RunTime:0.000015s ]
INFO: [ app_init ] --END-- [ RunTime:0.000280s ]
INFO: [ app_begin ] --START--
INFO: Run Behavior\ReadHtmlCacheBehavior [ RunTime:0.000289s ]
INFO: [ app_begin ] --END-- [ RunTime:0.000328s ]
NOTIC: [8] Undefined index: list /home/wwwroot/pay/domain/hzf.xiaohouzhi.com/web/App/Mp/Controller/BaseController.class.php 第 131 行.
NOTIC: [8] Undefined index: list /home/wwwroot/pay/domain/hzf.xiaohouzhi.com/web/App/Mp/Controller/BaseController.class.php 第 131 行.
INFO: [ view_parse ] --START--
INFO: [ template_filter ] --START--
INFO: Run Behavior\ContentReplaceBehavior [ RunTime:0.000090s ]
INFO: [ template_filter ] --END-- [ RunTime:0.000145s ]
NOTIC: [8] Undefined index: plug /home/wwwroot/pay/domain/hzf.xiaohouzhi.com/web/App/Runtime/Cache/Mp/561f8d755c4416dfeea20f4ed8854e72.php 第 60 行.
INFO: Run Behavior\ParseTemplateBehavior [ RunTime:0.011992s ]
INFO: [ view_parse ] --END-- [ RunTime:0.012024s ]
INFO: [ view_filter ] --START--
INFO: Run Behavior\WriteHtmlCacheBehavior [ RunTime:0.000147s ]
INFO: Run Behavior\TokenBuildBehavior [ RunTime:0.000242s ]
INFO: [ view_filter ] --END-- [ RunTime:0.000435s ]
INFO: [ app_end ] --START--
INFO: Run Behavior\ShowPageTraceBehavior [ RunTime:0.000310s ]
INFO: [ app_end ] --END-- [ RunTime:0.000338s ]

[ 2019-09-29T16:06:07+08:00 ] 101.68.68.234 /Mp/User/pass
INFO: [ app_init ] --START--
INFO: Run Behavior\BuildLiteBehavior [ RunTime:0.000016s ]
INFO: [ app_init ] --END-- [ RunTime:0.000273s ]
INFO: [ app_begin ] --START--
INFO: Run Behavior\ReadHtmlCacheBehavior [ RunTime:0.000296s ]
INFO: [ app_begin ] --END-- [ RunTime:0.000331s ]
NOTIC: [8] Undefined index: list /home/wwwroot/pay/domain/hzf.xiaohouzhi.com/web/App/Mp/Controller/BaseController.class.php 第 131 行.
NOTIC: [8] Undefined index: list /home/wwwroot/pay/domain/hzf.xiaohouzhi.com/web/App/Mp/Controller/BaseController.class.php 第 131 行.

[ 2019-09-29T16:06:11+08:00 ] 101.68.68.234 /mp/login/index
INFO: [ app_init ] --START--
INFO: Run Behavior\BuildLiteBehavior [ RunTime:0.000016s ]
INFO: [ app_init ] --END-- [ RunTime:0.000259s ]
INFO: [ app_begin ] --START--
INFO: Run Behavior\ReadHtmlCacheBehavior [ RunTime:0.000410s ]
INFO: [ app_begin ] --END-- [ RunTime:0.000456s ]
NOTIC: [8] Undefined index: list /home/wwwroot/pay/domain/hzf.xiaohouzhi.com/web/App/Mp/Controller/BaseController.class.php 第 131 行.
NOTIC: [8] Undefined index: list /home/wwwroot/pay/domain/hzf.xiaohouzhi.com/web/App/Mp/Controller/BaseController.class.php 第 131 行.
NOTIC: [8] Undefined offset: 0 /home/wwwroot/pay/domain/hzf.xiaohouzhi.com/web/App/Mp/Controller/BaseController.class.php 第 147 行.
INFO: [ view_parse ] --START--
INFO: [ template_filter ] --START--
INFO: Run Behavior\ContentReplaceBehavior [ RunTime:0.000062s ]
INFO: [ template_filter ] --END-- [ RunTime:0.000111s ]
INFO: Run Behavior\ParseTemplateBehavior [ RunTime:0.007106s ]
INFO: [ view_parse ] --END-- [ RunTime:0.007143s ]
INFO: [ view_filter ] --START--
INFO: Run Behavior\WriteHtmlCacheBehavior [ RunTime:0.000122s ]
INFO: Run Behavior\TokenBuildBehavior [ RunTime:0.000268s ]
INFO: [ view_filter ] --END-- [ RunTime:0.000434s ]
INFO: [ app_end ] --START--
INFO: Run Behavior\ShowPageTraceBehavior [ RunTime:0.000313s ]
INFO: [ app_end ] --END-- [ RunTime:0.000341s ]

[ 2019-09-29T16:06:11+08:00 ] 101.68.68.234 /Mp/Login/loadVerify
INFO: [ app_init ] --START--
INFO: Run Behavior\BuildLiteBehavior [ RunTime:0.000010s ]
INFO: [ app_init ] --END-- [ RunTime:0.000225s ]
INFO: [ app_begin ] --START--
INFO: Run Behavior\ReadHtmlCacheBehavior [ RunTime:0.000354s ]
INFO: [ app_begin ] --END-- [ RunTime:0.000388s ]
NOTIC: [8] Undefined index: list /home/wwwroot/pay/domain/hzf.xiaohouzhi.com/web/App/Mp/Controller/BaseController.class.php 第 131 行.
NOTIC: [8] Undefined index: list /home/wwwroot/pay/domain/hzf.xiaohouzhi.com/web/App/Mp/Controller/BaseController.class.php 第 131 行.
NOTIC: [8] Undefined offset: 0 /home/wwwroot/pay/domain/hzf.xiaohouzhi.com/web/App/Mp/Controller/BaseController.class.php 第 147 行.
INFO: [ app_end ] --START--
INFO: Run Behavior\ShowPageTraceBehavior [ RunTime:0.000348s ]
INFO: [ app_end ] --END-- [ RunTime:0.000409s ]

[ 2019-09-29T16:06:35+08:00 ] 101.68.68.234 /mp/index/index
INFO: [ app_init ] --START--
INFO: Run Behavior\BuildLiteBehavior [ RunTime:0.000010s ]
INFO: [ app_init ] --END-- [ RunTime:0.000230s ]
INFO: [ app_begin ] --START--
INFO: Run Behavior\ReadHtmlCacheBehavior [ RunTime:0.000437s ]
INFO: [ app_begin ] --END-- [ RunTime:0.000481s ]
NOTIC: [8] Undefined index: list /home/wwwroot/pay/domain/hzf.xiaohouzhi.com/web/App/Mp/Controller/BaseController.class.php 第 131 行.
NOTIC: [8] Undefined index: list /home/wwwroot/pay/domain/hzf.xiaohouzhi.com/web/App/Mp/Controller/BaseController.class.php 第 131 行.
INFO: [ view_parse ] --START--
INFO: [ template_filter ] --START--
INFO: Run Behavior\ContentReplaceBehavior [ RunTime:0.000079s ]
INFO: [ template_filter ] --END-- [ RunTime:0.000131s ]
NOTIC: [8] Undefined index: plug /home/wwwroot/pay/domain/hzf.xiaohouzhi.com/web/App/Runtime/Cache/Mp/5e6d6ce51e89c401caceeef1e6374c7b.php 第 59 行.
INFO: Run Behavior\ParseTemplateBehavior [ RunTime:0.014020s ]
INFO: [ view_parse ] --END-- [ RunTime:0.014063s ]
INFO: [ view_filter ] --START--
INFO: Run Behavior\WriteHtmlCacheBehavior [ RunTime:0.000123s ]
INFO: Run Behavior\TokenBuildBehavior [ RunTime:0.000247s ]
INFO: [ view_filter ] --END-- [ RunTime:0.000413s ]
INFO: [ app_end ] --START--
INFO: Run Behavior\ShowPageTraceBehavior [ RunTime:0.000392s ]
INFO: [ app_end ] --END-- [ RunTime:0.000428s ]

[ 2019-09-29T16:06:39+08:00 ] 101.68.68.234 /mp/user/pass
INFO: [ app_init ] --START--
INFO: Run Behavior\BuildLiteBehavior [ RunTime:0.000012s ]
INFO: [ app_init ] --END-- [ RunTime:0.000239s ]
INFO: [ app_begin ] --START--
INFO: Run Behavior\ReadHtmlCacheBehavior [ RunTime:0.000297s ]
INFO: [ app_begin ] --END-- [ RunTime:0.000334s ]
NOTIC: [8] Undefined index: list /home/wwwroot/pay/domain/hzf.xiaohouzhi.com/web/App/Mp/Controller/BaseController.class.php 第 131 行.
NOTIC: [8] Undefined index: list /home/wwwroot/pay/domain/hzf.xiaohouzhi.com/web/App/Mp/Controller/BaseController.class.php 第 131 行.
INFO: [ view_parse ] --START--
INFO: [ template_filter ] --START--
INFO: Run Behavior\ContentReplaceBehavior [ RunTime:0.000076s ]
INFO: [ template_filter ] --END-- [ RunTime:0.000121s ]
NOTIC: [8] Undefined index: plug /home/wwwroot/pay/domain/hzf.xiaohouzhi.com/web/App/Runtime/Cache/Mp/561f8d755c4416dfeea20f4ed8854e72.php 第 60 行.
INFO: Run Behavior\ParseTemplateBehavior [ RunTime:0.014300s ]
INFO: [ view_parse ] --END-- [ RunTime:0.014347s ]
INFO: [ view_filter ] --START--
INFO: Run Behavior\WriteHtmlCacheBehavior [ RunTime:0.000160s ]
INFO: Run Behavior\TokenBuildBehavior [ RunTime:0.000259s ]
INFO: [ view_filter ] --END-- [ RunTime:0.000460s ]
INFO: [ app_end ] --START--
INFO: Run Behavior\ShowPageTraceBehavior [ RunTime:0.000381s ]
INFO: [ app_end ] --END-- [ RunTime:0.000413s ]

[ 2019-09-29T16:06:55+08:00 ] 101.68.68.234 /Mp/User/pass
INFO: [ app_init ] --START--
INFO: Run Behavior\BuildLiteBehavior [ RunTime:0.000017s ]
INFO: [ app_init ] --END-- [ RunTime:0.000364s ]
INFO: [ app_begin ] --START--
INFO: Run Behavior\ReadHtmlCacheBehavior [ RunTime:0.000415s ]
INFO: [ app_begin ] --END-- [ RunTime:0.000461s ]
NOTIC: [8] Undefined index: list /home/wwwroot/pay/domain/hzf.xiaohouzhi.com/web/App/Mp/Controller/BaseController.class.php 第 131 行.
NOTIC: [8] Undefined index: list /home/wwwroot/pay/domain/hzf.xiaohouzhi.com/web/App/Mp/Controller/BaseController.class.php 第 131 行.

[ 2019-09-29T16:06:59+08:00 ] 101.68.68.234 /mp/login/index
INFO: [ app_init ] --START--
INFO: Run Behavior\BuildLiteBehavior [ RunTime:0.000011s ]
INFO: [ app_init ] --END-- [ RunTime:0.000230s ]
INFO: [ app_begin ] --START--
INFO: Run Behavior\ReadHtmlCacheBehavior [ RunTime:0.000317s ]
INFO: [ app_begin ] --END-- [ RunTime:0.000378s ]
NOTIC: [8] Undefined index: list /home/wwwroot/pay/domain/hzf.xiaohouzhi.com/web/App/Mp/Controller/BaseController.class.php 第 131 行.
NOTIC: [8] Undefined index: list /home/wwwroot/pay/domain/hzf.xiaohouzhi.com/web/App/Mp/Controller/BaseController.class.php 第 131 行.
NOTIC: [8] Undefined offset: 0 /home/wwwroot/pay/domain/hzf.xiaohouzhi.com/web/App/Mp/Controller/BaseController.class.php 第 147 行.
INFO: [ view_parse ] --START--
INFO: [ template_filter ] --START--
INFO: Run Behavior\ContentReplaceBehavior [ RunTime:0.000054s ]
INFO: [ template_filter ] --END-- [ RunTime:0.000094s ]
INFO: Run Behavior\ParseTemplateBehavior [ RunTime:0.006588s ]
INFO: [ view_parse ] --END-- [ RunTime:0.006627s ]
INFO: [ view_filter ] --START--
INFO: Run Behavior\WriteHtmlCacheBehavior [ RunTime:0.000138s ]
INFO: Run Behavior\TokenBuildBehavior [ RunTime:0.000256s ]
INFO: [ view_filter ] --END-- [ RunTime:0.000440s ]
INFO: [ app_end ] --START--
INFO: Run Behavior\ShowPageTraceBehavior [ RunTime:0.000391s ]
INFO: [ app_end ] --END-- [ RunTime:0.000424s ]

[ 2019-09-29T16:06:59+08:00 ] 101.68.68.234 /Mp/Login/loadVerify
INFO: [ app_init ] --START--
INFO: Run Behavior\BuildLiteBehavior [ RunTime:0.000017s ]
INFO: [ app_init ] --END-- [ RunTime:0.000266s ]
INFO: [ app_begin ] --START--
INFO: Run Behavior\ReadHtmlCacheBehavior [ RunTime:0.000323s ]
INFO: [ app_begin ] --END-- [ RunTime:0.000352s ]
NOTIC: [8] Undefined index: list /home/wwwroot/pay/domain/hzf.xiaohouzhi.com/web/App/Mp/Controller/BaseController.class.php 第 131 行.
NOTIC: [8] Undefined index: list /home/wwwroot/pay/domain/hzf.xiaohouzhi.com/web/App/Mp/Controller/BaseController.class.php 第 131 行.
NOTIC: [8] Undefined offset: 0 /home/wwwroot/pay/domain/hzf.xiaohouzhi.com/web/App/Mp/Controller/BaseController.class.php 第 147 行.
INFO: [ app_end ] --START--
INFO: Run Behavior\ShowPageTraceBehavior [ RunTime:0.000422s ]
INFO: [ app_end ] --END-- [ RunTime:0.000478s ]

[ 2019-09-29T16:15:00+08:00 ] 101.68.68.234 /mp/index/index
INFO: [ app_init ] --START--
INFO: Run Behavior\BuildLiteBehavior [ RunTime:0.000013s ]
INFO: [ app_init ] --END-- [ RunTime:0.000239s ]
INFO: [ app_begin ] --START--
INFO: Run Behavior\ReadHtmlCacheBehavior [ RunTime:0.000306s ]
INFO: [ app_begin ] --END-- [ RunTime:0.000348s ]
NOTIC: [8] Undefined index: list /home/wwwroot/pay/domain/hzf.xiaohouzhi.com/web/App/Mp/Controller/BaseController.class.php 第 131 行.
NOTIC: [8] Undefined index: list /home/wwwroot/pay/domain/hzf.xiaohouzhi.com/web/App/Mp/Controller/BaseController.class.php 第 131 行.
INFO: [ view_parse ] --START--
INFO: [ template_filter ] --START--
INFO: Run Behavior\ContentReplaceBehavior [ RunTime:0.000107s ]
INFO: [ template_filter ] --END-- [ RunTime:0.000166s ]
NOTIC: [8] Undefined index: plug /home/wwwroot/pay/domain/hzf.xiaohouzhi.com/web/App/Runtime/Cache/Mp/5e6d6ce51e89c401caceeef1e6374c7b.php 第 59 行.
INFO: Run Behavior\ParseTemplateBehavior [ RunTime:0.014312s ]
INFO: [ view_parse ] --END-- [ RunTime:0.014384s ]
INFO: [ view_filter ] --START--
INFO: Run Behavior\WriteHtmlCacheBehavior [ RunTime:0.000237s ]
INFO: Run Behavior\TokenBuildBehavior [ RunTime:0.000310s ]
INFO: [ view_filter ] --END-- [ RunTime:0.000606s ]
INFO: [ app_end ] --START--
INFO: Run Behavior\ShowPageTraceBehavior [ RunTime:0.000423s ]
INFO: [ app_end ] --END-- [ RunTime:0.000461s ]

[ 2019-09-29T16:15:09+08:00 ] 101.68.68.234 /mp/order/index
INFO: [ app_init ] --START--
INFO: Run Behavior\BuildLiteBehavior [ RunTime:0.000017s ]
INFO: [ app_init ] --END-- [ RunTime:0.000343s ]
INFO: [ app_begin ] --START--
INFO: Run Behavior\ReadHtmlCacheBehavior [ RunTime:0.000454s ]
INFO: [ app_begin ] --END-- [ RunTime:0.000496s ]
NOTIC: [8] Undefined index: list /home/wwwroot/pay/domain/hzf.xiaohouzhi.com/web/App/Mp/Controller/BaseController.class.php 第 131 行.
NOTIC: [8] Undefined index: list /home/wwwroot/pay/domain/hzf.xiaohouzhi.com/web/App/Mp/Controller/BaseController.class.php 第 131 行.
NOTIC: [8] Undefined index: oid /home/wwwroot/pay/domain/hzf.xiaohouzhi.com/web/App/Mp/Controller/OrderController.class.php 第 39 行.
NOTIC: [8] Undefined index: time /home/wwwroot/pay/domain/hzf.xiaohouzhi.com/web/App/Mp/Controller/OrderController.class.php 第 42 行.
NOTIC: [8] Undefined offset: 1 /home/wwwroot/pay/domain/hzf.xiaohouzhi.com/web/App/Mp/Controller/OrderController.class.php 第 44 行.
INFO: [ view_parse ] --START--
INFO: [ template_filter ] --START--
INFO: Run Behavior\ContentReplaceBehavior [ RunTime:0.000158s ]
INFO: [ template_filter ] --END-- [ RunTime:0.000230s ]
NOTIC: [8] Undefined index: plug /home/wwwroot/pay/domain/hzf.xiaohouzhi.com/web/App/Runtime/Cache/Mp/df863694071f9890a5ca8f3626fd3dc4.php 第 83 行.
NOTIC: [2] Missing argument 2 for pays_type(), called in /home/wwwroot/pay/domain/hzf.xiaohouzhi.com/web/App/Runtime/Cache/Mp/df863694071f9890a5ca8f3626fd3dc4.php on line 211 and defined /home/wwwroot/pay/domain/hzf.xiaohouzhi.com/web/App/Common/Common/function.php 第 1818 行.
NOTIC: [8] Undefined variable: type /home/wwwroot/pay/domain/hzf.xiaohouzhi.com/web/App/Common/Common/function.php 第 1820 行.
NOTIC: [2] Missing argument 2 for pays_type(), called in /home/wwwroot/pay/domain/hzf.xiaohouzhi.com/web/App/Runtime/Cache/Mp/df863694071f9890a5ca8f3626fd3dc4.php on line 211 and defined /home/wwwroot/pay/domain/hzf.xiaohouzhi.com/web/App/Common/Common/function.php 第 1818 行.
NOTIC: [8] Undefined variable: type /home/wwwroot/pay/domain/hzf.xiaohouzhi.com/web/App/Common/Common/function.php 第 1820 行.
NOTIC: [2] Missing argument 2 for pays_type(), called in /home/wwwroot/pay/domain/hzf.xiaohouzhi.com/web/App/Runtime/Cache/Mp/df863694071f9890a5ca8f3626fd3dc4.php on line 211 and defined /home/wwwroot/pay/domain/hzf.xiaohouzhi.com/web/App/Common/Common/function.php 第 1818 行.
NOTIC: [8] Undefined variable: type /home/wwwroot/pay/domain/hzf.xiaohouzhi.com/web/App/Common/Common/function.php 第 1820 行.
NOTIC: [2] Missing argument 2 for pays_type(), called in /home/wwwroot/pay/domain/hzf.xiaohouzhi.com/web/App/Runtime/Cache/Mp/df863694071f9890a5ca8f3626fd3dc4.php on line 211 and defined /home/wwwroot/pay/domain/hzf.xiaohouzhi.com/web/App/Common/Common/function.php 第 1818 行.
NOTIC: [8] Undefined variable: type /home/wwwroot/pay/domain/hzf.xiaohouzhi.com/web/App/Common/Common/function.php 第 1820 行.
NOTIC: [2] Missing argument 2 for pays_type(), called in /home/wwwroot/pay/domain/hzf.xiaohouzhi.com/web/App/Runtime/Cache/Mp/df863694071f9890a5ca8f3626fd3dc4.php on line 211 and defined /home/wwwroot/pay/domain/hzf.xiaohouzhi.com/web/App/Common/Common/function.php 第 1818 行.
NOTIC: [8] Undefined variable: type /home/wwwroot/pay/domain/hzf.xiaohouzhi.com/web/App/Common/Common/function.php 第 1820 行.
NOTIC: [2] Missing argument 2 for pays_type(), called in /home/wwwroot/pay/domain/hzf.xiaohouzhi.com/web/App/Runtime/Cache/Mp/df863694071f9890a5ca8f3626fd3dc4.php on line 211 and defined /home/wwwroot/pay/domain/hzf.xiaohouzhi.com/web/App/Common/Common/function.php 第 1818 行.
NOTIC: [8] Undefined variable: type /home/wwwroot/pay/domain/hzf.xiaohouzhi.com/web/App/Common/Common/function.php 第 1820 行.
NOTIC: [2] Missing argument 2 for pays_type(), called in /home/wwwroot/pay/domain/hzf.xiaohouzhi.com/web/App/Runtime/Cache/Mp/df863694071f9890a5ca8f3626fd3dc4.php on line 211 and defined /home/wwwroot/pay/domain/hzf.xiaohouzhi.com/web/App/Common/Common/function.php 第 1818 行.
NOTIC: [8] Undefined variable: type /home/wwwroot/pay/domain/hzf.xiaohouzhi.com/web/App/Common/Common/function.php 第 1820 行.
INFO: Run Behavior\ParseTemplateBehavior [ RunTime:0.272883s ]
INFO: [ view_parse ] --END-- [ RunTime:0.272950s ]
INFO: [ view_filter ] --START--
INFO: Run Behavior\WriteHtmlCacheBehavior [ RunTime:0.000282s ]
INFO: Run Behavior\TokenBuildBehavior [ RunTime:0.000552s ]
INFO: [ view_filter ] --END-- [ RunTime:0.000910s ]
INFO: [ app_end ] --START--
INFO: Run Behavior\ShowPageTraceBehavior [ RunTime:0.000480s ]
INFO: [ app_end ] --END-- [ RunTime:0.000521s ]

[ 2019-09-29T19:02:11+08:00 ] 101.68.68.234 /mp/index/index
INFO: [ app_init ] --START--
INFO: Run Behavior\BuildLiteBehavior [ RunTime:0.000016s ]
INFO: [ app_init ] --END-- [ RunTime:0.000255s ]
INFO: [ app_begin ] --START--
INFO: Run Behavior\ReadHtmlCacheBehavior [ RunTime:0.000346s ]
INFO: [ app_begin ] --END-- [ RunTime:0.000383s ]
NOTIC: [8] Undefined index: list /home/wwwroot/pay/domain/hzf.xiaohouzhi.com/web/App/Mp/Controller/BaseController.class.php 第 131 行.
NOTIC: [8] Undefined index: list /home/wwwroot/pay/domain/hzf.xiaohouzhi.com/web/App/Mp/Controller/BaseController.class.php 第 131 行.
INFO: [ view_parse ] --START--
INFO: [ template_filter ] --START--
INFO: Run Behavior\ContentReplaceBehavior [ RunTime:0.000087s ]
INFO: [ template_filter ] --END-- [ RunTime:0.000137s ]
NOTIC: [8] Undefined index: plug /home/wwwroot/pay/domain/hzf.xiaohouzhi.com/web/App/Runtime/Cache/Mp/5e6d6ce51e89c401caceeef1e6374c7b.php 第 59 行.
INFO: Run Behavior\ParseTemplateBehavior [ RunTime:0.013082s ]
INFO: [ view_parse ] --END-- [ RunTime:0.013126s ]
INFO: [ view_filter ] --START--
INFO: Run Behavior\WriteHtmlCacheBehavior [ RunTime:0.000144s ]
INFO: Run Behavior\TokenBuildBehavior [ RunTime:0.000291s ]
INFO: [ view_filter ] --END-- [ RunTime:0.000484s ]
INFO: [ app_end ] --START--
INFO: Run Behavior\ShowPageTraceBehavior [ RunTime:0.000396s ]
INFO: [ app_end ] --END-- [ RunTime:0.000439s ]

[ 2019-09-29T19:02:23+08:00 ] 101.68.68.234 /mp/merchant/store
INFO: [ app_init ] --START--
INFO: Run Behavior\BuildLiteBehavior [ RunTime:0.000013s ]
INFO: [ app_init ] --END-- [ RunTime:0.000302s ]
INFO: [ app_begin ] --START--
INFO: Run Behavior\ReadHtmlCacheBehavior [ RunTime:0.000286s ]
INFO: [ app_begin ] --END-- [ RunTime:0.000320s ]
NOTIC: [8] Undefined index: list /home/wwwroot/pay/domain/hzf.xiaohouzhi.com/web/App/Mp/Controller/BaseController.class.php 第 131 行.
NOTIC: [8] Undefined index: list /home/wwwroot/pay/domain/hzf.xiaohouzhi.com/web/App/Mp/Controller/BaseController.class.php 第 131 行.
INFO: [ view_parse ] --START--
INFO: [ template_filter ] --START--
INFO: Run Behavior\ContentReplaceBehavior [ RunTime:0.000087s ]
INFO: [ template_filter ] --END-- [ RunTime:0.000137s ]
NOTIC: [8] Undefined index: plug /home/wwwroot/pay/domain/hzf.xiaohouzhi.com/web/App/Runtime/Cache/Mp/fbaee557f587bbf1ebe61e740833a1dd.php 第 78 行.
INFO: Run Behavior\ParseTemplateBehavior [ RunTime:0.014617s ]
INFO: [ view_parse ] --END-- [ RunTime:0.014666s ]
INFO: [ view_filter ] --START--
INFO: Run Behavior\WriteHtmlCacheBehavior [ RunTime:0.000132s ]
INFO: Run Behavior\TokenBuildBehavior [ RunTime:0.000275s ]
INFO: [ view_filter ] --END-- [ RunTime:0.000448s ]
INFO: [ app_end ] --START--
INFO: Run Behavior\ShowPageTraceBehavior [ RunTime:0.000332s ]
INFO: [ app_end ] --END-- [ RunTime:0.000359s ]

[ 2019-09-29T19:02:27+08:00 ] 101.68.68.234 /mp/member/index
INFO: [ app_init ] --START--
INFO: Run Behavior\BuildLiteBehavior [ RunTime:0.000017s ]
INFO: [ app_init ] --END-- [ RunTime:0.000364s ]
INFO: [ app_begin ] --START--
INFO: Run Behavior\ReadHtmlCacheBehavior [ RunTime:0.000308s ]
INFO: [ app_begin ] --END-- [ RunTime:0.000362s ]
NOTIC: [8] Undefined index: list /home/wwwroot/pay/domain/hzf.xiaohouzhi.com/web/App/Mp/Controller/BaseController.class.php 第 131 行.
NOTIC: [8] Undefined index: list /home/wwwroot/pay/domain/hzf.xiaohouzhi.com/web/App/Mp/Controller/BaseController.class.php 第 131 行.
INFO: [ view_parse ] --START--
INFO: [ template_filter ] --START--
INFO: Run Behavior\ContentReplaceBehavior [ RunTime:0.000122s ]
INFO: [ template_filter ] --END-- [ RunTime:0.000171s ]
NOTIC: [8] Undefined index: plug /home/wwwroot/pay/domain/hzf.xiaohouzhi.com/web/App/Runtime/Cache/Mp/07ecb83b072fd8b6c73e99da72f346e3.php 第 83 行.
NOTIC: [8] Undefined variable: list /home/wwwroot/pay/domain/hzf.xiaohouzhi.com/web/App/Runtime/Cache/Mp/07ecb83b072fd8b6c73e99da72f346e3.php 第 264 行.
NOTIC: [8] Undefined variable: page /home/wwwroot/pay/domain/hzf.xiaohouzhi.com/web/App/Runtime/Cache/Mp/07ecb83b072fd8b6c73e99da72f346e3.php 第 275 行.
INFO: Run Behavior\ParseTemplateBehavior [ RunTime:0.016242s ]
INFO: [ view_parse ] --END-- [ RunTime:0.016291s ]
INFO: [ view_filter ] --START--
INFO: Run Behavior\WriteHtmlCacheBehavior [ RunTime:0.000147s ]
INFO: Run Behavior\TokenBuildBehavior [ RunTime:0.000280s ]
INFO: [ view_filter ] --END-- [ RunTime:0.000468s ]
INFO: [ app_end ] --START--
INFO: Run Behavior\ShowPageTraceBehavior [ RunTime:0.000351s ]
INFO: [ app_end ] --END-- [ RunTime:0.000385s ]

[ 2019-09-29T19:02:33+08:00 ] 101.68.68.234 /mp/member/activity
INFO: [ app_init ] --START--
INFO: Run Behavior\BuildLiteBehavior [ RunTime:0.000011s ]
INFO: [ app_init ] --END-- [ RunTime:0.000243s ]
INFO: [ app_begin ] --START--
INFO: Run Behavior\ReadHtmlCacheBehavior [ RunTime:0.001077s ]
INFO: [ app_begin ] --END-- [ RunTime:0.001113s ]
NOTIC: [8] Undefined index: list /home/wwwroot/pay/domain/hzf.xiaohouzhi.com/web/App/Mp/Controller/BaseController.class.php 第 131 行.
NOTIC: [8] Undefined index: list /home/wwwroot/pay/domain/hzf.xiaohouzhi.com/web/App/Mp/Controller/BaseController.class.php 第 131 行.
INFO: [ view_parse ] --START--
INFO: [ template_filter ] --START--
INFO: Run Behavior\ContentReplaceBehavior [ RunTime:0.000092s ]
INFO: [ template_filter ] --END-- [ RunTime:0.000140s ]
NOTIC: [8] Undefined index: plug /home/wwwroot/pay/domain/hzf.xiaohouzhi.com/web/App/Runtime/Cache/Mp/95cb339ce71188bce1817169f2ebc883.php 第 88 行.
INFO: Run Behavior\ParseTemplateBehavior [ RunTime:0.013557s ]
INFO: [ view_parse ] --END-- [ RunTime:0.013619s ]
INFO: [ view_filter ] --START--
INFO: Run Behavior\WriteHtmlCacheBehavior [ RunTime:0.000147s ]
INFO: Run Behavior\TokenBuildBehavior [ RunTime:0.000270s ]
INFO: [ view_filter ] --END-- [ RunTime:0.000462s ]
INFO: [ app_end ] --START--
INFO: Run Behavior\ShowPageTraceBehavior [ RunTime:0.000322s ]
INFO: [ app_end ] --END-- [ RunTime:0.000348s ]

[ 2019-09-29T19:02:38+08:00 ] 101.68.68.234 /mp/order/index
INFO: [ app_init ] --START--
INFO: Run Behavior\BuildLiteBehavior [ RunTime:0.000011s ]
INFO: [ app_init ] --END-- [ RunTime:0.000251s ]
INFO: [ app_begin ] --START--
INFO: Run Behavior\ReadHtmlCacheBehavior [ RunTime:0.000368s ]
INFO: [ app_begin ] --END-- [ RunTime:0.000412s ]
NOTIC: [8] Undefined index: list /home/wwwroot/pay/domain/hzf.xiaohouzhi.com/web/App/Mp/Controller/BaseController.class.php 第 131 行.
NOTIC: [8] Undefined index: list /home/wwwroot/pay/domain/hzf.xiaohouzhi.com/web/App/Mp/Controller/BaseController.class.php 第 131 行.
NOTIC: [8] Undefined index: oid /home/wwwroot/pay/domain/hzf.xiaohouzhi.com/web/App/Mp/Controller/OrderController.class.php 第 39 行.
NOTIC: [8] Undefined index: time /home/wwwroot/pay/domain/hzf.xiaohouzhi.com/web/App/Mp/Controller/OrderController.class.php 第 42 行.
NOTIC: [8] Undefined offset: 1 /home/wwwroot/pay/domain/hzf.xiaohouzhi.com/web/App/Mp/Controller/OrderController.class.php 第 44 行.
INFO: [ view_parse ] --START--
INFO: [ template_filter ] --START--
INFO: Run Behavior\ContentReplaceBehavior [ RunTime:0.000125s ]
INFO: [ template_filter ] --END-- [ RunTime:0.000175s ]
NOTIC: [8] Undefined index: plug /home/wwwroot/pay/domain/hzf.xiaohouzhi.com/web/App/Runtime/Cache/Mp/df863694071f9890a5ca8f3626fd3dc4.php 第 83 行.
INFO: Run Behavior\ParseTemplateBehavior [ RunTime:0.017464s ]
INFO: [ view_parse ] --END-- [ RunTime:0.017536s ]
INFO: [ view_filter ] --START--
INFO: Run Behavior\WriteHtmlCacheBehavior [ RunTime:0.000179s ]
INFO: Run Behavior\TokenBuildBehavior [ RunTime:0.000370s ]
INFO: [ view_filter ] --END-- [ RunTime:0.000598s ]
INFO: [ app_end ] --START--
INFO: Run Behavior\ShowPageTraceBehavior [ RunTime:0.000417s ]
INFO: [ app_end ] --END-- [ RunTime:0.000446s ]

[ 2019-09-29T19:02:45+08:00 ] 101.68.68.234 /mp/user/rate
INFO: [ app_init ] --START--
INFO: Run Behavior\BuildLiteBehavior [ RunTime:0.000033s ]
INFO: [ app_init ] --END-- [ RunTime:0.000300s ]
INFO: [ app_begin ] --START--
INFO: Run Behavior\ReadHtmlCacheBehavior [ RunTime:0.000287s ]
INFO: [ app_begin ] --END-- [ RunTime:0.000323s ]
NOTIC: [8] Undefined index: list /home/wwwroot/pay/domain/hzf.xiaohouzhi.com/web/App/Mp/Controller/BaseController.class.php 第 131 行.
NOTIC: [8] Undefined index: list /home/wwwroot/pay/domain/hzf.xiaohouzhi.com/web/App/Mp/Controller/BaseController.class.php 第 131 行.
NOTIC: [2] Missing argument 1 for domain_id(), called in /home/wwwroot/pay/domain/hzf.xiaohouzhi.com/web/App/Mp/Controller/UserController.class.php on line 66 and defined /home/wwwroot/pay/domain/hzf.xiaohouzhi.com/web/App/Common/Common/function.php 第 3626 行.
NOTIC: [8] Undefined variable: type /home/wwwroot/pay/domain/hzf.xiaohouzhi.com/web/App/Common/Common/function.php 第 3628 行.
INFO: [ view_parse ] --START--
INFO: [ template_filter ] --START--
INFO: Run Behavior\ContentReplaceBehavior [ RunTime:0.000074s ]
INFO: [ template_filter ] --END-- [ RunTime:0.000121s ]
NOTIC: [8] Undefined index: plug /home/wwwroot/pay/domain/hzf.xiaohouzhi.com/web/App/Runtime/Cache/Mp/d2b5b0cf233f7617834a6003c9dde5a5.php 第 57 行.
INFO: Run Behavior\ParseTemplateBehavior [ RunTime:0.012373s ]
INFO: [ view_parse ] --END-- [ RunTime:0.012417s ]
INFO: [ view_filter ] --START--
INFO: Run Behavior\WriteHtmlCacheBehavior [ RunTime:0.000137s ]
INFO: Run Behavior\TokenBuildBehavior [ RunTime:0.000230s ]
INFO: [ view_filter ] --END-- [ RunTime:0.000406s ]
INFO: [ app_end ] --START--
INFO: Run Behavior\ShowPageTraceBehavior [ RunTime:0.000307s ]
INFO: [ app_end ] --END-- [ RunTime:0.000334s ]

[ 2019-09-29T19:02:50+08:00 ] 101.68.68.234 /mp/index/index
INFO: [ app_init ] --START--
INFO: Run Behavior\BuildLiteBehavior [ RunTime:0.000011s ]
INFO: [ app_init ] --END-- [ RunTime:0.000248s ]
INFO: [ app_begin ] --START--
INFO: Run Behavior\ReadHtmlCacheBehavior [ RunTime:0.000366s ]
INFO: [ app_begin ] --END-- [ RunTime:0.000406s ]
NOTIC: [8] Undefined index: list /home/wwwroot/pay/domain/hzf.xiaohouzhi.com/web/App/Mp/Controller/BaseController.class.php 第 131 行.
NOTIC: [8] Undefined index: list /home/wwwroot/pay/domain/hzf.xiaohouzhi.com/web/App/Mp/Controller/BaseController.class.php 第 131 行.
INFO: [ view_parse ] --START--
INFO: [ template_filter ] --START--
INFO: Run Behavior\ContentReplaceBehavior [ RunTime:0.000088s ]
INFO: [ template_filter ] --END-- [ RunTime:0.000151s ]
NOTIC: [8] Undefined index: plug /home/wwwroot/pay/domain/hzf.xiaohouzhi.com/web/App/Runtime/Cache/Mp/5e6d6ce51e89c401caceeef1e6374c7b.php 第 59 行.
INFO: Run Behavior\ParseTemplateBehavior [ RunTime:0.012551s ]
INFO: [ view_parse ] --END-- [ RunTime:0.012610s ]
INFO: [ view_filter ] --START--
INFO: Run Behavior\WriteHtmlCacheBehavior [ RunTime:0.000132s ]
INFO: Run Behavior\TokenBuildBehavior [ RunTime:0.000278s ]
INFO: [ view_filter ] --END-- [ RunTime:0.000459s ]
INFO: [ app_end ] --START--
INFO: Run Behavior\ShowPageTraceBehavior [ RunTime:0.000315s ]
INFO: [ app_end ] --END-- [ RunTime:0.000345s ]

[ 2019-09-29T19:03:15+08:00 ] 223.167.152.53 /mp/index/index
INFO: [ app_init ] --START--
INFO: Run Behavior\BuildLiteBehavior [ RunTime:0.000015s ]
INFO: [ app_init ] --END-- [ RunTime:0.000269s ]
INFO: [ app_begin ] --START--
INFO: Run Behavior\ReadHtmlCacheBehavior [ RunTime:0.000301s ]
INFO: [ app_begin ] --END-- [ RunTime:0.000331s ]

[ 2019-09-29T19:03:23+08:00 ] 180.97.118.223 /mp/merchant/store
INFO: [ app_init ] --START--
INFO: Run Behavior\BuildLiteBehavior [ RunTime:0.000011s ]
INFO: [ app_init ] --END-- [ RunTime:0.000210s ]
INFO: [ app_begin ] --START--
INFO: Run Behavior\ReadHtmlCacheBehavior [ RunTime:0.000264s ]
INFO: [ app_begin ] --END-- [ RunTime:0.000293s ]

[ 2019-09-29T19:03:28+08:00 ] 223.166.151.197 /mp/member/index
INFO: [ app_init ] --START--
INFO: Run Behavior\BuildLiteBehavior [ RunTime:0.000018s ]
INFO: [ app_init ] --END-- [ RunTime:0.000321s ]
INFO: [ app_begin ] --START--
INFO: Run Behavior\ReadHtmlCacheBehavior [ RunTime:0.000396s ]
INFO: [ app_begin ] --END-- [ RunTime:0.000433s ]

[ 2019-09-29T19:03:28+08:00 ] 180.97.118.223 /mp/member/index
INFO: [ app_init ] --START--
INFO: Run Behavior\BuildLiteBehavior [ RunTime:0.000016s ]
INFO: [ app_init ] --END-- [ RunTime:0.000347s ]
INFO: [ app_begin ] --START--
INFO: Run Behavior\ReadHtmlCacheBehavior [ RunTime:0.000606s ]
INFO: [ app_begin ] --END-- [ RunTime:0.000649s ]

[ 2019-09-29T19:03:36+08:00 ] 58.247.212.141 /mp/member/activity
INFO: [ app_init ] --START--
INFO: Run Behavior\BuildLiteBehavior [ RunTime:0.000012s ]
INFO: [ app_init ] --END-- [ RunTime:0.000259s ]
INFO: [ app_begin ] --START--
INFO: Run Behavior\ReadHtmlCacheBehavior [ RunTime:0.000300s ]
INFO: [ app_begin ] --END-- [ RunTime:0.000331s ]

[ 2019-09-29T19:03:38+08:00 ] 101.89.29.97 /mp/order/index
INFO: [ app_init ] --START--
INFO: Run Behavior\BuildLiteBehavior [ RunTime:0.000011s ]
INFO: [ app_init ] --END-- [ RunTime:0.000264s ]
INFO: [ app_begin ] --START--
INFO: Run Behavior\ReadHtmlCacheBehavior [ RunTime:0.000392s ]
INFO: [ app_begin ] --END-- [ RunTime:0.000428s ]

[ 2019-09-29T19:03:46+08:00 ] 101.91.62.99 /mp/user/rate
INFO: [ app_init ] --START--
INFO: Run Behavior\BuildLiteBehavior [ RunTime:0.000010s ]
INFO: [ app_init ] --END-- [ RunTime:0.000217s ]
INFO: [ app_begin ] --START--
INFO: Run Behavior\ReadHtmlCacheBehavior [ RunTime:0.000288s ]
INFO: [ app_begin ] --END-- [ RunTime:0.000318s ]

