[ 2019-10-14T10:28:08+08:00 ] 58.247.212.239 /mp/member/index
INFO: [ app_init ] --START--
INFO: Run Behavior\BuildLiteBehavior [ RunTime:0.000015s ]
INFO: [ app_init ] --END-- [ RunTime:0.000270s ]
INFO: [ app_begin ] --START--
INFO: Run Behavior\ReadHtmlCacheBehavior [ RunTime:0.000321s ]
INFO: [ app_begin ] --END-- [ RunTime:0.000364s ]

[ 2019-10-14T10:28:08+08:00 ] 59.36.132.240 /mp/member/index
INFO: [ app_init ] --START--
INFO: Run Behavior\BuildLiteBehavior [ RunTime:0.000021s ]
INFO: [ app_init ] --END-- [ RunTime:0.000396s ]
INFO: [ app_begin ] --START--
INFO: Run Behavior\ReadHtmlCacheBehavior [ RunTime:0.000547s ]
INFO: [ app_begin ] --END-- [ RunTime:0.000604s ]

[ 2019-10-14T10:28:08+08:00 ] 116.128.128.41 /mp/member/index
INFO: [ app_init ] --START--
INFO: Run Behavior\BuildLiteBehavior [ RunTime:0.000009s ]
INFO: [ app_init ] --END-- [ RunTime:0.000225s ]
INFO: [ app_begin ] --START--
INFO: Run Behavior\ReadHtmlCacheBehavior [ RunTime:0.000307s ]
INFO: [ app_begin ] --END-- [ RunTime:0.000343s ]

[ 2019-10-14T10:28:08+08:00 ] 59.36.132.240 /mp/member/index
INFO: [ app_init ] --START--
INFO: Run Behavior\BuildLiteBehavior [ RunTime:0.000015s ]
INFO: [ app_init ] --END-- [ RunTime:0.000331s ]
INFO: [ app_begin ] --START--
INFO: Run Behavior\ReadHtmlCacheBehavior [ RunTime:0.000351s ]
INFO: [ app_begin ] --END-- [ RunTime:0.000392s ]

[ 2019-10-14T10:28:08+08:00 ] 58.247.212.239 /mp/login
INFO: [ app_init ] --START--
INFO: Run Behavior\BuildLiteBehavior [ RunTime:0.000017s ]
INFO: [ app_init ] --END-- [ RunTime:0.000381s ]
INFO: [ app_begin ] --START--
INFO: Run Behavior\ReadHtmlCacheBehavior [ RunTime:0.000439s ]
INFO: [ app_begin ] --END-- [ RunTime:0.000492s ]
NOTIC: [8] Undefined index: list /home/wwwroot/pay/domain/hzf.xiaohouzhi.com/web/App/Mp/Controller/BaseController.class.php 第 131 行.
NOTIC: [8] Undefined index: list /home/wwwroot/pay/domain/hzf.xiaohouzhi.com/web/App/Mp/Controller/BaseController.class.php 第 131 行.
NOTIC: [8] Undefined offset: 0 /home/wwwroot/pay/domain/hzf.xiaohouzhi.com/web/App/Mp/Controller/BaseController.class.php 第 147 行.
INFO: [ view_parse ] --START--
INFO: [ template_filter ] --START--
INFO: Run Behavior\ContentReplaceBehavior [ RunTime:0.000062s ]
INFO: [ template_filter ] --END-- [ RunTime:0.000110s ]
INFO: Run Behavior\ParseTemplateBehavior [ RunTime:0.008717s ]
INFO: [ view_parse ] --END-- [ RunTime:0.008777s ]
INFO: [ view_filter ] --START--
INFO: Run Behavior\WriteHtmlCacheBehavior [ RunTime:0.000138s ]
INFO: Run Behavior\TokenBuildBehavior [ RunTime:0.000312s ]
INFO: [ view_filter ] --END-- [ RunTime:0.000505s ]
INFO: [ app_end ] --START--
INFO: Run Behavior\ShowPageTraceBehavior [ RunTime:0.000418s ]
INFO: [ app_end ] --END-- [ RunTime:0.000458s ]

[ 2019-10-14T10:28:08+08:00 ] 59.36.132.240 /mp/login
INFO: [ app_init ] --START--
INFO: Run Behavior\BuildLiteBehavior [ RunTime:0.000021s ]
INFO: [ app_init ] --END-- [ RunTime:0.000386s ]
INFO: [ app_begin ] --START--
INFO: Run Behavior\ReadHtmlCacheBehavior [ RunTime:0.000475s ]
INFO: [ app_begin ] --END-- [ RunTime:0.000523s ]
NOTIC: [8] Undefined index: list /home/wwwroot/pay/domain/hzf.xiaohouzhi.com/web/App/Mp/Controller/BaseController.class.php 第 131 行.
NOTIC: [8] Undefined index: list /home/wwwroot/pay/domain/hzf.xiaohouzhi.com/web/App/Mp/Controller/BaseController.class.php 第 131 行.
NOTIC: [8] Undefined offset: 0 /home/wwwroot/pay/domain/hzf.xiaohouzhi.com/web/App/Mp/Controller/BaseController.class.php 第 147 行.
INFO: [ view_parse ] --START--
INFO: [ template_filter ] --START--
INFO: Run Behavior\ContentReplaceBehavior [ RunTime:0.000065s ]
INFO: [ template_filter ] --END-- [ RunTime:0.000112s ]
INFO: Run Behavior\ParseTemplateBehavior [ RunTime:0.016992s ]
INFO: [ view_parse ] --END-- [ RunTime:0.017050s ]
INFO: [ view_filter ] --START--
INFO: Run Behavior\WriteHtmlCacheBehavior [ RunTime:0.000128s ]
INFO: Run Behavior\TokenBuildBehavior [ RunTime:0.000257s ]
INFO: [ view_filter ] --END-- [ RunTime:0.000429s ]
INFO: [ app_end ] --START--
INFO: Run Behavior\ShowPageTraceBehavior [ RunTime:0.000329s ]
INFO: [ app_end ] --END-- [ RunTime:0.000362s ]

[ 2019-10-14T10:28:08+08:00 ] 182.254.52.17 /mp/member/index
INFO: [ app_init ] --START--
INFO: Run Behavior\BuildLiteBehavior [ RunTime:0.000013s ]
INFO: [ app_init ] --END-- [ RunTime:0.000259s ]
INFO: [ app_begin ] --START--
INFO: Run Behavior\ReadHtmlCacheBehavior [ RunTime:0.000380s ]
INFO: [ app_begin ] --END-- [ RunTime:0.000414s ]

[ 2019-10-14T10:28:08+08:00 ] 116.128.128.41 /mp/login
INFO: [ app_init ] --START--
INFO: Run Behavior\BuildLiteBehavior [ RunTime:0.000015s ]
INFO: [ app_init ] --END-- [ RunTime:0.000292s ]
INFO: [ app_begin ] --START--
INFO: Run Behavior\ReadHtmlCacheBehavior [ RunTime:0.000388s ]
INFO: [ app_begin ] --END-- [ RunTime:0.000435s ]
NOTIC: [8] Undefined index: list /home/wwwroot/pay/domain/hzf.xiaohouzhi.com/web/App/Mp/Controller/BaseController.class.php 第 131 行.
NOTIC: [8] Undefined index: list /home/wwwroot/pay/domain/hzf.xiaohouzhi.com/web/App/Mp/Controller/BaseController.class.php 第 131 行.
NOTIC: [8] Undefined offset: 0 /home/wwwroot/pay/domain/hzf.xiaohouzhi.com/web/App/Mp/Controller/BaseController.class.php 第 147 行.
INFO: [ view_parse ] --START--
INFO: [ template_filter ] --START--
INFO: Run Behavior\ContentReplaceBehavior [ RunTime:0.000069s ]
INFO: [ template_filter ] --END-- [ RunTime:0.000121s ]
INFO: Run Behavior\ParseTemplateBehavior [ RunTime:0.013467s ]
INFO: [ view_parse ] --END-- [ RunTime:0.013519s ]
INFO: [ view_filter ] --START--
INFO: Run Behavior\WriteHtmlCacheBehavior [ RunTime:0.000183s ]
INFO: Run Behavior\TokenBuildBehavior [ RunTime:0.000317s ]
INFO: [ view_filter ] --END-- [ RunTime:0.000557s ]
INFO: [ app_end ] --START--
INFO: Run Behavior\ShowPageTraceBehavior [ RunTime:0.000368s ]
INFO: [ app_end ] --END-- [ RunTime:0.000408s ]

[ 2019-10-14T10:28:08+08:00 ] 59.36.132.240 /mp/login
INFO: [ app_init ] --START--
INFO: Run Behavior\BuildLiteBehavior [ RunTime:0.000015s ]
INFO: [ app_init ] --END-- [ RunTime:0.000298s ]
INFO: [ app_begin ] --START--
INFO: Run Behavior\ReadHtmlCacheBehavior [ RunTime:0.000456s ]
INFO: [ app_begin ] --END-- [ RunTime:0.000497s ]
NOTIC: [8] Undefined index: list /home/wwwroot/pay/domain/hzf.xiaohouzhi.com/web/App/Mp/Controller/BaseController.class.php 第 131 行.
NOTIC: [8] Undefined index: list /home/wwwroot/pay/domain/hzf.xiaohouzhi.com/web/App/Mp/Controller/BaseController.class.php 第 131 行.
NOTIC: [8] Undefined offset: 0 /home/wwwroot/pay/domain/hzf.xiaohouzhi.com/web/App/Mp/Controller/BaseController.class.php 第 147 行.
INFO: [ view_parse ] --START--
INFO: [ template_filter ] --START--
INFO: Run Behavior\ContentReplaceBehavior [ RunTime:0.000052s ]
INFO: [ template_filter ] --END-- [ RunTime:0.000101s ]
INFO: Run Behavior\ParseTemplateBehavior [ RunTime:0.009142s ]
INFO: [ view_parse ] --END-- [ RunTime:0.009189s ]
INFO: [ view_filter ] --START--
INFO: Run Behavior\WriteHtmlCacheBehavior [ RunTime:0.000171s ]
INFO: Run Behavior\TokenBuildBehavior [ RunTime:0.000313s ]
INFO: [ view_filter ] --END-- [ RunTime:0.000551s ]
INFO: [ app_end ] --START--
INFO: Run Behavior\ShowPageTraceBehavior [ RunTime:0.000429s ]
INFO: [ app_end ] --END-- [ RunTime:0.000465s ]

[ 2019-10-14T10:28:08+08:00 ] 182.254.52.17 /mp/login
INFO: [ app_init ] --START--
INFO: Run Behavior\BuildLiteBehavior [ RunTime:0.000020s ]
INFO: [ app_init ] --END-- [ RunTime:0.000357s ]
INFO: [ app_begin ] --START--
INFO: Run Behavior\ReadHtmlCacheBehavior [ RunTime:0.000366s ]
INFO: [ app_begin ] --END-- [ RunTime:0.000411s ]
NOTIC: [8] Undefined index: list /home/wwwroot/pay/domain/hzf.xiaohouzhi.com/web/App/Mp/Controller/BaseController.class.php 第 131 行.
NOTIC: [8] Undefined index: list /home/wwwroot/pay/domain/hzf.xiaohouzhi.com/web/App/Mp/Controller/BaseController.class.php 第 131 行.
NOTIC: [8] Undefined offset: 0 /home/wwwroot/pay/domain/hzf.xiaohouzhi.com/web/App/Mp/Controller/BaseController.class.php 第 147 行.
INFO: [ view_parse ] --START--
INFO: [ template_filter ] --START--
INFO: Run Behavior\ContentReplaceBehavior [ RunTime:0.000085s ]
INFO: [ template_filter ] --END-- [ RunTime:0.000166s ]
INFO: Run Behavior\ParseTemplateBehavior [ RunTime:0.009570s ]
INFO: [ view_parse ] --END-- [ RunTime:0.009627s ]
INFO: [ view_filter ] --START--
INFO: Run Behavior\WriteHtmlCacheBehavior [ RunTime:0.000149s ]
INFO: Run Behavior\TokenBuildBehavior [ RunTime:0.000368s ]
INFO: [ view_filter ] --END-- [ RunTime:0.000583s ]
INFO: [ app_end ] --START--
INFO: Run Behavior\ShowPageTraceBehavior [ RunTime:0.000466s ]
INFO: [ app_end ] --END-- [ RunTime:0.000515s ]

[ 2019-10-14T12:30:38+08:00 ] 182.254.52.17 /mp/user/pass
INFO: [ app_init ] --START--
INFO: Run Behavior\BuildLiteBehavior [ RunTime:0.000016s ]
INFO: [ app_init ] --END-- [ RunTime:0.000234s ]
INFO: [ app_begin ] --START--
INFO: Run Behavior\ReadHtmlCacheBehavior [ RunTime:0.000336s ]
INFO: [ app_begin ] --END-- [ RunTime:0.000371s ]

[ 2019-10-14T12:30:38+08:00 ] 182.254.52.17 /mp/login
INFO: [ app_init ] --START--
INFO: Run Behavior\BuildLiteBehavior [ RunTime:0.000011s ]
INFO: [ app_init ] --END-- [ RunTime:0.000215s ]
INFO: [ app_begin ] --START--
INFO: Run Behavior\ReadHtmlCacheBehavior [ RunTime:0.000289s ]
INFO: [ app_begin ] --END-- [ RunTime:0.000318s ]
NOTIC: [8] Undefined index: list /home/wwwroot/pay/domain/hzf.xiaohouzhi.com/web/App/Mp/Controller/BaseController.class.php 第 131 行.
NOTIC: [8] Undefined index: list /home/wwwroot/pay/domain/hzf.xiaohouzhi.com/web/App/Mp/Controller/BaseController.class.php 第 131 行.
NOTIC: [8] Undefined offset: 0 /home/wwwroot/pay/domain/hzf.xiaohouzhi.com/web/App/Mp/Controller/BaseController.class.php 第 147 行.
INFO: [ view_parse ] --START--
INFO: [ template_filter ] --START--
INFO: Run Behavior\ContentReplaceBehavior [ RunTime:0.000052s ]
INFO: [ template_filter ] --END-- [ RunTime:0.000088s ]
INFO: Run Behavior\ParseTemplateBehavior [ RunTime:0.005807s ]
INFO: [ view_parse ] --END-- [ RunTime:0.005837s ]
INFO: [ view_filter ] --START--
INFO: Run Behavior\WriteHtmlCacheBehavior [ RunTime:0.000115s ]
INFO: Run Behavior\TokenBuildBehavior [ RunTime:0.000228s ]
INFO: [ view_filter ] --END-- [ RunTime:0.000392s ]
INFO: [ app_end ] --START--
INFO: Run Behavior\ShowPageTraceBehavior [ RunTime:0.000292s ]
INFO: [ app_end ] --END-- [ RunTime:0.000318s ]

[ 2019-10-14T12:34:02+08:00 ] 125.118.218.87 /mp/index/index
INFO: [ app_init ] --START--
INFO: Run Behavior\BuildLiteBehavior [ RunTime:0.000018s ]
INFO: [ app_init ] --END-- [ RunTime:0.000391s ]
INFO: [ app_begin ] --START--
INFO: Run Behavior\ReadHtmlCacheBehavior [ RunTime:0.000615s ]
INFO: [ app_begin ] --END-- [ RunTime:0.000671s ]
NOTIC: [8] Undefined index: list /home/wwwroot/pay/domain/hzf.xiaohouzhi.com/web/App/Mp/Controller/BaseController.class.php 第 131 行.
NOTIC: [8] Undefined index: list /home/wwwroot/pay/domain/hzf.xiaohouzhi.com/web/App/Mp/Controller/BaseController.class.php 第 131 行.
INFO: [ view_parse ] --START--
INFO: [ template_filter ] --START--
INFO: Run Behavior\ContentReplaceBehavior [ RunTime:0.000087s ]
INFO: [ template_filter ] --END-- [ RunTime:0.000137s ]
NOTIC: [8] Undefined index: plug /home/wwwroot/pay/domain/hzf.xiaohouzhi.com/web/App/Runtime/Cache/Mp/5e6d6ce51e89c401caceeef1e6374c7b.php 第 59 行.
INFO: Run Behavior\ParseTemplateBehavior [ RunTime:0.014258s ]
INFO: [ view_parse ] --END-- [ RunTime:0.014372s ]
INFO: [ view_filter ] --START--
INFO: Run Behavior\WriteHtmlCacheBehavior [ RunTime:0.000295s ]
INFO: Run Behavior\TokenBuildBehavior [ RunTime:0.000358s ]
INFO: [ view_filter ] --END-- [ RunTime:0.000762s ]
INFO: [ app_end ] --START--
INFO: Run Behavior\ShowPageTraceBehavior [ RunTime:0.000539s ]
INFO: [ app_end ] --END-- [ RunTime:0.000581s ]

[ 2019-10-14T13:14:14+08:00 ] 59.36.132.240 /mp/user/rate
INFO: [ app_init ] --START--
INFO: Run Behavior\BuildLiteBehavior [ RunTime:0.000017s ]
INFO: [ app_init ] --END-- [ RunTime:0.000333s ]
INFO: [ app_begin ] --START--
INFO: Run Behavior\ReadHtmlCacheBehavior [ RunTime:0.000342s ]
INFO: [ app_begin ] --END-- [ RunTime:0.000376s ]

[ 2019-10-14T13:14:15+08:00 ] 59.36.132.240 /mp/login
INFO: [ app_init ] --START--
INFO: Run Behavior\BuildLiteBehavior [ RunTime:0.000011s ]
INFO: [ app_init ] --END-- [ RunTime:0.000248s ]
INFO: [ app_begin ] --START--
INFO: Run Behavior\ReadHtmlCacheBehavior [ RunTime:0.000314s ]
INFO: [ app_begin ] --END-- [ RunTime:0.000344s ]
NOTIC: [8] Undefined index: list /home/wwwroot/pay/domain/hzf.xiaohouzhi.com/web/App/Mp/Controller/BaseController.class.php 第 131 行.
NOTIC: [8] Undefined index: list /home/wwwroot/pay/domain/hzf.xiaohouzhi.com/web/App/Mp/Controller/BaseController.class.php 第 131 行.
NOTIC: [8] Undefined offset: 0 /home/wwwroot/pay/domain/hzf.xiaohouzhi.com/web/App/Mp/Controller/BaseController.class.php 第 147 行.
INFO: [ view_parse ] --START--
INFO: [ template_filter ] --START--
INFO: Run Behavior\ContentReplaceBehavior [ RunTime:0.000049s ]
INFO: [ template_filter ] --END-- [ RunTime:0.000088s ]
INFO: Run Behavior\ParseTemplateBehavior [ RunTime:0.006214s ]
INFO: [ view_parse ] --END-- [ RunTime:0.006248s ]
INFO: [ view_filter ] --START--
INFO: Run Behavior\WriteHtmlCacheBehavior [ RunTime:0.000117s ]
INFO: Run Behavior\TokenBuildBehavior [ RunTime:0.000227s ]
INFO: [ view_filter ] --END-- [ RunTime:0.000390s ]
INFO: [ app_end ] --START--
INFO: Run Behavior\ShowPageTraceBehavior [ RunTime:0.000377s ]
INFO: [ app_end ] --END-- [ RunTime:0.000410s ]

