[ 2019-10-12T11:42:15+08:00 ] 182.254.52.17 /Mp/Login/loadVerify
INFO: [ app_init ] --START--
INFO: Run Behavior\BuildLiteBehavior [ RunTime:0.000019s ]
INFO: [ app_init ] --END-- [ RunTime:0.000389s ]
INFO: [ app_begin ] --START--
INFO: Run Behavior\ReadHtmlCacheBehavior [ RunTime:0.000410s ]
INFO: [ app_begin ] --END-- [ RunTime:0.000464s ]
NOTIC: [8] Undefined index: list /home/wwwroot/pay/domain/hzf.xiaohouzhi.com/web/App/Mp/Controller/BaseController.class.php 第 131 行.
NOTIC: [8] Undefined index: list /home/wwwroot/pay/domain/hzf.xiaohouzhi.com/web/App/Mp/Controller/BaseController.class.php 第 131 行.
NOTIC: [8] Undefined offset: 0 /home/wwwroot/pay/domain/hzf.xiaohouzhi.com/web/App/Mp/Controller/BaseController.class.php 第 147 行.
INFO: [ app_end ] --START--
INFO: Run Behavior\ShowPageTraceBehavior [ RunTime:0.000492s ]
INFO: [ app_end ] --END-- [ RunTime:0.000591s ]

[ 2019-10-12T11:52:38+08:00 ] 183.192.179.16 /Mp/Login/loadVerify
INFO: [ app_init ] --START--
INFO: Run Behavior\BuildLiteBehavior [ RunTime:0.000015s ]
INFO: [ app_init ] --END-- [ RunTime:0.000278s ]
INFO: [ app_begin ] --START--
INFO: Run Behavior\ReadHtmlCacheBehavior [ RunTime:0.000335s ]
INFO: [ app_begin ] --END-- [ RunTime:0.000375s ]
NOTIC: [8] Undefined index: list /home/wwwroot/pay/domain/hzf.xiaohouzhi.com/web/App/Mp/Controller/BaseController.class.php 第 131 行.
NOTIC: [8] Undefined index: list /home/wwwroot/pay/domain/hzf.xiaohouzhi.com/web/App/Mp/Controller/BaseController.class.php 第 131 行.
NOTIC: [8] Undefined offset: 0 /home/wwwroot/pay/domain/hzf.xiaohouzhi.com/web/App/Mp/Controller/BaseController.class.php 第 147 行.
INFO: [ app_end ] --START--
INFO: Run Behavior\ShowPageTraceBehavior [ RunTime:0.000535s ]
INFO: [ app_end ] --END-- [ RunTime:0.000640s ]

[ 2019-10-12T18:48:12+08:00 ] 125.118.218.87 /mp/index/index
INFO: [ app_init ] --START--
INFO: Run Behavior\BuildLiteBehavior [ RunTime:0.000011s ]
INFO: [ app_init ] --END-- [ RunTime:0.000221s ]
INFO: [ app_begin ] --START--
INFO: Run Behavior\ReadHtmlCacheBehavior [ RunTime:0.000295s ]
INFO: [ app_begin ] --END-- [ RunTime:0.000329s ]
NOTIC: [8] Undefined index: list /home/wwwroot/pay/domain/hzf.xiaohouzhi.com/web/App/Mp/Controller/BaseController.class.php 第 131 行.
NOTIC: [8] Undefined index: list /home/wwwroot/pay/domain/hzf.xiaohouzhi.com/web/App/Mp/Controller/BaseController.class.php 第 131 行.
INFO: [ view_parse ] --START--
INFO: [ template_filter ] --START--
INFO: Run Behavior\ContentReplaceBehavior [ RunTime:0.000085s ]
INFO: [ template_filter ] --END-- [ RunTime:0.000131s ]
NOTIC: [8] Undefined index: plug /home/wwwroot/pay/domain/hzf.xiaohouzhi.com/web/App/Runtime/Cache/Mp/5e6d6ce51e89c401caceeef1e6374c7b.php 第 59 行.
INFO: Run Behavior\ParseTemplateBehavior [ RunTime:0.016881s ]
INFO: [ view_parse ] --END-- [ RunTime:0.016951s ]
INFO: [ view_filter ] --START--
INFO: Run Behavior\WriteHtmlCacheBehavior [ RunTime:0.000163s ]
INFO: Run Behavior\TokenBuildBehavior [ RunTime:0.000300s ]
INFO: [ view_filter ] --END-- [ RunTime:0.000507s ]
INFO: [ app_end ] --START--
INFO: Run Behavior\ShowPageTraceBehavior [ RunTime:0.000382s ]
INFO: [ app_end ] --END-- [ RunTime:0.000416s ]

[ 2019-10-12T18:48:24+08:00 ] 125.118.218.87 /mp/member/activity
INFO: [ app_init ] --START--
INFO: Run Behavior\BuildLiteBehavior [ RunTime:0.000019s ]
INFO: [ app_init ] --END-- [ RunTime:0.000301s ]
INFO: [ app_begin ] --START--
INFO: Run Behavior\ReadHtmlCacheBehavior [ RunTime:0.000324s ]
INFO: [ app_begin ] --END-- [ RunTime:0.000365s ]
NOTIC: [8] Undefined index: list /home/wwwroot/pay/domain/hzf.xiaohouzhi.com/web/App/Mp/Controller/BaseController.class.php 第 131 行.
NOTIC: [8] Undefined index: list /home/wwwroot/pay/domain/hzf.xiaohouzhi.com/web/App/Mp/Controller/BaseController.class.php 第 131 行.
INFO: [ view_parse ] --START--
INFO: [ template_filter ] --START--
INFO: Run Behavior\ContentReplaceBehavior [ RunTime:0.000113s ]
INFO: [ template_filter ] --END-- [ RunTime:0.000171s ]
NOTIC: [8] Undefined index: plug /home/wwwroot/pay/domain/hzf.xiaohouzhi.com/web/App/Runtime/Cache/Mp/95cb339ce71188bce1817169f2ebc883.php 第 88 行.
INFO: Run Behavior\ParseTemplateBehavior [ RunTime:0.047672s ]
INFO: [ view_parse ] --END-- [ RunTime:0.047714s ]
INFO: [ view_filter ] --START--
INFO: Run Behavior\WriteHtmlCacheBehavior [ RunTime:0.000138s ]
INFO: Run Behavior\TokenBuildBehavior [ RunTime:0.000242s ]
INFO: [ view_filter ] --END-- [ RunTime:0.000422s ]
INFO: [ app_end ] --START--
INFO: Run Behavior\ShowPageTraceBehavior [ RunTime:0.000330s ]
INFO: [ app_end ] --END-- [ RunTime:0.000372s ]

[ 2019-10-12T18:48:26+08:00 ] 125.118.218.87 /mp/member/index
INFO: [ app_init ] --START--
INFO: Run Behavior\BuildLiteBehavior [ RunTime:0.000018s ]
INFO: [ app_init ] --END-- [ RunTime:0.000326s ]
INFO: [ app_begin ] --START--
INFO: Run Behavior\ReadHtmlCacheBehavior [ RunTime:0.000385s ]
INFO: [ app_begin ] --END-- [ RunTime:0.000450s ]
NOTIC: [8] Undefined index: list /home/wwwroot/pay/domain/hzf.xiaohouzhi.com/web/App/Mp/Controller/BaseController.class.php 第 131 行.
NOTIC: [8] Undefined index: list /home/wwwroot/pay/domain/hzf.xiaohouzhi.com/web/App/Mp/Controller/BaseController.class.php 第 131 行.
INFO: [ view_parse ] --START--
INFO: [ template_filter ] --START--
INFO: Run Behavior\ContentReplaceBehavior [ RunTime:0.000119s ]
INFO: [ template_filter ] --END-- [ RunTime:0.000170s ]
NOTIC: [8] Undefined index: plug /home/wwwroot/pay/domain/hzf.xiaohouzhi.com/web/App/Runtime/Cache/Mp/07ecb83b072fd8b6c73e99da72f346e3.php 第 83 行.
NOTIC: [8] Undefined variable: list /home/wwwroot/pay/domain/hzf.xiaohouzhi.com/web/App/Runtime/Cache/Mp/07ecb83b072fd8b6c73e99da72f346e3.php 第 264 行.
NOTIC: [8] Undefined variable: page /home/wwwroot/pay/domain/hzf.xiaohouzhi.com/web/App/Runtime/Cache/Mp/07ecb83b072fd8b6c73e99da72f346e3.php 第 275 行.
INFO: Run Behavior\ParseTemplateBehavior [ RunTime:0.049687s ]
INFO: [ view_parse ] --END-- [ RunTime:0.049730s ]
INFO: [ view_filter ] --START--
INFO: Run Behavior\WriteHtmlCacheBehavior [ RunTime:0.000156s ]
INFO: Run Behavior\TokenBuildBehavior [ RunTime:0.000289s ]
INFO: [ view_filter ] --END-- [ RunTime:0.000491s ]
INFO: [ app_end ] --START--
INFO: Run Behavior\ShowPageTraceBehavior [ RunTime:0.000350s ]
INFO: [ app_end ] --END-- [ RunTime:0.000378s ]

[ 2019-10-12T18:48:28+08:00 ] 125.118.218.87 /mp/member/activity
INFO: [ app_init ] --START--
INFO: Run Behavior\BuildLiteBehavior [ RunTime:0.000010s ]
INFO: [ app_init ] --END-- [ RunTime:0.000236s ]
INFO: [ app_begin ] --START--
INFO: Run Behavior\ReadHtmlCacheBehavior [ RunTime:0.000301s ]
INFO: [ app_begin ] --END-- [ RunTime:0.000337s ]
NOTIC: [8] Undefined index: list /home/wwwroot/pay/domain/hzf.xiaohouzhi.com/web/App/Mp/Controller/BaseController.class.php 第 131 行.
NOTIC: [8] Undefined index: list /home/wwwroot/pay/domain/hzf.xiaohouzhi.com/web/App/Mp/Controller/BaseController.class.php 第 131 行.
INFO: [ view_parse ] --START--
INFO: [ template_filter ] --START--
INFO: Run Behavior\ContentReplaceBehavior [ RunTime:0.000088s ]
INFO: [ template_filter ] --END-- [ RunTime:0.000129s ]
NOTIC: [8] Undefined index: plug /home/wwwroot/pay/domain/hzf.xiaohouzhi.com/web/App/Runtime/Cache/Mp/95cb339ce71188bce1817169f2ebc883.php 第 88 行.
INFO: Run Behavior\ParseTemplateBehavior [ RunTime:0.012395s ]
INFO: [ view_parse ] --END-- [ RunTime:0.012436s ]
INFO: [ view_filter ] --START--
INFO: Run Behavior\WriteHtmlCacheBehavior [ RunTime:0.000136s ]
INFO: Run Behavior\TokenBuildBehavior [ RunTime:0.000223s ]
INFO: [ view_filter ] --END-- [ RunTime:0.000399s ]
INFO: [ app_end ] --START--
INFO: Run Behavior\ShowPageTraceBehavior [ RunTime:0.000317s ]
INFO: [ app_end ] --END-- [ RunTime:0.000349s ]

[ 2019-10-12T18:48:32+08:00 ] 125.118.218.87 /mp/member/index
INFO: [ app_init ] --START--
INFO: Run Behavior\BuildLiteBehavior [ RunTime:0.000011s ]
INFO: [ app_init ] --END-- [ RunTime:0.000268s ]
INFO: [ app_begin ] --START--
INFO: Run Behavior\ReadHtmlCacheBehavior [ RunTime:0.000305s ]
INFO: [ app_begin ] --END-- [ RunTime:0.000340s ]
NOTIC: [8] Undefined index: list /home/wwwroot/pay/domain/hzf.xiaohouzhi.com/web/App/Mp/Controller/BaseController.class.php 第 131 行.
NOTIC: [8] Undefined index: list /home/wwwroot/pay/domain/hzf.xiaohouzhi.com/web/App/Mp/Controller/BaseController.class.php 第 131 行.
INFO: [ view_parse ] --START--
INFO: [ template_filter ] --START--
INFO: Run Behavior\ContentReplaceBehavior [ RunTime:0.000123s ]
INFO: [ template_filter ] --END-- [ RunTime:0.000172s ]
NOTIC: [8] Undefined index: plug /home/wwwroot/pay/domain/hzf.xiaohouzhi.com/web/App/Runtime/Cache/Mp/07ecb83b072fd8b6c73e99da72f346e3.php 第 83 行.
NOTIC: [8] Undefined variable: list /home/wwwroot/pay/domain/hzf.xiaohouzhi.com/web/App/Runtime/Cache/Mp/07ecb83b072fd8b6c73e99da72f346e3.php 第 264 行.
NOTIC: [8] Undefined variable: page /home/wwwroot/pay/domain/hzf.xiaohouzhi.com/web/App/Runtime/Cache/Mp/07ecb83b072fd8b6c73e99da72f346e3.php 第 275 行.
INFO: Run Behavior\ParseTemplateBehavior [ RunTime:0.014540s ]
INFO: [ view_parse ] --END-- [ RunTime:0.014575s ]
INFO: [ view_filter ] --START--
INFO: Run Behavior\WriteHtmlCacheBehavior [ RunTime:0.000133s ]
INFO: Run Behavior\TokenBuildBehavior [ RunTime:0.000282s ]
INFO: [ view_filter ] --END-- [ RunTime:0.000459s ]
INFO: [ app_end ] --START--
INFO: Run Behavior\ShowPageTraceBehavior [ RunTime:0.000296s ]
INFO: [ app_end ] --END-- [ RunTime:0.000324s ]

[ 2019-10-12T18:48:38+08:00 ] 125.118.218.87 /mp/user/index
INFO: [ app_init ] --START--
INFO: Run Behavior\BuildLiteBehavior [ RunTime:0.000011s ]
INFO: [ app_init ] --END-- [ RunTime:0.000231s ]
INFO: [ app_begin ] --START--
INFO: Run Behavior\ReadHtmlCacheBehavior [ RunTime:0.000312s ]
INFO: [ app_begin ] --END-- [ RunTime:0.000354s ]
NOTIC: [8] Undefined index: list /home/wwwroot/pay/domain/hzf.xiaohouzhi.com/web/App/Mp/Controller/BaseController.class.php 第 131 行.
NOTIC: [8] Undefined index: list /home/wwwroot/pay/domain/hzf.xiaohouzhi.com/web/App/Mp/Controller/BaseController.class.php 第 131 行.
INFO: [ view_parse ] --START--
INFO: [ template_filter ] --START--
INFO: Run Behavior\ContentReplaceBehavior [ RunTime:0.000091s ]
INFO: [ template_filter ] --END-- [ RunTime:0.000138s ]
NOTIC: [8] Undefined index: plug /home/wwwroot/pay/domain/hzf.xiaohouzhi.com/web/App/Runtime/Cache/Mp/b5fef6ade1c03fdd337f6c03d56218a5.php 第 57 行.
INFO: Run Behavior\ParseTemplateBehavior [ RunTime:0.041221s ]
INFO: [ view_parse ] --END-- [ RunTime:0.041288s ]
INFO: [ view_filter ] --START--
INFO: Run Behavior\WriteHtmlCacheBehavior [ RunTime:0.000213s ]
INFO: Run Behavior\TokenBuildBehavior [ RunTime:0.000285s ]
INFO: [ view_filter ] --END-- [ RunTime:0.000538s ]

[ 2019-10-12T18:48:38+08:00 ] 125.118.218.87 /mp/user/index
INFO: [ app_init ] --START--
INFO: Run Behavior\BuildLiteBehavior [ RunTime:0.000013s ]
INFO: [ app_init ] --END-- [ RunTime:0.000279s ]
INFO: [ app_begin ] --START--
INFO: Run Behavior\ReadHtmlCacheBehavior [ RunTime:0.000364s ]
INFO: [ app_begin ] --END-- [ RunTime:0.000404s ]
NOTIC: [8] Undefined index: list /home/wwwroot/pay/domain/hzf.xiaohouzhi.com/web/App/Mp/Controller/BaseController.class.php 第 131 行.
NOTIC: [8] Undefined index: list /home/wwwroot/pay/domain/hzf.xiaohouzhi.com/web/App/Mp/Controller/BaseController.class.php 第 131 行.
INFO: [ view_parse ] --START--
INFO: [ template_filter ] --START--
INFO: Run Behavior\ContentReplaceBehavior [ RunTime:0.000102s ]
INFO: [ template_filter ] --END-- [ RunTime:0.000150s ]
NOTIC: [8] Undefined index: plug /home/wwwroot/pay/domain/hzf.xiaohouzhi.com/web/App/Runtime/Cache/Mp/b5fef6ade1c03fdd337f6c03d56218a5.php 第 57 行.
INFO: Run Behavior\ParseTemplateBehavior [ RunTime:0.024567s ]
INFO: [ view_parse ] --END-- [ RunTime:0.024640s ]
INFO: [ view_filter ] --START--
INFO: Run Behavior\WriteHtmlCacheBehavior [ RunTime:0.000228s ]
INFO: Run Behavior\TokenBuildBehavior [ RunTime:0.000314s ]
INFO: [ view_filter ] --END-- [ RunTime:0.000585s ]
INFO: [ app_end ] --START--
INFO: Run Behavior\ShowPageTraceBehavior [ RunTime:0.000361s ]
INFO: [ app_end ] --END-- [ RunTime:0.000388s ]

[ 2019-10-12T18:48:39+08:00 ] 125.118.218.87 /mp/user/pass
INFO: [ app_init ] --START--
INFO: Run Behavior\BuildLiteBehavior [ RunTime:0.000011s ]
INFO: [ app_init ] --END-- [ RunTime:0.000249s ]
INFO: [ app_begin ] --START--
INFO: Run Behavior\ReadHtmlCacheBehavior [ RunTime:0.000328s ]
INFO: [ app_begin ] --END-- [ RunTime:0.000364s ]
NOTIC: [8] Undefined index: list /home/wwwroot/pay/domain/hzf.xiaohouzhi.com/web/App/Mp/Controller/BaseController.class.php 第 131 行.
NOTIC: [8] Undefined index: list /home/wwwroot/pay/domain/hzf.xiaohouzhi.com/web/App/Mp/Controller/BaseController.class.php 第 131 行.
INFO: [ view_parse ] --START--
INFO: [ template_filter ] --START--
INFO: Run Behavior\ContentReplaceBehavior [ RunTime:0.000077s ]
INFO: [ template_filter ] --END-- [ RunTime:0.000123s ]
NOTIC: [8] Undefined index: plug /home/wwwroot/pay/domain/hzf.xiaohouzhi.com/web/App/Runtime/Cache/Mp/561f8d755c4416dfeea20f4ed8854e72.php 第 60 行.
INFO: Run Behavior\ParseTemplateBehavior [ RunTime:0.031977s ]
INFO: [ view_parse ] --END-- [ RunTime:0.032011s ]
INFO: [ view_filter ] --START--
INFO: Run Behavior\WriteHtmlCacheBehavior [ RunTime:0.000158s ]
INFO: Run Behavior\TokenBuildBehavior [ RunTime:0.000288s ]
INFO: [ view_filter ] --END-- [ RunTime:0.000493s ]
INFO: [ app_end ] --START--
INFO: Run Behavior\ShowPageTraceBehavior [ RunTime:0.000394s ]
INFO: [ app_end ] --END-- [ RunTime:0.000427s ]

[ 2019-10-12T18:48:41+08:00 ] 125.118.218.87 /mp/user/index
INFO: [ app_init ] --START--
INFO: Run Behavior\BuildLiteBehavior [ RunTime:0.000016s ]
INFO: [ app_init ] --END-- [ RunTime:0.000237s ]
INFO: [ app_begin ] --START--
INFO: Run Behavior\ReadHtmlCacheBehavior [ RunTime:0.000320s ]
INFO: [ app_begin ] --END-- [ RunTime:0.000358s ]
NOTIC: [8] Undefined index: list /home/wwwroot/pay/domain/hzf.xiaohouzhi.com/web/App/Mp/Controller/BaseController.class.php 第 131 行.
NOTIC: [8] Undefined index: list /home/wwwroot/pay/domain/hzf.xiaohouzhi.com/web/App/Mp/Controller/BaseController.class.php 第 131 行.
INFO: [ view_parse ] --START--
INFO: [ template_filter ] --START--
INFO: Run Behavior\ContentReplaceBehavior [ RunTime:0.000087s ]
INFO: [ template_filter ] --END-- [ RunTime:0.000133s ]
NOTIC: [8] Undefined index: plug /home/wwwroot/pay/domain/hzf.xiaohouzhi.com/web/App/Runtime/Cache/Mp/b5fef6ade1c03fdd337f6c03d56218a5.php 第 57 行.
INFO: Run Behavior\ParseTemplateBehavior [ RunTime:0.023331s ]
INFO: [ view_parse ] --END-- [ RunTime:0.023403s ]
INFO: [ view_filter ] --START--
INFO: Run Behavior\WriteHtmlCacheBehavior [ RunTime:0.000240s ]
INFO: Run Behavior\TokenBuildBehavior [ RunTime:0.000298s ]
INFO: [ view_filter ] --END-- [ RunTime:0.000586s ]
INFO: [ app_end ] --START--
INFO: Run Behavior\ShowPageTraceBehavior [ RunTime:0.000356s ]
INFO: [ app_end ] --END-- [ RunTime:0.000384s ]

[ 2019-10-12T18:48:44+08:00 ] 125.118.218.87 /mp/user/rate
INFO: [ app_init ] --START--
INFO: Run Behavior\BuildLiteBehavior [ RunTime:0.000011s ]
INFO: [ app_init ] --END-- [ RunTime:0.000232s ]
INFO: [ app_begin ] --START--
INFO: Run Behavior\ReadHtmlCacheBehavior [ RunTime:0.000273s ]
INFO: [ app_begin ] --END-- [ RunTime:0.000301s ]
NOTIC: [8] Undefined index: list /home/wwwroot/pay/domain/hzf.xiaohouzhi.com/web/App/Mp/Controller/BaseController.class.php 第 131 行.
NOTIC: [8] Undefined index: list /home/wwwroot/pay/domain/hzf.xiaohouzhi.com/web/App/Mp/Controller/BaseController.class.php 第 131 行.
NOTIC: [2] Missing argument 1 for domain_id(), called in /home/wwwroot/pay/domain/hzf.xiaohouzhi.com/web/App/Mp/Controller/UserController.class.php on line 66 and defined /home/wwwroot/pay/domain/hzf.xiaohouzhi.com/web/App/Common/Common/function.php 第 3626 行.
NOTIC: [8] Undefined variable: type /home/wwwroot/pay/domain/hzf.xiaohouzhi.com/web/App/Common/Common/function.php 第 3628 行.
INFO: [ view_parse ] --START--
INFO: [ template_filter ] --START--
INFO: Run Behavior\ContentReplaceBehavior [ RunTime:0.000070s ]
INFO: [ template_filter ] --END-- [ RunTime:0.000122s ]
NOTIC: [8] Undefined index: plug /home/wwwroot/pay/domain/hzf.xiaohouzhi.com/web/App/Runtime/Cache/Mp/d2b5b0cf233f7617834a6003c9dde5a5.php 第 57 行.
INFO: Run Behavior\ParseTemplateBehavior [ RunTime:0.034321s ]
INFO: [ view_parse ] --END-- [ RunTime:0.034386s ]
INFO: [ view_filter ] --START--
INFO: Run Behavior\WriteHtmlCacheBehavior [ RunTime:0.000157s ]
INFO: Run Behavior\TokenBuildBehavior [ RunTime:0.000289s ]
INFO: [ view_filter ] --END-- [ RunTime:0.000494s ]
INFO: [ app_end ] --START--
INFO: Run Behavior\ShowPageTraceBehavior [ RunTime:0.000398s ]
INFO: [ app_end ] --END-- [ RunTime:0.000434s ]

[ 2019-10-12T18:48:46+08:00 ] 125.118.218.87 /mp/user/pass
INFO: [ app_init ] --START--
INFO: Run Behavior\BuildLiteBehavior [ RunTime:0.000010s ]
INFO: [ app_init ] --END-- [ RunTime:0.000241s ]
INFO: [ app_begin ] --START--
INFO: Run Behavior\ReadHtmlCacheBehavior [ RunTime:0.000295s ]
INFO: [ app_begin ] --END-- [ RunTime:0.000353s ]
NOTIC: [8] Undefined index: list /home/wwwroot/pay/domain/hzf.xiaohouzhi.com/web/App/Mp/Controller/BaseController.class.php 第 131 行.
NOTIC: [8] Undefined index: list /home/wwwroot/pay/domain/hzf.xiaohouzhi.com/web/App/Mp/Controller/BaseController.class.php 第 131 行.
INFO: [ view_parse ] --START--
INFO: [ template_filter ] --START--
INFO: Run Behavior\ContentReplaceBehavior [ RunTime:0.000080s ]
INFO: [ template_filter ] --END-- [ RunTime:0.000123s ]
NOTIC: [8] Undefined index: plug /home/wwwroot/pay/domain/hzf.xiaohouzhi.com/web/App/Runtime/Cache/Mp/561f8d755c4416dfeea20f4ed8854e72.php 第 60 行.
INFO: Run Behavior\ParseTemplateBehavior [ RunTime:0.012145s ]
INFO: [ view_parse ] --END-- [ RunTime:0.012191s ]
INFO: [ view_filter ] --START--
INFO: Run Behavior\WriteHtmlCacheBehavior [ RunTime:0.000173s ]
INFO: Run Behavior\TokenBuildBehavior [ RunTime:0.000353s ]
INFO: [ view_filter ] --END-- [ RunTime:0.000589s ]
INFO: [ app_end ] --START--
INFO: Run Behavior\ShowPageTraceBehavior [ RunTime:0.000426s ]
INFO: [ app_end ] --END-- [ RunTime:0.000467s ]

[ 2019-10-12T18:48:48+08:00 ] 125.118.218.87 /mp/index/index
INFO: [ app_init ] --START--
INFO: Run Behavior\BuildLiteBehavior [ RunTime:0.000010s ]
INFO: [ app_init ] --END-- [ RunTime:0.000221s ]
INFO: [ app_begin ] --START--
INFO: Run Behavior\ReadHtmlCacheBehavior [ RunTime:0.000268s ]
INFO: [ app_begin ] --END-- [ RunTime:0.000296s ]
NOTIC: [8] Undefined index: list /home/wwwroot/pay/domain/hzf.xiaohouzhi.com/web/App/Mp/Controller/BaseController.class.php 第 131 行.
NOTIC: [8] Undefined index: list /home/wwwroot/pay/domain/hzf.xiaohouzhi.com/web/App/Mp/Controller/BaseController.class.php 第 131 行.
INFO: [ view_parse ] --START--
INFO: [ template_filter ] --START--
INFO: Run Behavior\ContentReplaceBehavior [ RunTime:0.000115s ]
INFO: [ template_filter ] --END-- [ RunTime:0.000200s ]
NOTIC: [8] Undefined index: plug /home/wwwroot/pay/domain/hzf.xiaohouzhi.com/web/App/Runtime/Cache/Mp/5e6d6ce51e89c401caceeef1e6374c7b.php 第 59 行.
INFO: Run Behavior\ParseTemplateBehavior [ RunTime:0.016560s ]
INFO: [ view_parse ] --END-- [ RunTime:0.016608s ]
INFO: [ view_filter ] --START--
INFO: Run Behavior\WriteHtmlCacheBehavior [ RunTime:0.000166s ]
INFO: Run Behavior\TokenBuildBehavior [ RunTime:0.000251s ]
INFO: [ view_filter ] --END-- [ RunTime:0.000471s ]
INFO: [ app_end ] --START--
INFO: Run Behavior\ShowPageTraceBehavior [ RunTime:0.000307s ]
INFO: [ app_end ] --END-- [ RunTime:0.000336s ]

[ 2019-10-12T18:48:52+08:00 ] 125.118.218.87 /mp/member/index
INFO: [ app_init ] --START--
INFO: Run Behavior\BuildLiteBehavior [ RunTime:0.000013s ]
INFO: [ app_init ] --END-- [ RunTime:0.000302s ]
INFO: [ app_begin ] --START--
INFO: Run Behavior\ReadHtmlCacheBehavior [ RunTime:0.000309s ]
INFO: [ app_begin ] --END-- [ RunTime:0.000344s ]
NOTIC: [8] Undefined index: list /home/wwwroot/pay/domain/hzf.xiaohouzhi.com/web/App/Mp/Controller/BaseController.class.php 第 131 行.
NOTIC: [8] Undefined index: list /home/wwwroot/pay/domain/hzf.xiaohouzhi.com/web/App/Mp/Controller/BaseController.class.php 第 131 行.
INFO: [ view_parse ] --START--
INFO: [ template_filter ] --START--
INFO: Run Behavior\ContentReplaceBehavior [ RunTime:0.000113s ]
INFO: [ template_filter ] --END-- [ RunTime:0.000163s ]
NOTIC: [8] Undefined index: plug /home/wwwroot/pay/domain/hzf.xiaohouzhi.com/web/App/Runtime/Cache/Mp/07ecb83b072fd8b6c73e99da72f346e3.php 第 83 行.
NOTIC: [8] Undefined variable: list /home/wwwroot/pay/domain/hzf.xiaohouzhi.com/web/App/Runtime/Cache/Mp/07ecb83b072fd8b6c73e99da72f346e3.php 第 264 行.
NOTIC: [8] Undefined variable: page /home/wwwroot/pay/domain/hzf.xiaohouzhi.com/web/App/Runtime/Cache/Mp/07ecb83b072fd8b6c73e99da72f346e3.php 第 275 行.
INFO: Run Behavior\ParseTemplateBehavior [ RunTime:0.015611s ]
INFO: [ view_parse ] --END-- [ RunTime:0.015657s ]
INFO: [ view_filter ] --START--
INFO: Run Behavior\WriteHtmlCacheBehavior [ RunTime:0.000147s ]
INFO: Run Behavior\TokenBuildBehavior [ RunTime:0.000315s ]
INFO: [ view_filter ] --END-- [ RunTime:0.000513s ]
INFO: [ app_end ] --START--
INFO: Run Behavior\ShowPageTraceBehavior [ RunTime:0.000334s ]
INFO: [ app_end ] --END-- [ RunTime:0.000380s ]

[ 2019-10-12T18:48:53+08:00 ] 125.118.218.87 /mp/member/activity
INFO: [ app_init ] --START--
INFO: Run Behavior\BuildLiteBehavior [ RunTime:0.000012s ]
INFO: [ app_init ] --END-- [ RunTime:0.000263s ]
INFO: [ app_begin ] --START--
INFO: Run Behavior\ReadHtmlCacheBehavior [ RunTime:0.000274s ]
INFO: [ app_begin ] --END-- [ RunTime:0.000316s ]
NOTIC: [8] Undefined index: list /home/wwwroot/pay/domain/hzf.xiaohouzhi.com/web/App/Mp/Controller/BaseController.class.php 第 131 行.
NOTIC: [8] Undefined index: list /home/wwwroot/pay/domain/hzf.xiaohouzhi.com/web/App/Mp/Controller/BaseController.class.php 第 131 行.
INFO: [ view_parse ] --START--
INFO: [ template_filter ] --START--
INFO: Run Behavior\ContentReplaceBehavior [ RunTime:0.000122s ]
INFO: [ template_filter ] --END-- [ RunTime:0.000183s ]
NOTIC: [8] Undefined index: plug /home/wwwroot/pay/domain/hzf.xiaohouzhi.com/web/App/Runtime/Cache/Mp/95cb339ce71188bce1817169f2ebc883.php 第 88 行.
INFO: Run Behavior\ParseTemplateBehavior [ RunTime:0.014780s ]
INFO: [ view_parse ] --END-- [ RunTime:0.014833s ]
INFO: [ view_filter ] --START--
INFO: Run Behavior\WriteHtmlCacheBehavior [ RunTime:0.000213s ]
INFO: Run Behavior\TokenBuildBehavior [ RunTime:0.000257s ]
INFO: [ view_filter ] --END-- [ RunTime:0.000532s ]
INFO: [ app_end ] --START--
INFO: Run Behavior\ShowPageTraceBehavior [ RunTime:0.000393s ]
INFO: [ app_end ] --END-- [ RunTime:0.000427s ]

[ 2019-10-12T18:48:54+08:00 ] 125.118.218.87 /mp/member/activity
INFO: [ app_init ] --START--
INFO: Run Behavior\BuildLiteBehavior [ RunTime:0.000016s ]
INFO: [ app_init ] --END-- [ RunTime:0.000324s ]
INFO: [ app_begin ] --START--
INFO: Run Behavior\ReadHtmlCacheBehavior [ RunTime:0.000432s ]
INFO: [ app_begin ] --END-- [ RunTime:0.000484s ]
NOTIC: [8] Undefined index: list /home/wwwroot/pay/domain/hzf.xiaohouzhi.com/web/App/Mp/Controller/BaseController.class.php 第 131 行.
NOTIC: [8] Undefined index: list /home/wwwroot/pay/domain/hzf.xiaohouzhi.com/web/App/Mp/Controller/BaseController.class.php 第 131 行.
INFO: [ view_parse ] --START--
INFO: [ template_filter ] --START--
INFO: Run Behavior\ContentReplaceBehavior [ RunTime:0.000097s ]
INFO: [ template_filter ] --END-- [ RunTime:0.000142s ]
NOTIC: [8] Undefined index: plug /home/wwwroot/pay/domain/hzf.xiaohouzhi.com/web/App/Runtime/Cache/Mp/95cb339ce71188bce1817169f2ebc883.php 第 88 行.
INFO: Run Behavior\ParseTemplateBehavior [ RunTime:0.013373s ]
INFO: [ view_parse ] --END-- [ RunTime:0.013419s ]
INFO: [ view_filter ] --START--
INFO: Run Behavior\WriteHtmlCacheBehavior [ RunTime:0.000215s ]
INFO: Run Behavior\TokenBuildBehavior [ RunTime:0.000274s ]
INFO: [ view_filter ] --END-- [ RunTime:0.000545s ]
INFO: [ app_end ] --START--
INFO: Run Behavior\ShowPageTraceBehavior [ RunTime:0.000408s ]
INFO: [ app_end ] --END-- [ RunTime:0.000439s ]

