[ 2019-10-01T00:58:35+08:00 ] 58.247.212.239 /mp/member/index
INFO: [ app_init ] --START--
INFO: Run Behavior\BuildLiteBehavior [ RunTime:0.000015s ]
INFO: [ app_init ] --END-- [ RunTime:0.000287s ]
INFO: [ app_begin ] --START--
INFO: Run Behavior\ReadHtmlCacheBehavior [ RunTime:0.000302s ]
INFO: [ app_begin ] --END-- [ RunTime:0.000340s ]

[ 2019-10-01T00:58:35+08:00 ] 58.247.212.239 /mp/login
INFO: [ app_init ] --START--
INFO: Run Behavior\BuildLiteBehavior [ RunTime:0.000011s ]
INFO: [ app_init ] --END-- [ RunTime:0.000233s ]
INFO: [ app_begin ] --START--
INFO: Run Behavior\ReadHtmlCacheBehavior [ RunTime:0.000297s ]
INFO: [ app_begin ] --END-- [ RunTime:0.000329s ]
NOTIC: [8] Undefined index: list /home/wwwroot/pay/domain/hzf.xiaohouzhi.com/web/App/Mp/Controller/BaseController.class.php 第 131 行.
NOTIC: [8] Undefined index: list /home/wwwroot/pay/domain/hzf.xiaohouzhi.com/web/App/Mp/Controller/BaseController.class.php 第 131 行.
NOTIC: [8] Undefined offset: 0 /home/wwwroot/pay/domain/hzf.xiaohouzhi.com/web/App/Mp/Controller/BaseController.class.php 第 147 行.
INFO: [ view_parse ] --START--
INFO: [ template_filter ] --START--
INFO: Run Behavior\ContentReplaceBehavior [ RunTime:0.000087s ]
INFO: [ template_filter ] --END-- [ RunTime:0.000159s ]
INFO: Run Behavior\ParseTemplateBehavior [ RunTime:0.010610s ]
INFO: [ view_parse ] --END-- [ RunTime:0.010671s ]
INFO: [ view_filter ] --START--
INFO: Run Behavior\WriteHtmlCacheBehavior [ RunTime:0.000232s ]
INFO: Run Behavior\TokenBuildBehavior [ RunTime:0.000383s ]
INFO: [ view_filter ] --END-- [ RunTime:0.000706s ]
INFO: [ app_end ] --START--
INFO: Run Behavior\ShowPageTraceBehavior [ RunTime:0.000552s ]
INFO: [ app_end ] --END-- [ RunTime:0.000599s ]

[ 2019-10-01T02:54:07+08:00 ] 101.91.62.11 /mp/index/index
INFO: [ app_init ] --START--
INFO: Run Behavior\BuildLiteBehavior [ RunTime:0.000022s ]
INFO: [ app_init ] --END-- [ RunTime:0.000486s ]
INFO: [ app_begin ] --START--
INFO: Run Behavior\ReadHtmlCacheBehavior [ RunTime:0.000428s ]
INFO: [ app_begin ] --END-- [ RunTime:0.000485s ]

[ 2019-10-01T02:54:07+08:00 ] 101.91.62.11 /mp/login
INFO: [ app_init ] --START--
INFO: Run Behavior\BuildLiteBehavior [ RunTime:0.000012s ]
INFO: [ app_init ] --END-- [ RunTime:0.000254s ]
INFO: [ app_begin ] --START--
INFO: Run Behavior\ReadHtmlCacheBehavior [ RunTime:0.000313s ]
INFO: [ app_begin ] --END-- [ RunTime:0.000353s ]
NOTIC: [8] Undefined index: list /home/wwwroot/pay/domain/hzf.xiaohouzhi.com/web/App/Mp/Controller/BaseController.class.php 第 131 行.
NOTIC: [8] Undefined index: list /home/wwwroot/pay/domain/hzf.xiaohouzhi.com/web/App/Mp/Controller/BaseController.class.php 第 131 行.
NOTIC: [8] Undefined offset: 0 /home/wwwroot/pay/domain/hzf.xiaohouzhi.com/web/App/Mp/Controller/BaseController.class.php 第 147 行.
INFO: [ view_parse ] --START--
INFO: [ template_filter ] --START--
INFO: Run Behavior\ContentReplaceBehavior [ RunTime:0.000070s ]
INFO: [ template_filter ] --END-- [ RunTime:0.000117s ]
INFO: Run Behavior\ParseTemplateBehavior [ RunTime:0.006741s ]
INFO: [ view_parse ] --END-- [ RunTime:0.006797s ]
INFO: [ view_filter ] --START--
INFO: Run Behavior\WriteHtmlCacheBehavior [ RunTime:0.000143s ]
INFO: Run Behavior\TokenBuildBehavior [ RunTime:0.000278s ]
INFO: [ view_filter ] --END-- [ RunTime:0.000467s ]
INFO: [ app_end ] --START--
INFO: Run Behavior\ShowPageTraceBehavior [ RunTime:0.000340s ]
INFO: [ app_end ] --END-- [ RunTime:0.000378s ]

[ 2019-10-01T21:39:23+08:00 ] 59.36.132.240 /mp/login
INFO: [ app_init ] --START--
INFO: Run Behavior\BuildLiteBehavior [ RunTime:0.000016s ]
INFO: [ app_init ] --END-- [ RunTime:0.000289s ]
INFO: [ app_begin ] --START--
INFO: Run Behavior\ReadHtmlCacheBehavior [ RunTime:0.000407s ]
INFO: [ app_begin ] --END-- [ RunTime:0.000453s ]
NOTIC: [8] Undefined index: list /home/wwwroot/pay/domain/hzf.xiaohouzhi.com/web/App/Mp/Controller/BaseController.class.php 第 131 行.
NOTIC: [8] Undefined index: list /home/wwwroot/pay/domain/hzf.xiaohouzhi.com/web/App/Mp/Controller/BaseController.class.php 第 131 行.
NOTIC: [8] Undefined offset: 0 /home/wwwroot/pay/domain/hzf.xiaohouzhi.com/web/App/Mp/Controller/BaseController.class.php 第 147 行.
INFO: [ view_parse ] --START--
INFO: [ template_filter ] --START--
INFO: Run Behavior\ContentReplaceBehavior [ RunTime:0.000054s ]
INFO: [ template_filter ] --END-- [ RunTime:0.000097s ]
INFO: Run Behavior\ParseTemplateBehavior [ RunTime:0.005371s ]
INFO: [ view_parse ] --END-- [ RunTime:0.005414s ]
INFO: [ view_filter ] --START--
INFO: Run Behavior\WriteHtmlCacheBehavior [ RunTime:0.000109s ]
INFO: Run Behavior\TokenBuildBehavior [ RunTime:0.000266s ]
INFO: [ view_filter ] --END-- [ RunTime:0.000421s ]

